d:\study\3drebuild\projects\bundler\bundler-v0.4-source\lib\jpeg\debug\vc120.pdb
d:\study\3drebuild\projects\bundler\bundler-v0.4-source\lib\jpeg\debug\vc120.idb
d:\study\3drebuild\projects\bundler\bundler-v0.4-source\lib\jpeg\debug\jdmarker.obj
d:\study\3drebuild\projects\bundler\bundler-v0.4-source\lib\jpeg\debug\jdmaster.obj
d:\study\3drebuild\projects\bundler\bundler-v0.4-source\lib\jpeg\debug\jdmerge.obj
d:\study\3drebuild\projects\bundler\bundler-v0.4-source\lib\jpeg\debug\jdphuff.obj
d:\study\3drebuild\projects\bundler\bundler-v0.4-source\lib\jpeg\debug\jdpostct.obj
d:\study\3drebuild\projects\bundler\bundler-v0.4-source\lib\jpeg\debug\jdsample.obj
d:\study\3drebuild\projects\bundler\bundler-v0.4-source\lib\jpeg\debug\jdtrans.obj
d:\study\3drebuild\projects\bundler\bundler-v0.4-source\lib\jpeg\debug\jerror.obj
d:\study\3drebuild\projects\bundler\bundler-v0.4-source\lib\jpeg\debug\jfdctflt.obj
d:\study\3drebuild\projects\bundler\bundler-v0.4-source\lib\jpeg\debug\jfdctfst.obj
d:\study\3drebuild\projects\bundler\bundler-v0.4-source\lib\jpeg\debug\jfdctint.obj
d:\study\3drebuild\projects\bundler\bundler-v0.4-source\lib\jpeg\debug\jidctflt.obj
d:\study\3drebuild\projects\bundler\bundler-v0.4-source\lib\jpeg\debug\jidctfst.obj
d:\study\3drebuild\projects\bundler\bundler-v0.4-source\lib\jpeg\debug\jidctint.obj
d:\study\3drebuild\projects\bundler\bundler-v0.4-source\lib\jpeg\debug\jidctred.obj
d:\study\3drebuild\projects\bundler\bundler-v0.4-source\lib\jpeg\debug\jmemmgr.obj
d:\study\3drebuild\projects\bundler\bundler-v0.4-source\lib\jpeg\debug\jmemnobs.obj
d:\study\3drebuild\projects\bundler\bundler-v0.4-source\lib\jpeg\debug\jquant1.obj
d:\study\3drebuild\projects\bundler\bundler-v0.4-source\lib\jpeg\debug\jquant2.obj
d:\study\3drebuild\projects\bundler\bundler-v0.4-source\lib\jpeg\debug\jutils.obj
d:\study\3drebuild\projects\bundler\bundler-v0.4-source\lib\jpeg\debug\jcinit.obj
d:\study\3drebuild\projects\bundler\bundler-v0.4-source\lib\jpeg\debug\jcmainct.obj
d:\study\3drebuild\projects\bundler\bundler-v0.4-source\lib\jpeg\debug\jcmarker.obj
d:\study\3drebuild\projects\bundler\bundler-v0.4-source\lib\jpeg\debug\jcmaster.obj
d:\study\3drebuild\projects\bundler\bundler-v0.4-source\lib\jpeg\debug\jcomapi.obj
d:\study\3drebuild\projects\bundler\bundler-v0.4-source\lib\jpeg\debug\jcparam.obj
d:\study\3drebuild\projects\bundler\bundler-v0.4-source\lib\jpeg\debug\jcphuff.obj
d:\study\3drebuild\projects\bundler\bundler-v0.4-source\lib\jpeg\debug\jcprepct.obj
d:\study\3drebuild\projects\bundler\bundler-v0.4-source\lib\jpeg\debug\jcsample.obj
d:\study\3drebuild\projects\bundler\bundler-v0.4-source\lib\jpeg\debug\jctrans.obj
d:\study\3drebuild\projects\bundler\bundler-v0.4-source\lib\jpeg\debug\jdapimin.obj
d:\study\3drebuild\projects\bundler\bundler-v0.4-source\lib\jpeg\debug\jdapistd.obj
d:\study\3drebuild\projects\bundler\bundler-v0.4-source\lib\jpeg\debug\jdatadst.obj
d:\study\3drebuild\projects\bundler\bundler-v0.4-source\lib\jpeg\debug\jdatasrc.obj
d:\study\3drebuild\projects\bundler\bundler-v0.4-source\lib\jpeg\debug\jdcoefct.obj
d:\study\3drebuild\projects\bundler\bundler-v0.4-source\lib\jpeg\debug\jdcolor.obj
d:\study\3drebuild\projects\bundler\bundler-v0.4-source\lib\jpeg\debug\jddctmgr.obj
d:\study\3drebuild\projects\bundler\bundler-v0.4-source\lib\jpeg\debug\jdhuff.obj
d:\study\3drebuild\projects\bundler\bundler-v0.4-source\lib\jpeg\debug\jdinput.obj
d:\study\3drebuild\projects\bundler\bundler-v0.4-source\lib\jpeg\debug\jdmainct.obj
d:\study\3drebuild\projects\bundler\bundler-v0.4-source\lib\jpeg\debug\jcapimin.obj
d:\study\3drebuild\projects\bundler\bundler-v0.4-source\lib\jpeg\debug\jcapistd.obj
d:\study\3drebuild\projects\bundler\bundler-v0.4-source\lib\jpeg\debug\jccoefct.obj
d:\study\3drebuild\projects\bundler\bundler-v0.4-source\lib\jpeg\debug\jccolor.obj
d:\study\3drebuild\projects\bundler\bundler-v0.4-source\lib\jpeg\debug\jcdctmgr.obj
d:\study\3drebuild\projects\bundler\bundler-v0.4-source\lib\jpeg\debug\jchuff.obj
d:\study\3drebuild\projects\bundler\bundler-v0.4-source\vc++\debug\jpeg.lib
d:\study\3drebuild\projects\bundler\bundler-v0.4-source\vc++\debug\jpeg.exp
d:\study\3drebuild\projects\bundler\bundler-v0.4-source\vc++\debug\jpeg.ilk
d:\study\3drebuild\projects\bundler\bundler-v0.4-source\vc++\debug\jpeg.dll
d:\study\3drebuild\projects\bundler\bundler-v0.4-source\vc++\debug\jpeg.pdb
d:\study\3drebuild\projects\bundler\bundler-v0.4-source\lib\jpeg\debug\jpeg.tlog\cl.command.1.tlog
d:\study\3drebuild\projects\bundler\bundler-v0.4-source\lib\jpeg\debug\jpeg.tlog\cl.read.1.tlog
d:\study\3drebuild\projects\bundler\bundler-v0.4-source\lib\jpeg\debug\jpeg.tlog\cl.write.1.tlog
d:\study\3drebuild\projects\bundler\bundler-v0.4-source\lib\jpeg\debug\jpeg.tlog\jpeg.write.1u.tlog
d:\study\3drebuild\projects\bundler\bundler-v0.4-source\lib\jpeg\debug\jpeg.tlog\link.command.1.tlog
d:\study\3drebuild\projects\bundler\bundler-v0.4-source\lib\jpeg\debug\jpeg.tlog\link.read.1.tlog
d:\study\3drebuild\projects\bundler\bundler-v0.4-source\lib\jpeg\debug\jpeg.tlog\link.write.1.tlog
