d:\study\3drebuild\projects\bundler\bundler-v0.4-source\lib\clapack\debug\vc120.pdb
d:\study\3drebuild\projects\bundler\bundler-v0.4-source\lib\clapack\debug\vc120.idb
d:\study\3drebuild\projects\bundler\bundler-v0.4-source\lib\clapack\debug\dtzrzf.obj
d:\study\3drebuild\projects\bundler\bundler-v0.4-source\lib\clapack\debug\dzasum.obj
d:\study\3drebuild\projects\bundler\bundler-v0.4-source\lib\clapack\debug\dznrm2.obj
d:\study\3drebuild\projects\bundler\bundler-v0.4-source\lib\clapack\debug\dzsum1.obj
d:\study\3drebuild\projects\bundler\bundler-v0.4-source\lib\clapack\debug\icamax.obj
d:\study\3drebuild\projects\bundler\bundler-v0.4-source\lib\clapack\debug\icmax1.obj
d:\study\3drebuild\projects\bundler\bundler-v0.4-source\lib\clapack\debug\idamax.obj
d:\study\3drebuild\projects\bundler\bundler-v0.4-source\lib\clapack\debug\ieeeck.obj
d:\study\3drebuild\projects\bundler\bundler-v0.4-source\lib\clapack\debug\ilaenv.obj
d:\study\3drebuild\projects\bundler\bundler-v0.4-source\lib\clapack\debug\ilaver.obj
d:\study\3drebuild\projects\bundler\bundler-v0.4-source\lib\clapack\debug\iparmq.obj
d:\study\3drebuild\projects\bundler\bundler-v0.4-source\lib\clapack\debug\isamax.obj
d:\study\3drebuild\projects\bundler\bundler-v0.4-source\lib\clapack\debug\izamax.obj
d:\study\3drebuild\projects\bundler\bundler-v0.4-source\lib\clapack\debug\izmax1.obj
d:\study\3drebuild\projects\bundler\bundler-v0.4-source\lib\clapack\debug\lapack_version.obj
d:\study\3drebuild\projects\bundler\bundler-v0.4-source\lib\clapack\debug\lsame.obj
d:\study\3drebuild\projects\bundler\bundler-v0.4-source\lib\clapack\debug\lsamen.obj
d:\study\3drebuild\projects\bundler\bundler-v0.4-source\lib\clapack\debug\lsametst.obj
d:\study\3drebuild\projects\bundler\bundler-v0.4-source\lib\clapack\debug\tstiee.obj
d:\study\3drebuild\projects\bundler\bundler-v0.4-source\lib\clapack\debug\xerbla.obj
d:\study\3drebuild\projects\bundler\bundler-v0.4-source\lib\clapack\debug\dtpmv.obj
d:\study\3drebuild\projects\bundler\bundler-v0.4-source\lib\clapack\debug\dtprfs.obj
d:\study\3drebuild\projects\bundler\bundler-v0.4-source\lib\clapack\debug\dtpsv.obj
d:\study\3drebuild\projects\bundler\bundler-v0.4-source\lib\clapack\debug\dtptri.obj
d:\study\3drebuild\projects\bundler\bundler-v0.4-source\lib\clapack\debug\dtptrs.obj
d:\study\3drebuild\projects\bundler\bundler-v0.4-source\lib\clapack\debug\dtrcon.obj
d:\study\3drebuild\projects\bundler\bundler-v0.4-source\lib\clapack\debug\dtrevc.obj
d:\study\3drebuild\projects\bundler\bundler-v0.4-source\lib\clapack\debug\dtrexc.obj
d:\study\3drebuild\projects\bundler\bundler-v0.4-source\lib\clapack\debug\dtrmm.obj
d:\study\3drebuild\projects\bundler\bundler-v0.4-source\lib\clapack\debug\dtrmv.obj
d:\study\3drebuild\projects\bundler\bundler-v0.4-source\lib\clapack\debug\dtrrfs.obj
d:\study\3drebuild\projects\bundler\bundler-v0.4-source\lib\clapack\debug\dtrsen.obj
d:\study\3drebuild\projects\bundler\bundler-v0.4-source\lib\clapack\debug\dtrsm.obj
d:\study\3drebuild\projects\bundler\bundler-v0.4-source\lib\clapack\debug\dtrsna.obj
d:\study\3drebuild\projects\bundler\bundler-v0.4-source\lib\clapack\debug\dtrsv.obj
d:\study\3drebuild\projects\bundler\bundler-v0.4-source\lib\clapack\debug\dtrsyl.obj
d:\study\3drebuild\projects\bundler\bundler-v0.4-source\lib\clapack\debug\dtrti2.obj
d:\study\3drebuild\projects\bundler\bundler-v0.4-source\lib\clapack\debug\dtrtri.obj
d:\study\3drebuild\projects\bundler\bundler-v0.4-source\lib\clapack\debug\dtrtrs.obj
d:\study\3drebuild\projects\bundler\bundler-v0.4-source\lib\clapack\debug\dtzrqf.obj
d:\study\3drebuild\projects\bundler\bundler-v0.4-source\lib\clapack\debug\dsytd2.obj
d:\study\3drebuild\projects\bundler\bundler-v0.4-source\lib\clapack\debug\dsytf2.obj
d:\study\3drebuild\projects\bundler\bundler-v0.4-source\lib\clapack\debug\dsytrd.obj
d:\study\3drebuild\projects\bundler\bundler-v0.4-source\lib\clapack\debug\dsytrf.obj
d:\study\3drebuild\projects\bundler\bundler-v0.4-source\lib\clapack\debug\dsytri.obj
d:\study\3drebuild\projects\bundler\bundler-v0.4-source\lib\clapack\debug\dsytrs.obj
d:\study\3drebuild\projects\bundler\bundler-v0.4-source\lib\clapack\debug\dtbcon.obj
d:\study\3drebuild\projects\bundler\bundler-v0.4-source\lib\clapack\debug\dtbmv.obj
d:\study\3drebuild\projects\bundler\bundler-v0.4-source\lib\clapack\debug\dtbrfs.obj
d:\study\3drebuild\projects\bundler\bundler-v0.4-source\lib\clapack\debug\dtbsv.obj
d:\study\3drebuild\projects\bundler\bundler-v0.4-source\lib\clapack\debug\dtbtrs.obj
d:\study\3drebuild\projects\bundler\bundler-v0.4-source\lib\clapack\debug\dtgevc.obj
d:\study\3drebuild\projects\bundler\bundler-v0.4-source\lib\clapack\debug\dtgex2.obj
d:\study\3drebuild\projects\bundler\bundler-v0.4-source\lib\clapack\debug\dtgexc.obj
d:\study\3drebuild\projects\bundler\bundler-v0.4-source\lib\clapack\debug\dtgsen.obj
d:\study\3drebuild\projects\bundler\bundler-v0.4-source\lib\clapack\debug\dtgsja.obj
d:\study\3drebuild\projects\bundler\bundler-v0.4-source\lib\clapack\debug\dtgsna.obj
d:\study\3drebuild\projects\bundler\bundler-v0.4-source\lib\clapack\debug\dtgsy2.obj
d:\study\3drebuild\projects\bundler\bundler-v0.4-source\lib\clapack\debug\dtgsyl.obj
d:\study\3drebuild\projects\bundler\bundler-v0.4-source\lib\clapack\debug\dtpcon.obj
d:\study\3drebuild\projects\bundler\bundler-v0.4-source\lib\clapack\debug\dswap.obj
d:\study\3drebuild\projects\bundler\bundler-v0.4-source\lib\clapack\debug\dsycon.obj
d:\study\3drebuild\projects\bundler\bundler-v0.4-source\lib\clapack\debug\dsyev.obj
d:\study\3drebuild\projects\bundler\bundler-v0.4-source\lib\clapack\debug\dsyevd.obj
d:\study\3drebuild\projects\bundler\bundler-v0.4-source\lib\clapack\debug\dsyevr.obj
d:\study\3drebuild\projects\bundler\bundler-v0.4-source\lib\clapack\debug\dsyevx.obj
d:\study\3drebuild\projects\bundler\bundler-v0.4-source\lib\clapack\debug\dsygs2.obj
d:\study\3drebuild\projects\bundler\bundler-v0.4-source\lib\clapack\debug\dsygst.obj
d:\study\3drebuild\projects\bundler\bundler-v0.4-source\lib\clapack\debug\dsygv.obj
d:\study\3drebuild\projects\bundler\bundler-v0.4-source\lib\clapack\debug\dsygvd.obj
d:\study\3drebuild\projects\bundler\bundler-v0.4-source\lib\clapack\debug\dsygvx.obj
d:\study\3drebuild\projects\bundler\bundler-v0.4-source\lib\clapack\debug\dsymm.obj
d:\study\3drebuild\projects\bundler\bundler-v0.4-source\lib\clapack\debug\dsymv.obj
d:\study\3drebuild\projects\bundler\bundler-v0.4-source\lib\clapack\debug\dsyr.obj
d:\study\3drebuild\projects\bundler\bundler-v0.4-source\lib\clapack\debug\dsyr2.obj
d:\study\3drebuild\projects\bundler\bundler-v0.4-source\lib\clapack\debug\dsyr2k.obj
d:\study\3drebuild\projects\bundler\bundler-v0.4-source\lib\clapack\debug\dsyrfs.obj
d:\study\3drebuild\projects\bundler\bundler-v0.4-source\lib\clapack\debug\dsyrk.obj
d:\study\3drebuild\projects\bundler\bundler-v0.4-source\lib\clapack\debug\dsysv.obj
d:\study\3drebuild\projects\bundler\bundler-v0.4-source\lib\clapack\debug\dsysvx.obj
d:\study\3drebuild\projects\bundler\bundler-v0.4-source\lib\clapack\debug\dspr.obj
d:\study\3drebuild\projects\bundler\bundler-v0.4-source\lib\clapack\debug\dspr2.obj
d:\study\3drebuild\projects\bundler\bundler-v0.4-source\lib\clapack\debug\dsprfs.obj
d:\study\3drebuild\projects\bundler\bundler-v0.4-source\lib\clapack\debug\dspsv.obj
d:\study\3drebuild\projects\bundler\bundler-v0.4-source\lib\clapack\debug\dspsvx.obj
d:\study\3drebuild\projects\bundler\bundler-v0.4-source\lib\clapack\debug\dsptrd.obj
d:\study\3drebuild\projects\bundler\bundler-v0.4-source\lib\clapack\debug\dsptrf.obj
d:\study\3drebuild\projects\bundler\bundler-v0.4-source\lib\clapack\debug\dsptri.obj
d:\study\3drebuild\projects\bundler\bundler-v0.4-source\lib\clapack\debug\dsptrs.obj
d:\study\3drebuild\projects\bundler\bundler-v0.4-source\lib\clapack\debug\dstebz.obj
d:\study\3drebuild\projects\bundler\bundler-v0.4-source\lib\clapack\debug\dstedc.obj
d:\study\3drebuild\projects\bundler\bundler-v0.4-source\lib\clapack\debug\dstegr.obj
d:\study\3drebuild\projects\bundler\bundler-v0.4-source\lib\clapack\debug\dstein.obj
d:\study\3drebuild\projects\bundler\bundler-v0.4-source\lib\clapack\debug\dstemr.obj
d:\study\3drebuild\projects\bundler\bundler-v0.4-source\lib\clapack\debug\dsteqr.obj
d:\study\3drebuild\projects\bundler\bundler-v0.4-source\lib\clapack\debug\dsterf.obj
d:\study\3drebuild\projects\bundler\bundler-v0.4-source\lib\clapack\debug\dstev.obj
d:\study\3drebuild\projects\bundler\bundler-v0.4-source\lib\clapack\debug\dstevd.obj
d:\study\3drebuild\projects\bundler\bundler-v0.4-source\lib\clapack\debug\dstevr.obj
d:\study\3drebuild\projects\bundler\bundler-v0.4-source\lib\clapack\debug\dstevx.obj
d:\study\3drebuild\projects\bundler\bundler-v0.4-source\lib\clapack\debug\dsbevx.obj
d:\study\3drebuild\projects\bundler\bundler-v0.4-source\lib\clapack\debug\dsbgst.obj
d:\study\3drebuild\projects\bundler\bundler-v0.4-source\lib\clapack\debug\dsbgv.obj
d:\study\3drebuild\projects\bundler\bundler-v0.4-source\lib\clapack\debug\dsbgvd.obj
d:\study\3drebuild\projects\bundler\bundler-v0.4-source\lib\clapack\debug\dsbgvx.obj
d:\study\3drebuild\projects\bundler\bundler-v0.4-source\lib\clapack\debug\dsbmv.obj
d:\study\3drebuild\projects\bundler\bundler-v0.4-source\lib\clapack\debug\dsbtrd.obj
d:\study\3drebuild\projects\bundler\bundler-v0.4-source\lib\clapack\debug\dscal.obj
d:\study\3drebuild\projects\bundler\bundler-v0.4-source\lib\clapack\debug\dsdot.obj
d:\study\3drebuild\projects\bundler\bundler-v0.4-source\lib\clapack\debug\dsecndtst.obj
d:\study\3drebuild\projects\bundler\bundler-v0.4-source\lib\clapack\debug\dsgesv.obj
d:\study\3drebuild\projects\bundler\bundler-v0.4-source\lib\clapack\debug\dspcon.obj
d:\study\3drebuild\projects\bundler\bundler-v0.4-source\lib\clapack\debug\dspev.obj
d:\study\3drebuild\projects\bundler\bundler-v0.4-source\lib\clapack\debug\dspevd.obj
d:\study\3drebuild\projects\bundler\bundler-v0.4-source\lib\clapack\debug\dspevx.obj
d:\study\3drebuild\projects\bundler\bundler-v0.4-source\lib\clapack\debug\dspgst.obj
d:\study\3drebuild\projects\bundler\bundler-v0.4-source\lib\clapack\debug\dspgv.obj
d:\study\3drebuild\projects\bundler\bundler-v0.4-source\lib\clapack\debug\dspgvd.obj
d:\study\3drebuild\projects\bundler\bundler-v0.4-source\lib\clapack\debug\dspgvx.obj
d:\study\3drebuild\projects\bundler\bundler-v0.4-source\lib\clapack\debug\dspmv.obj
d:\study\3drebuild\projects\bundler\bundler-v0.4-source\lib\clapack\debug\dppsv.obj
d:\study\3drebuild\projects\bundler\bundler-v0.4-source\lib\clapack\debug\dppsvx.obj
d:\study\3drebuild\projects\bundler\bundler-v0.4-source\lib\clapack\debug\dpptrf.obj
d:\study\3drebuild\projects\bundler\bundler-v0.4-source\lib\clapack\debug\dpptri.obj
d:\study\3drebuild\projects\bundler\bundler-v0.4-source\lib\clapack\debug\dpptrs.obj
d:\study\3drebuild\projects\bundler\bundler-v0.4-source\lib\clapack\debug\dptcon.obj
d:\study\3drebuild\projects\bundler\bundler-v0.4-source\lib\clapack\debug\dpteqr.obj
d:\study\3drebuild\projects\bundler\bundler-v0.4-source\lib\clapack\debug\dptrfs.obj
d:\study\3drebuild\projects\bundler\bundler-v0.4-source\lib\clapack\debug\dptsv.obj
d:\study\3drebuild\projects\bundler\bundler-v0.4-source\lib\clapack\debug\dptsvx.obj
d:\study\3drebuild\projects\bundler\bundler-v0.4-source\lib\clapack\debug\dpttrf.obj
d:\study\3drebuild\projects\bundler\bundler-v0.4-source\lib\clapack\debug\dpttrs.obj
d:\study\3drebuild\projects\bundler\bundler-v0.4-source\lib\clapack\debug\dptts2.obj
d:\study\3drebuild\projects\bundler\bundler-v0.4-source\lib\clapack\debug\drot.obj
d:\study\3drebuild\projects\bundler\bundler-v0.4-source\lib\clapack\debug\drotg.obj
d:\study\3drebuild\projects\bundler\bundler-v0.4-source\lib\clapack\debug\drotm.obj
d:\study\3drebuild\projects\bundler\bundler-v0.4-source\lib\clapack\debug\drotmg.obj
d:\study\3drebuild\projects\bundler\bundler-v0.4-source\lib\clapack\debug\drscl.obj
d:\study\3drebuild\projects\bundler\bundler-v0.4-source\lib\clapack\debug\dsbev.obj
d:\study\3drebuild\projects\bundler\bundler-v0.4-source\lib\clapack\debug\dsbevd.obj
d:\study\3drebuild\projects\bundler\bundler-v0.4-source\lib\clapack\debug\dpbequ.obj
d:\study\3drebuild\projects\bundler\bundler-v0.4-source\lib\clapack\debug\dpbrfs.obj
d:\study\3drebuild\projects\bundler\bundler-v0.4-source\lib\clapack\debug\dpbstf.obj
d:\study\3drebuild\projects\bundler\bundler-v0.4-source\lib\clapack\debug\dpbsv.obj
d:\study\3drebuild\projects\bundler\bundler-v0.4-source\lib\clapack\debug\dpbsvx.obj
d:\study\3drebuild\projects\bundler\bundler-v0.4-source\lib\clapack\debug\dpbtf2.obj
d:\study\3drebuild\projects\bundler\bundler-v0.4-source\lib\clapack\debug\dpbtrf.obj
d:\study\3drebuild\projects\bundler\bundler-v0.4-source\lib\clapack\debug\dpbtrs.obj
d:\study\3drebuild\projects\bundler\bundler-v0.4-source\lib\clapack\debug\dpocon.obj
d:\study\3drebuild\projects\bundler\bundler-v0.4-source\lib\clapack\debug\dpoequ.obj
d:\study\3drebuild\projects\bundler\bundler-v0.4-source\lib\clapack\debug\dporfs.obj
d:\study\3drebuild\projects\bundler\bundler-v0.4-source\lib\clapack\debug\dposv.obj
d:\study\3drebuild\projects\bundler\bundler-v0.4-source\lib\clapack\debug\dposvx.obj
d:\study\3drebuild\projects\bundler\bundler-v0.4-source\lib\clapack\debug\dpotf2.obj
d:\study\3drebuild\projects\bundler\bundler-v0.4-source\lib\clapack\debug\dpotrf.obj
d:\study\3drebuild\projects\bundler\bundler-v0.4-source\lib\clapack\debug\dpotri.obj
d:\study\3drebuild\projects\bundler\bundler-v0.4-source\lib\clapack\debug\dpotrs.obj
d:\study\3drebuild\projects\bundler\bundler-v0.4-source\lib\clapack\debug\dppcon.obj
d:\study\3drebuild\projects\bundler\bundler-v0.4-source\lib\clapack\debug\dppequ.obj
d:\study\3drebuild\projects\bundler\bundler-v0.4-source\lib\clapack\debug\dpprfs.obj
d:\study\3drebuild\projects\bundler\bundler-v0.4-source\lib\clapack\debug\dorglq.obj
d:\study\3drebuild\projects\bundler\bundler-v0.4-source\lib\clapack\debug\dorgql.obj
d:\study\3drebuild\projects\bundler\bundler-v0.4-source\lib\clapack\debug\dorgqr.obj
d:\study\3drebuild\projects\bundler\bundler-v0.4-source\lib\clapack\debug\dorgr2.obj
d:\study\3drebuild\projects\bundler\bundler-v0.4-source\lib\clapack\debug\dorgrq.obj
d:\study\3drebuild\projects\bundler\bundler-v0.4-source\lib\clapack\debug\dorgtr.obj
d:\study\3drebuild\projects\bundler\bundler-v0.4-source\lib\clapack\debug\dorm2l.obj
d:\study\3drebuild\projects\bundler\bundler-v0.4-source\lib\clapack\debug\dorm2r.obj
d:\study\3drebuild\projects\bundler\bundler-v0.4-source\lib\clapack\debug\dormbr.obj
d:\study\3drebuild\projects\bundler\bundler-v0.4-source\lib\clapack\debug\dormhr.obj
d:\study\3drebuild\projects\bundler\bundler-v0.4-source\lib\clapack\debug\dorml2.obj
d:\study\3drebuild\projects\bundler\bundler-v0.4-source\lib\clapack\debug\dormlq.obj
d:\study\3drebuild\projects\bundler\bundler-v0.4-source\lib\clapack\debug\dormql.obj
d:\study\3drebuild\projects\bundler\bundler-v0.4-source\lib\clapack\debug\dormqr.obj
d:\study\3drebuild\projects\bundler\bundler-v0.4-source\lib\clapack\debug\dormr2.obj
d:\study\3drebuild\projects\bundler\bundler-v0.4-source\lib\clapack\debug\dormr3.obj
d:\study\3drebuild\projects\bundler\bundler-v0.4-source\lib\clapack\debug\dormrq.obj
d:\study\3drebuild\projects\bundler\bundler-v0.4-source\lib\clapack\debug\dormrz.obj
d:\study\3drebuild\projects\bundler\bundler-v0.4-source\lib\clapack\debug\dormtr.obj
d:\study\3drebuild\projects\bundler\bundler-v0.4-source\lib\clapack\debug\dpbcon.obj
d:\study\3drebuild\projects\bundler\bundler-v0.4-source\lib\clapack\debug\dlasyf.obj
d:\study\3drebuild\projects\bundler\bundler-v0.4-source\lib\clapack\debug\dlatbs.obj
d:\study\3drebuild\projects\bundler\bundler-v0.4-source\lib\clapack\debug\dlatdf.obj
d:\study\3drebuild\projects\bundler\bundler-v0.4-source\lib\clapack\debug\dlatps.obj
d:\study\3drebuild\projects\bundler\bundler-v0.4-source\lib\clapack\debug\dlatrd.obj
d:\study\3drebuild\projects\bundler\bundler-v0.4-source\lib\clapack\debug\dlatrs.obj
d:\study\3drebuild\projects\bundler\bundler-v0.4-source\lib\clapack\debug\dlatrz.obj
d:\study\3drebuild\projects\bundler\bundler-v0.4-source\lib\clapack\debug\dlatzm.obj
d:\study\3drebuild\projects\bundler\bundler-v0.4-source\lib\clapack\debug\dlauu2.obj
d:\study\3drebuild\projects\bundler\bundler-v0.4-source\lib\clapack\debug\dlauum.obj
d:\study\3drebuild\projects\bundler\bundler-v0.4-source\lib\clapack\debug\dlazq3.obj
d:\study\3drebuild\projects\bundler\bundler-v0.4-source\lib\clapack\debug\dlazq4.obj
d:\study\3drebuild\projects\bundler\bundler-v0.4-source\lib\clapack\debug\dnrm2.obj
d:\study\3drebuild\projects\bundler\bundler-v0.4-source\lib\clapack\debug\dopgtr.obj
d:\study\3drebuild\projects\bundler\bundler-v0.4-source\lib\clapack\debug\dopmtr.obj
d:\study\3drebuild\projects\bundler\bundler-v0.4-source\lib\clapack\debug\dorg2l.obj
d:\study\3drebuild\projects\bundler\bundler-v0.4-source\lib\clapack\debug\dorg2r.obj
d:\study\3drebuild\projects\bundler\bundler-v0.4-source\lib\clapack\debug\dorgbr.obj
d:\study\3drebuild\projects\bundler\bundler-v0.4-source\lib\clapack\debug\dorghr.obj
d:\study\3drebuild\projects\bundler\bundler-v0.4-source\lib\clapack\debug\dorgl2.obj
d:\study\3drebuild\projects\bundler\bundler-v0.4-source\lib\clapack\debug\dlasd5.obj
d:\study\3drebuild\projects\bundler\bundler-v0.4-source\lib\clapack\debug\dlasd6.obj
d:\study\3drebuild\projects\bundler\bundler-v0.4-source\lib\clapack\debug\dlasd7.obj
d:\study\3drebuild\projects\bundler\bundler-v0.4-source\lib\clapack\debug\dlasd8.obj
d:\study\3drebuild\projects\bundler\bundler-v0.4-source\lib\clapack\debug\dlasda.obj
d:\study\3drebuild\projects\bundler\bundler-v0.4-source\lib\clapack\debug\dlasdq.obj
d:\study\3drebuild\projects\bundler\bundler-v0.4-source\lib\clapack\debug\dlasdt.obj
d:\study\3drebuild\projects\bundler\bundler-v0.4-source\lib\clapack\debug\dlaset.obj
d:\study\3drebuild\projects\bundler\bundler-v0.4-source\lib\clapack\debug\dlasq1.obj
d:\study\3drebuild\projects\bundler\bundler-v0.4-source\lib\clapack\debug\dlasq2.obj
d:\study\3drebuild\projects\bundler\bundler-v0.4-source\lib\clapack\debug\dlasq3.obj
d:\study\3drebuild\projects\bundler\bundler-v0.4-source\lib\clapack\debug\dlasq4.obj
d:\study\3drebuild\projects\bundler\bundler-v0.4-source\lib\clapack\debug\dlasq5.obj
d:\study\3drebuild\projects\bundler\bundler-v0.4-source\lib\clapack\debug\dlasq6.obj
d:\study\3drebuild\projects\bundler\bundler-v0.4-source\lib\clapack\debug\dlasr.obj
d:\study\3drebuild\projects\bundler\bundler-v0.4-source\lib\clapack\debug\dlasrt.obj
d:\study\3drebuild\projects\bundler\bundler-v0.4-source\lib\clapack\debug\dlassq.obj
d:\study\3drebuild\projects\bundler\bundler-v0.4-source\lib\clapack\debug\dlasv2.obj
d:\study\3drebuild\projects\bundler\bundler-v0.4-source\lib\clapack\debug\dlaswp.obj
d:\study\3drebuild\projects\bundler\bundler-v0.4-source\lib\clapack\debug\dlasy2.obj
d:\study\3drebuild\projects\bundler\bundler-v0.4-source\lib\clapack\debug\dlarrd.obj
d:\study\3drebuild\projects\bundler\bundler-v0.4-source\lib\clapack\debug\dlarre.obj
d:\study\3drebuild\projects\bundler\bundler-v0.4-source\lib\clapack\debug\dlarrf.obj
d:\study\3drebuild\projects\bundler\bundler-v0.4-source\lib\clapack\debug\dlarrj.obj
d:\study\3drebuild\projects\bundler\bundler-v0.4-source\lib\clapack\debug\dlarrk.obj
d:\study\3drebuild\projects\bundler\bundler-v0.4-source\lib\clapack\debug\dlarrr.obj
d:\study\3drebuild\projects\bundler\bundler-v0.4-source\lib\clapack\debug\dlarrv.obj
d:\study\3drebuild\projects\bundler\bundler-v0.4-source\lib\clapack\debug\dlartg.obj
d:\study\3drebuild\projects\bundler\bundler-v0.4-source\lib\clapack\debug\dlartv.obj
d:\study\3drebuild\projects\bundler\bundler-v0.4-source\lib\clapack\debug\dlaruv.obj
d:\study\3drebuild\projects\bundler\bundler-v0.4-source\lib\clapack\debug\dlarz.obj
d:\study\3drebuild\projects\bundler\bundler-v0.4-source\lib\clapack\debug\dlarzb.obj
d:\study\3drebuild\projects\bundler\bundler-v0.4-source\lib\clapack\debug\dlarzt.obj
d:\study\3drebuild\projects\bundler\bundler-v0.4-source\lib\clapack\debug\dlas2.obj
d:\study\3drebuild\projects\bundler\bundler-v0.4-source\lib\clapack\debug\dlascl.obj
d:\study\3drebuild\projects\bundler\bundler-v0.4-source\lib\clapack\debug\dlasd0.obj
d:\study\3drebuild\projects\bundler\bundler-v0.4-source\lib\clapack\debug\dlasd1.obj
d:\study\3drebuild\projects\bundler\bundler-v0.4-source\lib\clapack\debug\dlasd2.obj
d:\study\3drebuild\projects\bundler\bundler-v0.4-source\lib\clapack\debug\dlasd3.obj
d:\study\3drebuild\projects\bundler\bundler-v0.4-source\lib\clapack\debug\dlasd4.obj
d:\study\3drebuild\projects\bundler\bundler-v0.4-source\lib\clapack\debug\dlaqr2.obj
d:\study\3drebuild\projects\bundler\bundler-v0.4-source\lib\clapack\debug\dlaqr3.obj
d:\study\3drebuild\projects\bundler\bundler-v0.4-source\lib\clapack\debug\dlaqr4.obj
d:\study\3drebuild\projects\bundler\bundler-v0.4-source\lib\clapack\debug\dlaqr5.obj
d:\study\3drebuild\projects\bundler\bundler-v0.4-source\lib\clapack\debug\dlaqsb.obj
d:\study\3drebuild\projects\bundler\bundler-v0.4-source\lib\clapack\debug\dlaqsp.obj
d:\study\3drebuild\projects\bundler\bundler-v0.4-source\lib\clapack\debug\dlaqsy.obj
d:\study\3drebuild\projects\bundler\bundler-v0.4-source\lib\clapack\debug\dlaqtr.obj
d:\study\3drebuild\projects\bundler\bundler-v0.4-source\lib\clapack\debug\dlar1v.obj
d:\study\3drebuild\projects\bundler\bundler-v0.4-source\lib\clapack\debug\dlar2v.obj
d:\study\3drebuild\projects\bundler\bundler-v0.4-source\lib\clapack\debug\dlarf.obj
d:\study\3drebuild\projects\bundler\bundler-v0.4-source\lib\clapack\debug\dlarfb.obj
d:\study\3drebuild\projects\bundler\bundler-v0.4-source\lib\clapack\debug\dlarfg.obj
d:\study\3drebuild\projects\bundler\bundler-v0.4-source\lib\clapack\debug\dlarft.obj
d:\study\3drebuild\projects\bundler\bundler-v0.4-source\lib\clapack\debug\dlarfx.obj
d:\study\3drebuild\projects\bundler\bundler-v0.4-source\lib\clapack\debug\dlargv.obj
d:\study\3drebuild\projects\bundler\bundler-v0.4-source\lib\clapack\debug\dlarnv.obj
d:\study\3drebuild\projects\bundler\bundler-v0.4-source\lib\clapack\debug\dlarra.obj
d:\study\3drebuild\projects\bundler\bundler-v0.4-source\lib\clapack\debug\dlarrb.obj
d:\study\3drebuild\projects\bundler\bundler-v0.4-source\lib\clapack\debug\dlarrc.obj
d:\study\3drebuild\projects\bundler\bundler-v0.4-source\lib\clapack\debug\dlangt.obj
d:\study\3drebuild\projects\bundler\bundler-v0.4-source\lib\clapack\debug\dlanhs.obj
d:\study\3drebuild\projects\bundler\bundler-v0.4-source\lib\clapack\debug\dlansb.obj
d:\study\3drebuild\projects\bundler\bundler-v0.4-source\lib\clapack\debug\dlansp.obj
d:\study\3drebuild\projects\bundler\bundler-v0.4-source\lib\clapack\debug\dlanst.obj
d:\study\3drebuild\projects\bundler\bundler-v0.4-source\lib\clapack\debug\dlansy.obj
d:\study\3drebuild\projects\bundler\bundler-v0.4-source\lib\clapack\debug\dlantb.obj
d:\study\3drebuild\projects\bundler\bundler-v0.4-source\lib\clapack\debug\dlantp.obj
d:\study\3drebuild\projects\bundler\bundler-v0.4-source\lib\clapack\debug\dlantr.obj
d:\study\3drebuild\projects\bundler\bundler-v0.4-source\lib\clapack\debug\dlanv2.obj
d:\study\3drebuild\projects\bundler\bundler-v0.4-source\lib\clapack\debug\dlapll.obj
d:\study\3drebuild\projects\bundler\bundler-v0.4-source\lib\clapack\debug\dlapmt.obj
d:\study\3drebuild\projects\bundler\bundler-v0.4-source\lib\clapack\debug\dlapy2.obj
d:\study\3drebuild\projects\bundler\bundler-v0.4-source\lib\clapack\debug\dlapy3.obj
d:\study\3drebuild\projects\bundler\bundler-v0.4-source\lib\clapack\debug\dlaqgb.obj
d:\study\3drebuild\projects\bundler\bundler-v0.4-source\lib\clapack\debug\dlaqge.obj
d:\study\3drebuild\projects\bundler\bundler-v0.4-source\lib\clapack\debug\dlaqp2.obj
d:\study\3drebuild\projects\bundler\bundler-v0.4-source\lib\clapack\debug\dlaqps.obj
d:\study\3drebuild\projects\bundler\bundler-v0.4-source\lib\clapack\debug\dlaqr0.obj
d:\study\3drebuild\projects\bundler\bundler-v0.4-source\lib\clapack\debug\dlaqr1.obj
d:\study\3drebuild\projects\bundler\bundler-v0.4-source\lib\clapack\debug\dlags2.obj
d:\study\3drebuild\projects\bundler\bundler-v0.4-source\lib\clapack\debug\dlagtf.obj
d:\study\3drebuild\projects\bundler\bundler-v0.4-source\lib\clapack\debug\dlagtm.obj
d:\study\3drebuild\projects\bundler\bundler-v0.4-source\lib\clapack\debug\dlagts.obj
d:\study\3drebuild\projects\bundler\bundler-v0.4-source\lib\clapack\debug\dlagv2.obj
d:\study\3drebuild\projects\bundler\bundler-v0.4-source\lib\clapack\debug\dlahqr.obj
d:\study\3drebuild\projects\bundler\bundler-v0.4-source\lib\clapack\debug\dlahr2.obj
d:\study\3drebuild\projects\bundler\bundler-v0.4-source\lib\clapack\debug\dlahrd.obj
d:\study\3drebuild\projects\bundler\bundler-v0.4-source\lib\clapack\debug\dlaic1.obj
d:\study\3drebuild\projects\bundler\bundler-v0.4-source\lib\clapack\debug\dlaisnan.obj
d:\study\3drebuild\projects\bundler\bundler-v0.4-source\lib\clapack\debug\dlaln2.obj
d:\study\3drebuild\projects\bundler\bundler-v0.4-source\lib\clapack\debug\dlals0.obj
d:\study\3drebuild\projects\bundler\bundler-v0.4-source\lib\clapack\debug\dlalsa.obj
d:\study\3drebuild\projects\bundler\bundler-v0.4-source\lib\clapack\debug\dlalsd.obj
d:\study\3drebuild\projects\bundler\bundler-v0.4-source\lib\clapack\debug\dlamch.obj
d:\study\3drebuild\projects\bundler\bundler-v0.4-source\lib\clapack\debug\dlamchtst.obj
d:\study\3drebuild\projects\bundler\bundler-v0.4-source\lib\clapack\debug\dlamrg.obj
d:\study\3drebuild\projects\bundler\bundler-v0.4-source\lib\clapack\debug\dlaneg.obj
d:\study\3drebuild\projects\bundler\bundler-v0.4-source\lib\clapack\debug\dlangb.obj
d:\study\3drebuild\projects\bundler\bundler-v0.4-source\lib\clapack\debug\dlange.obj
d:\study\3drebuild\projects\bundler\bundler-v0.4-source\lib\clapack\debug\dlacpy.obj
d:\study\3drebuild\projects\bundler\bundler-v0.4-source\lib\clapack\debug\dladiv.obj
d:\study\3drebuild\projects\bundler\bundler-v0.4-source\lib\clapack\debug\dlae2.obj
d:\study\3drebuild\projects\bundler\bundler-v0.4-source\lib\clapack\debug\dlaebz.obj
d:\study\3drebuild\projects\bundler\bundler-v0.4-source\lib\clapack\debug\dlaed0.obj
d:\study\3drebuild\projects\bundler\bundler-v0.4-source\lib\clapack\debug\dlaed1.obj
d:\study\3drebuild\projects\bundler\bundler-v0.4-source\lib\clapack\debug\dlaed2.obj
d:\study\3drebuild\projects\bundler\bundler-v0.4-source\lib\clapack\debug\dlaed3.obj
d:\study\3drebuild\projects\bundler\bundler-v0.4-source\lib\clapack\debug\dlaed4.obj
d:\study\3drebuild\projects\bundler\bundler-v0.4-source\lib\clapack\debug\dlaed5.obj
d:\study\3drebuild\projects\bundler\bundler-v0.4-source\lib\clapack\debug\dlaed6.obj
d:\study\3drebuild\projects\bundler\bundler-v0.4-source\lib\clapack\debug\dlaed7.obj
d:\study\3drebuild\projects\bundler\bundler-v0.4-source\lib\clapack\debug\dlaed8.obj
d:\study\3drebuild\projects\bundler\bundler-v0.4-source\lib\clapack\debug\dlaed9.obj
d:\study\3drebuild\projects\bundler\bundler-v0.4-source\lib\clapack\debug\dlaeda.obj
d:\study\3drebuild\projects\bundler\bundler-v0.4-source\lib\clapack\debug\dlaein.obj
d:\study\3drebuild\projects\bundler\bundler-v0.4-source\lib\clapack\debug\dlaev2.obj
d:\study\3drebuild\projects\bundler\bundler-v0.4-source\lib\clapack\debug\dlaexc.obj
d:\study\3drebuild\projects\bundler\bundler-v0.4-source\lib\clapack\debug\dlag2.obj
d:\study\3drebuild\projects\bundler\bundler-v0.4-source\lib\clapack\debug\dlag2s.obj
d:\study\3drebuild\projects\bundler\bundler-v0.4-source\lib\clapack\debug\dgglse.obj
d:\study\3drebuild\projects\bundler\bundler-v0.4-source\lib\clapack\debug\dggqrf.obj
d:\study\3drebuild\projects\bundler\bundler-v0.4-source\lib\clapack\debug\dggrqf.obj
d:\study\3drebuild\projects\bundler\bundler-v0.4-source\lib\clapack\debug\dggsvd.obj
d:\study\3drebuild\projects\bundler\bundler-v0.4-source\lib\clapack\debug\dggsvp.obj
d:\study\3drebuild\projects\bundler\bundler-v0.4-source\lib\clapack\debug\dgtcon.obj
d:\study\3drebuild\projects\bundler\bundler-v0.4-source\lib\clapack\debug\dgtrfs.obj
d:\study\3drebuild\projects\bundler\bundler-v0.4-source\lib\clapack\debug\dgtsv.obj
d:\study\3drebuild\projects\bundler\bundler-v0.4-source\lib\clapack\debug\dgtsvx.obj
d:\study\3drebuild\projects\bundler\bundler-v0.4-source\lib\clapack\debug\dgttrf.obj
d:\study\3drebuild\projects\bundler\bundler-v0.4-source\lib\clapack\debug\dgttrs.obj
d:\study\3drebuild\projects\bundler\bundler-v0.4-source\lib\clapack\debug\dgtts2.obj
d:\study\3drebuild\projects\bundler\bundler-v0.4-source\lib\clapack\debug\dhgeqz.obj
d:\study\3drebuild\projects\bundler\bundler-v0.4-source\lib\clapack\debug\dhsein.obj
d:\study\3drebuild\projects\bundler\bundler-v0.4-source\lib\clapack\debug\dhseqr.obj
d:\study\3drebuild\projects\bundler\bundler-v0.4-source\lib\clapack\debug\disnan.obj
d:\study\3drebuild\projects\bundler\bundler-v0.4-source\lib\clapack\debug\dlabad.obj
d:\study\3drebuild\projects\bundler\bundler-v0.4-source\lib\clapack\debug\dlabrd.obj
d:\study\3drebuild\projects\bundler\bundler-v0.4-source\lib\clapack\debug\dlacn2.obj
d:\study\3drebuild\projects\bundler\bundler-v0.4-source\lib\clapack\debug\dlacon.obj
d:\study\3drebuild\projects\bundler\bundler-v0.4-source\lib\clapack\debug\dgerq2.obj
d:\study\3drebuild\projects\bundler\bundler-v0.4-source\lib\clapack\debug\dgerqf.obj
d:\study\3drebuild\projects\bundler\bundler-v0.4-source\lib\clapack\debug\dgesc2.obj
d:\study\3drebuild\projects\bundler\bundler-v0.4-source\lib\clapack\debug\dgesdd.obj
d:\study\3drebuild\projects\bundler\bundler-v0.4-source\lib\clapack\debug\dgesv.obj
d:\study\3drebuild\projects\bundler\bundler-v0.4-source\lib\clapack\debug\dgesvd.obj
d:\study\3drebuild\projects\bundler\bundler-v0.4-source\lib\clapack\debug\dgesvx.obj
d:\study\3drebuild\projects\bundler\bundler-v0.4-source\lib\clapack\debug\dgetc2.obj
d:\study\3drebuild\projects\bundler\bundler-v0.4-source\lib\clapack\debug\dgetf2.obj
d:\study\3drebuild\projects\bundler\bundler-v0.4-source\lib\clapack\debug\dgetrf.obj
d:\study\3drebuild\projects\bundler\bundler-v0.4-source\lib\clapack\debug\dgetri.obj
d:\study\3drebuild\projects\bundler\bundler-v0.4-source\lib\clapack\debug\dgetrs.obj
d:\study\3drebuild\projects\bundler\bundler-v0.4-source\lib\clapack\debug\dggbak.obj
d:\study\3drebuild\projects\bundler\bundler-v0.4-source\lib\clapack\debug\dggbal.obj
d:\study\3drebuild\projects\bundler\bundler-v0.4-source\lib\clapack\debug\dgges.obj
d:\study\3drebuild\projects\bundler\bundler-v0.4-source\lib\clapack\debug\dggesx.obj
d:\study\3drebuild\projects\bundler\bundler-v0.4-source\lib\clapack\debug\dggev.obj
d:\study\3drebuild\projects\bundler\bundler-v0.4-source\lib\clapack\debug\dggevx.obj
d:\study\3drebuild\projects\bundler\bundler-v0.4-source\lib\clapack\debug\dggglm.obj
d:\study\3drebuild\projects\bundler\bundler-v0.4-source\lib\clapack\debug\dgghrd.obj
d:\study\3drebuild\projects\bundler\bundler-v0.4-source\lib\clapack\debug\dgegv.obj
d:\study\3drebuild\projects\bundler\bundler-v0.4-source\lib\clapack\debug\dgehd2.obj
d:\study\3drebuild\projects\bundler\bundler-v0.4-source\lib\clapack\debug\dgehrd.obj
d:\study\3drebuild\projects\bundler\bundler-v0.4-source\lib\clapack\debug\dgelq2.obj
d:\study\3drebuild\projects\bundler\bundler-v0.4-source\lib\clapack\debug\dgelqf.obj
d:\study\3drebuild\projects\bundler\bundler-v0.4-source\lib\clapack\debug\dgels.obj
d:\study\3drebuild\projects\bundler\bundler-v0.4-source\lib\clapack\debug\dgelsd.obj
d:\study\3drebuild\projects\bundler\bundler-v0.4-source\lib\clapack\debug\dgelss.obj
d:\study\3drebuild\projects\bundler\bundler-v0.4-source\lib\clapack\debug\dgelsx.obj
d:\study\3drebuild\projects\bundler\bundler-v0.4-source\lib\clapack\debug\dgelsy.obj
d:\study\3drebuild\projects\bundler\bundler-v0.4-source\lib\clapack\debug\dgemm.obj
d:\study\3drebuild\projects\bundler\bundler-v0.4-source\lib\clapack\debug\dgemv.obj
d:\study\3drebuild\projects\bundler\bundler-v0.4-source\lib\clapack\debug\dgeql2.obj
d:\study\3drebuild\projects\bundler\bundler-v0.4-source\lib\clapack\debug\dgeqlf.obj
d:\study\3drebuild\projects\bundler\bundler-v0.4-source\lib\clapack\debug\dgeqp3.obj
d:\study\3drebuild\projects\bundler\bundler-v0.4-source\lib\clapack\debug\dgeqpf.obj
d:\study\3drebuild\projects\bundler\bundler-v0.4-source\lib\clapack\debug\dgeqr2.obj
d:\study\3drebuild\projects\bundler\bundler-v0.4-source\lib\clapack\debug\dgeqrf.obj
d:\study\3drebuild\projects\bundler\bundler-v0.4-source\lib\clapack\debug\dger.obj
d:\study\3drebuild\projects\bundler\bundler-v0.4-source\lib\clapack\debug\dgerfs.obj
d:\study\3drebuild\projects\bundler\bundler-v0.4-source\lib\clapack\debug\dgbcon.obj
d:\study\3drebuild\projects\bundler\bundler-v0.4-source\lib\clapack\debug\dgbequ.obj
d:\study\3drebuild\projects\bundler\bundler-v0.4-source\lib\clapack\debug\dgbmv.obj
d:\study\3drebuild\projects\bundler\bundler-v0.4-source\lib\clapack\debug\dgbrfs.obj
d:\study\3drebuild\projects\bundler\bundler-v0.4-source\lib\clapack\debug\dgbsv.obj
d:\study\3drebuild\projects\bundler\bundler-v0.4-source\lib\clapack\debug\dgbsvx.obj
d:\study\3drebuild\projects\bundler\bundler-v0.4-source\lib\clapack\debug\dgbtf2.obj
d:\study\3drebuild\projects\bundler\bundler-v0.4-source\lib\clapack\debug\dgbtrf.obj
d:\study\3drebuild\projects\bundler\bundler-v0.4-source\lib\clapack\debug\dgbtrs.obj
d:\study\3drebuild\projects\bundler\bundler-v0.4-source\lib\clapack\debug\dgebak.obj
d:\study\3drebuild\projects\bundler\bundler-v0.4-source\lib\clapack\debug\dgebal.obj
d:\study\3drebuild\projects\bundler\bundler-v0.4-source\lib\clapack\debug\dgebd2.obj
d:\study\3drebuild\projects\bundler\bundler-v0.4-source\lib\clapack\debug\dgebrd.obj
d:\study\3drebuild\projects\bundler\bundler-v0.4-source\lib\clapack\debug\dgecon.obj
d:\study\3drebuild\projects\bundler\bundler-v0.4-source\lib\clapack\debug\dgeequ.obj
d:\study\3drebuild\projects\bundler\bundler-v0.4-source\lib\clapack\debug\dgees.obj
d:\study\3drebuild\projects\bundler\bundler-v0.4-source\lib\clapack\debug\dgeesx.obj
d:\study\3drebuild\projects\bundler\bundler-v0.4-source\lib\clapack\debug\dgeev.obj
d:\study\3drebuild\projects\bundler\bundler-v0.4-source\lib\clapack\debug\dgeevx.obj
d:\study\3drebuild\projects\bundler\bundler-v0.4-source\lib\clapack\debug\dgegs.obj
d:\study\3drebuild\projects\bundler\bundler-v0.4-source\lib\clapack\debug\dasum.obj
d:\study\3drebuild\projects\bundler\bundler-v0.4-source\lib\clapack\debug\daxpy.obj
d:\study\3drebuild\projects\bundler\bundler-v0.4-source\lib\clapack\debug\dbdsdc.obj
d:\study\3drebuild\projects\bundler\bundler-v0.4-source\lib\clapack\debug\dbdsqr.obj
d:\study\3drebuild\projects\bundler\bundler-v0.4-source\lib\clapack\debug\dcabs1.obj
d:\study\3drebuild\projects\bundler\bundler-v0.4-source\lib\clapack\debug\dcopy.obj
d:\study\3drebuild\projects\bundler\bundler-v0.4-source\lib\clapack\debug\ddisna.obj
d:\study\3drebuild\projects\bundler\bundler-v0.4-source\lib\clapack\debug\ddot.obj
d:\study\3drebuild\projects\bundler\bundler-v0.4-source\lib\clapack\debug\dgbbrd.obj
d:\study\3drebuild\projects\bundler\bundler-v0.4-source\lib\clapack\debug\ilaver1.obj
d:\study\3drebuild\projects\bundler\bundler-v0.4-source\lib\clapack\debug\lsame1.obj
d:\study\3drebuild\projects\bundler\bundler-v0.4-source\lib\clapack\debug\xerbla1.obj
d:\study\3drebuild\projects\bundler\bundler-v0.4-source\vc++\debug\clapack.lib
d:\study\3drebuild\projects\bundler\bundler-v0.4-source\lib\clapack\debug\clapack.tlog\cl.command.1.tlog
d:\study\3drebuild\projects\bundler\bundler-v0.4-source\lib\clapack\debug\clapack.tlog\cl.read.1.tlog
d:\study\3drebuild\projects\bundler\bundler-v0.4-source\lib\clapack\debug\clapack.tlog\cl.write.1.tlog
d:\study\3drebuild\projects\bundler\bundler-v0.4-source\lib\clapack\debug\clapack.tlog\lib-link.read.1.tlog
d:\study\3drebuild\projects\bundler\bundler-v0.4-source\lib\clapack\debug\clapack.tlog\lib-link.write.1.tlog
d:\study\3drebuild\projects\bundler\bundler-v0.4-source\lib\clapack\debug\clapack.tlog\lib.command.1.tlog
