# Bundle file v0.3
7 736
674.849996 0.0 0.0
0.923386 -0.279008 -0.263652
0.381066 0.583341 0.717288
-0.046330 -0.762802 0.644970
-1.597601 4.157019 -2.330403
676.336948 0.0 0.0
0.950070 -0.240040 -0.199366
0.272382 0.326275 0.905181
-0.152232 -0.914289 0.375367
-1.245761 5.246146 -3.282520
683.277249 0.0 0.0
0.916418 -0.368567 0.156000
0.138806 0.658285 0.739861
-0.375380 -0.656368 0.654424
1.100595 4.251354 -1.634707
672.997297 0.0 0.0
0.969832 0.088916 0.226980
-0.080400 0.995677 -0.046510
-0.230134 0.026858 0.972788
1.244046 -0.262001 0.317412
671.801109 0.0 0.0
1.000000 -0.000700 -0.000425
0.000701 0.999999 0.001192
0.000424 -0.001193 0.999999
-0.038716 0.032376 0.275009
672.273366 0.0 0.0
0.997276 0.049945 0.054281
-0.047398 0.997759 -0.047227
-0.056518 0.044525 0.997408
0.540072 -0.643272 -0.107592
670.277415 0.0 0.0
-0.924691 -0.336443 -0.178194
0.283703 -0.921048 0.266804
-0.253890 0.196156 0.947134
-0.469710 2.356563 -0.319259
1.890417 -1.150299 -6.872717
203 182 70
6 4 325 186.60 -113.10 5 505 185.28 -144.29 3 350 138.23 -120.93 2 462 241.32 -146.62 0 590 253.74 -80.89 1 577 286.19 -108.82
2.161235 -0.888505 -6.314709
221 195 83
5 4 501 232.61 -94.29 5 513 231.05 -133.66 3 517 191.12 -107.27 6 744 -98.21 198.07 2 493 271.51 -79.03
2.161235 -0.888505 -6.314709
221 195 83
5 4 500 232.61 -94.29 5 512 231.05 -133.66 3 516 191.12 -107.27 6 745 -98.21 198.07 2 494 271.51 -79.03
2.181908 -0.879472 -6.278240
177 153 51
6 4 778 235.96 -93.76 5 766 234.59 -133.58 3 514 194.94 -107.28 6 1065 -101.35 199.54 2 795 274.38 -75.18 0 895 265.55 -3.05
2.178836 -0.775979 -6.282818
214 189 76
6 4 508 235.62 -82.65 5 523 234.71 -123.22 3 356 195.43 -96.42 6 734 -104.60 190.60 2 497 267.00 -67.42 0 637 258.80 3.80
2.195738 -0.705124 -6.273174
215 190 73
6 4 328 237.61 -74.59 5 359 237.43 -116.44 3 360 198.50 -89.29 6 529 -109.18 186.16 2 501 264.25 -60.38 0 641 255.73 9.01
2.169937 -0.816591 -6.295738
215 191 85
6 4 781 234.17 -86.80 5 775 233.27 -126.88 3 745 193.55 -100.30 6 1052 -101.99 193.42 2 796 268.20 -71.78 0 897 260.42 -0.58
2.489636 -0.500287 -5.473657
226 182 185
5 4 163 308.24 -59.34 5 183 306.76 -113.61 3 173 277.92 -82.60 6 262 -171.19 217.46 2 178 311.61 24.96
2.140684 -0.981527 -6.351602
212 189 70
5 4 326 228.65 -104.24 5 355 227.09 -141.56 3 351 186.28 -115.96 6 541 -92.34 203.03 2 328 274.56 -89.79
1.889644 -1.107755 -6.865139
41 28 0
4 4 771 186.92 -109.18 5 757 185.58 -140.72 3 720 138.69 -116.92 2 762 238.50 -142.42
1.889644 -1.107755 -6.865139
41 28 0
4 4 772 186.92 -109.18 5 758 185.58 -140.72 3 721 138.69 -116.92 2 763 238.50 -142.42
2.499582 -0.387181 -5.464021
234 192 195
4 4 528 309.94 -45.27 5 533 309.37 -101.29 3 541 281.10 -69.83 2 853 304.58 34.17
2.490770 -0.436228 -5.479224
239 180 181
4 4 793 308.06 -51.38 5 794 307.13 -106.45 3 762 278.54 -75.19 2 1298 306.61 29.21
2.089042 -0.648885 -6.454118
218 186 68
3 4 46 220.41 -65.77 5 51 220.61 -106.82 3 27 179.95 -81.08
-0.864890 0.474388 -4.681886
21 27 43
3 4 54 -136.55 75.85 5 57 -78.79 13.06 3 33 -102.40 82.81
-0.863376 0.474877 -4.682186
21 27 43
4 4 55 -136.55 75.85 5 58 -78.79 13.06 3 34 -102.40 82.81 6 76 149.59 63.68
-0.864890 0.474388 -4.681886
21 27 43
3 4 56 -136.55 75.85 5 59 -78.79 13.06 3 35 -102.40 82.81
-0.831381 -0.259874 -5.156249
23 24 28
3 4 66 -118.79 -32.05 5 75 -74.98 -79.71 3 49 -112.17 -31.74
0.871872 0.027309 -5.759920
210 178 197
3 4 49 101.77 6.53 5 54 124.97 -43.61 3 51 95.84 -4.60
0.071635 0.318691 -5.622141
152 22 32
4 4 53 4.86 43.22 5 83 38.37 -7.98 3 54 8.76 41.33 6 96 43.94 69.68
-0.908148 0.585071 -4.704471
192 205 242
4 4 78 -142.59 91.80 5 88 -83.92 29.07 3 57 -107.50 101.54 6 89 152.45 45.48
1.045743 -0.040782 -5.611107
180 117 131
3 4 90 126.80 -0.79 5 102 147.45 -54.03 3 76 122.04 -16.83
1.323339 0.173311 -5.658589
188 119 130
3 4 70 159.94 25.28 5 80 178.08 -30.72 3 77 153.29 8.01
1.004528 0.530035 -5.610711
213 193 208
3 4 74 121.33 70.09 5 84 147.07 11.86 3 82 123.83 55.45
1.004528 0.530035 -5.610711
213 193 208
3 4 75 121.33 70.09 5 85 147.07 11.86 3 83 123.83 55.45
0.377219 0.453773 -5.499058
72 2 3
3 4 96 43.55 61.29 5 111 77.04 6.22 3 84 52.91 54.88
-0.848421 0.350201 -4.736255
187 201 240
3 4 73 -132.43 56.48 5 110 -77.10 -4.15 3 85 -102.04 61.38
0.832212 0.523146 -5.614409
95 0 2
3 4 132 99.69 69.17 5 147 127.57 12.00 3 108 103.51 56.94
0.471139 0.951756 -5.656518
163 18 29
3 4 104 53.89 121.54 5 113 87.74 64.43 3 113 63.74 115.67
2.309968 -1.143501 -5.967151
202 197 106
3 4 117 262.00 -128.68 5 128 257.73 -168.63 3 120 220.94 -142.55
0.998219 0.018661 -5.687265
72 5 8
3 4 178 118.75 4.59 5 198 140.45 -45.78 3 140 114.01 -6.69
0.022265 0.410425 -5.605246
225 56 94
3 4 128 -1.70 54.51 5 202 32.77 3.34 3 150 4.02 53.74
0.022265 0.410425 -5.605246
225 56 94
3 4 129 -1.70 54.51 5 203 32.77 3.34 3 151 4.02 53.74
-0.557848 0.401639 -4.755657
108 54 70
3 4 190 -88.76 64.14 5 145 -35.66 0.97 3 153 -54.95 65.09
0.175052 0.609739 -5.514379
217 202 221
3 4 134 17.67 81.44 5 149 53.69 25.97 3 156 28.55 77.85
-0.913517 0.470489 -4.662487
18 20 30
3 4 133 -144.33 74.74 5 206 -86.26 12.54 3 157 -110.10 84.15
0.415264 1.039942 -5.660708
171 150 172
4 4 139 46.70 132.24 5 157 81.74 75.03 3 163 57.86 127.60 6 149 -23.57 0.68
2.494455 -0.500538 -5.481226
226 182 185
3 4 164 308.24 -59.34 5 184 306.76 -113.61 3 174 277.92 -82.60
0.907154 -0.098610 -5.697069
51 9 18
3 4 242 107.62 -8.85 5 256 129.13 -58.80 3 198 101.50 -20.97
0.825252 0.100639 -5.803332
139 29 46
3 4 248 95.54 14.78 5 263 118.55 -34.39 3 206 89.88 5.36
-0.474038 0.271542 -4.704018
157 99 113
4 4 186 -77.47 45.50 5 269 -24.48 -18.24 3 208 -42.01 42.74 6 335 103.73 103.69
1.050490 0.619215 -5.628611
44 9 7
4 4 194 125.68 80.38 5 148 152.55 21.99 3 214 129.47 65.89 6 161 -75.08 66.89
0.135956 0.538354 -5.500685
82 11 26
3 4 193 12.97 72.60 5 283 48.42 17.45 3 217 23.29 69.15
-0.572772 0.443962 -4.746264
235 181 195
3 4 192 -91.05 70.94 5 277 -37.47 6.76 3 218 -56.62 72.05
-0.952232 0.424458 -4.708104
183 230 255
4 4 258 -149.19 67.57 5 278 -91.40 6.64 3 222 -117.65 75.74 6 322 164.94 65.35
-0.885603 0.540223 -4.576757
179 225 255
3 4 264 -142.41 86.77 5 290 -84.41 23.20 3 224 -102.18 95.91
-0.908933 0.601829 -4.684725
243 231 243
3 4 266 -142.93 95.15 5 293 -84.18 31.52 3 225 -107.91 104.47
-0.815944 0.704799 -4.636750
225 165 177
4 4 273 -130.77 111.65 5 296 -70.85 45.97 3 226 -90.60 120.59 6 312 132.32 36.56
0.958064 -0.049747 -5.713639
66 13 22
3 4 358 113.68 -2.44 5 381 134.62 -53.52 3 273 106.98 -15.39
1.235518 0.062042 -5.607969
95 35 39
3 4 247 150.56 11.32 5 261 169.33 -43.58 3 275 145.05 -4.73
1.114538 0.069467 -5.662141
172 101 113
3 4 361 133.92 11.78 5 262 154.39 -41.21 3 276 128.77 -2.24
0.660378 0.166132 -5.755652
115 4 13
3 4 253 76.31 23.52 5 268 101.98 -26.88 3 283 73.40 14.47
0.910821 0.565452 -5.599828
104 11 16
4 4 260 110.29 74.38 5 281 137.05 16.58 3 296 114.24 61.69 6 217 -57.90 69.94
-0.072249 0.571191 -5.511781
108 9 22
3 4 263 -13.84 76.42 5 287 23.56 22.93 3 297 -3.43 76.30
-0.875479 0.442438 -4.696787
255 254 254
4 4 259 -137.47 70.84 5 279 -80.31 8.85 3 298 -104.99 77.50 6 323 153.53 66.96
0.556283 0.912047 -5.663555
153 14 28
4 4 403 64.11 116.74 5 429 96.88 59.55 3 304 73.74 108.42 6 449 -33.40 19.13
-0.916000 0.715087 -4.651821
227 167 179
3 4 401 -144.79 112.97 5 421 -85.08 47.87 3 312 -106.83 124.04
-1.023134 0.714345 -4.663727
133 74 96
3 4 602 -160.56 112.17 5 422 -100.08 48.46 3 313 -125.04 125.90
0.446653 1.085501 -5.653453
166 22 33
4 4 277 50.87 137.96 5 302 85.76 80.26 3 314 62.43 133.11 6 298 -28.85 -2.97
1.576459 1.226684 -5.387751
69 31 28
3 4 199 198.35 161.68 5 218 225.50 90.91 3 315 208.45 136.31
1.576459 1.226684 -5.387751
69 31 28
3 4 200 198.35 161.68 5 219 225.50 90.91 3 316 208.45 136.31
1.796596 -3.408231 -12.765924
97 90 106
4 4 465 93.89 -180.35 5 490 74.58 -179.10 3 339 -11.21 -169.66 6 683 63.68 127.96
-1.212264 -2.802682 -13.003905
72 44 55
3 4 743 -64.87 -144.91 5 759 -77.02 -140.70 3 347 -171.74 -129.67
2.169767 -0.857664 -6.315162
214 191 78
3 4 503 233.26 -91.11 5 515 232.18 -130.34 3 354 192.31 -104.17
-0.833219 -0.199245 -5.134742
251 253 255
3 4 342 -119.64 -23.78 5 373 -74.80 -72.59 3 386 -111.66 -22.93
0.918688 -0.061019 -5.752624
173 134 153
3 4 355 108.03 -4.37 5 380 129.10 -54.15 3 389 100.68 -15.44
2.111025 0.563775 -6.374760
110 64 25
3 4 378 225.10 63.64 5 403 234.31 12.26 3 407 198.44 44.82
-0.855815 0.377880 -4.698344
165 217 254
3 4 377 -134.66 61.08 5 577 -78.27 -0.48 3 418 -102.37 66.39
-0.979808 0.397265 -4.713954
168 156 197
3 4 578 -152.67 63.52 5 580 -95.20 2.85 3 426 -123.04 71.93
-0.616400 0.574543 -4.672875
170 104 126
4 4 390 -99.15 91.51 5 410 -42.67 25.70 3 431 -59.95 94.97 6 484 110.49 60.60
-0.865766 0.687231 -4.643733
178 107 123
4 4 601 -137.48 108.86 5 594 -77.89 43.71 3 440 -98.75 118.74 6 632 141.88 36.59
-0.908361 0.683914 -4.642112
174 107 127
4 4 398 -144.22 108.28 5 595 -84.03 43.52 3 441 -106.14 118.98 6 466 147.87 35.34
-0.909104 0.684239 -4.645421
174 107 127
3 4 399 -144.22 108.28 5 596 -84.03 43.52 3 442 -106.14 118.98
1.694341 1.350382 -5.532482
69 30 30
3 4 286 207.37 172.15 5 309 232.51 102.95 3 458 213.21 146.81
0.985268 1.553063 -5.808345
140 24 34
3 4 414 113.41 189.13 5 618 145.28 127.98 3 463 122.53 177.50
2.552100 -2.918924 -10.403727
103 99 121
3 4 460 164.35 -188.90 5 696 145.71 -195.74 3 485 69.75 -183.39
2.306948 -3.026944 -11.197138
108 101 117
3 4 463 137.96 -182.43 5 712 119.48 -186.16 3 491 39.99 -175.15
2.420360 -2.569884 -10.764688
64 53 67
3 4 736 150.92 -161.17 5 738 133.91 -168.02 3 502 56.97 -155.76
2.338171 -2.366725 -11.111567
74 53 61
3 4 483 141.61 -144.01 5 752 124.69 -150.70 3 506 47.13 -137.86
2.290599 -2.372773 -11.170138
124 120 134
3 4 484 137.80 -143.67 5 498 121.46 -149.95 3 507 43.26 -137.39
2.290599 -2.372773 -11.170138
124 120 134
3 4 485 137.80 -143.67 5 497 121.46 -149.95 3 508 43.26 -137.39
2.473835 -0.602580 -5.537237
240 184 195
3 4 513 302.59 -71.48 5 779 300.54 -123.50 3 526 270.71 -93.15
2.490508 -0.568309 -5.475665
242 193 212
3 4 514 307.95 -67.89 5 525 306.02 -121.22 3 527 277.06 -90.61
2.140425 -0.698025 -6.383688
164 169 117
3 4 512 227.91 -72.69 5 527 228.02 -113.24 3 530 187.76 -86.51
2.498809 -0.486307 -5.453626
234 173 188
3 4 518 310.29 -57.89 5 791 308.86 -112.50 3 532 280.56 -81.60
2.187111 -0.608862 -6.267922
177 147 41
4 4 787 237.23 -64.27 5 795 237.69 -106.80 3 533 199.03 -79.45 6 1022 -111.86 178.35
0.964918 -0.011526 -5.713732
171 124 141
3 4 832 114.40 1.73 5 838 135.72 -49.23 3 572 108.29 -10.25
-0.501221 -0.058434 -4.851564
226 178 187
3 4 354 -79.02 -4.89 5 833 -30.53 -61.13 3 573 -54.71 -8.42
-0.492589 -0.015489 -4.818048
219 171 182
3 4 551 -78.14 1.60 5 837 -29.07 -56.47 3 577 -52.14 -1.80
-0.452765 0.061067 -4.767206
157 101 112
3 4 558 -73.08 13.04 5 845 -23.21 -46.74 3 584 -43.39 9.18
-0.452765 0.061067 -4.767206
157 101 112
3 4 557 -73.08 13.04 5 844 -23.21 -46.74 3 585 -43.39 9.18
-0.891330 0.055666 -4.733461
215 151 168
4 4 556 -139.18 12.32 5 848 -84.61 -45.18 3 586 -113.58 13.92 6 927 170.89 114.65
-0.459581 0.217509 -4.717288
157 99 112
4 4 565 -74.92 36.93 5 861 -22.99 -25.60 3 589 -40.91 34.02 6 670 104.06 110.44
-0.881789 0.204322 -4.765750
245 182 191
3 4 563 -136.76 34.39 5 568 -81.93 -24.07 3 592 -110.14 38.04
0.123219 0.566064 -5.478758
233 218 230
4 4 586 11.27 76.30 5 901 47.62 21.02 3 610 22.74 73.20 6 883 25.04 50.42
0.151234 0.585052 -5.478664
229 219 231
4 4 587 14.91 78.69 5 904 51.16 23.02 3 611 26.80 75.48 6 639 21.36 49.12
-0.861366 0.600847 -4.680067
241 217 230
3 4 595 -136.08 95.02 5 918 -77.23 31.06 3 621 -100.02 103.64
0.389150 0.899863 -5.642365
203 132 150
4 4 922 44.08 115.48 5 942 78.22 58.93 3 626 53.82 110.73 6 846 -14.99 15.98
-0.945551 0.698953 -4.645441
232 172 179
3 4 917 -149.87 110.21 5 932 -88.99 46.08 3 631 -112.02 122.18
0.446476 1.010776 -5.653537
152 22 54
4 4 606 50.73 128.86 5 609 85.20 71.42 3 633 61.61 123.54 6 609 -25.98 5.19
2.754503 -3.305431 -9.905918
111 103 121
4 4 644 185.48 -223.51 5 655 164.83 -229.76 3 651 90.31 -218.44 6 1098 -8.39 212.23
2.451125 -3.619064 -10.814695
100 95 114
3 4 641 151.14 -224.72 5 660 130.35 -227.08 3 653 51.55 -217.16
2.545860 -3.464388 -10.575651
115 112 130
4 4 655 160.56 -219.96 5 664 140.03 -223.65 3 655 62.57 -213.24 6 1057 12.72 196.11
2.562518 -3.128359 -10.480774
117 106 126
3 4 681 163.52 -200.78 5 683 144.15 -206.25 3 670 67.51 -194.88
2.452189 -2.698083 -10.836147
73 58 66
3 4 723 151.81 -167.81 5 724 134.20 -174.23 3 688 56.64 -162.48
2.119947 -2.212004 -11.592919
107 92 111
3 4 752 122.93 -128.86 5 764 107.33 -134.77 3 717 27.40 -122.11
1.929211 -2.376662 -12.276817
97 86 99
3 4 750 105.43 -131.05 5 765 89.08 -134.03 3 718 6.50 -122.20
2.082025 -2.005126 -11.763454
107 91 101
3 4 769 119.06 -115.32 5 783 103.86 -121.06 3 736 23.93 -108.06
2.497928 -0.701680 -5.466952
247 142 75
3 4 782 309.14 -84.58 5 760 305.94 -136.54 3 739 276.54 -106.09
2.173976 -0.818333 -6.305676
215 191 85
3 4 780 234.17 -86.80 5 774 233.27 -126.88 3 744 193.55 -100.30
2.499704 -0.526682 -5.460642
249 179 194
3 4 788 309.85 -62.90 5 789 308.33 -116.91 3 754 279.56 -86.10
2.516866 -0.343547 -5.397659
215 78 123
3 4 800 315.67 -40.20 5 799 315.64 -97.96 3 770 288.02 -65.82
0.908154 0.002016 -5.716437
223 194 208
3 4 833 107.35 3.35 5 843 129.39 -47.17 3 837 101.93 -8.22
0.091022 0.551532 -5.478712
239 225 235
3 4 885 6.96 74.40 5 898 43.74 19.52 3 875 18.43 71.63
-0.090479 0.541758 -5.479646
209 176 193
3 4 880 -16.47 73.11 5 899 21.92 19.39 3 881 -5.38 72.91
1.557490 1.012651 -5.301247
159 96 109
3 4 608 199.97 136.60 5 946 225.41 66.17 3 905 210.17 111.06
0.566934 0.949000 -5.664244
212 136 155
4 4 928 65.77 120.92 5 944 98.61 63.34 3 906 74.65 113.95 6 848 -36.14 15.78
0.979250 -0.304144 -5.558498
215 148 157
2 4 18 118.93 -35.62 5 22 140.43 -84.71
-0.011401 0.485902 -5.565520
243 238 244
2 4 26 -5.90 65.07 5 28 29.69 12.33
-0.249457 0.549229 -5.306043
34 19 22
2 4 27 -37.81 76.95 5 41 3.47 20.64
1.965960 0.785753 -6.347542
192 132 142
2 4 28 209.94 88.21 5 29 223.55 35.60
-0.060152 0.272053 -5.653523
235 234 242
2 4 51 -12.24 37.00 5 82 22.10 -11.80
0.018275 1.449751 -5.970461
161 15 26
2 4 62 -1.62 173.05 5 65 33.54 120.44
-1.273770 -2.941647 -12.903642
58 58 69
2 4 64 -68.45 -153.96 5 71 -81.13 -149.20
-0.041418 0.161504 -5.812720
198 32 51
2 4 69 -9.66 22.46 5 141 22.06 -23.23
1.408851 0.292898 -5.789660
67 9 9
2 4 72 166.17 38.82 5 81 183.71 -16.36
-2.996873 3.223694 -12.289463
23 21 26
2 4 81 -167.38 177.44 5 123 -161.17 181.15
0.364399 -3.473344 -13.565117
9 9 9
2 4 86 17.12 -172.97 5 97 -0.71 -168.59
0.774886 0.050238 -5.799960
238 230 239
2 4 91 89.61 9.24 5 104 112.87 -40.14
-0.127320 0.200414 -5.716489
230 212 229
2 4 93 -20.92 27.21 5 143 13.88 -18.74
2.310539 -1.143879 -5.968519
202 197 106
2 4 116 262.00 -128.68 5 127 257.73 -168.63
1.170272 0.091436 -5.653827
189 123 137
2 4 124 141.04 14.78 5 138 161.04 -39.21
0.289686 0.475994 -5.508830
230 208 219
2 4 131 32.66 64.55 5 205 66.15 9.16
-0.033378 0.724615 -5.569562
91 1 7
3 4 137 -8.95 94.82 5 215 28.71 41.25 6 152 38.05 23.87
1.551718 1.373004 -5.492074
169 119 130
2 4 144 191.32 176.85 5 161 218.52 107.31
0.859913 -4.997053 -15.042080
42 42 51
2 4 149 37.31 -223.53 5 174 14.27 -213.76
2.411247 -3.652019 -11.003910
37 33 48
3 4 151 146.01 -222.87 5 170 125.22 -224.90 6 249 26.71 190.63
2.411247 -3.652019 -11.003910
37 33 48
3 4 152 146.01 -222.87 5 171 125.22 -224.90 6 248 26.71 190.63
2.998684 -2.918402 -9.198508
60 49 63
2 4 153 217.41 -212.32 5 172 197.11 -222.75
2.673452 -2.743593 -10.047306
64 55 67
2 4 155 178.51 -183.56 5 176 159.80 -192.48
2.414137 -2.041009 -8.315760
188 174 148
2 4 156 195.32 -165.51 5 177 182.76 -183.28
0.504360 -3.264620 -13.355979
104 81 65
2 4 157 24.14 -165.61 5 179 7.61 -161.48
2.508395 -0.379472 -5.433747
224 181 194
2 4 166 312.78 -44.46 5 185 311.98 -101.19
2.508395 -0.379472 -5.433747
224 181 194
2 4 167 312.78 -44.46 5 186 311.98 -101.19
2.212041 -0.332427 -6.268771
220 184 47
2 4 169 239.95 -33.79 5 252 242.31 -79.42
0.607499 1.643824 -5.946022
67 1 0
3 4 205 66.82 195.43 5 225 100.56 138.78 6 188 -60.60 -66.07
2.685235 -3.199845 -10.104739
53 42 52
3 4 212 177.51 -212.50 5 230 157.50 -218.76 6 540 -4.38 199.53
2.678038 -3.190418 -10.077955
53 42 52
2 4 213 177.51 -212.50 5 231 157.50 -218.76
2.303238 -1.938677 -8.604290
178 171 140
2 4 216 180.26 -152.19 5 236 168.68 -169.11
1.550449 -2.588490 -12.652458
110 84 65
2 4 219 81.92 -138.55 5 238 65.54 -139.49
1.420435 -2.541500 -12.678834
18 29 45
2 4 220 74.84 -135.75 5 239 58.79 -136.63
2.081113 -2.164572 -11.765800
54 41 43
2 4 223 118.89 -124.42 5 243 103.31 -129.73
2.474630 -0.607274 -5.478272
225 190 208
3 4 231 305.70 -72.81 5 358 303.86 -125.58 6 769 -165.61 226.03
2.059639 0.309198 -6.477878
147 111 50
2 4 254 216.25 35.81 5 391 224.10 -12.52
0.502695 0.814503 -5.606790
148 19 29
2 4 267 58.65 105.65 5 419 91.34 48.15
1.695964 1.349944 -5.536777
69 30 30
2 4 285 207.37 172.15 5 308 232.51 102.95
2.347345 -3.907301 -11.104733
84 79 97
2 4 295 140.66 -236.11 5 458 119.32 -236.40
2.551757 -3.314407 -10.578160
98 89 106
3 4 303 160.97 -210.75 5 332 141.16 -214.76 6 532 9.60 188.90
2.860263 -2.862996 -9.491030
56 43 54
2 4 304 201.41 -202.36 5 333 182.01 -212.07
1.774870 -3.704207 -12.746859
10 10 12
2 4 305 92.77 -196.08 5 338 72.68 -193.74
1.787008 -3.729191 -12.826802
10 10 12
3 4 306 92.77 -196.08 5 339 72.68 -193.74 6 514 69.24 140.25
2.717096 -2.860182 -9.964605
59 47 61
2 4 308 182.63 -192.86 5 334 163.53 -201.30
2.717096 -2.860182 -9.964605
59 47 61
2 4 309 182.63 -192.86 5 335 163.53 -201.30
2.527258 -2.976710 -10.567564
59 52 64
2 4 311 160.22 -189.60 5 336 141.28 -195.60
2.527258 -2.976710 -10.567564
59 52 64
2 4 312 160.22 -189.60 5 337 141.28 -195.60
1.679589 -2.778684 -12.897020
47 38 45
2 4 317 87.18 -145.74 5 501 69.48 -146.04
1.999204 -2.326168 -11.947567
52 42 42
2 4 320 112.22 -131.85 5 511 96.48 -135.74
1.895043 -1.152135 -6.884888
203 182 70
2 4 324 186.60 -113.10 5 504 185.28 -144.29
2.477519 -0.609679 -5.484231
227 196 213
2 4 329 305.82 -73.03 5 357 303.86 -125.58
2.504711 -0.434446 -5.429670
236 188 201
2 4 333 312.35 -51.56 5 530 311.48 -107.36
2.510605 -0.375312 -5.405194
245 191 207
2 4 336 314.54 -44.25 5 532 314.05 -101.26
2.121440 -0.291779 -6.248058
114 69 10
2 4 340 231.15 -29.38 5 545 234.66 -75.46
-0.522417 -0.111137 -4.886701
229 178 190
2 4 351 -81.22 -12.29 5 550 -34.15 -67.57
-0.426618 0.152451 -4.751536
225 164 172
2 4 366 -69.38 26.86 5 562 -19.00 -34.46
0.494275 0.195543 -5.766670
125 4 14
2 4 367 56.04 27.13 5 387 83.17 -22.81
2.095991 0.256634 -6.494704
84 49 7
2 4 369 219.56 30.16 5 389 226.45 -17.81
-0.367343 0.383004 -4.750285
207 155 168
2 4 376 -60.68 61.23 5 576 -8.96 -2.60
2.160743 0.587682 -6.370461
176 139 90
2 4 379 230.34 66.54 5 404 239.67 14.31
0.383369 0.520484 -5.551170
156 27 44
2 4 380 43.91 69.33 5 583 77.11 14.40
-0.589573 0.526055 -4.689804
189 126 143
2 4 382 -94.96 83.67 5 406 -39.22 18.64
-0.589573 0.526055 -4.689804
189 126 143
2 4 383 -94.96 83.67 5 407 -39.22 18.64
0.308241 0.648198 -5.423701
219 197 209
2 4 385 35.37 87.81 5 587 71.30 29.82
0.453523 0.665682 -5.481020
246 224 228
2 4 387 53.37 88.81 5 413 87.91 31.29
0.453523 0.665682 -5.481020
246 224 228
2 4 388 53.37 88.81 5 414 87.91 31.29
-0.615426 0.575210 -4.671767
170 104 126
2 4 391 -99.15 91.51 5 411 -42.67 25.70
0.534532 0.782156 -5.643840
205 172 197
2 4 393 62.32 100.98 5 597 93.88 43.99
-0.699362 0.635209 -4.648778
233 178 193
2 4 394 -112.41 100.98 5 415 -54.28 34.91
-0.739263 0.668224 -4.649695
226 172 182
2 4 396 -118.40 105.92 5 417 -59.78 39.93
-1.000853 0.687537 -4.655549
229 167 180
2 4 400 -157.56 108.36 5 418 -97.19 44.51
1.216776 1.061223 -5.279965
184 132 143
2 4 407 156.33 144.22 5 433 187.08 74.75
2.820409 -3.131717 -9.693793
52 45 57
3 4 435 194.21 -216.48 5 468 173.73 -224.25 6 1096 -18.20 211.24
2.517718 -3.421958 -10.676225
101 97 119
3 4 439 157.38 -215.39 5 473 137.15 -218.90 6 737 14.43 190.74
2.453671 -3.411062 -10.783538
105 97 118
3 4 440 151.98 -212.68 5 477 131.91 -215.90 6 729 18.64 186.32
2.206821 -3.575158 -11.478806
53 51 65
2 4 443 128.26 -209.75 5 681 108.30 -210.51
2.189763 -3.511056 -11.496092
85 78 96
2 4 445 127.15 -205.75 5 479 107.39 -206.75
2.137590 -3.463196 -11.677245
39 35 49
3 4 448 122.30 -199.80 5 481 102.65 -200.85 6 706 42.29 160.37
2.795784 -2.760524 -9.756028
57 41 47
2 4 457 191.85 -190.12 5 482 173.05 -199.59
2.795784 -2.760524 -9.756028
57 41 47
2 4 458 191.85 -190.12 5 483 173.05 -199.59
2.417607 -2.883833 -10.914986
57 46 54
2 4 466 148.41 -178.20 5 715 130.25 -183.37
1.668552 -3.465037 -13.139862
88 85 103
2 4 467 84.71 -178.13 5 491 65.05 -175.89
2.443100 -2.134370 -8.239699
187 178 144
2 4 470 199.25 -174.62 5 484 186.24 -192.01
2.563693 -2.599435 -10.334904
67 55 65
2 4 473 166.44 -169.55 5 719 149.06 -177.76
1.728843 -3.084505 -12.927918
54 48 60
2 4 479 89.33 -161.39 5 495 70.88 -160.59
2.303500 -2.012951 -8.552979
113 98 80
2 4 480 181.37 -158.86 5 492 169.30 -175.69
2.127920 -2.398350 -11.675973
63 47 57
2 4 486 122.22 -139.07 5 506 106.26 -143.52
2.338632 -2.252929 -11.009915
121 118 134
2 4 488 142.76 -138.30 5 503 127.01 -145.65
2.132640 -0.869306 -6.396462
216 192 86
2 4 504 226.51 -90.97 5 516 225.43 -129.80
2.482858 -0.635773 -5.560975
221 70 104
2 4 511 302.36 -75.16 5 776 299.82 -126.60
2.480503 -0.553819 -5.525319
239 180 193
2 4 516 304.10 -65.50 5 786 302.36 -118.43
2.042974 -0.560798 -6.583048
228 191 78
2 4 519 211.36 -55.99 5 534 212.36 -96.18
2.227779 -0.476942 -6.198876
229 196 57
2 4 525 244.38 -50.19 5 535 245.49 -95.30
2.227779 -0.476942 -6.198876
229 196 57
2 4 526 244.38 -50.19 5 536 245.49 -95.30
0.840472 -0.380770 -5.577278
169 46 60
2 4 529 101.57 -44.80 5 806 122.99 -93.03
2.178267 -0.366215 -6.253278
97 62 2
2 4 532 236.96 -37.60 5 816 239.41 -83.00
2.515937 -0.318782 -5.386211
232 191 210
2 4 533 316.23 -37.25 5 800 316.37 -95.20
2.152844 -0.328168 -6.258124
120 75 14
2 4 535 234.10 -33.36 5 818 237.03 -79.04
2.516774 -0.265117 -5.424011
240 192 195
2 4 536 314.36 -30.09 5 543 314.59 -88.44
2.117044 0.270933 -6.447854
176 139 48
3 4 562 223.24 31.64 5 571 230.23 -16.56 6 660 -132.16 95.16
-0.347048 0.401461 -4.790053
171 123 144
2 4 577 -57.09 63.47 5 578 -6.30 0.06
-0.334333 0.429199 -4.813522
220 191 199
2 4 581 -54.82 67.32 5 581 -4.61 3.86
-0.996835 0.439024 -4.709512
173 160 195
2 4 583 -155.47 69.80 5 582 -97.38 9.23
0.164050 0.563652 -5.482544
73 21 45
2 4 585 16.33 75.88 5 900 52.52 20.62
0.389343 0.608459 -5.494200
243 214 219
2 4 588 45.23 81.45 5 586 79.42 24.65
0.173799 0.655876 -5.520931
71 6 13
2 4 591 17.56 87.17 5 588 53.52 31.59
-0.588861 0.569716 -4.694997
237 174 184
2 4 592 -94.59 90.27 5 909 -38.96 24.72
-0.869366 0.661570 -4.637635
228 165 173
2 4 597 -138.49 104.98 5 590 -78.56 39.97
-0.925030 0.745822 -4.658557
157 100 122
2 4 605 -146.00 117.20 5 601 -85.90 52.32
-3.876188 4.001026 -11.901436
146 93 86
2 4 619 -219.37 225.40 5 1037 -212.56 230.54
2.222104 -3.941401 -11.439572
51 45 59
2 4 630 129.33 -231.39 5 652 108.06 -230.93
2.261489 -3.884454 -11.319185
89 87 105
2 4 631 132.99 -230.54 5 653 111.97 -230.41
1.011471 -5.111160 -14.920966
48 48 57
2 4 632 44.39 -230.33 5 670 20.99 -220.50
2.252634 -3.772087 -11.290623
88 85 102
2 4 642 132.96 -224.55 5 662 112.23 -225.02
2.699510 -3.353958 -10.129030
59 54 71
3 4 650 177.79 -222.01 5 657 157.17 -227.37 6 752 -1.83 206.59
2.984395 -3.008313 -9.211544
56 47 62
2 4 658 215.96 -218.41 5 656 195.29 -228.32
2.404069 -3.490304 -10.994577
99 95 118
3 4 662 146.02 -213.47 5 677 125.70 -215.89 6 1030 24.36 183.36
2.343794 -3.521862 -11.198274
56 46 58
2 4 666 139.75 -211.56 5 680 119.47 -213.43
2.837568 -2.993628 -9.689624
117 110 126
3 4 674 195.65 -207.10 5 676 175.86 -215.80 6 1079 -21.93 204.46
2.379567 -3.289069 -10.927618
53 46 61
2 4 679 145.55 -202.65 5 686 126.14 -206.01
2.533733 -3.157837 -10.552378
68 59 74
2 4 680 160.55 -201.34 5 684 141.19 -206.34
2.174459 -3.421085 -11.607192
88 81 97
2 4 685 125.20 -198.62 5 692 105.54 -199.89
1.656683 -3.867931 -13.162715
36 26 32
3 4 688 83.72 -198.23 5 699 63.16 -194.66 6 959 78.44 137.18
2.515432 -3.075652 -10.589590
100 93 109
2 4 691 158.96 -195.50 5 691 139.88 -200.82
1.998889 -3.503491 -12.139880
52 47 68
2 4 692 109.94 -194.66 5 697 90.24 -194.35
1.998889 -3.503491 -12.139880
52 47 68
2 4 693 109.94 -194.66 5 698 90.24 -194.35
2.665751 -2.817942 -10.088805
47 34 47
2 4 698 177.02 -187.88 5 695 158.40 -195.99
2.116998 -3.284480 -11.834551
90 78 86
2 4 699 119.62 -187.25 5 708 100.44 -188.47
1.858112 -3.473300 -12.558428
44 36 49
3 4 701 99.03 -186.54 5 713 79.23 -185.60 6 957 61.11 136.28
2.457739 -2.900594 -10.678600
57 46 60
2 4 704 154.22 -183.06 5 705 135.92 -188.87
2.000010 -3.157409 -12.102533
57 49 60
2 4 712 110.54 -176.22 5 722 91.89 -177.18
1.997429 -3.074208 -12.056130
89 85 99
2 4 718 110.87 -172.28 5 726 92.51 -173.62
1.997429 -3.074208 -12.056130
89 85 99
2 4 719 110.87 -172.28 5 727 92.51 -173.62
2.508695 -2.546989 -10.557998
106 99 115
2 4 732 159.55 -162.69 5 732 142.33 -170.52
2.508695 -2.546989 -10.557998
106 99 115
2 4 733 159.55 -162.69 5 733 142.33 -170.52
2.423491 -2.573297 -10.777884
64 53 67
2 4 735 150.92 -161.17 5 737 133.91 -168.02
2.423491 -2.573297 -10.777884
64 53 67
2 4 737 150.92 -161.17 5 739 133.91 -168.02
1.293035 -3.043148 -14.265994
74 67 78
2 4 744 60.21 -144.47 5 756 41.51 -140.80
2.165881 -2.217462 -11.553912
68 55 68
2 4 751 126.06 -129.72 5 763 110.20 -135.63
2.311793 -1.141331 -5.970838
197 196 106
2 4 753 262.09 -128.30 5 736 257.72 -168.34
2.347260 -2.043635 -11.027533
71 60 79
2 4 758 143.18 -125.25 5 768 128.10 -133.39
2.206149 -2.026971 -11.282574
91 79 87
2 4 760 131.57 -121.43 5 771 116.60 -128.76
2.206149 -2.026971 -11.282574
91 79 87
2 4 761 131.57 -121.43 5 772 116.60 -128.76
2.041975 -2.042417 -11.840496
62 50 55
2 4 768 116.00 -116.61 5 782 100.72 -122.16
2.487533 -0.513596 -5.508096
233 187 193
2 4 790 305.85 -60.73 5 790 304.51 -114.35
2.242646 -0.263512 -6.175457
175 144 33
2 4 814 246.96 -26.55 5 823 249.66 -74.07
2.523107 -0.225080 -5.412616
237 192 205
2 4 816 315.69 -25.13 5 815 316.41 -84.07
2.169573 0.512827 -6.327421
139 84 16
2 4 860 233.06 58.93 5 882 241.65 6.49
-0.751398 0.419621 -4.696987
182 160 191
2 4 874 -119.09 67.46 5 878 -62.99 4.59
-0.949909 0.463851 -4.679520
147 198 228
2 4 884 -149.48 74.07 5 891 -90.92 12.30
-0.821852 0.590035 -4.669851
235 199 217
2 4 899 -130.40 93.51 5 916 -71.98 29.33
0.536496 0.827930 -5.617914
202 159 176
2 4 912 62.76 107.10 5 935 95.07 49.47
-0.721564 0.688196 -4.649244
146 87 107
2 4 915 -115.69 109.00 5 927 -57.13 42.65
0.390224 0.900412 -5.643596
203 132 150
2 4 921 44.08 115.48 5 941 78.22 58.93
-0.826244 0.763570 -4.661058
216 161 173
2 4 926 -131.13 119.89 5 938 -71.51 54.22
0.528232 1.042145 -5.677641
142 34 59
3 4 929 60.70 131.96 5 951 94.32 74.52 6 827 -35.39 3.81
-3.872343 3.539950 -11.879273
144 80 72
2 4 951 -220.47 200.44 5 985 -214.10 205.38
-5.281061 3.586816 -11.589222
128 72 58
2 4 958 -302.89 204.94 5 1001 -297.78 214.97
-5.281061 3.586816 -11.589222
128 72 58
2 4 959 -302.89 204.94 5 1002 -297.78 214.97
-5.430184 3.572499 -11.509580
125 72 64
2 4 960 -312.87 205.08 5 639 -307.92 215.61
-5.430184 3.572499 -11.509580
125 72 64
2 4 961 -312.87 205.08 5 640 -307.92 215.61
-3.789365 3.692108 -11.960079
129 57 41
2 4 963 -214.24 207.60 5 995 -207.86 212.45
-3.876834 3.708657 -12.007826
130 57 30
2 4 964 -218.02 207.66 5 996 -212.08 212.75
-4.977004 3.665626 -11.575579
130 72 56
2 4 975 -286.75 210.21 5 1006 -280.69 219.21
-3.755396 3.770344 -11.931142
132 53 30
2 4 980 -212.72 212.46 5 1005 -206.16 217.10
-4.850586 3.777674 -11.635468
134 72 65
2 4 985 -278.19 215.77 5 1023 -272.10 224.31
-4.807684 3.864785 -11.603571
135 75 58
2 4 992 -276.47 221.16 5 1036 -269.90 229.76
-3.463664 3.990913 -11.954678
143 85 86
2 4 994 -196.16 224.41 5 1033 -188.76 228.39
2.357799 -1.669662 -5.819611
214 38 63
2 4 21 272.41 -192.28 3 12 227.09 -203.48
0.705826 0.247596 -5.668941
204 29 53
2 4 24 83.26 34.57 3 21 83.16 23.48
0.705826 0.247596 -5.668941
204 29 53
2 4 25 83.26 34.57 3 22 83.16 23.48
-0.722358 -0.317777 -5.168833
235 183 196
2 4 48 -103.99 -41.03 3 48 -96.72 -40.27
-0.770566 0.516204 -4.681187
162 189 226
2 4 76 -122.33 82.88 3 87 -86.26 87.47
2.113201 1.071343 -5.996554
212 176 116
2 4 79 238.84 126.92 3 112 224.16 100.43
-3.153971 3.785849 -14.625345
29 26 34
2 4 145 -147.03 176.21 3 236 -238.78 219.95
0.803093 -0.038179 -5.793146
81 4 10
2 4 176 93.12 -1.73 3 201 86.03 -11.36
-2.990583 4.132997 -16.756149
96 85 103
2 4 201 -121.84 166.74 3 233 -219.25 209.95
1.265860 -2.537919 -13.367672
25 29 49
2 4 222 63.02 -128.67 3 246 -40.48 -116.54
1.909544 -1.040747 -6.840975
203 178 60
2 4 225 189.45 -102.40 3 247 142.08 -111.25
1.267796 -0.097270 -5.438773
215 151 156
2 4 240 159.13 -9.23 3 271 156.10 -26.24
0.713702 0.043472 -5.850640
199 45 81
2 4 246 81.48 8.31 3 277 74.29 -0.45
0.290562 0.100042 -5.688908
204 42 82
2 4 249 31.55 15.74 3 280 30.99 9.92
0.725290 0.136469 -5.773482
111 13 20
2 4 252 83.99 19.65 3 282 79.87 10.50
-0.558789 0.358288 -4.718262
211 160 172
2 4 256 -89.76 58.23 3 213 -54.81 58.12
0.501623 0.859681 -5.660529
138 12 28
2 4 272 57.72 109.97 3 301 66.26 103.69
-0.884450 0.716705 -4.647222
224 165 176
3 4 274 -140.04 113.39 3 311 -101.75 123.93 6 309 143.18 31.62
2.065051 -2.290651 -11.923508
104 96 105
2 4 323 116.30 -130.11 3 349 19.13 -121.98
0.843138 -0.018739 -5.765603
223 197 213
2 4 360 98.47 0.81 3 391 91.98 -9.74
2.165027 0.520931 -6.306457
149 93 24
3 4 375 233.21 60.11 3 404 206.43 39.43 6 490 -150.47 79.76
1.074642 0.567995 -5.557238
102 6 13
2 4 381 131.20 75.21 3 414 135.16 59.72
-0.761964 0.880322 -4.713192
158 124 143
2 4 406 -119.87 136.12 3 456 -79.85 146.72
2.940618 -3.163930 -9.367368
122 117 137
3 4 430 209.21 -226.02 3 471 116.53 -221.70 6 1129 -28.50 225.85
2.727115 -3.291897 -10.035667
117 111 132
2 4 433 181.29 -220.03 3 474 85.95 -214.53
2.306727 -3.026842 -11.196768
108 101 117
2 4 462 137.96 -182.43 3 490 39.99 -175.15
2.638955 -2.587311 -10.200483
120 114 129
2 4 471 173.58 -170.90 3 497 81.53 -166.86
2.568707 -2.604922 -10.356428
67 55 65
2 4 474 166.44 -169.55 3 499 73.78 -165.09
2.234530 -1.465515 -6.062232
201 153 45
2 4 477 248.95 -162.93 3 492 204.48 -173.70
2.234530 -1.465515 -6.062232
201 153 45
2 4 478 248.95 -162.93 3 493 204.48 -173.70
2.344819 -2.369364 -11.125930
74 53 61
2 4 482 141.61 -144.01 3 505 47.13 -137.86
2.141631 -0.832738 -6.387045
217 194 83
4 4 507 227.64 -87.05 3 355 186.23 -100.21 2 492 263.01 -79.71 0 625 258.66 -11.16
2.177645 -0.730934 -6.307233
163 137 40
2 4 509 234.64 -76.91 3 359 194.67 -91.53
2.219952 -0.505284 -6.195550
225 194 63
3 4 521 243.48 -53.36 3 374 207.07 -69.64 2 510 256.49 -38.85
-0.812871 0.344604 -4.729897
245 237 249
2 4 573 -127.48 55.58 3 415 -96.33 60.15
1.054352 0.473047 -5.576224
201 41 74
2 4 576 128.27 63.00 3 408 130.78 48.06
2.936099 -3.273753 -9.558007
116 113 136
2 4 633 204.50 -229.20 3 649 110.59 -224.32
2.502949 -3.468367 -10.614173
51 47 63
3 4 656 157.41 -219.52 3 476 59.33 -212.59 6 1054 15.70 194.67
2.916972 -3.003472 -9.449636
115 100 121
2 4 663 205.97 -213.08 3 659 114.21 -209.22
2.783444 -3.094507 -9.809418
32 30 45
3 4 665 189.57 -211.68 3 660 96.00 -207.04 6 1080 -15.38 205.07
2.645950 -3.173931 -10.311735
115 109 126
2 4 675 171.45 -207.02 3 664 75.79 -201.04
2.372412 -3.289018 -11.068657
113 109 127
2 4 682 143.30 -200.12 3 674 44.43 -192.81
2.599723 -2.658315 -10.264797
67 61 76
2 4 714 169.86 -174.58 3 495 77.30 -170.03
2.419019 -2.813278 -10.874959
116 108 123
2 4 716 149.13 -174.57 3 681 53.38 -168.37
2.450259 -2.557983 -10.674162
104 104 123
2 4 734 154.14 -161.61 3 695 60.51 -156.66
2.533649 -2.453025 -10.407203
111 103 121
2 4 738 163.51 -159.06 3 696 71.57 -154.63
2.082699 -2.005172 -11.762231
107 91 101
2 4 770 119.06 -115.32 3 737 23.93 -108.06
2.474721 -0.583740 -5.491971
208 106 133
2 4 785 305.23 -69.61 3 750 274.17 -91.96
2.474721 -0.583740 -5.491971
208 106 133
2 4 786 305.23 -69.61 3 751 274.17 -91.96
2.466895 -0.521827 -5.517244
206 60 87
2 4 789 303.02 -61.59 3 755 272.44 -84.32
2.498076 -0.460955 -5.469723
208 95 123
2 4 791 309.38 -54.48 3 759 279.60 -78.24
2.240135 -0.462791 -6.143583
167 135 16
2 4 795 247.92 -49.07 3 771 212.35 -66.14
2.511684 -0.241917 -5.424727
215 80 98
2 4 810 313.71 -27.26 3 779 286.95 -53.38
2.511684 -0.241917 -5.424727
215 80 98
2 4 811 313.71 -27.26 3 780 286.95 -53.38
2.261662 -0.048410 -6.084734
167 136 16
2 4 829 252.81 -2.53 3 820 222.23 -22.57
2.447096 0.053736 -5.562372
184 158 92
2 4 837 298.51 9.96 3 826 274.38 -16.94
-0.603811 0.403444 -4.746470
220 158 170
2 4 868 -95.92 64.33 3 872 -61.97 66.17
0.212107 0.624691 -5.486660
187 157 176
2 4 890 22.55 83.72 3 891 34.55 79.49
-0.692196 0.858744 -4.724086
132 93 111
2 4 931 -109.23 132.79 3 913 -69.09 141.45
-2.418140 3.127441 -11.856278
91 86 95
3 4 940 -139.81 179.47 3 641 -217.05 222.28 0 786 -86.46 -188.19
1.603126 0.353769 -6.025196
205 41 51
2 5 4 196.55 -9.27 3 7 165.17 27.80
-2.444603 1.759308 -12.397398
124 105 114
2 5 92 -134.94 98.53 3 91 -224.16 134.08
1.873250 -1.129325 -6.828904
226 207 90
2 5 98 185.19 -143.76 3 67 138.42 -119.55
-0.711662 0.289900 -4.830440
223 153 168
2 5 106 -57.41 -12.87 3 55 -82.49 49.34
-0.711662 0.289900 -4.830440
223 153 168
2 5 107 -57.41 -12.87 3 56 -82.49 49.34
1.334995 0.091945 -5.557925
132 26 23
2 5 137 182.90 -40.79 3 141 159.28 -2.54
0.959458 0.127590 -5.805162
135 14 22
2 5 139 133.55 -32.27 3 207 105.02 6.98
-0.874684 0.166015 -4.743014
223 160 168
2 5 140 -81.60 -29.70 3 105 -109.14 31.78
1.406854 1.262733 -5.360050
200 144 155
2 5 159 207.15 97.07 3 164 191.86 144.24
-1.901457 2.052550 -11.703088
121 100 115
3 5 164 -108.99 117.94 3 165 -191.81 154.82 6 102 167.91 -199.95
-0.448564 -0.171065 -5.086063
251 208 218
2 5 192 -25.01 -71.70 3 195 -53.45 -23.80
1.143495 0.032390 -5.527521
134 59 62
2 5 197 161.99 -47.27 3 202 138.55 -8.23
0.800394 -2.234577 -12.358516
150 127 125
2 5 246 29.60 -123.85 3 248 -55.19 -110.75
-0.745374 0.269598 -4.723755
217 152 166
2 5 271 -62.85 -16.36 3 210 -86.32 46.87
0.384219 0.610775 -5.508345
249 236 236
2 5 291 78.62 24.74 3 219 55.13 75.22
2.134683 -1.781087 -9.036539
197 186 164
2 5 353 148.64 -148.95 3 346 81.97 -132.60
1.905722 -1.056267 -6.833553
234 210 88
2 5 356 188.44 -136.91 3 352 141.91 -112.62
2.191917 -0.637784 -6.224236
243 216 80
3 5 360 239.62 -111.07 3 363 201.64 -82.99 6 528 -112.58 182.78
2.225515 -0.537806 -6.147091
190 158 35
4 5 363 247.12 -102.27 3 368 210.03 -74.06 6 527 -121.41 179.20 2 513 260.85 -37.52
2.226930 -0.537201 -6.148548
190 158 35
3 5 364 247.12 -102.27 3 369 210.03 -74.06 2 512 260.85 -37.52
-0.490330 0.307098 -4.700581
186 125 131
3 5 390 -26.55 -12.96 3 410 -44.20 49.12 6 662 104.36 98.95
-0.527388 0.372718 -4.709480
149 91 108
2 5 394 -31.26 -3.71 3 416 -49.48 60.53
-0.874797 0.751124 -4.666336
184 119 134
2 5 425 -78.53 52.72 3 447 -99.63 129.10
2.343162 -2.256126 -11.019055
153 149 170
2 5 502 127.01 -145.65 3 509 49.60 -132.96
2.113255 -0.838284 -6.418851
184 192 135
2 5 521 223.03 -126.00 3 520 182.01 -100.13
2.119298 -0.840743 -6.431717
184 192 135
3 5 522 223.03 -126.00 3 521 182.01 -100.13 2 789 259.52 -84.71
2.205446 -0.591586 -6.242432
246 219 83
4 5 531 240.43 -105.61 3 535 202.23 -78.27 6 719 -115.03 178.50 2 804 258.73 -49.23
1.164137 -0.347876 -5.452605
163 93 103
2 5 538 163.97 -93.08 3 543 140.30 -56.99
1.249744 -0.136995 -5.426161
156 83 91
2 5 549 176.42 -69.21 3 555 154.25 -31.41
-0.508167 0.286431 -4.708941
247 197 208
2 5 572 -29.30 -15.74 3 599 -47.49 46.04
2.629189 -3.017251 -10.254495
140 131 150
2 5 689 152.34 -204.40 3 673 76.98 -192.81
2.546048 -2.653049 -10.420414
128 115 128
2 5 717 146.29 -179.31 3 682 70.78 -166.98
2.395472 -2.773144 -10.903405
80 68 82
2 5 721 129.56 -177.30 3 683 51.70 -165.56
2.138203 -0.932979 -6.374995
200 170 46
2 5 761 226.26 -136.25 3 730 185.46 -110.77
2.138203 -0.932979 -6.374995
200 170 46
2 5 762 226.26 -136.25 3 731 185.46 -110.77
2.181917 -0.879516 -6.278214
200 173 44
5 5 767 234.59 -133.58 3 515 194.94 -107.28 6 1064 -101.35 199.54 2 794 274.38 -75.18 0 894 265.55 -3.05
2.143203 -0.863868 -6.341161
196 170 45
2 5 769 228.65 -130.53 3 518 188.33 -104.20
2.143203 -0.863868 -6.341161
196 170 45
2 5 770 228.65 -130.53 3 519 188.33 -104.20
1.979408 -2.094118 -11.993509
74 49 49
2 5 780 95.61 -122.90 3 735 14.42 -110.13
2.234997 -0.502168 -6.154987
206 173 42
4 5 797 247.78 -98.58 3 540 210.73 -70.07 6 1019 -123.45 176.02 2 1231 259.16 -35.24
-0.880729 -0.407070 -5.344659
236 189 200
2 5 805 -80.25 -93.54 3 377 -122.74 -49.62
2.221335 -0.381243 -6.198346
206 171 32
2 5 814 245.64 -85.52 3 544 208.48 -56.72
-0.922564 -0.245606 -5.150326
157 204 237
2 5 821 -86.46 -77.35 3 805 -125.61 -28.81
-0.930557 -0.199814 -5.105049
119 141 190
2 5 824 -87.70 -72.36 3 563 -125.95 -22.47
0.899827 0.108619 -5.783585
150 41 66
2 5 855 127.54 -34.50 3 844 98.99 5.33
-0.901448 0.269338 -4.746068
228 166 183
3 5 864 -84.41 -15.02 3 601 -112.39 49.13 6 656 163.94 86.05
-0.671449 0.344116 -4.719487
202 130 146
3 5 870 -51.90 -6.35 3 870 -73.18 57.85 6 657 128.31 86.36
0.341496 0.599822 -5.466677
155 106 126
2 5 905 74.14 23.90 3 882 51.46 74.47
0.355211 0.624035 -5.476313
247 224 229
2 5 913 75.77 26.70 3 613 53.06 77.43
-1.048899 0.763806 -4.707897
249 196 203
2 5 939 -102.90 55.65 3 912 -128.83 133.46
1.642398 1.373394 -5.506752
189 140 135
2 5 960 228.02 106.48 3 915 209.51 150.69
0.895752 0.476404 -5.558997
213 195 202
2 4 97 108.15 63.29 6 163 -55.45 80.40
0.895752 0.476404 -5.558997
213 195 202
2 4 98 108.15 63.29 6 162 -55.45 80.40
2.615901 -3.238057 -10.353901
65 50 61
2 4 441 168.76 -210.12 6 1050 2.62 192.77
1.926494 -3.750256 -12.388211
90 91 111
2 4 446 103.67 -204.05 6 972 61.06 152.98
1.926494 -3.750256 -12.388211
90 91 111
2 4 447 103.67 -204.05 6 971 61.06 152.98
-0.481527 0.218761 -4.694552
225 173 182
2 4 566 -78.54 37.25 6 671 107.04 110.93
0.488831 1.049153 -5.670763
140 30 54
2 4 932 55.81 133.02 6 825 -31.71 1.88
1.648402 2.884119 -7.392642
141 136 153
2 5 69 169.59 220.75 6 63 -152.10 -166.35
-0.560273 0.350358 -4.702312
240 193 203
2 5 144 -36.23 -6.36 6 221 112.33 90.65
-0.100047 0.648841 -5.549879
233 45 74
2 5 151 21.52 32.84 6 157 49.60 30.95
-2.849773 1.097236 -12.777660
117 96 105
2 5 217 -155.38 62.64 6 136 232.16 -163.92
0.606364 1.643696 -5.943124
96 5 3
2 5 226 100.56 138.78 6 187 -60.60 -66.07
2.499585 -0.637443 -5.456702
255 64 99
2 5 241 307.35 -129.47 6 384 -167.13 230.47
2.499585 -0.637443 -5.456702
255 64 99
2 5 242 307.35 -129.47 6 383 -167.13 230.47
0.127170 0.534819 -5.473055
104 39 63
2 5 282 48.42 17.45 6 213 26.10 54.28
0.844213 0.671886 -5.654096
234 44 79
2 5 292 128.44 29.41 6 478 -54.68 54.47
0.418168 0.839655 -5.640707
180 37 58
2 5 298 81.34 51.75 6 305 -15.85 23.56
1.193852 1.356548 -5.744750
75 43 27
2 5 310 169.35 105.30 6 148 -115.50 -9.97
2.660259 -3.377742 -10.237218
128 117 139
2 5 330 152.78 -226.23 6 542 1.83 203.83
1.114570 -0.323928 -5.432217
244 181 190
2 5 366 158.94 -90.69 6 523 -48.71 174.00
0.191075 0.516956 -5.478897
150 99 104
2 5 405 55.67 14.85 6 481 19.38 58.06
0.553737 0.914995 -5.659110
194 28 51
2 5 428 96.88 59.55 6 450 -33.40 19.13
1.515370 1.228512 -5.358340
185 130 132
2 5 435 219.19 91.87 6 455 -160.18 27.05
0.135636 1.195451 -5.727153
117 3 7
2 5 436 49.14 94.36 6 297 2.73 -28.30
0.569847 1.351953 -5.954914
78 0 0
2 5 440 94.63 106.54 6 435 -44.79 -36.22
-0.325129 1.757550 -9.649984
6 6 4
2 5 441 -15.00 110.04 6 408 71.02 -142.19
1.329342 2.512741 -8.065650
19 14 17
2 5 451 126.76 178.08 6 280 -94.39 -147.63
1.691220 -4.655363 -13.235338
92 88 103
2 5 465 61.93 -230.23 6 710 88.44 168.01
2.528427 -3.578958 -10.587520
126 118 137
2 5 466 138.50 -229.79 6 747 16.20 201.09
2.118744 -3.970862 -11.831447
117 113 130
2 5 469 98.05 -224.26 6 720 52.54 178.85
1.807306 -4.406637 -12.940403
60 44 54
2 5 470 70.58 -224.13 6 1000 78.83 166.12
2.071720 -3.310472 -11.925047
74 62 78
2 5 487 97.05 -188.17 6 700 44.55 146.47
2.114926 -0.944029 -6.410329
242 216 84
2 5 510 222.77 -136.61 6 742 -89.80 196.89
2.125825 -0.825536 -6.357411
240 220 94
2 5 519 226.78 -126.33 6 732 -96.26 190.30
0.459205 0.831475 -5.655261
230 194 214
2 5 599 85.71 50.48 6 625 -19.67 25.27
0.459205 0.831475 -5.655261
230 194 214
2 5 600 85.71 50.48 6 626 -19.67 25.27
-0.321806 1.699861 -9.678975
72 59 60
2 5 611 -15.23 105.73 6 572 72.11 -138.22
-0.616154 1.764843 -10.244431
14 12 15
2 5 612 -35.33 107.02 6 571 93.22 -151.98
1.628304 2.403832 -7.517807
115 95 82
2 5 628 162.97 176.77 6 575 -130.30 -126.17
1.628304 2.403832 -7.517807
115 95 82
2 5 629 162.97 176.77 6 576 -130.30 -126.17
2.650936 -3.423324 -10.312190
124 118 149
2 5 658 150.71 -227.19 6 1072 3.95 203.57
2.723558 -3.282743 -10.003407
146 138 160
2 5 661 161.29 -226.00 6 1086 -5.89 207.43
1.838539 -4.305284 -12.752978
106 103 119
2 5 666 73.76 -222.87 6 1001 75.06 166.74
2.813154 -3.094720 -9.763984
124 114 122
2 5 668 172.12 -220.26 6 1085 -17.73 206.89
2.328221 -3.256048 -11.155304
117 110 129
2 5 694 120.23 -199.66 6 1002 25.25 166.92
1.869726 -3.196394 -12.515652
110 102 119
2 5 731 81.07 -172.45 6 943 55.61 125.20
-0.890186 0.056240 -4.732082
236 173 188
2 5 847 -84.61 -45.18 6 928 170.89 114.65
-0.528574 0.401913 -4.737241
196 138 152
2 5 875 -31.33 0.97 6 910 105.89 83.17
0.448161 0.888135 -5.650110
235 153 173
2 5 940 84.87 57.18 6 853 -20.93 18.91
0.578077 1.034593 -5.678711
162 28 49
2 5 948 100.02 73.22 6 610 -40.34 6.25
0.440466 1.035517 -5.664512
223 201 224
2 5 952 84.46 74.31 6 824 -25.90 1.97
2.513294 -0.298311 -5.404396
227 157 174
2 3 125 287.89 -60.43 6 255 -185.11 203.54
2.560074 -0.032952 -5.345396
221 180 195
3 3 134 299.21 -30.87 6 176 -204.51 182.96 2 193 289.91 69.99
2.493871 -0.377910 -5.417398
205 169 184
2 3 178 284.08 -69.47 6 256 -179.34 209.59
2.538945 -0.351294 -5.367247
213 36 57
2 3 179 292.25 -67.37 6 260 -186.99 211.10
2.526350 -0.215093 -5.378096
220 180 189
3 3 185 292.09 -50.83 6 252 -191.07 197.92 2 256 298.53 54.02
2.508954 -0.075710 -5.402104
214 39 53
4 3 192 290.56 -33.86 6 245 -194.25 183.46 2 261 286.03 61.14 1 354 264.41 120.09
2.556119 0.104279 -5.270591
220 188 205
2 3 199 307.17 -14.37 6 351 -213.08 174.48
2.560369 0.103224 -5.277134
220 188 205
4 3 200 307.17 -14.37 6 350 -213.08 174.48 2 376 283.35 84.37 0 522 238.26 157.49
2.513395 -0.558703 -5.439959
214 37 60
2 3 252 281.82 -90.23 6 377 -172.59 224.85
-3.056054 -0.487200 -15.054626
103 100 125
2 3 281 -251.51 9.66 6 594 245.45 -98.15
-0.704320 0.635186 -4.642554
220 167 180
2 3 303 -72.69 107.14 6 315 120.25 50.36
-0.983461 0.661296 -4.641832
158 96 117
2 3 309 -119.08 116.75 6 464 160.16 35.34
2.826865 -3.001820 -9.770925
87 79 92
2 3 336 100.76 -202.14 6 748 -19.81 201.87
2.203277 -0.753297 -6.245205
161 135 39
2 3 358 200.10 -94.84 6 738 -108.75 191.51
2.212807 -0.543444 -6.206034
213 182 65
2 3 370 205.42 -73.58 6 524 -118.40 176.44
2.523336 -0.135194 -5.386860
228 185 199
3 3 380 292.20 -41.50 6 731 -193.89 189.83 2 551 292.10 58.70
-3.072949 -0.517312 -15.228576
105 101 122
2 3 395 -251.05 8.55 6 595 245.45 -98.15
-2.256891 0.447898 -12.399875
30 23 27
2 3 412 -219.91 55.69 6 416 212.60 -115.95
-2.256891 0.447898 -12.399875
30 23 27
2 3 413 -219.91 55.69 6 415 212.60 -115.95
-0.751962 0.418300 -4.693402
168 140 174
2 3 425 -84.77 71.50 6 649 136.54 75.01
0.409775 1.104676 -5.664432
204 168 181
2 3 449 57.86 135.90 6 436 -25.26 -6.77
0.409775 1.104676 -5.664432
204 168 181
2 3 450 57.86 135.90 6 437 -25.26 -6.77
2.925714 -3.148241 -9.337477
81 74 89
2 3 470 116.53 -221.70 6 1130 -28.50 225.85
2.193394 -0.799066 -6.251865
159 131 35
2 3 522 198.31 -99.44 6 1056 -106.09 194.70
2.193394 -0.799066 -6.251865
159 131 35
2 3 523 198.31 -99.44 6 1055 -106.09 194.70
2.504800 -0.434457 -5.426266
226 180 196
2 3 539 283.62 -75.97 6 763 -177.66 214.44
2.515850 -0.377009 -5.410874
229 182 199
3 3 542 286.56 -69.43 6 1093 -181.77 210.53 2 858 307.78 39.72
2.524503 -0.023560 -5.372712
229 167 175
3 3 558 294.75 -28.35 6 1026 -199.50 180.35 2 1336 285.05 67.36
2.524503 -0.023560 -5.372712
229 167 175
3 3 559 294.75 -28.35 6 1025 -199.50 180.35 2 1337 285.05 67.36
2.563651 0.136936 -5.258286
208 43 65
3 3 570 309.38 -10.55 6 1014 -216.05 172.53 2 891 281.82 88.10
2.573352 0.233883 -5.228531
190 71 99
2 3 578 313.64 0.86 6 995 -222.74 164.73
-1.979716 0.552143 -11.968146
41 29 37
2 3 606 -204.51 61.39 6 586 197.96 -114.11
-1.883765 0.609130 -11.814734
39 29 37
2 3 608 -198.89 64.76 6 585 192.24 -114.60
-1.078832 0.601130 -4.668388
177 111 130
2 3 624 -136.46 107.92 6 634 176.59 38.47
0.387216 0.899553 -5.639018
183 112 129
2 3 627 53.82 110.73 6 845 -14.99 15.98
0.561307 0.980353 -5.665599
134 8 22
2 3 629 75.00 117.77 6 615 -36.24 11.84
2.818058 -2.920745 -9.676738
41 31 41
2 3 667 102.52 -198.88 6 1067 -22.83 200.97
2.153772 -0.926114 -6.343627
205 177 65
3 3 734 188.40 -110.59 6 1063 -95.62 199.50 2 1212 272.18 -84.42
2.523822 -0.318998 -5.390627
235 185 202
2 3 772 289.43 -63.10 6 1082 -186.01 206.54
2.517119 -0.224822 -5.398065
230 182 190
2 3 783 289.43 -51.86 6 1059 -189.13 197.40
2.458047 -3.917454 -42.963125
153 182 225
2 3 795 -102.50 -37.66 6 289 98.57 -75.77
2.540661 -0.070162 -5.331395
190 82 110
3 3 799 298.82 -34.47 6 1038 -200.98 187.38 2 1338 291.45 68.10
2.540661 -0.070162 -5.331395
190 82 110
3 3 800 298.82 -34.47 6 1037 -200.98 187.38 2 1339 291.45 68.10
2.571352 0.111238 -5.245090
232 168 187
3 3 829 310.73 -13.69 6 1020 -216.12 175.78 2 1371 285.15 87.82
2.569921 0.156500 -5.221327
249 156 168
2 3 835 312.94 -8.54 6 1016 -219.30 172.53
2.569921 0.156500 -5.221327
249 156 168
2 3 836 312.94 -8.54 6 1015 -219.30 172.53
1.000261 1.575454 -5.788457
190 117 131
2 3 917 125.50 180.34 6 819 -103.81 -41.30
2.516465 -0.298501 -5.409119
227 157 174
3 3 126 287.89 -60.43 2 185 302.13 45.35 0 254 259.86 123.54
2.492031 -0.228949 -5.445741
217 38 44
3 3 129 283.45 -51.63 2 187 293.24 46.42 0 252 253.18 123.11
2.555006 0.019940 -5.309700
231 165 180
2 3 136 302.98 -24.16 2 267 287.28 76.13
2.553735 0.019625 -5.310108
231 165 180
3 3 137 302.98 -24.16 2 266 287.28 76.13 0 379 242.78 149.99
2.528699 -0.213632 -5.380628
220 180 189
2 3 186 292.09 -50.83 2 255 298.53 54.02
2.564183 -0.039805 -5.269463
208 46 66
2 3 267 306.29 -31.84 2 561 294.01 75.91
2.584130 0.084361 -5.240538
212 43 79
2 3 387 312.06 -17.35 2 887 288.13 86.70
2.227645 -0.573851 -6.176933
154 125 24
2 3 538 207.94 -77.23 2 807 262.35 -42.45
2.239217 -0.260894 -6.158915
164 134 26
2 3 548 213.48 -44.40 2 814 243.88 -17.69
-2.421106 3.129717 -11.857689
80 73 84
3 3 642 -217.05 222.28 2 720 -261.35 -177.54 0 787 -86.46 -188.19
2.419676 -0.279966 -5.683574
175 143 24
2 3 781 259.40 -53.61 2 1295 280.34 21.91
2.419676 -0.279966 -5.683574
175 143 24
2 3 782 259.40 -53.61 2 1294 280.34 21.91
2.536763 -0.122113 -5.351023
195 79 113
2 3 790 296.37 -40.53 2 1324 293.86 62.89
2.536763 -0.122113 -5.351023
195 79 113
2 3 791 296.37 -40.53 2 1325 293.86 62.89
2.534523 -0.004403 -5.348230
199 74 90
2 3 811 297.62 -26.43 2 1341 285.76 70.96
1.096843 0.501381 -5.610942
174 69 91
2 3 864 134.82 50.62 2 1329 116.89 65.46
2.637321 0.339090 -5.071077
250 148 75
3 6 242 -242.17 164.55 2 389 282.45 118.19 0 537 230.45 190.87
2.517547 0.040568 -5.358208
255 60 100
3 6 244 -202.63 174.78 2 196 280.80 72.25 1 358 256.70 128.00
2.522752 1.625071 -5.149188
236 206 70
4 6 306 -287.71 23.31 2 629 193.11 178.52 0 762 155.57 225.50 1 967 169.08 170.78
2.597742 0.172397 -5.194276
255 64 106
4 6 349 -224.32 173.19 2 383 285.45 96.92 0 529 237.27 169.34 1 495 254.77 150.62
2.574632 0.097887 -5.203630
255 65 107
2 6 358 -217.97 179.22 2 379 288.36 90.88
-0.730908 1.034820 -10.229776
67 52 60
2 6 425 116.50 -106.22 2 306 -119.35 -211.52
2.659976 0.385724 -5.025662
228 109 50
2 6 518 -249.22 163.05 2 593 282.94 125.24
2.584804 0.240457 -5.205807
255 198 213
2 6 999 -225.34 165.60 2 1392 279.20 99.66
2.567579 0.175130 -5.247363
248 69 109
2 6 1009 -218.92 169.60 2 1375 280.02 91.55
2.110293 -0.637625 -6.514381
225 194 66
2 2 55 242.27 -74.10 0 40 243.95 -9.68
-1.903874 3.461956 -11.013620
18 18 18
2 2 67 -235.40 -121.09 0 57 -79.39 -138.11
1.721830 -0.417252 -7.332987
204 175 51
2 2 68 167.96 -120.82 0 84 200.22 -67.23
0.411017 0.013169 -5.975826
77 0 0
3 2 72 63.64 -12.68 0 71 39.20 3.10 1 103 40.36 -4.54
-0.803437 -0.273603 -5.104945
18 22 29
3 2 78 -50.18 27.70 0 90 -115.29 3.89 1 107 -129.03 44.10
-0.803437 -0.273603 -5.104945
18 22 29
3 2 79 -50.18 27.70 0 91 -115.29 3.89 1 108 -129.03 44.10
-0.821526 0.493061 -4.636947
27 24 32
2 2 88 -80.79 149.88 0 132 -150.55 95.05
1.243274 0.180750 -8.370296
14 12 13
3 2 102 76.06 -146.21 0 107 144.93 -107.20 1 122 153.92 -190.16
1.929291 -0.876489 -6.846744
214 186 51
3 2 104 228.00 -121.62 0 109 242.02 -56.88 1 95 269.19 -88.36
-0.848079 -0.319689 -5.184742
183 214 248
3 2 113 -55.48 13.23 0 118 -115.76 -8.62 1 106 -132.00 30.14
1.852339 -0.691318 -7.017857
205 179 50
2 2 140 204.41 -119.05 0 108 224.38 -59.61
1.561973 -0.129299 -7.775445
163 141 40
3 2 162 128.65 -128.16 0 212 176.47 -82.71 1 185 192.61 -149.31
-1.888031 3.508426 -10.893606
20 17 19
2 2 165 -235.54 -114.69 0 206 -81.43 -130.79
0.043673 11.738583 -11.083936
99 95 115
2 2 211 -199.53 153.43 0 251 -69.74 112.24
1.578078 -0.443749 -7.675000
192 169 53
3 2 226 147.34 -146.22 0 286 191.43 -95.56 1 265 210.20 -157.72
1.900032 -1.046192 -6.848908
209 182 55
3 2 232 236.51 -135.38 0 292 247.96 -71.09 1 290 279.66 -99.82
-2.038968 5.538989 -11.003868
0 55 99
3 2 237 -260.24 -30.29 0 294 -105.69 -63.49 1 260 -127.57 -190.76
0.946064 0.431491 -9.011387
131 125 145
2 2 312 33.53 -165.98 0 415 120.63 -133.81
2.271619 -0.071614 -6.092250
189 156 47
3 2 338 237.24 1.21 0 476 224.95 64.67 1 452 245.07 37.40
2.271619 -0.071614 -6.092250
189 156 47
3 2 339 237.24 1.21 0 477 224.95 64.67 1 453 245.07 37.40
-0.848636 -0.231287 -5.071036
21 33 77
3 2 358 -58.44 34.24 0 316 -122.21 8.49 1 454 -137.28 48.64
-0.744205 -0.210106 -5.040730
171 224 254
3 2 362 -44.00 42.43 0 449 -112.32 16.67 1 458 -123.90 57.19
-0.838764 0.434635 -4.664671
250 255 255
2 2 396 -81.08 141.92 0 491 -150.39 88.25
-0.838764 0.434635 -4.664671
250 255 255
2 2 397 -81.08 141.92 0 492 -150.39 88.25
-0.752674 1.020835 -10.224899
35 32 34
2 2 430 -120.83 -212.57 0 550 8.20 -198.77
-2.900738 3.138277 -12.086376
62 62 69
2 2 439 -291.06 -191.88 0 778 -105.96 -203.80
0.896533 0.303033 -9.163314
152 141 157
2 2 441 31.67 -183.00 0 562 122.90 -149.44
-2.744900 3.188341 -11.914079
76 70 81
2 2 443 -282.64 -180.95 0 552 -102.05 -193.78
-2.744900 3.188341 -11.914079
76 70 81
2 2 444 -282.64 -180.95 0 553 -102.05 -193.78
1.195096 -0.112174 -8.560655
19 16 22
3 2 445 80.24 -177.37 0 565 153.63 -136.32 1 513 164.52 -224.35
0.918209 0.464877 -9.091577
137 130 141
2 2 449 29.06 -168.50 0 566 118.45 -135.97
0.880949 0.602071 -9.150011
131 122 140
2 2 452 21.04 -162.85 0 568 112.20 -132.02
0.880949 0.602071 -9.150011
131 122 140
2 2 453 21.04 -162.85 0 569 112.20 -132.02
0.905042 0.572185 -9.085757
129 121 134
3 2 454 24.90 -161.01 0 570 114.20 -130.24 1 752 116.76 -231.28
0.976554 0.597917 -8.944096
106 98 116
3 2 459 31.36 -151.62 0 576 116.70 -119.75 1 758 120.40 -217.78
0.976453 0.596771 -8.941910
106 98 116
2 2 460 31.36 -151.62 0 577 116.70 -119.75
1.678435 -0.456371 -7.489247
196 174 54
3 2 471 161.96 -133.94 0 591 199.06 -81.16 1 554 219.64 -138.30
1.751067 -0.634474 -7.275523
151 121 101
3 2 473 183.78 -132.82 0 594 213.53 -77.39 1 570 236.45 -125.19
1.780219 -0.504358 -7.237002
97 65 42
3 2 478 180.47 -119.75 0 599 209.15 -64.96 1 575 231.09 -113.19
1.696069 -0.316536 -7.444528
196 174 50
3 2 479 157.46 -120.04 0 596 193.96 -69.30 1 569 212.92 -125.48
2.156515 -0.814407 -6.338912
165 135 20
3 2 495 264.95 -74.96 0 630 258.88 -4.96 1 604 287.17 -21.47
2.156515 -0.814407 -6.338912
165 135 20
3 2 496 264.95 -74.96 0 631 258.88 -4.96 1 605 287.17 -21.47
2.177145 -0.615484 -6.312427
232 197 67
2 2 504 254.82 -57.06 0 644 248.44 11.19
-0.588001 -0.195524 -4.990158
131 82 103
2 2 547 -21.71 52.29 0 661 -96.59 30.11
0.943025 0.224973 -9.080723
157 148 161
2 2 715 39.10 -183.48 0 798 127.92 -149.00
0.954390 0.335758 -9.033859
143 134 153
2 2 722 36.97 -173.51 0 809 124.58 -139.95
1.226217 -0.094506 -8.487469
154 152 169
2 2 729 83.58 -171.66 0 821 154.60 -130.51
0.954138 0.366550 -9.024026
139 132 148
2 2 730 36.06 -171.09 0 814 123.44 -137.58
-2.339211 3.239302 -11.583407
77 71 82
2 2 739 -258.86 -160.72 0 790 -88.52 -173.68
-2.339211 3.239302 -11.583407
77 71 82
2 2 740 -258.86 -160.72 0 791 -88.52 -173.68
0.994781 0.487723 -8.925906
54 50 67
2 2 743 36.60 -157.58 0 826 121.33 -124.71
0.994781 0.487723 -8.925906
54 50 67
2 2 744 36.60 -157.58 0 827 121.33 -124.71
1.471214 -0.350579 -7.927700
32 17 0
2 2 747 127.20 -155.68 0 835 179.98 -108.27
1.064760 0.533988 -8.779486
36 28 38
3 2 757 42.75 -145.95 0 831 123.27 -112.96 1 761 128.32 -207.06
2.116117 -0.843316 -6.430983
163 172 126
2 2 790 259.52 -84.71 0 884 256.77 -16.07
2.192745 -0.610851 -6.272865
184 153 41
2 2 803 257.54 -53.22 0 914 249.61 15.12
-0.983619 -0.381888 -5.319816
221 170 181
3 2 823 -74.62 -11.44 0 606 -123.38 -31.47 1 623 -144.92 5.64
-0.808596 -0.339311 -5.204703
242 236 249
2 2 838 -49.53 9.64 0 888 -109.61 -10.05
-0.036612 0.255246 -5.590264
200 164 176
3 2 854 12.39 34.83 0 936 -25.34 30.85 1 899 -27.00 31.56
-0.038555 0.255664 -5.591468
200 164 176
2 2 855 12.39 34.83 0 937 -25.34 30.85
-0.041903 10.991830 -11.148906
9 9 9
2 2 933 -197.93 134.98 0 715 -66.39 96.45
-0.848980 0.452781 -4.724136
68 96 145
2 2 935 -83.93 135.95 0 702 -148.85 82.93
-0.785220 0.462480 -4.574318
216 206 238
2 2 962 -73.67 155.69 0 1012 -149.22 101.32
3.494962 5.672596 -7.074208
114 102 120
2 2 1026 66.51 194.29 0 1088 112.09 217.90
2.022817 9.780793 -9.100350
65 37 54
2 2 1027 -94.85 194.19 0 746 -2.52 174.81
3.108273 7.843003 -8.058094
105 98 117
2 2 1035 -10.17 199.22 0 1076 59.27 202.51
2.983972 8.805434 -8.245284
47 36 36
2 2 1065 -33.82 212.18 0 1077 40.43 208.03
1.891750 -1.197438 -6.851925
61 40 0
3 2 1185 245.36 -149.23 0 844 256.97 -82.45 1 1152 290.05 -109.59
1.940183 -1.009401 -6.793034
56 25 0
3 2 1196 240.00 -127.93 0 862 250.10 -62.29 1 835 280.46 -90.15
1.558000 0.003681 -7.766577
37 26 1
2 2 1202 122.32 -118.66 0 854 170.66 -73.96
-0.693114 -0.231178 -5.081574
164 184 222
3 2 1301 -36.17 36.74 0 912 -103.91 14.04 1 1258 -115.80 52.68
3.299440 5.748567 -7.675276
112 99 115
2 2 1492 47.06 164.06 0 1065 105.82 184.42
3.377359 7.241609 -7.273208
48 36 43
2 2 1701 21.36 223.75 0 1101 74.49 233.56
2.629794 1.390472 -5.092990
215 191 131
2 2 45 215.56 172.53 1 61 188.29 175.88
-2.037681 5.844720 -10.368450
143 134 155
2 2 58 -265.97 8.37 1 38 -138.26 -153.06
-2.037681 5.844720 -10.368450
143 134 155
2 2 59 -265.97 8.37 1 39 -138.26 -153.06
2.551108 1.674260 -5.069755
142 117 14
2 2 92 194.53 187.54 1 117 168.43 179.08
1.620443 -0.426437 -7.574677
146 105 63
2 2 160 152.76 -137.91 1 186 212.85 -146.00
-0.810564 5.881768 -10.483446
100 93 109
2 2 174 -193.51 14.61 1 278 -72.50 -137.75
-1.850303 5.878052 -10.185845
14 83 115
2 2 176 -256.28 18.76 1 272 -130.76 -140.35
-0.714656 -0.229219 -5.058093
186 219 250
2 2 182 -38.66 39.42 1 332 -119.75 54.74
2.543096 0.190221 -5.302069
243 49 76
3 2 202 275.14 86.99 0 200 231.46 159.06 1 239 248.87 137.03
2.557707 0.309648 -5.273973
239 52 74
2 2 203 269.36 97.02 0 262 225.57 167.42
2.625169 0.473185 -5.176885
198 96 122
3 2 207 268.34 116.61 0 264 221.59 185.64 1 361 238.50 156.82
1.010334 0.482417 -8.806840
101 95 111
2 2 225 39.70 -151.92 1 258 126.17 -213.25
1.531307 -0.308636 -7.803555
182 161 43
2 2 229 133.56 -144.05 1 264 199.24 -162.82
1.521218 -0.178040 -7.843076
123 108 54
2 2 231 125.76 -136.78 1 377 191.65 -159.13
-0.702515 -0.189038 -4.969711
233 173 180
2 2 254 -37.76 53.48 1 337 -121.40 68.48
-0.027619 8.385835 -11.603161
89 73 85
2 2 257 -176.29 54.55 1 283 -42.86 -111.49
-0.027619 8.385835 -11.603161
89 73 85
2 2 258 -176.29 54.55 1 284 -42.86 -111.49
2.544176 -0.204793 -5.309723
239 48 75
3 2 260 302.18 61.29 0 374 256.63 138.63 1 359 276.49 129.68
-0.032081 8.665303 -11.525118
114 71 90
2 2 264 -178.94 65.10 1 287 -46.07 -102.98
-0.963658 8.580037 -11.158472
106 58 71
2 2 265 -222.48 72.08 1 289 -88.98 -103.32
2.585545 -0.020180 -5.189224
226 104 34
2 2 268 298.18 84.57 0 383 248.05 161.58
2.596832 0.381070 -5.189496
239 198 213
2 2 275 271.37 109.82 0 389 224.79 179.37
2.673116 0.422228 -4.979860
237 47 65
2 2 282 283.69 131.78 1 363 244.31 179.33
1.210429 -0.026894 -8.515396
19 14 18
2 2 310 79.07 -168.54 1 367 161.67 -215.12
1.286800 0.289052 -8.334828
10 10 8
2 2 324 76.61 -135.34 1 373 152.74 -180.67
-2.113808 5.709251 -10.500396
28 83 109
2 2 337 -268.89 -3.12 1 374 -139.96 -164.32
-2.041137 5.795322 -10.308806
146 135 156
2 2 341 -266.05 9.24 1 380 -139.38 -152.07
-2.254001 5.811555 -10.207627
6 10 11
2 2 343 -279.67 12.81 1 382 -152.63 -150.68
-2.159728 5.839825 -10.178592
24 87 121
2 2 345 -274.43 15.73 1 385 -147.86 -146.75
-1.100286 5.888638 -10.370131
99 93 111
2 2 348 -210.58 17.39 1 388 -89.05 -136.98
2.559841 0.106917 -5.281111
235 203 216
3 2 377 283.35 84.37 0 523 238.26 157.49 1 701 255.60 138.24
-0.066936 10.361424 -11.623833
7 8 7
2 2 387 -194.26 103.75 1 405 -58.12 -75.17
2.696637 0.539017 -5.042665
227 120 55
2 2 391 275.26 133.06 1 362 239.68 173.86
1.244722 0.292966 -8.436257
11 9 11
2 2 465 71.06 -141.35 1 526 150.00 -189.39
-2.239449 5.748291 -10.426514
20 77 100
2 2 524 -277.13 0.67 1 536 -148.08 -162.02
-2.212834 5.786395 -10.294300
29 87 115
2 2 526 -276.62 8.13 1 539 -148.79 -154.45
-1.785503 5.833572 -10.274652
7 22 29
2 2 530 -251.11 14.12 1 547 -126.25 -145.14
-1.978952 5.826730 -10.216179
0 33 53
2 2 531 -263.06 14.97 1 782 -137.51 -145.88
-1.491871 5.868492 -10.318437
123 110 133
2 2 532 -233.56 15.86 1 551 -110.23 -141.46
-0.676056 -0.213440 -5.064762
238 220 239
2 2 540 -34.53 40.45 1 651 -114.16 56.28
-0.640741 -0.223009 -5.041994
200 139 153
2 2 541 -28.45 43.03 1 461 -110.30 59.92
2.522091 -0.135329 -5.387227
240 208 219
3 2 552 292.10 58.70 0 734 249.93 134.08 1 943 269.64 120.96
-0.091267 8.443583 -11.530790
37 43 74
2 2 553 -179.71 58.54 1 817 -46.79 -108.51
-1.036399 0.300387 -4.751178
248 186 198
2 2 587 -104.82 117.88 1 929 -175.42 98.73
4.217944 1.915867 -5.215126
151 136 157
2 2 643 290.69 188.90 1 987 289.15 199.00
4.276768 1.984895 -5.061123
155 144 167
2 2 655 295.84 203.53 1 733 288.95 213.64
0.976598 0.667208 -8.924081
98 84 98
2 2 759 29.37 -145.95 1 1069 117.75 -212.50
1.657278 -0.431354 -7.519556
135 99 34
2 2 774 157.90 -134.00 1 1121 216.21 -140.19
1.652128 -0.380154 -7.545358
177 139 59
2 2 775 154.12 -131.79 1 792 212.96 -139.79
2.147277 -0.869663 -6.350416
179 148 30
2 2 791 267.38 -80.54 1 870 290.59 -25.65
2.147277 -0.869663 -6.350416
179 148 30
2 2 792 267.38 -80.54 1 871 290.59 -25.65
0.961598 -0.547781 -5.615074
179 101 102
2 2 816 167.21 -16.71 1 637 123.08 33.11
-1.277233 5.871727 -10.429507
6 14 52
2 2 840 -220.64 12.77 1 785 -97.31 -142.83
2.514537 -0.377544 -5.409650
251 197 214
2 2 859 307.78 39.72 0 1026 264.94 119.29
2.538639 -0.154240 -5.335814
253 187 208
2 2 869 297.12 62.26 0 1037 252.54 138.65
2.561218 0.209836 -5.250315
237 204 216
2 2 900 277.42 93.56 0 1055 231.77 164.93
-1.064095 0.312746 -4.766793
214 142 155
2 2 911 -109.42 116.60 1 1293 -178.37 96.16
1.215880 0.107258 -8.476907
19 14 21
2 2 1169 75.08 -156.93 1 1077 155.83 -203.97
1.215880 0.107258 -8.476907
19 14 21
2 2 1170 75.08 -156.93 1 1078 155.83 -203.97
1.080286 0.413561 -8.771218
97 94 107
2 2 1178 48.12 -153.28 1 1065 134.27 -212.63
1.680351 -0.511509 -7.454186
162 133 28
2 2 1193 165.68 -135.89 1 1130 222.91 -137.74
-2.878592 5.518632 -11.130818
34 34 34
2 2 1227 -309.88 -43.87 1 1071 -170.53 -210.68
-2.878592 5.518632 -11.130818
34 34 34
2 2 1228 -309.88 -43.87 1 1072 -170.53 -210.68
-0.372091 8.497781 -11.371741
121 97 118
2 2 1326 -193.53 64.41 1 1159 -60.62 -104.99
1.902799 -1.063719 -6.921433
32 12 0
2 0 59 249.18 -76.95 1 69 281.82 -108.51
-4.748630 7.525722 -9.840071
6 6 6
2 0 65 -257.30 -15.01 1 66 -283.36 -126.36
-0.678426 -0.374839 -5.431133
167 122 138
2 0 113 -83.76 -26.34 1 104 -99.57 3.17
-4.539564 7.172821 -9.995249
120 94 95
2 0 114 -245.11 -26.57 1 130 -272.10 -138.92
-3.870027 10.538049 -8.895426
86 66 67
2 0 134 -241.11 102.33 1 102 -242.32 -18.00
-3.611253 11.994819 -8.760355
75 71 88
2 0 138 -233.99 136.98 1 143 -229.03 9.71
2.114071 -0.593677 -6.387393
203 173 53
2 0 164 241.39 3.78 1 314 266.19 -18.75
-0.259748 0.084877 -5.592589
180 165 182
2 0 166 -43.40 10.83 1 144 -49.76 17.56
-4.967668 9.435383 -9.461122
63 61 75
2 0 180 -272.96 42.34 1 205 -286.90 -72.04
-4.805504 10.735462 -9.220430
66 63 74
2 0 186 -269.73 80.75 1 311 -275.91 -38.17
-3.661369 11.391095 -9.628371
93 85 109
2 0 194 -219.53 97.82 1 138 -221.70 -30.00
-4.125968 10.676341 -8.891748
6 6 7
2 0 195 -250.85 101.08 1 209 -252.62 -18.79
-6.235095 9.555106 -12.546431
5 7 4
2 0 213 -256.17 -62.74 1 120 -291.67 -196.41
1.438010 -0.331695 -6.917961
118 78 86
2 0 217 167.49 -45.79 1 203 182.72 -84.82
-4.658202 7.871185 -9.656550
56 59 75
2 0 226 -257.75 2.14 1 286 -279.58 -108.97
-4.658202 7.871185 -9.656550
56 59 75
2 0 227 -257.75 2.14 1 285 -279.58 -108.97
0.084648 0.232365 -5.794644
193 30 47
2 0 231 -4.91 18.26 1 214 -8.92 11.90
-4.523593 8.536908 -9.338913
44 46 61
2 0 235 -258.76 32.43 1 305 -274.39 -79.22
-3.516141 11.751276 -9.724577
31 26 31
2 0 247 -213.14 103.43 1 419 -213.94 -26.60
-3.411756 5.560316 -11.020163
44 44 54
2 0 288 -168.48 -89.47 1 369 -201.02 -213.45
1.954544 -0.860694 -6.729457
57 34 9
2 0 297 242.80 -46.68 1 306 270.37 -74.36
-0.925433 -0.402545 -5.362379
117 76 99
2 0 302 -114.56 -34.25 1 317 -135.11 1.24
-5.029118 7.557851 -10.001072
5 5 7
2 0 308 -265.05 -24.23 1 559 -294.42 -136.36
-0.709970 -0.363192 -5.248776
220 160 173
2 0 310 -95.63 -11.24 1 326 -110.36 25.68
2.062099 -0.505093 -6.520042
86 51 4
2 0 311 231.74 -3.07 1 417 255.31 -30.96
-3.906408 8.305449 -10.256658
77 73 97
2 0 315 -213.34 6.94 1 282 -231.94 -113.07
-4.687826 8.041953 -9.397780
6 2 6
2 0 318 -264.81 14.90 1 299 -284.49 -94.60
-4.187372 8.270777 -9.616867
43 32 34
2 0 321 -238.68 22.19 1 399 -255.32 -91.76
-0.372944 -0.152355 -5.151911
146 95 110
2 0 322 -66.27 28.15 1 333 -71.99 58.03
-0.559702 -0.192199 -4.948214
207 159 171
2 0 324 -95.42 35.52 1 473 -102.75 76.28
-3.388169 11.589959 -10.021120
13 13 17
2 0 347 -203.30 93.25 1 412 -205.64 -37.85
-4.663161 12.292251 -8.924401
59 53 65
2 0 362 -267.99 121.16 1 617 -266.65 -3.58
2.523134 -0.376877 -5.366544
208 42 65
2 0 364 265.72 123.79 1 353 287.65 118.55
-4.109507 11.661987 -8.508534
27 29 45
2 0 368 -256.96 132.18 1 436 -253.19 9.30
2.576601 -0.158254 -5.239787
204 95 45
2 0 378 256.17 149.58 1 493 276.18 139.35
0.849924 1.031230 -9.109810
46 19 26
2 0 419 96.54 -108.04 1 370 97.62 -209.48
2.079560 -0.541172 -6.411405
92 54 5
2 0 442 234.70 3.82 1 422 259.28 -20.31
-0.725261 -0.214122 -5.081405
150 201 244
2 0 445 -108.29 13.76 1 647 -119.88 52.34
-4.602597 8.124964 -9.480445
51 53 68
2 0 446 -259.16 15.79 1 397 -278.39 -95.03
-4.113117 8.391822 -9.488538
36 26 30
2 0 453 -238.36 30.87 1 585 -253.37 -82.87
-4.113117 8.391822 -9.488538
36 26 30
2 0 454 -238.36 30.87 1 586 -253.37 -82.87
0.014038 0.463015 -5.477134
162 131 145
2 0 468 -29.60 54.62 1 646 -29.19 51.97
-4.885297 10.153613 -9.349375
10 10 11
2 0 475 -271.20 63.22 1 592 -280.42 -53.62
2.175824 0.499351 -6.310042
139 92 28
2 0 480 188.34 73.09 1 447 204.19 30.22
-3.973742 10.118135 -9.271764
27 23 20
2 0 482 -237.30 79.73 1 600 -243.24 -40.26
-3.905384 10.229952 -9.181482
28 23 24
2 0 488 -236.69 86.07 1 864 -240.99 -34.15
-3.905384 10.229952 -9.181482
28 23 24
2 0 489 -236.69 86.07 1 865 -240.99 -34.15
2.494869 -0.642960 -5.500051
212 43 64
2 0 496 281.17 94.88 1 478 306.70 95.15
-2.989192 12.029115 -9.846866
30 11 15
2 0 504 -193.14 112.07 1 607 -191.93 -21.33
2.484574 1.707546 -5.253955
106 87 49
2 0 541 149.72 217.39 1 961 163.12 160.52
0.831138 0.933885 -9.133517
54 12 22
2 0 578 98.71 -114.79 1 516 99.19 -216.66
1.235503 0.194210 -8.460733
12 10 13
2 0 583 144.29 -111.38 1 524 153.60 -197.13
1.884010 -1.157609 -6.865898
192 171 54
2 0 589 253.74 -80.89 1 576 286.19 -108.82
1.666819 -0.131488 -7.506716
27 22 6
2 0 600 183.52 -62.70 1 572 200.29 -122.16
2.122061 -0.988832 -6.407678
153 123 26
2 0 612 266.66 -23.76 1 860 297.46 -38.87
2.122061 -0.988832 -6.407678
153 123 26
2 0 613 266.66 -23.76 1 861 297.46 -38.87
-4.263786 7.345686 -9.688494
47 35 44
2 0 628 -240.15 -6.35 1 573 -262.76 -117.32
-0.568607 -0.319731 -5.232374
147 91 106
2 0 635 -81.16 0.08 1 642 -92.32 34.77
2.165758 -0.510746 -6.308378
82 56 15
2 0 648 241.22 17.39 1 616 265.24 -4.93
-0.518785 -0.213030 -5.116269
145 87 106
2 0 650 -82.68 20.46 1 649 -91.44 55.34
-0.035454 0.472198 -5.486785
180 147 159
2 0 685 -34.26 52.33 1 904 -34.93 49.68
-0.436179 0.003728 -4.758194
137 86 105
2 0 692 -93.66 72.50 1 936 -95.64 110.56
1.499209 0.925747 -5.330789
192 139 153
2 0 741 95.42 148.08 1 941 108.19 119.74
0.969868 0.529164 -8.987823
101 82 94
2 0 824 118.85 -126.08 1 756 122.94 -224.83
1.894326 -1.192459 -6.857338
54 29 0
2 0 843 256.97 -82.45 1 1151 290.05 -109.59
-6.156971 9.071094 -12.103131
35 31 33
2 0 865 -262.54 -62.59 1 768 -298.38 -192.51
1.803637 -0.480924 -7.176870
139 119 48
2 0 866 209.76 -58.50 1 822 231.55 -105.30
-0.989158 -0.382049 -5.353143
145 100 121
2 0 872 -122.28 -34.84 1 621 -144.68 0.91
-0.861716 -0.421565 -5.326949
175 134 145
2 0 875 -108.22 -29.63 1 624 -127.79 7.36
-1.173925 -0.251782 -5.182613
180 121 143
2 0 882 -153.99 -19.12 1 895 -176.93 21.35
-0.687774 -0.388462 -5.311054
184 137 149
2 0 883 -89.94 -17.54 1 894 -104.64 17.46
2.190708 -0.615136 -6.269152
166 136 23
2 0 913 249.61 15.12 1 1223 275.41 -4.02
-0.644817 -0.230599 -5.097902
205 146 160
2 0 915 -97.86 14.92 1 906 -108.38 52.55
1.002150 -0.561187 -5.535529
137 85 107
2 0 933 114.56 29.40 1 901 127.84 43.84
-0.498411 -0.192827 -4.967752
197 143 157
2 0 944 -87.31 36.57 1 923 -93.95 75.89
-0.879465 -0.052772 -4.820424
146 87 109
2 0 950 -141.06 41.81 1 925 -151.64 85.75
-4.045560 11.801943 -8.360875
50 52 58
2 0 1040 -257.45 140.47 1 1239 -251.95 17.18
-4.045560 11.801943 -8.360875
50 52 58
2 0 1041 -257.45 140.47 1 1240 -251.95 17.18
2.566756 0.065168 -5.225987
195 54 70
2 0 1052 241.29 160.99 1 1319 258.92 144.40
