生成启动时间为 2018/11/1 17:44:58。
     1>项目“D:\study\3DReBuild\Projects\Bundler\bundler-v0.4-source\vc++\KeyMatchFull.vcxproj”在节点 2 上(Build 个目标)。
     1>ClCompile:
         C:\Users\24400\Desktop\VS2013\VC\bin\CL.exe /c /I..\lib\zlib\include /I..\lib\ann_1.1_char\include /ZI /nologo /W3 /WX- /Od /Oy- /D WIN32 /D _DEBUG /D _CONSOLE /D _UNICODE /D UNICODE /Gm /EHsc /RTC1 /MDd /GS /fp:precise /Zc:wchar_t /Zc:forScope /Fo"Debug\\" /Fd"Debug\vc120.pdb" /Gd /TP /analyze- /errorReport:prompt ..\src\KeyMatchFull.cpp ..\src\keys2a.cpp
         keys2a.cpp
     1>d:\study\3drebuild\projects\bundler\bundler-v0.4-source\src\keys2a.cpp(35): warning C4996: 'fscanf': This function or variable may be unsafe. Consider using fscanf_s instead. To disable deprecation, use _CRT_SECURE_NO_WARNINGS. See online help for details.
                 c:\users\24400\desktop\vs2013\vc\include\stdio.h(230) : 参见“fscanf”的声明
     1>d:\study\3drebuild\projects\bundler\bundler-v0.4-source\src\keys2a.cpp(50): warning C4996: 'sscanf': This function or variable may be unsafe. Consider using sscanf_s instead. To disable deprecation, use _CRT_SECURE_NO_WARNINGS. See online help for details.
                 c:\users\24400\desktop\vs2013\vc\include\stdio.h(304) : 参见“sscanf”的声明
     1>d:\study\3drebuild\projects\bundler\bundler-v0.4-source\src\keys2a.cpp(63): warning C4996: 'fopen': This function or variable may be unsafe. Consider using fopen_s instead. To disable deprecation, use _CRT_SECURE_NO_WARNINGS. See online help for details.
                 c:\users\24400\desktop\vs2013\vc\include\stdio.h(211) : 参见“fopen”的声明
     1>d:\study\3drebuild\projects\bundler\bundler-v0.4-source\src\keys2a.cpp(67): warning C4996: 'sprintf': This function or variable may be unsafe. Consider using sprintf_s instead. To disable deprecation, use _CRT_SECURE_NO_WARNINGS. See online help for details.
                 c:\users\24400\desktop\vs2013\vc\include\stdio.h(356) : 参见“sprintf”的声明
     1>d:\study\3drebuild\projects\bundler\bundler-v0.4-source\src\keys2a.cpp(91): warning C4996: 'fopen': This function or variable may be unsafe. Consider using fopen_s instead. To disable deprecation, use _CRT_SECURE_NO_WARNINGS. See online help for details.
                 c:\users\24400\desktop\vs2013\vc\include\stdio.h(211) : 参见“fopen”的声明
     1>d:\study\3drebuild\projects\bundler\bundler-v0.4-source\src\keys2a.cpp(95): warning C4996: 'sprintf': This function or variable may be unsafe. Consider using sprintf_s instead. To disable deprecation, use _CRT_SECURE_NO_WARNINGS. See online help for details.
                 c:\users\24400\desktop\vs2013\vc\include\stdio.h(356) : 参见“sprintf”的声明
     1>d:\study\3drebuild\projects\bundler\bundler-v0.4-source\src\keys2a.cpp(197): warning C4996: 'fscanf': This function or variable may be unsafe. Consider using fscanf_s instead. To disable deprecation, use _CRT_SECURE_NO_WARNINGS. See online help for details.
                 c:\users\24400\desktop\vs2013\vc\include\stdio.h(230) : 参见“fscanf”的声明
     1>d:\study\3drebuild\projects\bundler\bundler-v0.4-source\src\keys2a.cpp(218): warning C4996: 'fscanf': This function or variable may be unsafe. Consider using fscanf_s instead. To disable deprecation, use _CRT_SECURE_NO_WARNINGS. See online help for details.
                 c:\users\24400\desktop\vs2013\vc\include\stdio.h(230) : 参见“fscanf”的声明
     1>d:\study\3drebuild\projects\bundler\bundler-v0.4-source\src\keys2a.cpp(240): warning C4996: 'sscanf': This function or variable may be unsafe. Consider using sscanf_s instead. To disable deprecation, use _CRT_SECURE_NO_WARNINGS. See online help for details.
                 c:\users\24400\desktop\vs2013\vc\include\stdio.h(304) : 参见“sscanf”的声明
     1>d:\study\3drebuild\projects\bundler\bundler-v0.4-source\src\keys2a.cpp(246): warning C4996: 'sscanf': This function or variable may be unsafe. Consider using sscanf_s instead. To disable deprecation, use _CRT_SECURE_NO_WARNINGS. See online help for details.
                 c:\users\24400\desktop\vs2013\vc\include\stdio.h(304) : 参见“sscanf”的声明
     1>d:\study\3drebuild\projects\bundler\bundler-v0.4-source\src\keys2a.cpp(263): warning C4996: 'sscanf': This function or variable may be unsafe. Consider using sscanf_s instead. To disable deprecation, use _CRT_SECURE_NO_WARNINGS. See online help for details.
                 c:\users\24400\desktop\vs2013\vc\include\stdio.h(304) : 参见“sscanf”的声明
     1>d:\study\3drebuild\projects\bundler\bundler-v0.4-source\src\keys2a.cpp(286): warning C4996: 'sscanf': This function or variable may be unsafe. Consider using sscanf_s instead. To disable deprecation, use _CRT_SECURE_NO_WARNINGS. See online help for details.
                 c:\users\24400\desktop\vs2013\vc\include\stdio.h(304) : 参见“sscanf”的声明
     1>d:\study\3drebuild\projects\bundler\bundler-v0.4-source\src\keys2a.cpp(308): warning C4996: 'sscanf': This function or variable may be unsafe. Consider using sscanf_s instead. To disable deprecation, use _CRT_SECURE_NO_WARNINGS. See online help for details.
                 c:\users\24400\desktop\vs2013\vc\include\stdio.h(304) : 参见“sscanf”的声明
     1>d:\study\3drebuild\projects\bundler\bundler-v0.4-source\src\keys2a.cpp(314): warning C4996: 'sscanf': This function or variable may be unsafe. Consider using sscanf_s instead. To disable deprecation, use _CRT_SECURE_NO_WARNINGS. See online help for details.
                 c:\users\24400\desktop\vs2013\vc\include\stdio.h(304) : 参见“sscanf”的声明
         KeyMatchFull.cpp
     1>d:\study\3drebuild\projects\bundler\bundler-v0.4-source\src\keymatchfull.cpp(48): warning C4996: 'fopen': This function or variable may be unsafe. Consider using fopen_s instead. To disable deprecation, use _CRT_SECURE_NO_WARNINGS. See online help for details.
                 c:\users\24400\desktop\vs2013\vc\include\stdio.h(211) : 参见“fopen”的声明
     1>d:\study\3drebuild\projects\bundler\bundler-v0.4-source\src\keymatchfull.cpp(65): warning C4996: 'fopen': This function or variable may be unsafe. Consider using fopen_s instead. To disable deprecation, use _CRT_SECURE_NO_WARNINGS. See online help for details.
                 c:\users\24400\desktop\vs2013\vc\include\stdio.h(211) : 参见“fopen”的声明
         正在生成代码...
       Link:
         C:\Users\24400\Desktop\VS2013\VC\bin\link.exe /ERRORREPORT:PROMPT /OUT:"D:\study\3DReBuild\Projects\Bundler\bundler-v0.4-source\vc++\Debug\KeyMatchFull.exe" /INCREMENTAL /NOLOGO /LIBPATH:..\lib\zlib\lib zlib.lib kernel32.lib user32.lib gdi32.lib winspool.lib comdlg32.lib advapi32.lib shell32.lib ole32.lib oleaut32.lib uuid.lib odbc32.lib odbccp32.lib /MANIFEST /MANIFESTUAC:"level='asInvoker' uiAccess='false'" /manifest:embed /DEBUG /PDB:"D:\study\3DReBuild\Projects\Bundler\bundler-v0.4-source\vc++\Debug\KeyMatchFull.pdb" /SUBSYSTEM:CONSOLE /TLBID:1 /DYNAMICBASE /NXCOMPAT /IMPLIB:"D:\study\3DReBuild\Projects\Bundler\bundler-v0.4-source\vc++\Debug\KeyMatchFull.lib" /MACHINE:X86 /SAFESEH Debug\KeyMatchFull.obj
         Debug\keys2a.obj
         "D:\study\3DReBuild\Projects\Bundler\bundler-v0.4-source\vc++\Debug\ann_1.1_char.lib"
     1>KeyMatchFull.obj : warning LNK4075: 忽略“/EDITANDCONTINUE”(由于“/SAFESEH”规范)
         KeyMatchFull.vcxproj -> D:\study\3DReBuild\Projects\Bundler\bundler-v0.4-source\vc++\Debug\KeyMatchFull.exe
     1>已完成生成项目“D:\study\3DReBuild\Projects\Bundler\bundler-v0.4-source\vc++\KeyMatchFull.vcxproj”(Build 个目标)的操作。

生成成功。

已用时间 00:00:01.56
