d:\study\3drebuild\projects\bundler\bundler-v0.4-source\vc++\debug\vc120.pdb
d:\study\3drebuild\projects\bundler\bundler-v0.4-source\vc++\debug\vc120.idb
d:\study\3drebuild\projects\bundler\bundler-v0.4-source\vc++\debug\radialundistort.obj
d:\study\3drebuild\projects\bundler\bundler-v0.4-source\vc++\debug\loadjpeg.obj
d:\study\3drebuild\projects\bundler\bundler-v0.4-source\vc++\debug\radialundistort.ilk
d:\study\3drebuild\projects\bundler\bundler-v0.4-source\vc++\debug\radialundistort.exe
d:\study\3drebuild\projects\bundler\bundler-v0.4-source\vc++\debug\radialundistort.pdb
d:\study\3drebuild\projects\bundler\bundler-v0.4-source\vc++\debug\baseapp.obj
d:\study\3drebuild\projects\bundler\bundler-v0.4-source\vc++\debug\basegeometry.obj
d:\study\3drebuild\projects\bundler\bundler-v0.4-source\vc++\debug\boundingbox.obj
d:\study\3drebuild\projects\bundler\bundler-v0.4-source\vc++\debug\bruteforcesearch.obj
d:\study\3drebuild\projects\bundler\bundler-v0.4-source\vc++\debug\bundle.obj
d:\study\3drebuild\projects\bundler\bundler-v0.4-source\vc++\debug\bundleadd.obj
d:\study\3drebuild\projects\bundler\bundler-v0.4-source\vc++\debug\bundlefast.obj
d:\study\3drebuild\projects\bundler\bundler-v0.4-source\vc++\debug\bundleio.obj
d:\study\3drebuild\projects\bundler\bundler-v0.4-source\vc++\debug\bundlerapp.obj
d:\study\3drebuild\projects\bundler\bundler-v0.4-source\vc++\debug\bundlergeometry.obj
d:\study\3drebuild\projects\bundler\bundler-v0.4-source\vc++\debug\bundletwo.obj
d:\study\3drebuild\projects\bundler\bundler-v0.4-source\vc++\debug\camera.obj
d:\study\3drebuild\projects\bundler\bundler-v0.4-source\vc++\debug\computetracks.obj
d:\study\3drebuild\projects\bundler\bundler-v0.4-source\vc++\debug\decompose.obj
d:\study\3drebuild\projects\bundler\bundler-v0.4-source\vc++\debug\distortion.obj
d:\study\3drebuild\projects\bundler\bundler-v0.4-source\vc++\debug\epipolar.obj
d:\study\3drebuild\projects\bundler\bundler-v0.4-source\vc++\debug\geometry.obj
d:\study\3drebuild\projects\bundler\bundler-v0.4-source\vc++\debug\imagedata.obj
d:\study\3drebuild\projects\bundler\bundler-v0.4-source\vc++\debug\keys.obj
d:\study\3drebuild\projects\bundler\bundler-v0.4-source\vc++\debug\matchtracks.obj
d:\study\3drebuild\projects\bundler\bundler-v0.4-source\vc++\debug\processbundle.obj
d:\study\3drebuild\projects\bundler\bundler-v0.4-source\vc++\debug\register.obj
d:\study\3drebuild\projects\bundler\bundler-v0.4-source\vc++\debug\relativepose.obj
d:\study\3drebuild\projects\bundler\bundler-v0.4-source\vc++\debug\sifterutil.obj
d:\study\3drebuild\projects\bundler\bundler-v0.4-source\vc++\debug\twoframemodel.obj
d:\study\3drebuild\projects\bundler\bundler-v0.4-source\vc++\debug\bundler.ilk
d:\study\3drebuild\projects\bundler\bundler-v0.4-source\vc++\debug\jpeg.ilk
d:\study\3drebuild\projects\bundler\bundler-v0.4-source\vc++\debug\jpeg.exp
d:\study\3drebuild\projects\bundler\bundler-v0.4-source\vc++\debug\bundler.pdb
d:\study\3drebuild\projects\bundler\bundler-v0.4-source\vc++\debug\jpeg.pdb
d:\study\3drebuild\projects\bundler\bundler-v0.4-source\vc++\debug\radialundistort.tlog\cl.command.1.tlog
d:\study\3drebuild\projects\bundler\bundler-v0.4-source\vc++\debug\radialundistort.tlog\cl.read.1.tlog
d:\study\3drebuild\projects\bundler\bundler-v0.4-source\vc++\debug\radialundistort.tlog\cl.write.1.tlog
d:\study\3drebuild\projects\bundler\bundler-v0.4-source\vc++\debug\radialundistort.tlog\link.command.1.tlog
d:\study\3drebuild\projects\bundler\bundler-v0.4-source\vc++\debug\radialundistort.tlog\link.read.1.tlog
d:\study\3drebuild\projects\bundler\bundler-v0.4-source\vc++\debug\radialundistort.tlog\link.write.1.tlog
