d:\study\3drebuild\projects\bundler\bundler-v0.4-source\lib\imagelib\debug\vc120.pdb
d:\study\3drebuild\projects\bundler\bundler-v0.4-source\lib\imagelib\debug\vc120.idb
d:\study\3drebuild\projects\bundler\bundler-v0.4-source\lib\imagelib\debug\color.obj
d:\study\3drebuild\projects\bundler\bundler-v0.4-source\lib\imagelib\debug\fileio.obj
d:\study\3drebuild\projects\bundler\bundler-v0.4-source\lib\imagelib\debug\filter.obj
d:\study\3drebuild\projects\bundler\bundler-v0.4-source\lib\imagelib\debug\fit.obj
d:\study\3drebuild\projects\bundler\bundler-v0.4-source\lib\imagelib\debug\fmatrix.obj
d:\study\3drebuild\projects\bundler\bundler-v0.4-source\lib\imagelib\debug\homography.obj
d:\study\3drebuild\projects\bundler\bundler-v0.4-source\lib\imagelib\debug\horn.obj
d:\study\3drebuild\projects\bundler\bundler-v0.4-source\lib\imagelib\debug\image.obj
d:\study\3drebuild\projects\bundler\bundler-v0.4-source\lib\imagelib\debug\lerp.obj
d:\study\3drebuild\projects\bundler\bundler-v0.4-source\lib\imagelib\debug\morphology.obj
d:\study\3drebuild\projects\bundler\bundler-v0.4-source\lib\imagelib\debug\pgm.obj
d:\study\3drebuild\projects\bundler\bundler-v0.4-source\lib\imagelib\debug\poly.obj
d:\study\3drebuild\projects\bundler\bundler-v0.4-source\lib\imagelib\debug\qsort.obj
d:\study\3drebuild\projects\bundler\bundler-v0.4-source\lib\imagelib\debug\resample.obj
d:\study\3drebuild\projects\bundler\bundler-v0.4-source\lib\imagelib\debug\tps.obj
d:\study\3drebuild\projects\bundler\bundler-v0.4-source\lib\imagelib\debug\transform.obj
d:\study\3drebuild\projects\bundler\bundler-v0.4-source\lib\imagelib\debug\triangle.obj
d:\study\3drebuild\projects\bundler\bundler-v0.4-source\lib\imagelib\debug\triangulate.obj
d:\study\3drebuild\projects\bundler\bundler-v0.4-source\lib\imagelib\debug\util.obj
d:\study\3drebuild\projects\bundler\bundler-v0.4-source\lib\imagelib\debug\vanish.obj
d:\study\3drebuild\projects\bundler\bundler-v0.4-source\lib\imagelib\debug\affine.obj
d:\study\3drebuild\projects\bundler\bundler-v0.4-source\lib\imagelib\debug\binimage.obj
d:\study\3drebuild\projects\bundler\bundler-v0.4-source\lib\imagelib\debug\binvolume.obj
d:\study\3drebuild\projects\bundler\bundler-v0.4-source\lib\imagelib\debug\bmp.obj
d:\study\3drebuild\projects\bundler\bundler-v0.4-source\lib\imagelib\debug\canny.obj
d:\study\3drebuild\projects\bundler\bundler-v0.4-source\vc++\debug\imagelib.lib
d:\study\3drebuild\projects\bundler\bundler-v0.4-source\lib\imagelib\debug\imagelib.tlog\cl.command.1.tlog
d:\study\3drebuild\projects\bundler\bundler-v0.4-source\lib\imagelib\debug\imagelib.tlog\cl.read.1.tlog
d:\study\3drebuild\projects\bundler\bundler-v0.4-source\lib\imagelib\debug\imagelib.tlog\cl.write.1.tlog
d:\study\3drebuild\projects\bundler\bundler-v0.4-source\lib\imagelib\debug\imagelib.tlog\lib-link.read.1.tlog
d:\study\3drebuild\projects\bundler\bundler-v0.4-source\lib\imagelib\debug\imagelib.tlog\lib-link.write.1.tlog
d:\study\3drebuild\projects\bundler\bundler-v0.4-source\lib\imagelib\debug\imagelib.tlog\lib.command.1.tlog
