d:\study\3drebuild\projects\bundler\bundler-v0.4-source\vc++\debug\ann_1.1_char.lib
d:\study\3drebuild\projects\bundler\bundler-v0.4-source\vc++\debug\ann_1.1_char.exp
d:\study\3drebuild\projects\bundler\bundler-v0.4-source\lib\ann_1.1_char\debug\vc120.pdb
d:\study\3drebuild\projects\bundler\bundler-v0.4-source\lib\ann_1.1_char\debug\vc120.idb
d:\study\3drebuild\projects\bundler\bundler-v0.4-source\lib\ann_1.1_char\debug\ann.obj
d:\study\3drebuild\projects\bundler\bundler-v0.4-source\lib\ann_1.1_char\debug\bd_fix_rad_search.obj
d:\study\3drebuild\projects\bundler\bundler-v0.4-source\lib\ann_1.1_char\debug\bd_pr_search.obj
d:\study\3drebuild\projects\bundler\bundler-v0.4-source\lib\ann_1.1_char\debug\bd_search.obj
d:\study\3drebuild\projects\bundler\bundler-v0.4-source\lib\ann_1.1_char\debug\bd_tree.obj
d:\study\3drebuild\projects\bundler\bundler-v0.4-source\lib\ann_1.1_char\debug\brute.obj
d:\study\3drebuild\projects\bundler\bundler-v0.4-source\lib\ann_1.1_char\debug\kd_dump.obj
d:\study\3drebuild\projects\bundler\bundler-v0.4-source\lib\ann_1.1_char\debug\kd_fix_rad_search.obj
d:\study\3drebuild\projects\bundler\bundler-v0.4-source\lib\ann_1.1_char\debug\kd_pr_search.obj
d:\study\3drebuild\projects\bundler\bundler-v0.4-source\lib\ann_1.1_char\debug\kd_search.obj
d:\study\3drebuild\projects\bundler\bundler-v0.4-source\lib\ann_1.1_char\debug\kd_split.obj
d:\study\3drebuild\projects\bundler\bundler-v0.4-source\lib\ann_1.1_char\debug\kd_tree.obj
d:\study\3drebuild\projects\bundler\bundler-v0.4-source\lib\ann_1.1_char\debug\kd_util.obj
d:\study\3drebuild\projects\bundler\bundler-v0.4-source\lib\ann_1.1_char\debug\perf.obj
d:\study\3drebuild\projects\bundler\bundler-v0.4-source\vc++\debug\ann_1.1_char.dll
d:\study\3drebuild\projects\bundler\bundler-v0.4-source\lib\ann_1.1_char\debug\ann_1.1_char.tlog\ann_1.1_char.write.1u.tlog
d:\study\3drebuild\projects\bundler\bundler-v0.4-source\lib\ann_1.1_char\debug\ann_1.1_char.tlog\cl.command.1.tlog
d:\study\3drebuild\projects\bundler\bundler-v0.4-source\lib\ann_1.1_char\debug\ann_1.1_char.tlog\cl.read.1.tlog
d:\study\3drebuild\projects\bundler\bundler-v0.4-source\lib\ann_1.1_char\debug\ann_1.1_char.tlog\cl.write.1.tlog
d:\study\3drebuild\projects\bundler\bundler-v0.4-source\lib\ann_1.1_char\debug\ann_1.1_char.tlog\link.command.1.tlog
d:\study\3drebuild\projects\bundler\bundler-v0.4-source\lib\ann_1.1_char\debug\ann_1.1_char.tlog\link.read.1.tlog
d:\study\3drebuild\projects\bundler\bundler-v0.4-source\lib\ann_1.1_char\debug\ann_1.1_char.tlog\link.write.1.tlog
