生成启动时间为 2018/11/6 16:45:33。
     1>项目“D:\study\3DReBuild\Projects\Bundler\bundler-v0.4-source\lib\matrix\matrix.vcxproj”在节点 3 上(Rebuild 个目标)。
     1>ClCompile:
         C:\Users\24400\Desktop\VS2013\VC\bin\CL.exe /c /I..\imagelib /I..\..\include /ZI /nologo /W3 /WX- /Od /Oy- /D WIN32 /D _DEBUG /D _LIB /D _UNICODE /D UNICODE /Gm /EHsc /RTC1 /MDd /GS /fp:precise /Zc:wchar_t /Zc:forScope /Fo"Debug\\" /Fd"Debug\vc120.pdb" /Gd /TC /analyze- /errorReport:prompt matrix.c svd.c vector.c
         vector.c
         svd.c
         matrix.c
     1>d:\study\3drebuild\projects\bundler\bundler-v0.4-source\lib\matrix\matrix.c(1206): warning C4996: 'fopen': This function or variable may be unsafe. Consider using fopen_s instead. To disable deprecation, use _CRT_SECURE_NO_WARNINGS. See online help for details.
                 c:\users\24400\desktop\vs2013\vc\include\stdio.h(211) : 参见“fopen”的声明
     1>d:\study\3drebuild\projects\bundler\bundler-v0.4-source\lib\matrix\matrix.c(1215): warning C4996: 'fscanf': This function or variable may be unsafe. Consider using fscanf_s instead. To disable deprecation, use _CRT_SECURE_NO_WARNINGS. See online help for details.
                 c:\users\24400\desktop\vs2013\vc\include\stdio.h(230) : 参见“fscanf”的声明
     1>d:\study\3drebuild\projects\bundler\bundler-v0.4-source\lib\matrix\matrix.c(1223): warning C4996: 'fopen': This function or variable may be unsafe. Consider using fopen_s instead. To disable deprecation, use _CRT_SECURE_NO_WARNINGS. See online help for details.
                 c:\users\24400\desktop\vs2013\vc\include\stdio.h(211) : 参见“fopen”的声明
         正在生成代码...
       Lib:
         C:\Users\24400\Desktop\VS2013\VC\bin\Lib.exe /OUT:"D:\study\3DReBuild\Projects\Bundler\bundler-v0.4-source\vc++\Debug\matrix.lib" /NOLOGO Debug\matrix.obj
         Debug\svd.obj
         Debug\vector.obj
         matrix.vcxproj -> D:\study\3DReBuild\Projects\Bundler\bundler-v0.4-source\vc++\Debug\matrix.lib
     1>已完成生成项目“D:\study\3DReBuild\Projects\Bundler\bundler-v0.4-source\lib\matrix\matrix.vcxproj”(Rebuild 个目标)的操作。

生成成功。

已用时间 00:00:07.24
