# Bundle file v0.3
9 397
0 0 0
0 0 0
0 0 0
0 0 0
0 0 0
0 0 0
0 0 0
0 0 0
0 0 0
0 0 0
0 0 0
0 0 0
0 0 0
0 0 0
0 0 0
0 0 0
0 0 0
0 0 0
0 0 0
0 0 0
0 0 0
0 0 0
0 0 0
0 0 0
0 0 0
6.8713079776e+002 -1.0474017127e-001 -3.4056099724e-002
9.6893398751e-001 9.1639423300e-002 2.2971535417e-001
-8.2400492285e-002 9.9536848621e-001 -4.9515003148e-002
-2.3318895067e-001 2.9048111173e-002 9.7199748998e-001
1.2962566580e+000 -3.0287308353e-001 -1.7193099965e-001
6.8737497164e+002 -1.0134102692e-001 -3.7358744942e-002
9.9999743579e-001 1.3705556854e-003 1.8027728072e-003
-1.3675541039e-003 9.9999767852e-001 -1.6651606985e-003
-1.8050508176e-003 1.6626910393e-003 9.9999698862e-001
1.6194111948e-002 -3.3447043747e-003 -2.2191843933e-001
6.9060719896e+002 -1.2036411054e-001 3.1481684074e-002
9.9693107217e-001 5.2393447937e-002 5.8166691192e-002
-4.9321863334e-002 9.9737344767e-001 -5.3042998432e-002
-6.0793018911e-002 5.0011323704e-002 9.9689672301e-001
6.1962636364e-001 -7.2329664924e-001 -6.7175354498e-001
0 0 0
0 0 0
0 0 0
0 0 0
0 0 0
1.9577418410e+000 -1.1922093675e+000 -6.9130419012e+000
203 182 70
3 6 325 186.6000 -113.1000 7 505 185.2800 -144.2900 5 350 138.2300 -120.9300
2.2507002641e+000 -9.1797996602e-001 -6.3404106929e+000
221 195 83
3 6 501 232.6100 -94.2900 7 513 231.0500 -133.6600 5 517 191.1200 -107.2700
2.2507002641e+000 -9.1797996602e-001 -6.3404106929e+000
221 195 83
3 6 500 232.6100 -94.2900 7 512 231.0500 -133.6600 5 516 191.1200 -107.2700
2.2711389719e+000 -9.0790048662e-001 -6.3003803928e+000
177 153 51
3 6 778 235.9600 -93.7600 7 766 234.5900 -133.5800 5 514 194.9400 -107.2800
2.2710700362e+000 -8.0080931222e-001 -6.3154631109e+000
214 189 76
3 6 508 235.6200 -82.6500 7 523 234.7100 -123.2200 5 356 195.4300 -96.4200
2.2795296097e+000 -7.2073126784e-001 -6.2838715589e+000
215 190 73
3 6 328 237.6100 -74.5900 7 359 237.4300 -116.4400 5 360 198.5000 -89.2900
2.2619528285e+000 -8.4283238372e-001 -6.3271677083e+000
215 191 85
3 6 781 234.1700 -86.8000 7 775 233.2700 -126.8800 5 745 193.5500 -100.3000
2.6123760589e+000 -5.0576051556e-001 -5.4705168678e+000
226 182 185
3 6 163 308.2400 -59.3400 7 183 306.7600 -113.6100 5 173 277.9200 -82.6000
2.2288199684e+000 -1.0174223803e+000 -6.3808501524e+000
212 189 70
3 6 326 228.6500 -104.2400 7 355 227.0900 -141.5600 5 351 186.2800 -115.9600
1.9622086747e+000 -1.1516100212e+000 -6.9216904331e+000
41 28 0
3 6 771 186.9200 -109.1800 7 757 185.5800 -140.7200 5 720 138.6900 -116.9200
1.9622086747e+000 -1.1516100212e+000 -6.9216904331e+000
41 28 0
3 6 772 186.9200 -109.1800 7 758 185.5800 -140.7200 5 721 138.6900 -116.9200
2.6181193732e+000 -3.8520870120e-001 -5.4528984909e+000
234 192 195
3 6 528 309.9400 -45.2700 7 533 309.3700 -101.2900 5 541 281.1000 -69.8300
2.6099435136e+000 -4.3786277312e-001 -5.4705753884e+000
239 180 181
3 6 793 308.0600 -51.3800 7 794 307.1300 -106.4500 5 762 278.5400 -75.1900
2.1704956767e+000 -6.6358415622e-001 -6.4817656207e+000
218 186 68
3 6 46 220.4100 -65.7700 7 51 220.6100 -106.8200 5 27 179.9500 -81.0800
-9.7499408915e-001 5.3063515393e-001 -4.6182477789e+000
21 27 43
3 6 54 -136.5500 75.8500 7 57 -78.7900 13.0600 5 33 -102.4000 82.8100
-9.7499408915e-001 5.3063515393e-001 -4.6182477789e+000
21 27 43
3 6 55 -136.5500 75.8500 7 58 -78.7900 13.0600 5 34 -102.4000 82.8100
-9.7499408915e-001 5.3063515393e-001 -4.6182477789e+000
21 27 43
3 6 56 -136.5500 75.8500 7 59 -78.7900 13.0600 5 35 -102.4000 82.8100
-9.3404167328e-001 -2.5762632022e-001 -5.1216064313e+000
23 24 28
3 6 66 -118.7900 -32.0500 7 75 -74.9800 -79.7100 5 49 -112.1700 -31.7400
8.8364351829e-001 5.1774832650e-002 -5.7526661880e+000
210 178 197
3 6 49 101.7700 6.5300 7 54 124.9700 -43.6100 5 51 95.8400 -4.6000
3.3690803840e-002 3.6195321492e-001 -5.6097548641e+000
152 22 32
3 6 53 4.8600 43.2200 7 83 38.3700 -7.9800 5 54 8.7600 41.3300
-1.0191221322e+000 6.4708513242e-001 -4.6234106417e+000
192 205 242
3 6 78 -142.5900 91.8000 7 88 -83.9200 29.0700 5 57 -107.5000 101.5400
1.0692115282e+000 -1.9872053787e-002 -5.5951387811e+000
180 117 131
3 6 90 126.8000 -0.7900 7 102 147.4500 -54.0300 5 76 122.0400 -16.8300
1.3636662952e+000 2.0853523742e-001 -5.6462292810e+000
188 119 130
3 6 70 159.9400 25.2800 7 80 178.0800 -30.7200 5 77 153.2900 8.0100
1.0239140559e+000 5.8800527856e-001 -5.5965828965e+000
213 193 208
3 6 74 121.3300 70.0900 7 84 147.0700 11.8600 5 82 123.8300 55.4500
1.0239140559e+000 5.8800527856e-001 -5.5965828965e+000
213 193 208
3 6 75 121.3300 70.0900 7 85 147.0700 11.8600 5 83 123.8300 55.4500
3.5622750993e-001 5.0634854540e-001 -5.4790931350e+000
72 2 3
3 6 96 43.5500 61.2900 7 111 77.0400 6.2200 5 84 52.9100 54.8800
-9.5672293204e-001 3.9719057680e-001 -4.6756598862e+000
187 201 240
3 6 73 -132.4300 56.4800 7 110 -77.1000 -4.1500 5 85 -102.0400 61.3800
8.4055620496e-001 5.8037891859e-001 -5.6004907812e+000
95 0 2
3 6 132 99.6900 69.1700 7 147 127.5700 12.0000 5 108 103.5100 56.9400
4.5507172468e-001 1.0359589758e+000 -5.6481865523e+000
163 18 29
3 6 104 53.8900 121.5400 7 113 87.7400 64.4300 5 113 63.7400 115.6700
2.4101579240e+000 -1.1878186197e+000 -5.9754719293e+000
202 197 106
3 6 117 262.0000 -128.6800 7 128 257.7300 -168.6300 5 120 220.9400 -142.5500
1.0181970124e+000 4.3096751207e-002 -5.6755789960e+000
72 5 8
3 6 178 118.7500 4.5900 7 198 140.4500 -45.7800 5 140 114.0100 -6.6900
-2.1901368119e-002 4.5887197934e-001 -5.5937196236e+000
225 56 94
3 6 128 -1.7000 54.5100 7 202 32.7700 3.3400 5 150 4.0200 53.7400
-2.1901368119e-002 4.5887197934e-001 -5.5937196236e+000
225 56 94
3 6 129 -1.7000 54.5100 7 203 32.7700 3.3400 5 151 4.0200 53.7400
-6.4524135589e-001 4.5287371266e-001 -4.6928912438e+000
108 54 70
3 6 190 -88.7600 64.1400 7 145 -35.6600 0.9700 5 153 -54.9500 65.0900
1.4036755424e-001 6.7223219294e-001 -5.4971162630e+000
217 202 221
3 6 134 17.6700 81.4400 7 149 53.6900 25.9700 5 156 28.5500 77.8500
-1.0272780045e+000 5.2645558859e-001 -4.5981178888e+000
18 20 30
3 6 133 -144.3300 74.7400 7 206 -86.2600 12.5400 5 157 -110.1000 84.1500
3.9386921876e-001 1.1285008654e+000 -5.6474544392e+000
171 150 172
3 6 139 46.7000 132.2400 7 157 81.7400 75.0300 5 163 57.8600 127.6000
2.6123760589e+000 -5.0576051556e-001 -5.4705168678e+000
226 182 185
3 6 164 308.2400 -59.3400 7 184 306.7600 -113.6100 5 174 277.9200 -82.6000
9.2159825127e-001 -8.2022244053e-002 -5.6857839259e+000
51 9 18
3 6 242 107.6200 -8.8500 7 256 129.1300 -58.8000 5 198 101.5000 -20.9700
8.3377554413e-001 1.2957944957e-001 -5.7987678027e+000
139 29 46
3 6 248 95.5400 14.7800 7 263 118.5500 -34.3900 5 206 89.8800 5.3600
-5.5547401869e-001 3.1350606007e-001 -4.6269646791e+000
157 99 113
3 6 186 -77.4700 45.5000 7 269 -24.4800 -18.2400 5 208 -42.0100 42.7400
1.0640969472e+000 6.7992444355e-001 -5.5914428628e+000
44 9 7
3 6 194 125.6800 80.3800 7 148 152.5500 21.9900 5 214 129.4700 65.8900
9.8817000096e-002 5.9611895024e-001 -5.4824440415e+000
82 11 26
3 6 193 12.9700 72.6000 7 283 48.4200 17.4500 5 217 23.2900 69.1500
-6.6136729973e-001 4.9825866537e-001 -4.6832197784e+000
235 181 195
3 6 192 -91.0500 70.9400 7 277 -37.4700 6.7600 5 218 -56.6200 72.0500
-1.0680121109e+000 4.7557341537e-001 -4.6345822904e+000
183 230 255
3 6 258 -149.1900 67.5700 7 278 -91.4000 6.6400 5 222 -117.6500 75.7400
-9.9809900722e-001 6.0186646340e-001 -4.5066221452e+000
179 225 255
3 6 264 -142.4100 86.7700 7 290 -84.4100 23.2000 5 224 -102.1800 95.9100
-1.0224036337e+000 6.6719612148e-001 -4.6226398794e+000
243 231 243
3 6 266 -142.9300 95.1500 7 293 -84.1800 31.5200 5 225 -107.9100 104.4700
-9.2599816657e-001 7.7789247499e-001 -4.5747332480e+000
225 165 177
3 6 273 -130.7700 111.6500 7 296 -70.8500 45.9700 5 226 -90.6000 120.5900
9.7558926472e-001 -2.9915430764e-002 -5.7033818199e+000
66 13 22
3 6 358 113.6800 -2.4400 7 381 134.6200 -53.5200 5 273 106.9800 -15.3900
1.2707984827e+000 9.0080805152e-002 -5.5921761954e+000
95 35 39
3 6 247 150.5600 11.3200 7 261 169.3300 -43.5800 5 275 145.0500 -4.7300
1.1418864674e+000 9.7536230101e-002 -5.6492540855e+000
172 101 113
3 6 361 133.9200 11.7800 7 262 154.3900 -41.2100 5 276 128.7700 -2.2400
6.5835944094e-001 1.9913263170e-001 -5.7490350292e+000
115 4 13
3 6 253 76.3100 23.5200 7 268 101.9800 -26.8800 5 283 73.4000 14.4700
9.2793148249e-001 6.2697271102e-001 -5.5911826421e+000
104 11 16
3 6 260 110.2900 74.3800 7 281 137.0500 16.5800 5 296 114.2400 61.6900
-1.2326738102e-001 6.3071653607e-001 -5.4959420531e+000
108 9 22
3 6 263 -13.8400 76.4200 7 287 23.5600 22.9300 5 297 -3.4300 76.3000
-9.8647810752e-001 4.9715978419e-001 -4.6440907649e+000
255 254 254
3 6 259 -137.4700 70.8400 7 279 -80.3100 8.8500 5 298 -104.9900 77.5000
5.4204186574e-001 9.9078289484e-001 -5.6357179024e+000
153 14 28
3 6 403 64.1100 116.7400 7 429 96.8800 59.5500 5 304 73.7400 108.4200
-1.0303804829e+000 7.8885117776e-001 -4.5882294657e+000
227 167 179
3 6 401 -144.7900 112.9700 7 421 -85.0800 47.8700 5 312 -106.8300 124.0400
-1.1451697004e+000 7.8775147202e-001 -4.6025019076e+000
133 74 96
3 6 602 -160.5600 112.1700 7 422 -100.0800 48.4600 5 313 -125.0400 125.9000
4.2916396889e-001 1.1786750820e+000 -5.6475956724e+000
166 22 33
3 6 277 50.8700 137.9600 7 302 85.7600 80.2600 5 314 62.4300 133.1100
1.6318257651e+000 1.3319804527e+000 -5.3687066989e+000
69 31 28
3 6 199 198.3500 161.6800 7 218 225.5000 90.9100 5 315 208.4500 136.3100
1.6318257651e+000 1.3319804527e+000 -5.3687066989e+000
69 31 28
3 6 200 198.3500 161.6800 7 219 225.5000 90.9100 5 316 208.4500 136.3100
1.8161011013e+000 -3.4808950099e+000 -1.2854184609e+001
97 90 106
3 6 465 93.8900 -180.3500 7 490 74.5800 -179.1000 5 339 -11.2100 -169.6600
-1.2634955808e+000 -2.8797230625e+000 -1.3152068309e+001
72 44 55
3 6 743 -64.8700 -144.9100 7 759 -77.0200 -140.7000 5 347 -171.7400 -129.6700
2.2574456440e+000 -8.8446428947e-001 -6.3370222864e+000
214 191 78
3 6 503 233.2600 -91.1100 7 515 232.1800 -130.3400 5 354 192.3100 -104.1700
-9.3632579651e-001 -1.9273870466e-001 -5.0988879901e+000
251 253 255
3 6 342 -119.6400 -23.7800 7 373 -74.8000 -72.5900 5 386 -111.6600 -22.9300
9.3360407762e-001 -4.2116745351e-002 -5.7444979479e+000
173 134 153
3 6 355 108.0300 -4.3700 7 380 129.1000 -54.1500 5 389 100.6800 -15.4400
2.1914177371e+000 6.2062813410e-001 -6.4014574889e+000
110 64 25
3 6 378 225.1000 63.6400 7 403 234.3100 12.2600 5 407 198.4400 44.8200
-9.6497366233e-001 4.2705561129e-001 -4.6352912579e+000
165 217 254
3 6 377 -134.6600 61.0800 7 577 -78.2700 -0.4800 5 418 -102.3700 66.3900
-1.0978442063e+000 4.4747755083e-001 -4.6538020210e+000
168 156 197
3 6 578 -152.6700 63.5200 7 580 -95.2000 2.8500 5 426 -123.0400 71.9300
-7.0840828589e-001 6.3925163295e-001 -4.6106486807e+000
170 104 126
3 6 390 -99.1500 91.5100 7 410 -42.6700 25.7000 5 431 -59.9500 94.9700
-9.7625745779e-001 7.5989443273e-001 -4.5829885548e+000
178 107 123
3 6 601 -137.4800 108.8600 7 594 -77.8900 43.7100 5 440 -98.7500 118.7400
-1.0229937253e+000 7.5583203542e-001 -4.5810563783e+000
174 107 127
3 6 398 -144.2200 108.2800 7 595 -84.0300 43.5200 5 441 -106.1400 118.9800
-1.0229937253e+000 7.5583203542e-001 -4.5810563783e+000
174 107 127
3 6 399 -144.2200 108.2800 7 596 -84.0300 43.5200 5 442 -106.1400 118.9800
1.7555223137e+000 1.4619785448e+000 -5.5228315784e+000
69 30 30
3 6 286 207.3700 172.1500 7 309 232.5100 102.9500 5 458 213.2100 146.8100
9.9975756050e-001 1.6737250118e+000 -5.8117840013e+000
140 24 34
3 6 414 113.4100 189.1300 7 618 145.2800 127.9800 5 463 122.5300 177.5000
2.6148598519e+000 -3.0090536022e+000 -1.0521188689e+001
103 99 121
3 6 460 164.3500 -188.9000 7 696 145.7100 -195.7400 5 485 69.7500 -183.3900
2.3558239649e+000 -3.1141603023e+000 -1.1321905080e+001
108 101 117
3 6 463 137.9600 -182.4300 7 712 119.4800 -186.1600 5 491 39.9900 -175.1500
2.4766277595e+000 -2.6472721120e+000 -1.0889731148e+001
64 53 67
3 6 736 150.9200 -161.1700 7 738 133.9100 -168.0200 5 502 56.9700 -155.7600
2.3892591777e+000 -2.4357305490e+000 -1.1241074727e+001
74 53 61
3 6 483 141.6100 -144.0100 7 752 124.6900 -150.7000 5 506 47.1300 -137.8600
2.3399228528e+000 -2.4419003223e+000 -1.1300791459e+001
124 120 134
3 6 484 137.8000 -143.6700 7 498 121.4600 -149.9500 5 507 43.2600 -137.3900
2.3399228528e+000 -2.4419003223e+000 -1.1300791459e+001
124 120 134
3 6 485 137.8000 -143.6700 7 497 121.4600 -149.9500 5 508 43.2600 -137.3900
2.5896815918e+000 -6.1429228401e-001 -5.5286223894e+000
240 184 195
3 6 513 302.5900 -71.4800 7 779 300.5400 -123.5000 5 526 270.7100 -93.1500
2.6083978248e+000 -5.7789170949e-001 -5.4646928015e+000
242 193 212
3 6 514 307.9500 -67.8900 7 525 306.0200 -121.2200 5 527 277.0600 -90.6100
2.2255214515e+000 -7.1547705812e-001 -6.4084187774e+000
164 169 117
3 6 512 227.9100 -72.6900 7 527 228.0200 -113.2400 5 530 187.7600 -86.5100
2.6174288670e+000 -4.9062603133e-001 -5.4417603202e+000
234 173 188
3 6 518 310.2900 -57.8900 7 791 308.8600 -112.5000 5 532 280.5600 -81.6000
2.2782310358e+000 -6.2158026542e-001 -6.2932054781e+000
177 147 41
3 6 787 237.2300 -64.2700 7 795 237.6900 -106.8000 5 533 199.0300 -79.4500
9.8277145934e-001 1.0796045387e-002 -5.7034996326e+000
171 124 141
3 6 832 114.4000 1.7300 7 838 135.7200 -49.2300 5 572 108.2900 -10.2500
-5.8306989587e-001 -4.0392684069e-002 -4.7928196437e+000
226 178 187
3 6 354 -79.0200 -4.8900 7 833 -30.5300 -61.1300 5 573 -54.7100 -8.4200
-5.7409967058e-001 5.7390735670e-003 -4.7569442848e+000
219 171 182
3 6 551 -78.1400 1.6000 7 837 -29.0700 -56.4700 5 577 -52.1400 -1.8000
-5.3186819764e-001 8.8039523381e-002 -4.7024453186e+000
157 101 112
3 6 558 -73.0800 13.0400 7 845 -23.2100 -46.7400 5 584 -43.3900 9.1800
-5.3186819764e-001 8.8039523381e-002 -4.7024453186e+000
157 101 112
3 6 557 -73.0800 13.0400 7 844 -23.2100 -46.7400 5 585 -43.3900 9.1800
-1.0029125393e+000 8.1020228792e-002 -4.6744096942e+000
215 151 168
3 6 556 -139.1800 12.3200 7 848 -84.6100 -45.1800 5 586 -113.5800 13.9200
-5.3973828961e-001 2.5588618508e-001 -4.6488339979e+000
157 99 112
3 6 565 -74.9200 36.9300 7 861 -22.9900 -25.6000 5 589 -40.9100 34.0200
-9.9198127598e-001 2.4053879414e-001 -4.7069087275e+000
245 182 191
3 6 563 -136.7600 34.3900 7 568 -81.9300 -24.0700 5 592 -110.1400 38.0400
8.5742496301e-002 6.2613438344e-001 -5.4621625468e+000
233 218 230
3 6 586 11.2700 76.3000 7 901 47.6200 21.0200 5 610 22.7400 73.2000
1.1546193290e-001 6.4602882214e-001 -5.4548392093e+000
229 219 231
3 6 587 14.9100 78.6900 7 904 51.1600 23.0200 5 611 26.8000 75.4800
-9.7142976434e-001 6.6626776694e-001 -4.6169384612e+000
241 217 230
3 6 595 -136.0800 95.0200 7 918 -77.2300 31.0600 5 621 -100.0200 103.6400
3.6930794200e-001 9.8164858108e-001 -5.6377578032e+000
203 132 150
3 6 922 44.0800 115.4800 7 942 78.2200 58.9300 5 626 53.8200 110.7300
-1.0620998166e+000 7.7153614089e-001 -4.5816957423e+000
232 172 179
3 6 917 -149.8700 110.2100 7 932 -88.9900 46.0800 5 631 -112.0200 122.1800
4.2711023792e-001 1.0975694946e+000 -5.6394615324e+000
152 22 54
3 6 606 50.7300 128.8600 7 609 85.2000 71.4200 5 633 61.6100 123.5400
2.8343795776e+000 -3.4181273606e+000 -1.0035035965e+001
111 103 121
3 6 644 185.4800 -223.5100 7 655 164.8300 -229.7600 5 651 90.3100 -218.4400
2.5056609990e+000 -3.7242887640e+000 -1.0929475578e+001
100 95 114
3 6 641 151.1400 -224.7200 7 660 130.3500 -227.0800 5 653 51.5500 -217.1600
2.6012096638e+000 -3.5639714952e+000 -1.0677289697e+001
115 112 130
3 6 655 160.5600 -219.9600 7 664 140.0300 -223.6500 5 655 62.5700 -213.2400
2.6243981940e+000 -3.2236600117e+000 -1.0596877993e+001
117 106 126
3 6 681 163.5200 -200.7800 7 683 144.1500 -206.2500 5 670 67.5100 -194.8800
2.5085555854e+000 -2.7783934884e+000 -1.0959998887e+001
73 58 66
3 6 723 151.8100 -167.8100 7 724 134.2000 -174.2300 5 688 56.6400 -162.4800
2.1613530218e+000 -2.2744888757e+000 -1.1728553133e+001
107 92 111
3 6 752 122.9300 -128.8600 7 764 107.3300 -134.7700 5 717 27.4000 -122.1100
1.9609649512e+000 -2.4398726921e+000 -1.2412849331e+001
97 86 99
3 6 750 105.4300 -131.0500 7 765 89.0800 -134.0300 5 718 6.5000 -122.2000
2.1210984621e+000 -2.0607026947e+000 -1.1901082053e+001
107 91 101
3 6 769 119.0600 -115.3200 7 783 103.8600 -121.0600 5 736 23.9300 -108.0600
2.6167168225e+000 -7.1981740528e-001 -5.4559669176e+000
247 142 75
3 6 782 309.1400 -84.5800 7 760 305.9400 -136.5400 5 739 276.5400 -106.0900
2.2619528285e+000 -8.4283238372e-001 -6.3271677083e+000
215 191 85
3 6 780 234.1700 -86.8000 7 774 233.2700 -126.8800 5 744 193.5500 -100.3000
2.6183757847e+000 -5.3359562660e-001 -5.4491776001e+000
249 179 194
3 6 788 309.8500 -62.9000 7 789 308.3300 -116.9100 5 754 279.5600 -86.1000
2.6374381356e+000 -3.3865469067e-001 -5.3838940711e+000
215 78 123
3 6 800 315.6700 -40.2000 7 799 315.6400 -97.9600 5 770 288.0200 -65.8200
9.2237344999e-001 2.5072369648e-002 -5.7064813598e+000
223 194 208
3 6 833 107.3500 3.3500 7 843 129.3900 -47.1700 5 837 101.9300 -8.2200
5.0837814640e-002 6.1023557893e-001 -5.4595119217e+000
239 225 235
3 6 885 6.9600 74.4000 7 898 43.7400 19.5200 5 875 18.4300 71.6300
-1.4274560606e-001 5.9948031648e-001 -5.4617795954e+000
209 176 193
3 6 880 -16.4700 73.1100 7 899 21.9200 19.3900 5 881 -5.3800 72.9100
1.6129285380e+000 1.1049527846e+000 -5.2753946434e+000
159 96 109
3 6 608 199.9700 136.6000 7 946 225.4100 66.1700 5 905 210.1700 111.0600
5.5835449603e-001 1.0341781352e+000 -5.6632490877e+000
212 136 155
3 6 928 65.7700 120.9200 7 944 98.6100 63.3400 5 906 74.6500 113.9500
9.9897809133e-001 -3.0024414837e-001 -5.5378739376e+000
215 148 157
2 6 18 118.9300 -35.6200 7 22 140.4300 -84.7100
-5.8056279785e-002 5.3927813209e-001 -5.5486129820e+000
243 238 244
2 6 26 -5.9000 65.0700 7 28 29.6900 12.3300
-3.1293208863e-001 6.0798515010e-001 -5.2758953064e+000
34 19 22
2 6 27 -37.8100 76.9500 7 41 3.4700 20.6400
2.0389838705e+000 8.5598495693e-001 -6.3773946844e+000
192 132 142
2 6 28 209.9400 88.2100 7 29 223.5500 35.6000
-1.0929881308e-001 3.1084597739e-001 -5.6402424934e+000
235 234 242
2 6 51 -12.2400 37.0000 7 82 22.1000 -11.8000
-2.7496300298e-002 1.5614720347e+000 -5.9857604194e+000
161 15 26
2 6 62 -1.6200 173.0500 7 65 33.5400 120.4400
-1.3213495931e+000 -3.0084041594e+000 -1.2990439492e+001
58 58 69
2 6 64 -68.4500 -153.9600 7 71 -81.1300 -149.2000
-8.8671823788e-002 1.9247924688e-001 -5.8074922225e+000
198 32 51
2 6 69 -9.6600 22.4600 7 141 22.0600 -23.2300
1.4534335605e+000 3.3543277491e-001 -5.7849601414e+000
67 9 9
2 6 72 166.1700 38.8200 7 81 183.7100 -16.3600
-3.0836801188e+000 3.2734128578e+000 -1.2333121300e+001
23 21 26
2 6 81 -167.3800 177.4400 7 123 -161.1700 181.1500
3.5362571723e-001 -3.5406857413e+000 -1.3640470619e+001
9 9 9
2 6 86 17.1200 -172.9700 7 97 -0.7100 -168.5900
7.7995943396e-001 7.5965083404e-002 -5.7925655651e+000
238 230 239
2 6 91 89.6100 9.2400 7 104 112.8700 -40.1400
-1.8047294991e-001 2.3411154015e-001 -5.7067197829e+000
230 212 229
2 6 93 -20.9200 27.2100 7 143 13.8800 -18.7400
2.4135489743e+000 -1.1900417561e+000 -5.9837389506e+000
202 197 106
2 6 116 262.0000 -128.6800 7 127 257.7300 -168.6300
1.2009496159e+000 1.2119293148e-001 -5.6398001936e+000
189 123 137
2 6 124 141.0400 14.7800 7 138 161.0400 -39.2100
2.6271468237e-001 5.2969335476e-001 -5.4873671485e+000
230 208 219
2 6 131 32.6600 64.5500 7 205 66.1500 9.1600
-8.1893826944e-002 7.9444503428e-001 -5.5657847758e+000
91 1 7
2 6 137 -8.9500 94.8200 7 215 28.7100 41.2500
1.6042472967e+000 1.4870984463e+000 -5.4802404665e+000
169 119 130
2 6 144 191.3200 176.8500 7 161 218.5200 107.3100
8.5832207344e-001 -5.0551719614e+000 -1.5067001791e+001
42 42 51
2 6 149 37.3100 -223.5300 7 174 14.2700 -213.7600
2.4480952285e+000 -3.7377458820e+000 -1.1064689724e+001
37 33 48
2 6 151 146.0100 -222.8700 7 170 125.2200 -224.9000
2.4480952285e+000 -3.7377458820e+000 -1.1064689724e+001
37 33 48
2 6 152 146.0100 -222.8700 7 171 125.2200 -224.9000
3.0931811172e+000 -3.0222288284e+000 -9.3117181567e+000
60 49 63
2 6 153 217.4100 -212.3200 7 172 197.1100 -222.7500
2.7457215567e+000 -2.8329450150e+000 -1.0168635309e+001
64 55 67
2 6 155 178.5100 -183.5600 7 176 159.8000 -192.4800
2.4964684064e+000 -2.1208029359e+000 -8.4147422482e+000
188 174 148
2 6 156 195.3200 -165.5100 7 177 182.7600 -183.2800
4.9584647939e-001 -3.3311982691e+000 -1.3437536793e+001
104 81 65
2 6 157 24.1400 -165.6100 7 179 7.6100 -161.4800
2.6275454430e+000 -3.7686502058e-001 -5.4207001063e+000
224 181 194
2 6 166 312.7800 -44.4600 7 185 311.9800 -101.1900
2.6275454430e+000 -3.7686502058e-001 -5.4207001063e+000
224 181 194
2 6 167 312.7800 -44.4600 7 186 311.9800 -101.1900
2.3036114573e+000 -3.2854488850e-001 -6.2942029823e+000
220 184 47
2 6 169 239.9500 -33.7900 7 252 242.3100 -79.4200
5.9964126540e-001 1.7704940317e+000 -5.9666988802e+000
67 1 0
2 6 205 66.8200 195.4300 7 225 100.5600 138.7800
2.7495057220e+000 -3.2940059414e+000 -1.0197682486e+001
53 42 52
2 6 212 177.5100 -212.5000 7 230 157.5000 -218.7600
2.7495057220e+000 -3.2940059414e+000 -1.0197682486e+001
53 42 52
2 6 213 177.5100 -212.5000 7 231 157.5000 -218.7600
2.3773158714e+000 -2.0118828989e+000 -8.7088520428e+000
178 171 140
2 6 216 180.2600 -152.1900 7 236 168.6800 -169.1100
1.5659824692e+000 -2.6482138928e+000 -1.2753390433e+001
110 84 65
2 6 219 81.9200 -138.5500 7 238 65.5400 -139.4900
1.4326299547e+000 -2.6001516351e+000 -1.2778979585e+001
18 29 45
2 6 220 74.8400 -135.7500 7 239 58.7900 -136.6300
2.1164410157e+000 -2.2207763847e+000 -1.1882071166e+001
54 41 43
2 6 223 118.8900 -124.4200 7 243 103.3100 -129.7300
2.5866911849e+000 -6.1870209888e-001 -5.4589018988e+000
225 190 208
2 6 231 305.7000 -72.8100 7 358 303.8600 -125.5800
2.1382141541e+000 3.5049774710e-001 -6.5118495674e+000
147 111 50
2 6 254 216.2500 35.8100 7 391 224.1000 -12.5200
4.8894077830e-001 8.9008720681e-001 -5.5936576379e+000
148 19 29
2 6 267 58.6500 105.6500 7 419 91.3400 48.1500
1.7573142935e+000 1.4621635497e+000 -5.5279791730e+000
69 30 30
2 6 285 207.3700 172.1500 7 308 232.5100 102.9500
2.3962483883e+000 -4.0167774677e+000 -1.1219965674e+001
84 79 97
2 6 295 140.6600 -236.1100 7 458 119.3200 -236.4000
2.6155336862e+000 -3.4201545944e+000 -1.0710957235e+001
98 89 106
2 6 303 160.9700 -210.7500 7 332 141.1600 -214.7600
2.9460424267e+000 -2.9622001455e+000 -9.6081359168e+000
56 43 54
2 6 304 201.4100 -202.3600 7 333 182.0100 -212.0700
1.7961439005e+000 -3.7853926783e+000 -1.2843523939e+001
10 10 12
2 6 305 92.7700 -196.0800 7 338 72.6800 -193.7400
1.7961439005e+000 -3.7853926783e+000 -1.2843523939e+001
10 10 12
2 6 306 92.7700 -196.0800 7 339 72.6800 -193.7400
2.7917989752e+000 -2.9542837432e+000 -1.0085251257e+001
59 47 61
2 6 308 182.6300 -192.8600 7 334 163.5300 -201.3000
2.7917989752e+000 -2.9542837432e+000 -1.0085251257e+001
59 47 61
2 6 309 182.6300 -192.8600 7 335 163.5300 -201.3000
2.5884469912e+000 -3.0679909733e+000 -1.0689313248e+001
59 52 64
2 6 311 160.2200 -189.6000 7 336 141.2800 -195.6000
2.5884469912e+000 -3.0679909733e+000 -1.0689313248e+001
59 52 64
2 6 312 160.2200 -189.6000 7 337 141.2800 -195.6000
1.6968818437e+000 -2.8395670217e+000 -1.2992760696e+001
47 38 45
2 6 317 87.1800 -145.7400 7 501 69.4800 -146.0400
2.0309345354e+000 -2.3853996529e+000 -1.2061458580e+001
52 42 42
2 6 320 112.2200 -131.8500 7 511 96.4800 -135.7400
1.9642861411e+000 -1.1964791536e+000 -6.9355638391e+000
203 182 70
2 6 324 186.6000 -113.1000 7 504 185.2800 -144.2900
2.5950668663e+000 -6.2224507666e-001 -5.4745706187e+000
227 196 213
2 6 329 305.8200 -73.0300 7 357 303.8600 -125.5800
2.6239571067e+000 -4.3545874729e-001 -5.4166810318e+000
236 188 201
2 6 333 312.3500 -51.5600 7 530 311.4800 -107.3600
2.6302738743e+000 -3.7240794087e-001 -5.3907212931e+000
245 191 207
2 6 336 314.5400 -44.2500 7 532 314.0500 -101.2600
2.2077071882e+000 -2.8559735237e-001 -6.2715476247e+000
114 69 10
2 6 340 231.1500 -29.3800 7 545 234.6600 -75.4600
-6.0508998137e-001 -9.6373825222e-002 -4.8264387209e+000
229 178 190
2 6 351 -81.2200 -12.2900 7 550 -34.1500 -67.5700
-5.0396451008e-001 1.8634311114e-001 -4.6834422964e+000
225 164 172
2 6 366 -69.3800 26.8600 7 562 -19.0000 -34.4600
4.8117781123e-001 2.3009014932e-001 -5.7577786961e+000
125 4 14
2 6 367 56.0400 27.1300 7 387 83.1700 -22.8100
2.1766231477e+000 2.9481871699e-001 -6.5294651927e+000
84 49 7
2 6 369 219.5600 30.1600 7 389 226.4500 -17.8100
-4.4104578494e-001 4.3337323998e-001 -4.6839375419e+000
207 155 168
2 6 376 -60.6800 61.2300 7 576 -8.9600 -2.6000
2.2452732226e+000 6.4624811281e-001 -6.4012313239e+000
176 139 90
2 6 379 230.3400 66.5400 7 404 239.6700 14.3100
3.6248727569e-001 5.7704123607e-001 -5.5325887340e+000
156 27 44
2 6 380 43.9100 69.3300 7 583 77.1100 14.4000
-6.7984599802e-001 5.8652801603e-001 -4.6235080358e+000
189 126 143
2 6 382 -94.9600 83.6700 7 406 -39.2200 18.6400
-6.7984599802e-001 5.8652801603e-001 -4.6235080358e+000
189 126 143
2 6 383 -94.9600 83.6700 7 407 -39.2200 18.6400
2.8210594125e-001 7.1390215637e-001 -5.3988749381e+000
219 197 209
2 6 385 35.3700 87.8100 7 587 71.3000 29.8200
4.3696202615e-001 7.3241756081e-001 -5.4596197581e+000
246 224 228
2 6 387 53.3700 88.8100 7 413 87.9100 31.2900
4.3696202615e-001 7.3241756081e-001 -5.4596197581e+000
246 224 228
2 6 388 53.3700 88.8100 7 414 87.9100 31.2900
-7.0780412058e-001 6.3929344811e-001 -4.6052494549e+000
170 104 126
2 6 391 -99.1500 91.5100 7 411 -42.6700 25.7000
5.2286399560e-001 8.5538595656e-001 -5.6323450069e+000
205 172 197
2 6 393 62.3200 100.9800 7 597 93.8800 43.9900
-7.9813553852e-001 7.0362937466e-001 -4.5827085890e+000
233 178 193
2 6 394 -112.4100 100.9800 7 415 -54.2800 34.9100
-8.4102185540e-001 7.3895748859e-001 -4.5847458630e+000
226 172 182
2 6 396 -118.4000 105.9200 7 417 -59.7800 39.9300
-1.1217139433e+000 7.5909959730e-001 -4.5953394162e+000
229 167 180
2 6 400 -157.5600 108.3600 7 418 -97.1900 44.5100
1.2498975259e+000 1.1569780049e+000 -5.2512498459e+000
184 132 143
2 6 407 156.3300 144.2200 7 433 187.0800 74.7500
2.9035237488e+000 -3.2405154052e+000 -9.8188262714e+000
52 45 57
2 6 435 194.2100 -216.4800 7 468 173.7300 -224.2500
2.5748806525e+000 -3.5226750810e+000 -1.0789022533e+001
101 97 119
2 6 439 157.3800 -215.3900 7 473 137.1500 -218.9000
2.5129710034e+000 -3.5157426622e+000 -1.0913906915e+001
105 97 118
2 6 440 151.9800 -212.6800 7 477 131.9100 -215.9000
2.2488022607e+000 -3.6715489841e+000 -1.1594052475e+001
53 51 65
2 6 443 128.2600 -209.7500 7 681 108.3000 -210.5100
2.2311514758e+000 -3.6056946797e+000 -1.1611505965e+001
85 78 96
2 6 445 127.1500 -205.7500 7 479 107.3900 -206.7500
2.1687162798e+000 -3.5420766115e+000 -1.1753200587e+001
39 35 49
2 6 448 122.3000 -199.8000 7 481 102.6500 -200.8500
2.8760503294e+000 -2.8533442647e+000 -9.8759042030e+000
57 41 47
2 6 457 191.8500 -190.1200 7 482 173.0500 -199.5900
2.8760503294e+000 -2.8533442647e+000 -9.8759042030e+000
57 41 47
2 6 458 191.8500 -190.1200 7 483 173.0500 -199.5900
2.4716554267e+000 -2.9685160751e+000 -1.1036553488e+001
57 46 54
2 6 466 148.4100 -178.2000 7 715 130.2500 -183.3700
1.6848881530e+000 -3.5362443515e+000 -1.3228776168e+001
88 85 103
2 6 467 84.7100 -178.1300 7 491 65.0500 -175.8900
2.5276559729e+000 -2.2190180241e+000 -8.3371708735e+000
187 178 144
2 6 470 199.2500 -174.6200 7 484 186.2400 -192.0100
2.6289729749e+000 -2.6812798487e+000 -1.0457870672e+001
67 55 65
2 6 473 166.4400 -169.5500 7 719 149.0600 -177.7600
1.7474327589e+000 -3.1512137521e+000 -1.3022687891e+001
54 48 60
2 6 479 89.3300 -161.3900 7 495 70.8800 -160.5900
2.3781391750e+000 -2.0898678086e+000 -8.6564237257e+000
113 98 80
2 6 480 181.3700 -158.8600 7 492 169.3000 -175.6900
2.1657042230e+000 -2.4617804176e+000 -1.1793266258e+001
63 47 57
2 6 486 122.2200 -139.0700 7 506 106.2600 -143.5200
2.3890486547e+000 -2.3176546800e+000 -1.1132592841e+001
121 118 134
2 6 488 142.7600 -138.3000 7 503 127.0100 -145.6500
2.2196377373e+000 -8.9793308756e-001 -6.4280481853e+000
216 192 86
2 6 504 226.5100 -90.9700 7 516 225.4300 -129.8000
2.5998351704e+000 -6.4997006008e-001 -5.5554071600e+000
221 70 104
2 6 511 302.3600 -75.1600 7 776 299.8200 -126.6000
2.5975089187e+000 -5.6271875409e-001 -5.5175588978e+000
239 180 193
2 6 516 304.1000 -65.5000 7 786 302.3600 -118.4300
2.1219937222e+000 -5.7109303134e-001 -6.6208494666e+000
228 191 78
2 6 519 211.3600 -55.9900 7 534 212.3600 -96.1800
2.3214365685e+000 -4.8175233522e-001 -6.2214169889e+000
229 196 57
2 6 525 244.3800 -50.1900 7 535 245.4900 -95.3000
2.3214365685e+000 -4.8175233522e-001 -6.2214169889e+000
229 196 57
2 6 526 244.3800 -50.1900 7 536 245.4900 -95.3000
8.5121446257e-001 -3.8215201761e-001 -5.5567223504e+000
169 46 60
2 6 529 101.5700 -44.8000 7 806 122.9900 -93.0300
2.2680946409e+000 -3.6444024549e-001 -6.2776945506e+000
97 62 2
2 6 532 236.9600 -37.6000 7 816 239.4100 -83.0000
2.6359781043e+000 -3.1213881246e-001 -5.3706551288e+000
232 191 210
2 6 533 316.2300 -37.2500 7 800 316.3700 -95.2000
2.2409903021e+000 -3.2414271737e-001 -6.2824409100e+000
120 75 14
2 6 535 234.1000 -33.3600 7 818 237.0300 -79.0400
2.6361319289e+000 -2.5500269425e-001 -5.4102295343e+000
240 192 195
2 6 536 314.3600 -30.0900 7 543 314.5900 -88.4400
2.2106404105e+000 3.0997663689e-001 -6.5150459870e+000
176 139 48
2 6 562 223.2400 31.6400 7 571 230.2300 -16.5600
-4.1916835113e-001 4.5296062462e-001 -4.7263898342e+000
171 123 144
2 6 577 -57.0900 63.4700 7 578 -6.3000 0.0600
-4.0550922112e-001 4.8255388478e-001 -4.7516053284e+000
220 191 199
2 6 581 -54.8200 67.3200 7 581 -4.6100 3.8600
-1.1160875695e+000 4.9218290444e-001 -4.6490113736e+000
173 160 195
2 6 583 -155.4700 69.8000 7 582 -97.3800 9.2300
1.2862232870e-001 6.2305957296e-001 -5.4609118637e+000
73 21 45
2 6 585 16.3300 75.8800 7 900 52.5200 20.6200
3.6866159129e-001 6.7119293232e-001 -5.4730013385e+000
243 214 219
2 6 588 45.2300 81.4500 7 586 79.4200 24.6500
1.3887743140e-001 7.2112860105e-001 -5.5023307352e+000
71 6 13
2 6 591 17.5600 87.1700 7 588 53.5200 31.5900
-6.7916040220e-001 6.3329948424e-001 -4.6296185082e+000
237 174 184
2 6 592 -94.5900 90.2700 7 909 -38.9600 24.7200
-9.8068594042e-001 7.3164361465e-001 -4.5737178770e+000
228 165 173
2 6 597 -138.4900 104.9800 7 590 -78.5600 39.9700
-1.0404976038e+000 8.2177788352e-001 -4.5982536039e+000
157 100 122
2 6 605 -146.0000 117.2000 7 601 -85.9000 52.3200
-3.9731976034e+000 4.0560506671e+000 -1.1933761153e+001
146 93 86
2 6 619 -219.3700 225.4000 7 1037 -212.5600 230.5400
2.2644123270e+000 -4.0467404303e+000 -1.1552631347e+001
51 45 59
2 6 630 129.3300 -231.3900 7 652 108.0600 -230.9300
2.3060614878e+000 -3.9903536304e+000 -1.1433590876e+001
89 87 105
2 6 631 132.9900 -230.5400 7 653 111.9700 -230.4100
1.0118407154e+000 -5.1719077047e+000 -1.4949575423e+001
48 48 57
2 6 632 44.3900 -230.3300 7 670 20.9900 -220.5000
2.2973701619e+000 -3.8758726022e+000 -1.1405977779e+001
88 85 102
2 6 642 132.9600 -224.5500 7 662 112.2300 -225.0200
2.7673494715e+000 -3.4566314629e+000 -1.0234242696e+001
59 54 71
2 6 650 177.7900 -222.0100 7 657 157.1700 -227.3700
3.0778500860e+000 -3.1152098989e+000 -9.3242634802e+000
56 47 62
2 6 658 215.9600 -218.4100 7 656 195.2900 -228.3200
2.4605123850e+000 -3.5963735394e+000 -1.1129621252e+001
99 95 118
2 6 662 146.0200 -213.4700 7 677 125.7000 -215.8900
2.3922985764e+000 -3.6205286874e+000 -1.1315606902e+001
56 46 58
2 6 666 139.7500 -211.5600 7 680 119.4700 -213.4300
2.9053875862e+000 -3.0787546999e+000 -9.7597422916e+000
117 110 126
2 6 674 195.6500 -207.1000 7 676 175.8600 -215.8000
2.4320617630e+000 -3.3853493866e+000 -1.1047501180e+001
53 46 61
2 6 679 145.5500 -202.6500 7 686 126.1400 -206.0100
2.5951559191e+000 -3.2548027394e+000 -1.0673512208e+001
68 59 74
2 6 680 160.5500 -201.3400 7 684 141.1900 -206.3400
2.2144556211e+000 -3.5119233707e+000 -1.1721909293e+001
88 81 97
2 6 685 125.2000 -198.6200 7 692 105.5400 -199.8900
1.6706399267e+000 -3.9409988622e+000 -1.3234173231e+001
36 26 32
2 6 688 83.7200 -198.2300 7 699 63.1600 -194.6600
2.5759381219e+000 -3.1697389889e+000 -1.0711047036e+001
100 93 109
2 6 691 158.9600 -195.5000 7 691 139.8800 -200.8200
2.0297970868e+000 -3.5890771295e+000 -1.2247807317e+001
52 47 68
2 6 692 109.9400 -194.6600 7 697 90.2400 -194.3500
2.0297970868e+000 -3.5890771295e+000 -1.2247807317e+001
52 47 68
2 6 693 109.9400 -194.6600 7 698 90.2400 -194.3500
2.7372553726e+000 -2.9094158918e+000 -1.0210307000e+001
47 34 47
2 6 698 177.0200 -187.8800 7 695 158.4000 -195.9900
2.1534759492e+000 -3.3690032032e+000 -1.1947405049e+001
90 78 86
2 6 699 119.6200 -187.2500 7 708 100.4400 -188.4700
1.8873902381e+000 -3.5543216659e+000 -1.2670975867e+001
44 36 49
2 6 701 99.0300 -186.5400 7 713 79.2300 -185.6000
2.5155452087e+000 -2.9884899383e+000 -1.0800633101e+001
57 46 60
2 6 704 154.2200 -183.0600 7 705 135.9200 -188.8700
2.0311535668e+000 -3.2356677290e+000 -1.2212270167e+001
57 49 60
2 6 712 110.5400 -176.2200 7 722 91.8900 -177.1800
2.0288376598e+000 -3.1511101393e+000 -1.2166769476e+001
89 85 99
2 6 718 110.8700 -172.2800 7 726 92.5100 -173.6200
2.0288376598e+000 -3.1511101393e+000 -1.2166769476e+001
89 85 99
2 6 719 110.8700 -172.2800 7 727 92.5100 -173.6200
2.5695791418e+000 -2.6249102195e+000 -1.0681168966e+001
106 99 115
2 6 732 159.5500 -162.6900 7 732 142.3300 -170.5200
2.5695791418e+000 -2.6249102195e+000 -1.0681168966e+001
106 99 115
2 6 733 159.5500 -162.6900 7 733 142.3300 -170.5200
2.4791988152e+000 -2.6500568694e+000 -1.0900732647e+001
64 53 67
2 6 735 150.9200 -161.1700 7 737 133.9100 -168.0200
2.4791988152e+000 -2.6500568694e+000 -1.0900732647e+001
64 53 67
2 6 737 150.9200 -161.1700 7 739 133.9100 -168.0200
1.2962426346e+000 -3.0934750577e+000 -1.4323352160e+001
74 67 78
2 6 744 60.2100 -144.4700 7 756 41.5100 -140.8000
2.2056169869e+000 -2.2767416567e+000 -1.1672409029e+001
68 55 68
2 6 751 126.0600 -129.7200 7 763 110.2000 -135.6300
2.4148310923e+000 -1.1873153791e+000 -5.9861308700e+000
197 196 106
2 6 753 262.0900 -128.3000 7 736 257.7200 -168.3400
2.3975931375e+000 -2.1016102838e+000 -1.1150498587e+001
71 60 79
2 6 758 143.1800 -125.2500 7 768 128.1000 -133.3900
2.2494642113e+000 -2.0827928067e+000 -1.1403716025e+001
91 79 87
2 6 760 131.5700 -121.4300 7 771 116.6000 -128.7600
2.2494642113e+000 -2.0827928067e+000 -1.1403716025e+001
91 79 87
2 6 761 131.5700 -121.4300 7 772 116.6000 -128.7600
2.0753673383e+000 -2.0947171385e+000 -1.1955865220e+001
62 50 55
2 6 768 116.0000 -116.6100 7 782 100.7200 -122.1600
2.6050634192e+000 -5.1986409390e-001 -5.4993990391e+000
233 187 193
2 6 790 305.8500 -60.7300 7 790 304.5100 -114.3500
2.3368010561e+000 -2.5522577600e-001 -6.1967439072e+000
175 144 33
2 6 814 246.9600 -26.5500 7 823 249.6600 -74.0700
2.6428691414e+000 -2.1231941684e-001 -5.3982612044e+000
237 192 205
2 6 816 315.6900 -25.1300 7 815 316.4100 -84.0700
2.2552307282e+000 5.6723115698e-001 -6.3558358951e+000
139 84 16
2 6 860 233.0600 58.9300 7 882 241.6500 6.4900
-8.5298105905e-001 4.7203252071e-001 -4.6318246293e+000
182 160 191
2 6 874 -119.0900 67.4600 7 878 -62.9900 4.5900
-1.0661142381e+000 5.1909310817e-001 -4.6166637757e+000
147 198 228
2 6 884 -149.4800 74.0700 7 891 -90.9200 12.3000
-9.2923568156e-001 6.5476659577e-001 -4.6062455365e+000
235 199 217
2 6 899 -130.4000 93.5100 7 916 -71.9800 29.3300
5.2489206791e-001 9.0435271502e-001 -5.6054758766e+000
202 159 176
2 6 912 62.7600 107.1000 7 935 95.0700 49.4700
-8.2209250821e-001 7.6042266588e-001 -4.5843223950e+000
146 87 107
2 6 915 -115.6900 109.0000 7 927 -57.1300 42.6500
3.6901834154e-001 9.8109680782e-001 -5.6338121848e+000
203 132 150
2 6 921 44.0800 115.4800 7 941 78.2200 58.9300
-9.3452581445e-001 8.4099577888e-001 -4.5996674100e+000
216 161 173
2 6 926 -131.1300 119.8900 7 938 -71.5100 54.2200
5.1660430592e-001 1.1330403790e+000 -5.6787082605e+000
142 34 59
2 6 929 60.7000 131.9600 7 951 94.3200 74.5200
-3.9736426244e+000 3.5930369194e+000 -1.1919661798e+001
144 80 72
2 6 951 -220.4700 200.4400 7 985 -214.1000 205.3800
-5.3953275994e+000 3.6319759617e+000 -1.1624565680e+001
128 72 58
2 6 958 -302.8900 204.9400 7 1001 -297.7800 214.9700
-5.3953275994e+000 3.6319759617e+000 -1.1624565680e+001
128 72 58
2 6 959 -302.8900 204.9400 7 1002 -297.7800 214.9700
-5.5479145278e+000 3.6182032681e+000 -1.1548251107e+001
125 72 64
2 6 960 -312.8700 205.0800 7 639 -307.9200 215.6100
-5.5479145278e+000 3.6182032681e+000 -1.1548251107e+001
125 72 64
2 6 961 -312.8700 205.0800 7 640 -307.9200 215.6100
-3.8868584581e+000 3.7450347491e+000 -1.1996088144e+001
129 57 41
2 6 963 -214.2400 207.6000 7 995 -207.8600 212.4500
-3.9733614105e+000 3.7594070558e+000 -1.2040170065e+001
130 57 30
2 6 964 -218.0200 207.6600 7 996 -212.0800 212.7500
-5.0906114558e+000 3.7149905460e+000 -1.1613137616e+001
130 72 56
2 6 975 -286.7500 210.2100 7 1006 -280.6900 219.2100
-3.8528446719e+000 3.8248705629e+000 -1.1967621203e+001
132 53 30
2 6 980 -212.7200 212.4600 7 1005 -206.1600 217.1000
-4.9608574472e+000 3.8275381728e+000 -1.1670390602e+001
134 72 65
2 6 985 -278.1900 215.7700 7 1023 -272.1000 224.3100
-4.9181524696e+000 3.9165346081e+000 -1.1639434488e+001
135 75 58
2 6 992 -276.4700 221.1600 7 1036 -269.9000 229.7600
-3.5570258439e+000 4.0493310304e+000 -1.1991205430e+001
143 85 86
2 6 994 -196.1600 224.4100 7 1033 -188.7600 228.3900
2.4632937887e+000 -1.7460705809e+000 -5.8242745860e+000
214 38 63
2 6 21 272.4100 -192.2800 5 12 227.0900 -203.4800
7.0646502281e-001 2.8636392516e-001 -5.6572940723e+000
204 29 53
2 6 24 83.2600 34.5700 5 21 83.1600 23.4800
7.0646502281e-001 2.8636392516e-001 -5.6572940723e+000
204 29 53
2 6 25 83.2600 34.5700 5 22 83.1600 23.4800
-8.1744584440e-001 -3.1920497849e-001 -5.1334933552e+000
235 183 196
2 6 48 -103.9900 -41.0300 5 48 -96.7200 -40.2700
-8.7393433831e-001 5.7572071026e-001 -4.6166003766e+000
162 189 226
2 6 76 -122.3300 82.8800 5 87 -86.2600 87.4700
2.1957844327e+000 1.1608941746e+000 -6.0086759672e+000
212 176 116
2 6 79 238.8400 126.9200 5 112 224.1600 100.4300
-3.2051029428e+000 3.7951813292e+000 -1.4603337622e+001
29 26 34
2 6 145 -147.0300 176.2100 5 236 -238.7800 219.9500
8.1037028027e-001 -1.8200700870e-002 -5.7874797369e+000
81 4 10
2 6 176 93.1200 -1.7300 5 201 86.0300 -11.3600
-3.0068529831e+000 4.0971839425e+000 -1.6620410501e+001
96 85 103
2 6 201 -121.8400 166.7400 5 233 -219.2500 209.9500
1.2776839977e+000 -2.6017958182e+000 -1.3516418962e+001
25 29 49
2 6 222 63.0200 -128.6700 5 246 -40.4800 -116.5400
1.9781770000e+000 -1.0778810066e+000 -6.8839621399e+000
203 178 60
2 6 225 189.4500 -102.4000 5 247 142.0800 -111.2500
1.3060903903e+000 -7.9145096941e-002 -5.4124934045e+000
215 151 156
2 6 240 159.1300 -9.2300 5 271 156.1000 -26.2400
7.1507985417e-001 6.8342894519e-002 -5.8489953098e+000
199 45 81
2 6 246 81.4800 8.3100 5 277 74.2900 -0.4500
2.6467133160e-001 1.2822409526e-001 -5.6800170847e+000
204 42 82
2 6 249 31.5500 15.7400 5 280 30.9900 9.9200
7.2727821225e-001 1.6763337807e-001 -5.7675115991e+000
111 13 20
2 6 252 83.9900 19.6500 5 282 79.8700 10.5000
-6.4645161960e-001 4.0658966332e-001 -4.6525712173e+000
211 160 172
2 6 256 -89.7600 58.2300 5 213 -54.8100 58.1200
4.8756001041e-001 9.3790496848e-001 -5.6515455791e+000
138 12 28
2 6 272 57.7200 109.9700 5 301 66.2600 103.6900
-9.9696381601e-001 7.9298025622e-001 -4.5950106881e+000
224 165 176
2 6 274 -140.0400 113.3900 5 311 -101.7500 123.9300
2.1036338283e+000 -2.3540140668e+000 -1.2065105824e+001
104 96 105
2 6 323 116.3000 -130.1100 5 349 19.1300 -121.9800
8.5296808756e-001 2.6646013885e-003 -5.7582988160e+000
223 197 213
2 6 360 98.4700 0.8100 5 391 91.9800 -9.7400
2.2466730412e+000 5.7494924373e-001 -6.3253225191e+000
149 93 24
2 6 375 233.2100 60.1100 5 404 206.4300 39.4300
1.0982692553e+000 6.2869827544e-001 -5.5395199726e+000
102 6 13
2 6 381 131.2000 75.2100 5 414 135.1600 59.7200
-8.6490532976e-001 9.6555221471e-001 -4.6523558304e+000
158 124 143
2 6 406 -119.8700 136.1200 5 456 -79.8500 146.7200
3.0377981114e+000 -3.2801147695e+000 -9.4996961664e+000
122 117 137
2 6 430 209.2100 -226.0200 5 471 116.5300 -221.7000
2.7974013611e+000 -3.3950964876e+000 -1.0143273839e+001
117 111 132
2 6 433 181.2900 -220.0300 5 474 85.9500 -214.5300
2.3557552503e+000 -3.1142338902e+000 -1.1322566339e+001
108 101 117
2 6 462 137.9600 -182.4300 5 490 39.9900 -175.1500
2.7068841389e+000 -2.6682958472e+000 -1.0317097204e+001
120 114 129
2 6 471 173.5800 -170.9000 5 497 81.5300 -166.8600
2.6330619903e+000 -2.6857408747e+000 -1.0475763341e+001
67 55 65
2 6 474 166.4400 -169.5500 5 499 73.7800 -165.0900
2.3293218289e+000 -1.5286882768e+000 -6.0743050112e+000
201 153 45
2 6 477 248.9500 -162.9300 5 492 204.4800 -173.7000
2.3293218289e+000 -1.5286882768e+000 -6.0743050112e+000
201 153 45
2 6 478 248.9500 -162.9300 5 493 204.4800 -173.7000
2.3965974798e+000 -2.4386453433e+000 -1.1258046962e+001
74 53 61
2 6 482 141.6100 -144.0100 5 505 47.1300 -137.8600
2.2224759381e+000 -8.5645376333e-001 -6.4024272046e+000
217 194 83
2 6 507 227.6400 -87.0500 5 355 186.2300 -100.2100
2.2657070405e+000 -7.5033903186e-001 -6.3284168415e+000
163 137 40
2 6 509 234.6400 -76.9100 5 359 194.6700 -91.5300
2.3089714306e+000 -5.1021252656e-001 -6.2095969524e+000
225 194 63
2 6 521 243.4800 -53.3600 5 374 207.0700 -69.6400
-9.1870372607e-001 3.9137790522e-001 -4.6686122835e+000
245 237 249
2 6 573 -127.4800 55.5800 5 415 -96.3300 60.1500
1.0768952212e+000 5.2747490058e-001 -5.5592341444e+000
201 41 74
2 6 576 128.2700 63.0000 5 408 130.7800 48.0600
3.0177622160e+000 -3.3798966700e+000 -9.6578337596e+000
116 113 136
2 6 633 204.5000 -229.2000 5 649 110.5900 -224.3200
2.5623242699e+000 -3.5718965299e+000 -1.0729584127e+001
51 47 63
2 6 656 157.4100 -219.5200 5 476 59.3300 -212.5900
3.0001637211e+000 -3.1025565993e+000 -9.5499643386e+000
115 100 121
2 6 663 205.9700 -213.0800 5 659 114.2100 -209.2200
2.8642602525e+000 -3.1987348663e+000 -9.9315771057e+000
32 30 45
2 6 665 189.5700 -211.6800 5 660 96.0000 -207.0400
2.7115647024e+000 -3.2714695244e+000 -1.0424203940e+001
115 109 126
2 6 675 171.4500 -207.0200 5 664 75.7900 -201.0400
2.4235847207e+000 -3.3838691550e+000 -1.1189541218e+001
113 109 127
2 6 682 143.3000 -200.1200 5 674 44.4300 -192.8100
2.6657332784e+000 -2.7413408312e+000 -1.0382177293e+001
67 61 76
2 6 714 169.8600 -174.5800 5 495 77.3000 -170.0300
2.4741241723e+000 -2.8969763779e+000 -1.0999316202e+001
116 108 123
2 6 716 149.1300 -174.5700 5 681 53.3800 -168.3700
2.5084483053e+000 -2.6356762072e+000 -1.0799074553e+001
104 104 123
2 6 734 154.1400 -161.6100 5 695 60.5100 -156.6600
2.5968065436e+000 -2.5289123979e+000 -1.0529055216e+001
111 103 121
2 6 738 163.5100 -159.0600 5 696 71.5700 -154.6300
2.1230707699e+000 -2.0614072312e+000 -1.1906629557e+001
107 91 101
2 6 770 119.0600 -115.3200 5 737 23.9300 -108.0600
2.5915807740e+000 -5.9432478640e-001 -5.4817531371e+000
208 106 133
2 6 785 305.2300 -69.6100 5 750 274.1700 -91.9600
2.5915807740e+000 -5.9432478640e-001 -5.4817531371e+000
208 106 133
2 6 786 305.2300 -69.6100 5 751 274.1700 -91.9600
2.5826783541e+000 -5.2844339188e-001 -5.5078478824e+000
206 60 87
2 6 789 303.0200 -61.5900 5 755 272.4400 -84.3200
2.6165452906e+000 -4.6363270575e-001 -5.4588515043e+000
208 95 123
2 6 791 309.3800 -54.4800 5 759 279.6000 -78.2400
2.3331867869e+000 -4.6614507128e-001 -6.1582399740e+000
167 135 16
2 6 795 247.9200 -49.0700 5 771 212.3500 -66.1400
2.6312372897e+000 -2.3043764444e-001 -5.4121056805e+000
215 80 98
2 6 810 313.7100 -27.2600 5 779 286.9500 -53.3800
2.6312372897e+000 -2.3043764444e-001 -5.4121056805e+000
215 80 98
2 6 811 313.7100 -27.2600 5 780 286.9500 -53.3800
2.3557346156e+000 -2.6622694563e-002 -6.0975308442e+000
167 136 16
2 6 829 252.8100 -2.5300 5 820 222.2300 -22.5700
2.5592570737e+000 8.3734252046e-002 -5.5546456159e+000
184 158 92
2 6 837 298.5100 9.9600 5 826 274.3800 -16.9400
-6.9462583580e-001 4.5476937638e-001 -4.6836427932e+000
220 158 170
2 6 868 -95.9200 64.3300 5 872 -61.9700 66.1700
1.7963052678e-001 6.8843735427e-001 -5.4675688148e+000
187 157 176
2 6 890 22.5500 83.7200 5 891 34.5500 79.4900
-7.9007719047e-001 9.4246228449e-001 -4.6629597509e+000
132 93 111
2 6 931 -109.2300 132.7900 5 913 -69.0900 141.4500
-2.5312957016e+000 3.2336437351e+000 -1.2090853556e+001
91 86 95
2 6 940 -139.8100 179.4700 5 641 -217.0500 222.2800
1.6577770310e+000 3.9924097536e-001 -6.0332044972e+000
205 41 51
2 7 4 196.5500 -9.2700 5 7 165.1700 27.8000
-2.5385261478e+000 1.7979722562e+000 -1.2517271784e+001
124 105 114
2 7 92 -134.9400 98.5300 5 91 -224.1600 134.0800
1.9391687287e+000 -1.1709077705e+000 -6.8695526830e+000
226 207 90
2 7 98 185.1900 -143.7600 5 67 138.4200 -119.5500
-8.0929711750e-001 3.3226767536e-001 -4.7758400460e+000
223 153 168
2 7 106 -57.4100 -12.8700 5 55 -82.4900 49.3400
-8.0929711750e-001 3.3226767536e-001 -4.7758400460e+000
223 153 168
2 7 107 -57.4100 -12.8700 5 56 -82.4900 49.3400
1.3776541670e+000 1.2217955537e-001 -5.5416168823e+000
132 26 23
2 7 137 182.9000 -40.7900 5 141 159.2800 -2.5400
9.7712473938e-001 1.5843876539e-001 -5.8025591960e+000
135 14 22
2 7 139 133.5500 -32.2700 5 207 105.0200 6.9800
-9.8442111840e-001 1.9928379591e-001 -4.6842908376e+000
223 160 168
2 7 140 -81.6000 -29.7000 5 105 -109.1400 31.7800
1.4539654898e+000 1.3712671361e+000 -5.3439223534e+000
200 144 155
2 7 159 207.1500 97.0700 5 164 191.8600 144.2400
-1.9867137047e+000 2.1008099240e+000 -1.1771438489e+001
121 100 115
2 7 164 -108.9900 117.9400 5 165 -191.8100 154.8200
-5.2459188950e-001 -1.6231705702e-001 -5.0484174469e+000
251 208 218
2 7 192 -25.0100 -71.7000 5 195 -53.4500 -23.8000
1.1742822997e+000 5.8385771554e-002 -5.5091205692e+000
134 59 62
2 7 197 161.9900 -47.2700 5 202 138.5500 -8.2300
8.0621168576e-001 -2.3073129490e+000 -1.2546214372e+001
150 127 125
2 7 246 29.6000 -123.8500 5 248 -55.1900 -110.7500
-8.4609313782e-001 3.1090578230e-001 -4.6618887447e+000
217 152 166
2 7 271 -62.8500 -16.3600 5 210 -86.3200 46.8700
3.6390060530e-001 6.7385730443e-001 -5.4915234743e+000
249 236 236
2 7 291 78.6200 24.7400 5 219 55.1300 75.2200
2.1956801691e+000 -1.8438799463e+000 -9.1444420760e+000
197 186 164
2 7 353 148.6400 -148.9500 5 346 81.9700 -132.6000
1.9731628938e+000 -1.0936155065e+000 -6.8742095625e+000
234 210 88
2 7 356 188.4400 -136.9100 5 352 141.9100 -112.6200
2.2679818282e+000 -6.4748759803e-001 -6.2154757766e+000
243 216 80
2 7 360 239.6200 -111.0700 5 363 201.6400 -82.9900
2.3218963289e+000 -5.4586106840e-001 -6.1679069011e+000
190 158 35
2 7 363 247.1200 -102.2700 5 368 210.0300 -74.0600
2.3218963289e+000 -5.4586106840e-001 -6.1679069011e+000
190 158 35
2 7 364 247.1200 -102.2700 5 369 210.0300 -74.0600
-5.7200381421e-001 3.5192977401e-001 -4.6419103169e+000
186 125 131
2 7 390 -26.5500 -12.9600 5 410 -44.2000 49.1200
-6.1261509558e-001 4.2215447382e-001 -4.6442762126e+000
149 91 108
2 7 394 -31.2600 -3.7100 5 416 -49.4800 60.5300
-9.8619406218e-001 8.2742356729e-001 -4.6009559574e+000
184 119 134
2 7 425 -78.5300 52.7200 5 447 -99.6300 129.1000
2.3957842637e+000 -2.3230605039e+000 -1.1150948681e+001
153 149 170
2 7 502 127.0100 -145.6500 5 509 49.6000 -132.9600
2.1949848123e+000 -8.6315943046e-001 -6.4416151488e+000
184 192 135
2 7 521 223.0300 -126.0000 5 520 182.0100 -100.1300
2.1949848123e+000 -8.6315943046e-001 -6.4416151488e+000
184 192 135
2 7 522 223.0300 -126.0000 5 521 182.0100 -100.1300
2.2930322107e+000 -6.0221930189e-001 -6.2595873403e+000
246 219 83
2 7 531 240.4300 -105.6100 5 535 202.2300 -78.2700
1.1973386666e+000 -3.4673291724e-001 -5.4289728930e+000
163 93 103
2 7 538 163.9700 -93.0800 5 543 140.3000 -56.9900
1.2882320550e+000 -1.2165477587e-001 -5.4016864409e+000
156 83 91
2 7 549 176.4200 -69.2100 5 555 154.2500 -31.4100
-5.9175927290e-001 3.2960656656e-001 -4.6438005016e+000
247 197 208
2 7 572 -29.3000 -15.7400 5 599 -47.4900 46.0400
2.6944873306e+000 -3.1102374832e+000 -1.0366205424e+001
140 131 150
2 7 689 152.3400 -204.4000 5 673 76.9800 -192.8100
2.6084434028e+000 -2.7345866377e+000 -1.0538824073e+001
128 115 128
2 7 717 146.2900 -179.3100 5 682 70.7800 -166.9800
2.4503729333e+000 -2.8563743712e+000 -1.1030572755e+001
80 68 82
2 7 721 129.5600 -177.3000 5 683 51.7000 -165.5600
2.2217805061e+000 -9.6324081717e-001 -6.3957984053e+000
200 170 46
2 7 761 226.2600 -136.2500 5 730 185.4600 -110.7700
2.2217805061e+000 -9.6324081717e-001 -6.3957984053e+000
200 170 46
2 7 762 226.2600 -136.2500 5 731 185.4600 -110.7700
2.2694602468e+000 -9.0722346808e-001 -6.2973045388e+000
200 173 44
2 7 767 234.5900 -133.5800 5 515 194.9400 -107.2800
2.2274077748e+000 -8.9023428205e-001 -6.3607096347e+000
196 170 45
2 7 769 228.6500 -130.5300 5 518 188.3300 -104.2000
2.2274077748e+000 -8.9023428205e-001 -6.3607096347e+000
196 170 45
2 7 770 228.6500 -130.5300 5 519 188.3300 -104.2000
2.0168815855e+000 -2.1540089356e+000 -1.2143031333e+001
74 49 49
2 7 780 95.6100 -122.9000 5 735 14.4200 -110.1300
2.3256742225e+000 -5.0655156361e-001 -6.1684443263e+000
206 173 42
2 7 797 247.7800 -98.5800 5 540 210.7300 -70.0700
-9.8482716398e-001 -4.1700507535e-001 -5.3306960736e+000
236 189 200
2 7 805 -80.2500 -93.5400 5 377 -122.7400 -49.6200
2.3109696626e+000 -3.7927163150e-001 -6.2129314899e+000
206 171 32
2 7 814 245.6400 -85.5200 5 544 208.4800 -56.7200
-1.0315638442e+000 -2.4381589537e-001 -5.1230259094e+000
157 204 237
2 7 821 -86.4600 -77.3500 5 805 -125.6100 -28.8100
-1.0406056818e+000 -1.9463995481e-001 -5.0745037918e+000
119 141 190
2 7 824 -87.7000 -72.3600 5 563 -125.9500 -22.4700
9.1386991217e-001 1.3818004736e-001 -5.7799106789e+000
150 41 66
2 7 855 127.5400 -34.5000 5 844 98.9900 5.3300
-1.0132577662e+000 3.1009396432e-001 -4.7073100149e+000
228 166 183
2 7 864 -84.4100 -15.0200 5 601 -112.3900 49.1300
-7.6653128518e-001 3.9119040997e-001 -4.6614464037e+000
202 130 146
2 7 870 -51.9000 -6.3500 5 870 -73.1800 57.8500
3.1843176613e-001 6.6238706329e-001 -5.4477244631e+000
155 106 126
2 7 905 74.1400 23.9000 5 882 51.4600 74.4700
3.3297887126e-001 6.8817699858e-001 -5.4579045687e+000
247 224 229
2 7 913 75.7700 26.7000 5 613 53.0600 77.4300
-1.1724643942e+000 8.4024571728e-001 -4.6469497520e+000
249 196 203
2 7 939 -102.9000 55.6500 5 912 -128.8300 133.4600
1.7033795233e+000 1.4875499013e+000 -5.5013716728e+000
189 140 135
2 7 960 228.0200 106.4800 5 915 209.5100 150.6900
