# Bundle file v0.3
9 520
0 0 0
0 0 0
0 0 0
0 0 0
0 0 0
0 0 0
0 0 0
0 0 0
0 0 0
0 0 0
0 0 0
0 0 0
0 0 0
0 0 0
0 0 0
0 0 0
0 0 0
0 0 0
0 0 0
0 0 0
7.1669697642e+002 -3.7608097337e-002 -1.6965120339e-002
9.2555871591e-001 -3.4811966520e-001 1.4884139914e-001
1.1733190739e-001 6.3751820512e-001 7.6144846290e-001
-3.5996428560e-001 -6.8730141629e-001 6.3090607562e-001
1.0504218858e+000 4.4210651166e+000 -2.2665979185e+000
6.8080125466e+002 -1.2697131581e-001 -2.9857375170e-002
9.7037988398e-001 9.2305559054e-002 2.2325448379e-001
-8.3206239104e-002 9.9528486090e-001 -4.9847441655e-002
-2.2680300382e-001 2.9794788691e-002 9.7348480626e-001
1.2149923902e+000 -2.8938805007e-001 1.7023880099e-001
6.8003710108e+002 -1.1264130981e-001 -3.6899886404e-002
9.9999282868e-001 1.7699498770e-003 -3.3481136607e-003
-1.7780150981e-003 9.9999552143e-001 -2.4074443071e-003
3.3438376102e-003 2.4133800392e-003 9.9999149714e-001
-6.3069209718e-002 3.2280053119e-003 1.1315639190e-001
6.8047727843e+002 -1.3337614349e-001 3.1246628937e-002
9.9728357478e-001 5.2675426982e-002 5.1485637454e-002
-5.0037246549e-002 9.9743139596e-001 -5.1253139462e-002
-5.4053172243e-002 4.8537714607e-002 9.9735768149e-001
5.2098388085e-001 -6.8188720834e-001 -2.8105152994e-001
6.7877263082e+002 -1.1744283180e-001 -1.1437358524e-002
-9.2457672822e-001 -3.3956027720e-001 -1.7279089033e-001
2.8688767954e-001 -9.1891610685e-001 2.7071876162e-001
-2.5070566998e-001 2.0072868931e-001 9.4702410758e-001
-4.1990630748e-001 2.4011642429e+000 -4.9284803559e-001
1.9252684912e+000 -1.1567252368e+000 -6.8958956595e+000
203 182 70
4 6 325 186.6000 -113.1000 7 505 185.2800 -144.2900 5 350 138.2300 -120.9300 4 462 241.3200 -146.6200
2.2054245425e+000 -8.9137423442e-001 -6.3393156842e+000
221 195 83
5 6 501 232.6100 -94.2900 7 513 231.0500 -133.6600 5 517 191.1200 -107.2700 8 744 -98.2100 198.0700 4 493 271.5100 -79.0300
2.2054245425e+000 -8.9137423442e-001 -6.3393156842e+000
221 195 83
5 6 500 232.6100 -94.2900 7 512 231.0500 -133.6600 5 516 191.1200 -107.2700 8 745 -98.2100 198.0700 4 494 271.5100 -79.0300
2.2267100368e+000 -8.8225684343e-001 -6.3032931002e+000
177 153 51
5 6 778 235.9600 -93.7600 7 766 234.5900 -133.5800 5 514 194.9400 -107.2800 8 1065 -101.3500 199.5400 4 795 274.3800 -75.1800
2.2228723878e+000 -7.7716442725e-001 -6.3091490980e+000
214 189 76
5 6 508 235.6200 -82.6500 7 523 234.7100 -123.2200 5 356 195.4300 -96.4200 8 734 -104.6000 190.6000 4 497 267.0000 -67.4200
2.2377161771e+000 -7.0332194392e-001 -6.2918788103e+000
215 190 73
5 6 328 237.6100 -74.5900 7 359 237.4300 -116.4400 5 360 198.5000 -89.2900 8 529 -109.1800 186.1600 4 501 264.2500 -60.3800
2.2137684437e+000 -8.1831406009e-001 -6.3210007890e+000
215 191 85
5 6 781 234.1700 -86.8000 7 775 233.2700 -126.8800 5 745 193.5500 -100.3000 8 1052 -101.9900 193.4200 4 796 268.2000 -71.7800
2.5482964132e+000 -4.9486849221e-001 -5.4919537651e+000
226 182 185
5 6 163 308.2400 -59.3400 7 183 306.7600 -113.6100 5 173 277.9200 -82.6000 8 262 -171.1900 217.4600 4 178 311.6100 24.9600
2.1850405535e+000 -9.8639203247e-001 -6.3776370693e+000
212 189 70
5 6 326 228.6500 -104.2400 7 355 227.0900 -141.5600 5 351 186.2800 -115.9600 8 541 -92.3400 203.0300 4 328 274.5600 -89.7900
1.9224884957e+000 -1.1135882133e+000 -6.8872546131e+000
41 28 0
4 6 771 186.9200 -109.1800 7 757 185.5800 -140.7200 5 720 138.6900 -116.9200 4 762 238.5000 -142.4200
1.9224884957e+000 -1.1135882133e+000 -6.8872546131e+000
41 28 0
4 6 772 186.9200 -109.1800 7 758 185.5800 -140.7200 5 721 138.6900 -116.9200 4 763 238.5000 -142.4200
2.5568321746e+000 -3.7868472378e-001 -5.4801463176e+000
234 192 195
4 6 528 309.9400 -45.2700 7 533 309.3700 -101.2900 5 541 281.1000 -69.8300 4 853 304.5800 34.1700
2.5485934118e+000 -4.2894155519e-001 -5.4966498819e+000
239 180 181
4 6 793 308.0600 -51.3800 7 794 307.1300 -106.4500 5 762 278.5400 -75.1900 4 1298 306.6100 29.2100
2.1297450330e+000 -6.4786656617e-001 -6.4795286199e+000
218 186 68
3 6 46 220.4100 -65.7700 7 51 220.6100 -106.8200 5 27 179.9500 -81.0800
-8.7334373707e-001 4.9451207839e-001 -4.6637729106e+000
21 27 43
3 6 54 -136.5500 75.8500 7 57 -78.7900 13.0600 5 33 -102.4000 82.8100
-8.7179989586e-001 4.9495021190e-001 -4.6634979059e+000
21 27 43
4 6 55 -136.5500 75.8500 7 58 -78.7900 13.0600 5 34 -102.4000 82.8100 8 76 149.5900 63.6800
-8.7334373707e-001 4.9451207839e-001 -4.6637729106e+000
21 27 43
3 6 56 -136.5500 75.8500 7 59 -78.7900 13.0600 5 35 -102.4000 82.8100
-8.3790197505e-001 -2.5604038375e-001 -5.1458834223e+000
23 24 28
3 6 66 -118.7900 -32.0500 7 75 -74.9800 -79.7100 5 49 -112.1700 -31.7400
8.9429763907e-001 3.8822218900e-002 -5.7687887418e+000
210 178 197
3 6 49 101.7700 6.5300 7 54 124.9700 -43.6100 5 51 95.8400 -4.6000
7.9480249415e-002 3.3400330288e-001 -5.6260187538e+000
152 22 32
4 6 53 4.8600 43.2200 7 83 38.3700 -7.9800 5 54 8.7600 41.3300 8 96 43.9400 69.6800
-9.1781239547e-001 6.0714305489e-001 -4.6868642510e+000
192 205 242
4 6 78 -142.5900 91.8000 7 88 -83.9200 29.0700 5 57 -107.5000 101.5400 8 89 152.4500 45.4800
1.0722143090e+000 -2.9501952909e-002 -5.6178897696e+000
180 117 131
3 6 90 126.8000 -0.7900 7 102 147.4500 -54.0300 5 76 122.0400 -16.8300
1.3541037669e+000 1.8896456719e-001 -5.6689027189e+000
188 119 130
3 6 70 159.9400 25.2800 7 80 178.0800 -30.7200 5 77 153.2900 8.0100
1.0287817534e+000 5.5153154189e-001 -5.6194647707e+000
213 193 208
3 6 74 121.3300 70.0900 7 84 147.0700 11.8600 5 82 123.8300 55.4500
1.0287817534e+000 5.5153154189e-001 -5.6194647707e+000
213 193 208
3 6 75 121.3300 70.0900 7 85 147.0700 11.8600 5 83 123.8300 55.4500
3.9062073866e-001 4.7282614136e-001 -5.5017943940e+000
72 2 3
3 6 96 43.5500 61.2900 7 111 77.0400 6.2200 5 84 52.9100 54.8800
-8.5629567462e-001 3.6760514848e-001 -4.7188023149e+000
187 201 240
3 6 73 -132.4300 56.4800 7 110 -77.1000 -4.1500 5 85 -102.0400 61.3800
8.5331921047e-001 5.4407071231e-001 -5.6222046472e+000
95 0 2
3 6 132 99.6900 69.1700 7 147 127.5700 12.0000 5 108 103.5100 56.9400
4.8440003903e-001 9.7927923367e-001 -5.6651457369e+000
163 18 29
3 6 104 53.8900 121.5400 7 113 87.7400 64.4300 5 113 63.7400 115.6700
2.3585219882e+000 -1.1488605329e+000 -5.9834022920e+000
202 197 106
3 6 117 262.0000 -128.6800 7 128 257.7300 -168.6300 5 120 220.9400 -142.5500
1.0232973334e+000 3.0612445056e-002 -5.6954550556e+000
72 5 8
3 6 178 118.7500 4.5900 7 198 140.4500 -45.7800 5 140 114.0100 -6.6900
2.8939049364e-002 4.2731565004e-001 -5.6085610256e+000
225 56 94
3 6 128 -1.7000 54.5100 7 202 32.7700 3.3400 5 150 4.0200 53.7400
2.8939049364e-002 4.2731565004e-001 -5.6085610256e+000
225 56 94
3 6 129 -1.7000 54.5100 7 203 32.7700 3.3400 5 151 4.0200 53.7400
-5.6006205928e-001 4.2070275675e-001 -4.7386769257e+000
108 54 70
3 6 190 -88.7600 64.1400 7 145 -35.6600 0.9700 5 153 -54.9500 65.0900
1.8429599266e-001 6.3107098337e-001 -5.5172736806e+000
217 202 221
3 6 134 17.6700 81.4400 7 149 53.6900 25.9700 5 156 28.5500 77.8500
-9.2293379983e-001 4.9050832296e-001 -4.6440047904e+000
18 20 30
3 6 133 -144.3300 74.7400 7 206 -86.2600 12.5400 5 157 -110.1000 84.1500
4.2741226074e-001 1.0690081937e+000 -5.6702230937e+000
171 150 172
4 6 139 46.7000 132.2400 7 157 81.7400 75.0300 5 163 57.8600 127.6000 8 149 -23.5700 0.6800
2.5491716872e+000 -4.9346543911e-001 -5.4932155644e+000
226 182 185
3 6 164 308.2400 -59.3400 7 184 306.7600 -113.6100 5 174 277.9200 -82.6000
9.3081809110e-001 -8.9022261442e-002 -5.7044285560e+000
51 9 18
3 6 242 107.6200 -8.8500 7 256 129.1300 -58.8000 5 198 101.5000 -20.9700
8.4646230419e-001 1.1317063465e-001 -5.8130693726e+000
139 29 46
3 6 248 95.5400 14.7800 7 263 118.5500 -34.3900 5 206 89.8800 5.3600
-4.7409133090e-001 2.8849808144e-001 -4.6858631111e+000
157 99 113
4 6 186 -77.4700 45.5000 7 269 -24.4800 -18.2400 5 208 -42.0100 42.7400 8 335 103.7300 103.6900
1.0753198629e+000 6.4236905039e-001 -5.6386005758e+000
44 9 7
4 6 194 125.6800 80.3800 7 148 152.5500 21.9900 5 214 129.4700 65.8900 8 161 -75.0800 66.8900
1.4470580674e-001 5.5834514145e-001 -5.5028114459e+000
82 11 26
3 6 193 12.9700 72.6000 7 283 48.4200 17.4500 5 217 23.2900 69.1500
-5.7537177466e-001 4.6387493151e-001 -4.7292625579e+000
235 181 195
3 6 192 -91.0500 70.9400 7 277 -37.4700 6.7600 5 218 -56.6200 72.0500
-9.6236421326e-001 4.4314521950e-001 -4.6895844479e+000
183 230 255
4 6 258 -149.1900 67.5700 7 278 -91.4000 6.6400 5 222 -117.6500 75.7400 8 322 164.9400 65.3500
-8.9450442561e-001 5.6213329957e-001 -4.5564407569e+000
179 225 255
3 6 264 -142.4100 86.7700 7 290 -84.4100 23.2000 5 224 -102.1800 95.9100
-9.1862602793e-001 6.2443883481e-001 -4.6674558122e+000
243 231 243
3 6 266 -142.9300 95.1500 7 293 -84.1800 31.5200 5 225 -107.9100 104.4700
-8.2394251730e-001 7.2989416961e-001 -4.6184026932e+000
225 165 177
4 6 273 -130.7700 111.6500 7 296 -70.8500 45.9700 5 226 -90.6000 120.5900 8 312 132.3200 36.5600
9.8245689847e-001 -3.9219674249e-002 -5.7218335509e+000
66 13 22
3 6 358 113.6800 -2.4400 7 381 134.6200 -53.5200 5 273 106.9800 -15.3900
1.2652332455e+000 7.5668553546e-002 -5.6163074735e+000
95 35 39
3 6 247 150.5600 11.3200 7 261 169.3300 -43.5800 5 275 145.0500 -4.7300
1.1417366516e+000 8.2716075695e-002 -5.6707800241e+000
172 101 113
3 6 361 133.9200 11.7800 7 262 154.3900 -41.2100 5 276 128.7700 -2.2400
6.7866885886e-001 1.7959996794e-001 -5.7638110624e+000
115 4 13
3 6 253 76.3100 23.5200 7 268 101.9800 -26.8800 5 283 73.4000 14.4700
9.3341102648e-001 5.8744058826e-001 -5.6083076202e+000
104 11 16
4 6 260 110.2900 74.3800 7 281 137.0500 16.5800 5 296 114.2400 61.6900 8 217 -57.9000 69.9400
-6.7433196724e-002 5.9121777158e-001 -5.5136101805e+000
108 9 22
3 6 263 -13.8400 76.4200 7 287 23.5600 22.9300 5 297 -3.4300 76.3000
-8.8408081619e-001 4.6175438723e-001 -4.6782329284e+000
255 254 254
4 6 259 -137.4700 70.8400 7 279 -80.3100 8.8500 5 298 -104.9900 77.5000 8 323 153.5300 66.9600
5.7128348853e-001 9.3912022193e-001 -5.6730818938e+000
153 14 28
4 6 403 64.1100 116.7400 7 429 96.8800 59.5500 5 304 73.7400 108.4200 8 449 -33.4000 19.1300
-9.2608269700e-001 7.4016061699e-001 -4.6343731788e+000
227 167 179
3 6 401 -144.7900 112.9700 7 421 -85.0800 47.8700 5 312 -106.8300 124.0400
-1.0354667202e+000 7.3913499988e-001 -4.6469131763e+000
133 74 96
3 6 602 -160.5600 112.1700 7 422 -100.0800 48.4600 5 313 -125.0400 125.9000
4.5928278699e-001 1.1155071353e+000 -5.6631851441e+000
166 22 33
4 6 277 50.8700 137.9600 7 302 85.7600 80.2600 5 314 62.4300 133.1100 8 298 -28.8500 -2.9700
1.6102303858e+000 1.2632514801e+000 -5.3978696853e+000
69 31 28
3 6 199 198.3500 161.6800 7 218 225.5000 90.9100 5 315 208.4500 136.3100
1.6102303858e+000 1.2632514801e+000 -5.3978696853e+000
69 31 28
3 6 200 198.3500 161.6800 7 219 225.5000 90.9100 5 316 208.4500 136.3100
1.7956512844e+000 -3.4290513234e+000 -1.2787814844e+001
97 90 106
4 6 465 93.8900 -180.3500 7 490 74.5800 -179.1000 5 339 -11.2100 -169.6600 8 683 63.6800 127.9600
-1.2253281081e+000 -2.8381738482e+000 -1.3050227279e+001
72 44 55
3 6 743 -64.8700 -144.9100 7 759 -77.0200 -140.7000 5 347 -171.7400 -129.6700
2.2130811648e+000 -8.5943443483e-001 -6.3377901265e+000
214 191 78
3 6 503 233.2600 -91.1100 7 515 232.1800 -130.3400 5 354 192.3100 -104.1700
-8.3990940573e-001 -1.9418121649e-001 -5.1241421792e+000
251 253 255
3 6 342 -119.6400 -23.7800 7 373 -74.8000 -72.5900 5 386 -111.6600 -22.9300
9.4221006445e-001 -5.0930950431e-002 -5.7612820245e+000
173 134 153
3 6 355 108.0300 -4.3700 7 380 129.1000 -54.1500 5 389 100.6800 -15.4400
2.1498235592e+000 5.8494613047e-001 -6.4040151864e+000
110 64 25
3 6 378 225.1000 63.6400 7 403 234.3100 12.2600 5 407 198.4400 44.8200
-8.6385631694e-001 3.9599290699e-001 -4.6801228942e+000
165 217 254
3 6 377 -134.6600 61.0800 7 577 -78.2700 -0.4800 5 418 -102.3700 66.3900
-9.9047348030e-001 4.1540348802e-001 -4.6965532525e+000
168 156 197
3 6 578 -152.6700 63.5200 7 580 -95.2000 2.8500 5 426 -123.0400 71.9300
-6.2005021548e-001 5.9734892310e-001 -4.6550779889e+000
170 104 126
4 6 390 -99.1500 91.5100 7 410 -42.6700 25.7000 5 431 -59.9500 94.9700 8 484 110.4900 60.6000
-8.7474873042e-001 7.1179764926e-001 -4.6253569512e+000
178 107 123
4 6 601 -137.4800 108.8600 7 594 -77.8900 43.7100 5 440 -98.7500 118.7400 8 632 141.8800 36.5900
-9.1820926429e-001 7.0830628186e-001 -4.6236101898e+000
174 107 127
4 6 398 -144.2200 108.2800 7 595 -84.0300 43.5200 5 441 -106.1400 118.9800 8 466 147.8700 35.3400
-9.1895623165e-001 7.0872635420e-001 -4.6276300862e+000
174 107 127
3 6 399 -144.2200 108.2800 7 596 -84.0300 43.5200 5 442 -106.1400 118.9800
1.7289579814e+000 1.3885189612e+000 -5.5465913122e+000
69 30 30
3 6 286 207.3700 172.1500 7 309 232.5100 102.9500 5 458 213.2100 146.8100
1.0053275482e+000 1.5913649786e+000 -5.8248270858e+000
140 24 34
3 6 414 113.4100 189.1300 7 618 145.2800 127.9800 5 463 122.5300 177.5000
2.5718092477e+000 -2.9424111444e+000 -1.0448074101e+001
103 99 121
3 6 460 164.3500 -188.9000 7 696 145.7100 -195.7400 5 485 69.7500 -183.3900
2.3196648355e+000 -3.0507379070e+000 -1.1240095908e+001
108 101 117
3 6 463 137.9600 -182.4300 7 712 119.4800 -186.1600 5 491 39.9900 -175.1500
2.4365267834e+000 -2.5917444505e+000 -1.0812447699e+001
64 53 67
3 6 736 150.9200 -161.1700 7 738 133.9100 -168.0200 5 502 56.9700 -155.7600
2.3512933130e+000 -2.3876597226e+000 -1.1161069260e+001
74 53 61
3 6 483 141.6100 -144.0100 7 752 124.6900 -150.7000 5 506 47.1300 -137.8600
2.3030245071e+000 -2.3938666763e+000 -1.1219406461e+001
124 120 134
3 6 484 137.8000 -143.6700 7 498 121.4600 -149.9500 5 507 43.2600 -137.3900
2.3030245071e+000 -2.3938666763e+000 -1.1219406461e+001
124 120 134
3 6 485 137.8000 -143.6700 7 497 121.4600 -149.9500 5 508 43.2600 -137.3900
2.5278970315e+000 -5.9752010626e-001 -5.5496676823e+000
240 184 195
3 6 513 302.5900 -71.4800 7 779 300.5400 -123.5000 5 526 270.7100 -93.1500
2.5453223669e+000 -5.6244612447e-001 -5.4872325663e+000
242 193 212
3 6 514 307.9500 -67.8900 7 525 306.0200 -121.2200 5 527 277.0600 -90.6100
2.1825260306e+000 -6.9748092432e-001 -6.4080329599e+000
164 169 117
3 6 512 227.9100 -72.6900 7 527 228.0200 -113.2400 5 530 187.7600 -86.5100
2.5538100491e+000 -4.7889497278e-001 -5.4651978592e+000
234 173 188
3 6 518 310.2900 -57.8900 7 791 308.8600 -112.5000 5 532 280.5600 -81.6000
2.2304792310e+000 -6.0645779813e-001 -6.2908425126e+000
177 147 41
4 6 787 237.2300 -64.2700 7 795 237.6900 -106.8000 5 533 199.0300 -79.4500 8 1022 -111.8600 178.3500
9.8934069921e-001 -2.9862011226e-004 -5.7221199942e+000
171 124 141
3 6 832 114.4000 1.7300 7 838 135.7200 -49.2300 5 572 108.2900 -10.2500
-5.0132103331e-001 -4.8684916670e-002 -4.8348273649e+000
226 178 187
3 6 354 -79.0200 -4.8900 7 833 -30.5300 -61.1300 5 573 -54.7100 -8.4200
-4.9256372445e-001 -4.7520293164e-003 -4.8007011364e+000
219 171 182
3 6 551 -78.1400 1.6000 7 837 -29.0700 -56.4700 5 577 -52.1400 -1.8000
-4.5205158282e-001 7.3609791715e-002 -4.7490182886e+000
157 101 112
3 6 558 -73.0800 13.0400 7 845 -23.2100 -46.7400 5 584 -43.3900 9.1800
-4.5205158282e-001 7.3609791715e-002 -4.7490182886e+000
157 101 112
3 6 557 -73.0800 13.0400 7 844 -23.2100 -46.7400 5 585 -43.3900 9.1800
-8.9923816678e-001 6.7034163423e-002 -4.7137337671e+000
215 151 168
4 6 556 -139.1800 12.3200 7 848 -84.6100 -45.1800 5 586 -113.5800 13.9200 8 927 170.8900 114.6500
-4.5923021411e-001 2.3336658631e-001 -4.6992398071e+000
157 99 112
4 6 565 -74.9200 36.9300 7 861 -22.9900 -25.6000 5 589 -40.9100 34.0200 8 670 104.0600 110.4400
-8.8999999427e-001 2.1857689641e-001 -4.7483846621e+000
245 182 191
3 6 563 -136.7600 34.3900 7 568 -81.9300 -24.0700 5 592 -110.1400 38.0400
1.3185279454e-001 5.8671053465e-001 -5.4811472284e+000
233 218 230
4 6 586 11.2700 76.3000 7 901 47.6200 21.0200 5 610 22.7400 73.2000 8 883 25.0400 50.4200
1.6034022779e-001 6.0612053195e-001 -5.4812568642e+000
229 219 231
4 6 587 14.9100 78.6900 7 904 51.1600 23.0200 5 611 26.8000 75.4800 8 639 21.3600 49.1200
-8.7007072192e-001 6.2356119868e-001 -4.6625623501e+000
241 217 230
3 6 595 -136.0800 95.0200 7 918 -77.2300 31.0600 5 621 -100.0200 103.6400
4.0124059080e-001 9.2643334215e-001 -5.6506974882e+000
203 132 150
4 6 922 44.0800 115.4800 7 942 78.2200 58.9300 5 626 53.8200 110.7300 8 846 -14.9900 15.9800
-9.5619773879e-001 7.2366842973e-001 -4.6278349033e+000
232 172 179
3 6 917 -149.8700 110.2100 7 932 -88.9900 46.0800 5 631 -112.0200 122.1800
4.5928711775e-001 1.0394286747e+000 -5.6628898747e+000
152 22 54
4 6 606 50.7300 128.8600 7 609 85.2000 71.4200 5 633 61.6100 123.5400 8 609 -25.9800 5.1900
2.7791124104e+000 -3.3304743730e+000 -9.9450950253e+000
111 103 121
4 6 644 185.4800 -223.5100 7 655 164.8300 -229.7600 5 651 90.3100 -218.4400 8 1098 -8.3900 212.2300
2.4673562751e+000 -3.6448549510e+000 -1.0851938077e+001
100 95 114
3 6 641 151.1400 -224.7200 7 660 130.3500 -227.0800 5 653 51.5500 -217.1600
2.5637291487e+000 -3.4889947572e+000 -1.0612207997e+001
115 112 130
4 6 655 160.5600 -219.9600 7 664 140.0300 -223.6500 5 655 62.5700 -213.2400 8 1057 12.7200 196.1100
2.5817573671e+000 -3.1526570439e+000 -1.0523167472e+001
117 106 126
3 6 681 163.5200 -200.7800 7 683 144.1500 -206.2500 5 670 67.5100 -194.8800
2.4680976266e+000 -2.7203935101e+000 -1.0882738864e+001
73 58 66
3 6 723 151.8100 -167.8100 7 724 134.2000 -174.2300 5 688 56.6400 -162.4800
2.1284035135e+000 -2.2327754774e+000 -1.1642664839e+001
107 92 111
3 6 752 122.9300 -128.8600 7 764 107.3300 -134.7700 5 717 27.4000 -122.1100
1.9325614887e+000 -2.3985545416e+000 -1.2322656690e+001
97 86 99
3 6 750 105.4300 -131.0500 7 765 89.0800 -134.0300 5 718 6.5000 -122.2000
2.0889543638e+000 -2.0250750523e+000 -1.1814645699e+001
107 91 101
3 6 769 119.0600 -115.3200 7 783 103.8600 -121.0600 5 736 23.9300 -108.0600
2.5531823939e+000 -6.9815841763e-001 -5.4778290389e+000
247 142 75
3 6 782 309.1400 -84.5800 7 760 305.9400 -136.5400 5 739 276.5400 -106.0900
2.2173670229e+000 -8.1944591658e-001 -6.3283749832e+000
215 191 85
3 6 780 234.1700 -86.8000 7 774 233.2700 -126.8800 5 744 193.5500 -100.3000
2.5547324527e+000 -5.2001068133e-001 -5.4721673732e+000
249 179 194
3 6 788 309.8500 -62.9000 7 789 308.3300 -116.9100 5 754 279.5600 -86.1000
2.5723741968e+000 -3.3334558855e-001 -5.4088868400e+000
215 78 123
3 6 800 315.6700 -40.2000 7 799 315.6400 -97.9600 5 770 288.0200 -65.8200
9.3150168394e-001 1.3332654235e-002 -5.7245868465e+000
223 194 208
3 6 833 107.3500 3.3500 7 843 129.3900 -47.1700 5 837 101.9300 -8.2200
9.8981518428e-002 5.7175663953e-001 -5.4802663140e+000
239 225 235
3 6 885 6.9600 74.4000 7 898 43.7400 19.5200 5 875 18.4300 71.6300
-8.5835360865e-002 5.6134936963e-001 -5.4805989076e+000
209 176 193
3 6 880 -16.4700 73.1100 7 899 21.9200 19.3900 5 881 -5.3800 72.9100
1.5921283607e+000 1.0458307384e+000 -5.3087989552e+000
159 96 109
3 6 608 199.9700 136.6000 7 946 225.4100 66.1700 5 905 210.1700 111.0600
5.8202741283e-001 9.7675972564e-001 -5.6739952586e+000
212 136 155
4 6 928 65.7700 120.9200 7 944 98.6100 63.3400 5 906 74.6500 113.9500 8 848 -36.1400 15.7800
1.0054792048e+000 -2.9766789294e-001 -5.5632856050e+000
215 148 157
2 6 18 118.9300 -35.6200 7 22 140.4300 -84.7100
-5.4219437887e-003 5.0434302080e-001 -5.5684506114e+000
243 238 244
2 6 26 -5.9000 65.0700 7 28 29.6900 12.3300
-2.4734772001e-001 5.6944690894e-001 -5.3031642855e+000
34 19 22
2 6 27 -37.8100 76.9500 7 41 3.4700 20.6400
2.0016014110e+000 8.1037389845e-001 -6.3753133413e+000
192 132 142
2 6 28 209.9400 88.2100 7 29 223.5500 35.6000
-5.4774711497e-002 2.8609243185e-001 -5.6570958674e+000
235 234 242
2 6 51 -12.2400 37.0000 7 82 22.1000 -11.8000
2.1236942198e-002 1.4835229384e+000 -5.9882766465e+000
161 15 26
2 6 62 -1.6200 173.0500 7 65 33.5400 120.4400
-1.2858620490e+000 -2.9749217895e+000 -1.2941208601e+001
58 58 69
2 6 64 -68.4500 -153.9600 7 71 -81.1300 -149.2000
-3.5874877108e-002 1.7295210539e-001 -5.8190960972e+000
198 32 51
2 6 69 -9.6600 22.4600 7 141 22.0600 -23.2300
1.4399457876e+000 3.1039992456e-001 -5.8028234648e+000
67 9 9
2 6 72 166.1700 38.8200 7 81 183.7100 -16.3600
-3.0413347573e+000 3.2269523604e+000 -1.2386753792e+001
23 21 26
2 6 81 -167.3800 177.4400 7 123 -161.1700 181.1500
3.5800767375e-001 -3.4997472998e+000 -1.3589033461e+001
9 9 9
2 6 86 17.1200 -172.9700 7 97 -0.7100 -168.5900
7.9531076690e-001 6.1809374010e-002 -5.8090195797e+000
238 230 239
2 6 91 89.6100 9.2400 7 104 112.8700 -40.1400
-1.2314695346e-001 2.1272935063e-001 -5.7208568130e+000
230 212 229
2 6 93 -20.9200 27.2100 7 143 13.8800 -18.7400
2.3601341208e+000 -1.1500224548e+000 -5.9873277577e+000
202 197 106
2 6 116 262.0000 -128.6800 7 127 257.7300 -168.6300
1.1984054189e+000 1.0528760799e-001 -5.6624348899e+000
189 123 137
2 6 124 141.0400 14.7800 7 138 161.0400 -39.2100
3.0137565132e-001 4.9526745730e-001 -5.5114519875e+000
230 208 219
2 6 131 32.6600 64.5500 7 205 66.1500 9.1600
-2.8356172197e-002 7.4738034774e-001 -5.5738830479e+000
91 1 7
3 6 137 -8.9500 94.8200 7 215 28.7100 41.2500 8 152 38.0500 23.8700
1.5839323906e+000 1.4115844142e+000 -5.5046335750e+000
169 119 130
2 6 144 191.3200 176.8500 7 161 218.5200 107.3100
8.5067583355e-001 -5.0109856068e+000 -1.5028768284e+001
42 42 51
2 6 149 37.3100 -223.5300 7 174 14.2700 -213.7600
2.4246827657e+000 -3.6752537744e+000 -1.1034796332e+001
37 33 48
3 6 151 146.0100 -222.8700 7 170 125.2200 -224.9000 8 249 26.7100 190.6300
2.4246827657e+000 -3.6752537744e+000 -1.1034796332e+001
37 33 48
3 6 152 146.0100 -222.8700 7 171 125.2200 -224.9000 8 248 26.7100 190.6300
3.0307963127e+000 -2.9416389828e+000 -9.2395697164e+000
60 49 63
2 6 153 217.4100 -212.3200 7 172 197.1100 -222.7500
2.6962188463e+000 -2.7656500481e+000 -1.0091472266e+001
64 55 67
2 6 155 178.5100 -183.5600 7 176 159.8000 -192.4800
2.4478825862e+000 -2.0600682661e+000 -8.3581119093e+000
188 174 148
2 6 156 195.3200 -165.5100 7 177 182.7600 -183.2800
4.9862661246e-001 -3.2910572248e+000 -1.3384025897e+001
104 81 65
2 6 157 24.1400 -165.6100 7 179 7.6100 -161.4800
2.5634894443e+000 -3.7016228666e-001 -5.4453555089e+000
224 181 194
2 6 166 312.7800 -44.4600 7 185 311.9800 -101.1900
2.5634894443e+000 -3.7016228666e-001 -5.4453555089e+000
224 181 194
2 6 167 312.7800 -44.4600 7 186 311.9800 -101.1900
2.2554914368e+000 -3.2550718187e-001 -6.2934536843e+000
220 184 47
2 6 169 239.9500 -33.7900 7 252 242.3100 -79.4200
6.2042031949e-001 1.6823177059e+000 -5.9652999516e+000
67 1 0
3 6 205 66.8200 195.4300 7 225 100.5600 138.7800 8 188 -60.6000 -66.0700
2.7073754990e+000 -3.2235462427e+000 -1.0143371052e+001
53 42 52
3 6 212 177.5100 -212.5000 7 230 157.5000 -218.7600 8 540 -4.3800 199.5300
2.7006444814e+000 -3.2147042016e+000 -1.0118078244e+001
53 42 52
2 6 213 177.5100 -212.5000 7 231 157.5000 -218.7600
2.3334338627e+000 -1.9569071493e+000 -8.6487881842e+000
178 171 140
2 6 216 180.2600 -152.1900 7 236 168.6800 -169.1100
1.5498560492e+000 -2.6110403211e+000 -1.2690450586e+001
110 84 65
2 6 219 81.9200 -138.5500 7 238 65.5400 -139.4900
1.4191996779e+000 -2.5644155355e+000 -1.2717265068e+001
18 29 45
2 6 220 74.8400 -135.7500 7 239 58.7900 -136.6300
2.0875184344e+000 -2.1843919689e+000 -1.1811869519e+001
54 41 43
2 6 223 118.8900 -124.4200 7 243 103.3100 -129.7300
2.5295421999e+000 -6.0248976225e-001 -5.4904754199e+000
225 190 208
3 6 231 305.7000 -72.8100 7 358 303.8600 -125.5800 8 769 -165.6100 226.0300
2.0972961778e+000 3.2563210541e-001 -6.5066726385e+000
147 111 50
2 6 254 216.2500 35.8100 7 391 224.1000 -12.5200
5.1706057557e-001 8.3999329941e-001 -5.6139759103e+000
148 19 29
2 6 267 58.6500 105.6500 7 419 91.3400 48.1500
1.7305163340e+000 1.3881487313e+000 -5.5508330111e+000
69 30 30
2 6 285 207.3700 172.1500 7 308 232.5100 102.9500
2.3605813196e+000 -3.9322409182e+000 -1.1136219491e+001
84 79 97
2 6 295 140.6600 -236.1100 7 458 119.3200 -236.4000
2.5692116895e+000 -3.3376840947e+000 -1.0614411327e+001
98 89 106
3 6 303 160.9700 -210.7500 7 332 141.1600 -214.7600 8 532 9.6000 188.9000
2.8889035779e+000 -2.8859539693e+000 -9.5334517263e+000
56 43 54
2 6 304 201.4100 -202.3600 7 333 182.0100 -212.0700
1.7755761021e+000 -3.7265992875e+000 -1.2772305240e+001
10 10 12
2 6 305 92.7700 -196.0800 7 338 72.6800 -193.7400
1.7855551681e+000 -3.7480588689e+000 -1.2840732736e+001
10 10 12
3 6 306 92.7700 -196.0800 7 339 72.6800 -193.7400 8 514 69.2400 140.2500
2.7408430240e+000 -2.8828625161e+000 -1.0007725167e+001
59 47 61
2 6 308 182.6300 -192.8600 7 334 163.5300 -201.3000
2.7408430240e+000 -2.8828625161e+000 -1.0007725167e+001
59 47 61
2 6 309 182.6300 -192.8600 7 335 163.5300 -201.3000
2.5451306909e+000 -2.9996310224e+000 -1.0609448439e+001
59 52 64
2 6 311 160.2200 -189.6000 7 336 141.2800 -195.6000
2.5451306909e+000 -2.9996310224e+000 -1.0609448439e+001
59 52 64
2 6 312 160.2200 -189.6000 7 337 141.2800 -195.6000
1.6782046760e+000 -2.8007610130e+000 -1.2931166017e+001
47 38 45
2 6 317 87.1800 -145.7400 7 501 69.4800 -146.0400
2.0042332330e+000 -2.3468318433e+000 -1.1991486704e+001
52 42 42
2 6 320 112.2200 -131.8500 7 511 96.4800 -135.7400
1.9311197294e+000 -1.1606320037e+000 -6.9148111717e+000
203 182 70
2 6 324 186.6000 -113.1000 7 504 185.2800 -144.2900
2.5323712746e+000 -6.0485464286e-001 -5.4962364017e+000
227 196 213
2 6 329 305.8200 -73.0300 7 357 303.8600 -125.5800
2.5599193866e+000 -4.2614821587e-001 -5.4410299264e+000
236 188 201
2 6 333 312.3500 -51.5600 7 530 311.4800 -107.3600
2.5659242640e+000 -3.6582844924e-001 -5.4162077167e+000
245 191 207
2 6 336 314.5400 -44.2500 7 532 314.0500 -101.2600
2.1634625501e+000 -2.8434594098e-001 -6.2720271606e+000
114 69 10
2 6 340 231.1500 -29.3800 7 545 234.6600 -75.4600
-5.2287264576e-001 -1.0247778478e-001 -4.8705458115e+000
229 178 190
2 6 351 -81.2200 -12.2900 7 550 -34.1500 -67.5700
-4.2560748739e-001 1.6700540588e-001 -4.7334573645e+000
225 164 172
2 6 366 -69.3800 26.8600 7 562 -19.0000 -34.4600
5.0944573241e-001 2.0913827500e-001 -5.7742168327e+000
125 4 14
2 6 367 56.0400 27.1300 7 387 83.1700 -22.8100
2.1342662841e+000 2.7222820930e-001 -6.5238244505e+000
84 49 7
2 6 369 219.5600 30.1600 7 389 226.4500 -17.8100
-3.6575377893e-001 4.0225134811e-001 -4.7334116007e+000
207 155 168
2 6 376 -60.6800 61.2300 7 576 -8.9600 -2.6000
2.1999427144e+000 6.0939887244e-001 -6.3989996691e+000
176 139 90
2 6 379 230.3400 66.5400 7 404 239.6700 14.3100
3.9650773171e-001 5.4060738236e-001 -5.5552199239e+000
156 27 44
2 6 380 43.9100 69.3300 7 583 77.1100 14.4000
-5.9262815023e-001 5.4784021869e-001 -4.6720136596e+000
189 126 143
2 6 382 -94.9600 83.6700 7 406 -39.2200 18.6400
-5.9262815023e-001 5.4784021869e-001 -4.6720136596e+000
189 126 143
2 6 383 -94.9600 83.6700 7 407 -39.2200 18.6400
3.2013214579e-001 6.7108636329e-001 -5.4254204867e+000
219 197 209
2 6 385 35.3700 87.8100 7 587 71.3000 29.8200
4.6783308769e-001 6.8896844945e-001 -5.4845586986e+000
246 224 228
2 6 387 53.3700 88.8100 7 413 87.9100 31.2900
4.6783308769e-001 6.8896844945e-001 -5.4845586986e+000
246 224 228
2 6 388 53.3700 88.8100 7 414 87.9100 31.2900
-6.1909214065e-001 5.9799478550e-001 -4.6538345556e+000
170 104 126
2 6 391 -99.1500 91.5100 7 411 -42.6700 25.7000
5.4941153196e-001 8.0694954229e-001 -5.6517409311e+000
205 172 197
2 6 393 62.3200 100.9800 7 597 93.8800 43.9900
-7.0482910361e-001 6.5909546919e-001 -4.6306651573e+000
233 178 193
2 6 394 -112.4100 100.9800 7 415 -54.2800 34.9100
-7.4562377018e-001 6.9267044445e-001 -4.6318360413e+000
226 172 182
2 6 396 -118.4000 105.9200 7 417 -59.7800 39.9300
-1.0125695931e+000 7.1169394635e-001 -4.6381387821e+000
229 167 180
2 6 400 -157.5600 108.3600 7 418 -97.1900 44.5100
1.2449249448e+000 1.0946416948e+000 -5.2846871260e+000
184 132 143
2 6 407 156.3300 144.2200 7 433 187.0800 74.7500
2.8470327773e+000 -3.1557629107e+000 -9.7336997639e+000
52 45 57
3 6 435 194.2100 -216.4800 7 468 173.7300 -224.2500 8 1096 -18.2000 211.2400
2.5342194913e+000 -3.4453846897e+000 -1.0711024809e+001
101 97 119
3 6 439 157.3800 -215.3900 7 473 137.1500 -218.9000 8 737 14.4300 190.7400
2.4689493677e+000 -3.4343175681e+000 -1.0817806966e+001
105 97 118
3 6 440 151.9800 -212.6800 7 477 131.9100 -215.9000 8 729 18.6400 186.3200
2.2168222023e+000 -3.5991288654e+000 -1.1512640270e+001
53 51 65
2 6 443 128.2600 -209.7500 7 681 108.3000 -210.5100
2.1995479638e+000 -3.5349413338e+000 -1.1530515580e+001
85 78 96
2 6 445 127.1500 -205.7500 7 479 107.3900 -206.7500
2.1447049971e+000 -3.4848139221e+000 -1.1705305109e+001
39 35 49
3 6 448 122.3000 -199.8000 7 481 102.6500 -200.8500 8 706 42.2900 160.3700
2.8217597438e+000 -2.7826565646e+000 -9.7998345753e+000
57 41 47
2 6 457 191.8500 -190.1200 7 482 173.0500 -199.5900
2.8217597438e+000 -2.7826565646e+000 -9.7998345753e+000
57 41 47
2 6 458 191.8500 -190.1200 7 483 173.0500 -199.5900
2.4322410443e+000 -2.9061849701e+000 -1.0957166665e+001
57 46 54
2 6 466 148.4100 -178.2000 7 715 130.2500 -183.3700
1.6665164139e+000 -3.4869601047e+000 -1.3164809870e+001
88 85 103
2 6 467 84.7100 -178.1300 7 491 65.0500 -175.8900
2.4778554321e+000 -2.1543786963e+000 -8.2810367577e+000
187 178 144
2 6 470 199.2500 -174.6200 7 484 186.2400 -192.0100
2.5834188525e+000 -2.6206932075e+000 -1.0380285610e+001
67 55 65
2 6 473 166.4400 -169.5500 7 719 149.0600 -177.7600
1.7277533641e+000 -3.1066236679e+000 -1.2958645015e+001
54 48 60
2 6 479 89.3300 -161.3900 7 495 70.8800 -160.5900
2.3341789355e+000 -2.0319780900e+000 -8.5967485340e+000
113 98 80
2 6 480 181.3700 -158.8600 7 492 169.3000 -175.6900
2.1353866770e+000 -2.4189749321e+000 -1.1720308859e+001
63 47 57
2 6 486 122.2200 -139.0700 7 506 106.2600 -143.5200
2.3516882710e+000 -2.2725332581e+000 -1.1057367064e+001
121 118 134
2 6 488 142.7600 -138.3000 7 503 127.0100 -145.6500
2.1753374631e+000 -8.7191893241e-001 -6.4216369600e+000
216 192 86
2 6 504 226.5100 -90.9700 7 516 225.4300 -129.8000
2.5372807493e+000 -6.3160363278e-001 -5.5744451679e+000
221 70 104
2 6 511 302.3600 -75.1600 7 776 299.8200 -126.6000
2.5349225388e+000 -5.4806082222e-001 -5.5382453072e+000
239 180 193
2 6 516 304.1000 -65.5000 7 786 302.3600 -118.4300
2.0820813971e+000 -5.5897875245e-001 -6.6111742509e+000
228 191 78
2 6 519 211.3600 -55.9900 7 534 212.3600 -96.1800
2.2724464805e+000 -4.7224376240e-001 -6.2222964643e+000
229 196 57
2 6 525 244.3800 -50.1900 7 535 245.4900 -95.3000
2.2724464805e+000 -4.7224376240e-001 -6.2222964643e+000
229 196 57
2 6 526 244.3800 -50.1900 7 536 245.4900 -95.3000
8.6426286968e-001 -3.7610390589e-001 -5.5814901676e+000
169 46 60
2 6 529 101.5700 -44.8000 7 806 122.9900 -93.0300
2.2213877145e+000 -3.5991130679e-001 -6.2774790179e+000
97 62 2
2 6 532 236.9600 -37.6000 7 816 239.4100 -83.0000
2.5712931687e+000 -3.0816973220e-001 -5.3969264852e+000
232 191 210
2 6 533 316.2300 -37.2500 7 800 316.3700 -95.2000
2.1954086650e+000 -3.2130037397e-001 -6.2823466722e+000
120 75 14
2 6 535 234.1000 -33.3600 7 818 237.0300 -79.0400
2.5716984709e+000 -2.5362824384e-001 -5.4356210775e+000
240 192 195
2 6 536 314.3600 -30.0900 7 543 314.5900 -88.4400
2.1556309862e+000 2.8692309818e-001 -6.4759539057e+000
176 139 48
3 6 562 223.2400 31.6400 7 571 230.2300 -16.5600 8 660 -132.1600 95.1600
-3.4519878476e-001 4.2094710238e-001 -4.7742682486e+000
171 123 144
2 6 577 -57.0900 63.4700 7 578 -6.3000 0.0600
-3.3235929024e-001 4.4915725916e-001 -4.7984696476e+000
220 191 199
2 6 581 -54.8200 67.3200 7 581 -4.6100 3.8600
-1.0078219601e+000 4.5793982911e-001 -4.6916664515e+000
173 160 195
2 6 583 -155.4700 69.8000 7 582 -97.3800 9.2300
1.7330168076e-001 5.8434228629e-001 -5.4846103590e+000
73 21 45
2 6 585 16.3300 75.8800 7 900 52.5200 20.6200
4.0257521944e-001 6.3047570995e-001 -5.4975056802e+000
243 214 219
2 6 588 45.2300 81.4500 7 586 79.4200 24.6500
1.8287746730e-001 6.7810210573e-001 -5.5243448499e+000
71 6 13
2 6 591 17.5600 87.1700 7 588 53.5200 31.5900
-5.9202560740e-001 5.9234843797e-001 -4.6776070964e+000
237 174 184
2 6 592 -94.5900 90.2700 7 909 -38.9600 24.7200
-8.7831709570e-001 6.8561630655e-001 -4.6194871414e+000
228 165 173
2 6 597 -138.4900 104.9800 7 590 -78.5600 39.9700
-9.3537519498e-001 7.7133270491e-001 -4.6415808736e+000
157 100 122
2 6 605 -146.0000 117.2000 7 601 -85.9000 52.3200
-3.9335940260e+000 4.0148092980e+000 -1.2011523762e+001
146 93 86
2 6 619 -219.3700 225.4000 7 1037 -212.5600 230.5400
2.2325410318e+000 -3.9658328545e+000 -1.1469579632e+001
51 45 59
2 6 630 129.3300 -231.3900 7 652 108.0600 -230.9300
2.2728974252e+000 -3.9090758652e+000 -1.1350311317e+001
89 87 105
2 6 631 132.9900 -230.5400 7 653 111.9700 -230.4100
1.0026079797e+000 -5.1241307128e+000 -1.4907294849e+001
48 48 57
2 6 632 44.3900 -230.3300 7 670 20.9900 -220.5000
2.2641739599e+000 -3.7966938855e+000 -1.1323040027e+001
88 85 102
2 6 642 132.9600 -224.5500 7 662 112.2300 -225.0200
2.7215950344e+000 -3.3782265744e+000 -1.0166347871e+001
59 54 71
3 6 650 177.7900 -222.0100 7 657 157.1700 -227.3700 8 752 -1.8300 206.5900
3.0162432464e+000 -3.0321483532e+000 -9.2517818663e+000
56 47 62
2 6 658 215.9600 -218.4100 7 656 195.2900 -228.3200
2.4174842405e+000 -3.5132698733e+000 -1.1027094707e+001
99 95 118
3 6 662 146.0200 -213.4700 7 677 125.7000 -215.8900 8 1030 24.3600 183.3600
2.3562728607e+000 -3.5458734053e+000 -1.1233518083e+001
56 46 58
2 6 666 139.7500 -211.5600 7 680 119.4700 -213.4300
2.8643132653e+000 -3.0168403637e+000 -9.7307198906e+000
117 110 126
3 6 674 195.6500 -207.1000 7 676 175.8600 -215.8000 8 1079 -21.9300 204.4600
2.3940954454e+000 -3.3130240184e+000 -1.0965972940e+001
53 46 61
2 6 679 145.5500 -202.6500 7 686 126.1400 -206.0100
2.5518155442e+000 -3.1815309078e+000 -1.0592623218e+001
68 59 74
2 6 680 160.5500 -201.3400 7 684 141.1900 -206.3400
2.1833680717e+000 -3.4445649512e+000 -1.1642014271e+001
88 81 97
2 6 685 125.2000 -198.6200 7 692 105.5400 -199.8900
1.6530709746e+000 -3.8856912299e+000 -1.3170722019e+001
36 26 32
3 6 688 83.7200 -198.2300 7 699 63.1600 -194.6600 8 959 78.4400 137.1800
2.5331075549e+000 -3.0990073699e+000 -1.0630554428e+001
100 93 109
2 6 691 158.9600 -195.5000 7 691 139.8800 -200.8200
2.0037383659e+000 -3.5264892179e+000 -1.2171284102e+001
52 47 68
2 6 692 109.9400 -194.6600 7 697 90.2400 -194.3500
2.0037383659e+000 -3.5264892179e+000 -1.2171284102e+001
52 47 68
2 6 693 109.9400 -194.6600 7 698 90.2400 -194.3500
2.6881580363e+000 -2.8403840022e+000 -1.0132351788e+001
47 34 47
2 6 698 177.0200 -187.8800 7 695 158.4000 -195.9900
2.1240801687e+000 -3.3074174045e+000 -1.1869742394e+001
90 78 86
2 6 699 119.6200 -187.2500 7 708 100.4400 -188.4700
1.8583023168e+000 -3.4930751115e+000 -1.2578137195e+001
44 36 49
3 6 701 99.0300 -186.5400 7 713 79.2300 -185.6000 8 957 61.1100 136.2800
2.4743557574e+000 -2.9232661370e+000 -1.0721043641e+001
57 46 60
2 6 704 154.2200 -183.0600 7 705 135.9200 -188.8700
2.0048343526e+000 -3.1800482255e+000 -1.2137699387e+001
57 49 60
2 6 712 110.5400 -176.2200 7 722 91.8900 -177.1800
2.0024743695e+000 -3.0967981629e+000 -1.2092384356e+001
89 85 99
2 6 718 110.8700 -172.2800 7 726 92.5100 -173.6200
2.0024743695e+000 -3.0967981629e+000 -1.2092384356e+001
89 85 99
2 6 719 110.8700 -172.2800 7 727 92.5100 -173.6200
2.5263298046e+000 -2.5678961262e+000 -1.0603669051e+001
106 99 115
2 6 732 159.5500 -162.6900 7 732 142.3300 -170.5200
2.5263298046e+000 -2.5678961262e+000 -1.0603669051e+001
106 99 115
2 6 733 159.5500 -162.6900 7 733 142.3300 -170.5200
2.4389854451e+000 -2.5944149716e+000 -1.0823047534e+001
64 53 67
2 6 735 150.9200 -161.1700 7 737 133.9100 -168.0200
2.4389854451e+000 -2.5944149716e+000 -1.0823047534e+001
64 53 67
2 6 737 150.9200 -161.1700 7 739 133.9100 -168.0200
1.2840171196e+000 -3.0648398822e+000 -1.4285226686e+001
74 67 78
2 6 744 60.2100 -144.4700 7 756 41.5100 -140.8000
2.1741700377e+000 -2.2372683976e+000 -1.1600247439e+001
68 55 68
2 6 751 126.0600 -129.7200 7 763 110.2000 -135.6300
2.3613905078e+000 -1.1474333935e+000 -5.9897098733e+000
197 196 106
2 6 753 262.0900 -128.3000 7 736 257.7200 -168.3400
2.3600433082e+000 -2.0620809850e+000 -1.1076688854e+001
71 60 79
2 6 758 143.1800 -125.2500 7 768 128.1000 -133.3900
2.2163178609e+000 -2.0458000640e+000 -1.1331311908e+001
91 79 87
2 6 760 131.5700 -121.4300 7 771 116.6000 -128.7600
2.2163178609e+000 -2.0458000640e+000 -1.1331311908e+001
91 79 87
2 6 761 131.5700 -121.4300 7 772 116.6000 -128.7600
2.0475715929e+000 -2.0618599395e+000 -1.1887372911e+001
62 50 55
2 6 768 116.0000 -116.6100 7 782 100.7200 -122.1600
2.5420718727e+000 -5.0702682893e-001 -5.5207643771e+000
233 187 193
2 6 790 305.8500 -60.7300 7 790 304.5100 -114.3500
2.2870970273e+000 -2.5506035653e-001 -6.1989644647e+000
175 144 33
2 6 814 246.9600 -26.5500 7 823 249.6600 -74.0700
2.5780736936e+000 -2.1279145457e-001 -5.4240525331e+000
237 192 205
2 6 816 315.6900 -25.1300 7 815 316.4100 -84.0700
2.2094452690e+000 5.3353733144e-001 -6.3550770827e+000
139 84 16
2 6 860 233.0600 58.9300 7 882 241.6500 6.4900
-7.5740654394e-001 4.3884019553e-001 -4.6786427978e+000
182 160 191
2 6 874 -119.0900 67.4600 7 878 -62.9900 4.5900
-9.5998745353e-001 4.8351912905e-001 -4.6610800368e+000
147 198 228
2 6 884 -149.4800 74.0700 7 891 -90.9200 12.3000
-8.2969424122e-001 6.1260411821e-001 -4.6519623075e+000
235 199 217
2 6 899 -130.4000 93.5100 7 916 -71.9800 29.3300
5.5139580739e-001 8.5368716165e-001 -5.6255292783e+000
202 159 176
2 6 912 62.7600 107.1000 7 935 95.0700 49.4700
-7.2762036628e-001 7.1309131109e-001 -4.6315120501e+000
146 87 107
2 6 915 -115.6900 109.0000 7 927 -57.1300 42.6500
4.0221264933e-001 9.2699667475e-001 -5.6516576532e+000
203 132 150
2 6 921 44.0800 115.4800 7 941 78.2200 58.9300
-8.3463976249e-001 7.8966999853e-001 -4.6442020586e+000
216 161 173
2 6 926 -131.1300 119.8900 7 938 -71.5100 54.2200
5.4228374782e-001 1.0714747812e+000 -5.6878580388e+000
142 34 59
3 6 929 60.7000 131.9600 7 951 94.3200 74.5200 8 827 -35.3900 3.8100
-3.9278763012e+000 3.5488769929e+000 -1.1983781728e+001
144 80 72
2 6 951 -220.4700 200.4400 7 985 -214.1000 205.3800
-5.3575277922e+000 3.5991098641e+000 -1.1706837183e+001
128 72 58
2 6 958 -302.8900 204.9400 7 1001 -297.7800 214.9700
-5.3575277922e+000 3.5991098641e+000 -1.1706837183e+001
128 72 58
2 6 959 -302.8900 204.9400 7 1002 -297.7800 214.9700
-5.5098724727e+000 3.5857079793e+000 -1.1629167196e+001
125 72 64
2 6 960 -312.8700 205.0800 7 639 -307.9200 215.6100
-5.5098724727e+000 3.5857079793e+000 -1.1629167196e+001
125 72 64
2 6 961 -312.8700 205.0800 7 640 -307.9200 215.6100
-3.8442710100e+000 3.7019322245e+000 -1.2065855023e+001
129 57 41
2 6 963 -214.2400 207.6000 7 995 -207.8600 212.4500
-3.9325626286e+000 3.7180752063e+000 -1.2114233444e+001
130 57 30
2 6 964 -218.0200 207.6600 7 996 -212.0800 212.7500
-5.0491801227e+000 3.6788620567e+000 -1.1690755866e+001
130 72 56
2 6 975 -286.7500 210.2100 7 1006 -280.6900 219.2100
-3.8103585705e+000 3.7813435601e+000 -1.2037671867e+001
132 53 30
2 6 980 -212.7200 212.4600 7 1005 -206.1600 217.1000
-4.9210866744e+000 3.7916469655e+000 -1.1750847688e+001
134 72 65
2 6 985 -278.1900 215.7700 7 1023 -272.1000 224.3100
-4.8783049119e+000 3.8802651181e+000 -1.1719854655e+001
135 75 58
2 6 992 -276.4700 221.1600 7 1036 -269.9000 229.7600
-3.5162517478e+000 4.0043234009e+000 -1.2062281966e+001
143 85 86
2 6 994 -196.1600 224.4100 7 1033 -188.7600 228.3900
2.4088402420e+000 -1.6831000154e+000 -5.8307701557e+000
214 38 63
2 6 21 272.4100 -192.2800 5 12 227.0900 -203.4800
7.2504791758e-001 2.6296497803e-001 -5.6758110296e+000
204 29 53
2 6 24 83.2600 34.5700 5 21 83.1600 23.4800
7.2504791758e-001 2.6296497803e-001 -5.6758110296e+000
204 29 53
2 6 25 83.2600 34.5700 5 22 83.1600 23.4800
-7.2663581522e-001 -3.1478835359e-001 -5.1579598036e+000
235 183 196
2 6 48 -103.9900 -41.0300 5 48 -96.7200 -40.2700
-7.7720381739e-001 5.3742780572e-001 -4.6632108102e+000
162 189 226
2 6 76 -122.3300 82.8800 5 87 -86.2600 87.4700
2.1528131889e+000 1.1028118731e+000 -6.0205772697e+000
212 176 116
2 6 79 238.8400 126.9200 5 112 224.1600 100.4300
-3.2037136709e+000 3.7821131952e+000 -1.4753848847e+001
29 26 34
2 6 145 -147.0300 176.2100 5 236 -238.7800 219.9500
8.2425905310e-001 -2.8138487312e-002 -5.8018677776e+000
81 4 10
2 6 176 93.1200 -1.7300 5 201 86.0300 -11.3600
-3.0339118961e+000 4.1074911113e+000 -1.6859109479e+001
96 85 103
2 6 201 -121.8400 166.7400 5 233 -219.2500 209.9500
1.2609280170e+000 -2.5619004815e+000 -1.3404795916e+001
25 29 49
2 6 222 63.0200 -128.6700 5 246 -40.4800 -116.5400
1.9454295305e+000 -1.0470323695e+000 -6.8690760119e+000
203 178 60
2 6 225 189.4500 -102.4000 5 247 142.0800 -111.2500
1.2994713654e+000 -8.5830082220e-002 -5.4434825016e+000
215 151 156
2 6 240 159.1300 -9.2300 5 271 156.1000 -26.2400
7.3280635608e-001 5.4506914659e-002 -5.8602502983e+000
199 45 81
2 6 246 81.4800 8.3100 5 277 74.2900 -0.4500
3.0255770505e-001 1.1161647848e-001 -5.6933314392e+000
204 42 82
2 6 249 31.5500 15.7400 5 280 30.9900 9.9200
7.4469904632e-001 1.4947779526e-001 -5.7820580270e+000
111 13 20
2 6 252 83.9900 19.6500 5 282 79.8700 10.5000
-5.6083469394e-001 3.7662666730e-001 -4.7000571508e+000
211 160 172
2 6 256 -89.7600 58.2300 5 213 -54.8100 58.1200
5.1555466704e-001 8.8548416384e-001 -5.6685048119e+000
138 12 28
2 6 272 57.7200 109.9700 5 301 66.2600 103.6900
-8.9391295550e-001 7.4182071851e-001 -4.6290654954e+000
224 165 176
3 6 274 -140.0400 113.3900 5 311 -101.7500 123.9300 8 309 143.1800 31.6200
2.0710131854e+000 -2.3118300290e+000 -1.1971282503e+001
104 96 105
2 6 323 116.3000 -130.1100 5 349 19.1300 -121.9800
8.6510451806e-001 -8.1498756179e-003 -5.7741260371e+000
223 197 213
2 6 360 98.4700 0.8100 5 391 91.9800 -9.7400
2.2046383975e+000 5.4168149700e-001 -6.3335874687e+000
149 93 24
3 6 375 233.2100 60.1100 5 404 206.4300 39.4300 8 490 -150.4700 79.7600
1.1002708435e+000 5.9057355434e-001 -5.5653344228e+000
102 6 13
2 6 381 131.2000 75.2100 5 414 135.1600 59.7200
-7.6938859276e-001 9.0883586635e-001 -4.6981219149e+000
158 124 143
2 6 406 -119.8700 136.1200 5 456 -79.8500 146.7200
2.9712672140e+000 -3.1889473311e+000 -9.4077447127e+000
122 117 137
3 6 430 209.2100 -226.0200 5 471 116.5300 -221.7000 8 1129 -28.5000 225.8500
2.7504360524e+000 -3.3168900516e+000 -1.0075398977e+001
117 111 132
2 6 433 181.2900 -220.0300 5 474 85.9500 -214.5300
2.3192648032e+000 -3.0505276063e+000 -1.1239217881e+001
108 101 117
2 6 462 137.9600 -182.4300 5 490 39.9900 -175.1500
2.6604917008e+000 -2.6088190676e+000 -1.0247414792e+001
120 114 129
2 6 471 173.5800 -170.9000 5 497 81.5300 -166.8600
2.5886045347e+000 -2.6266600813e+000 -1.0403316184e+001
67 55 65
2 6 474 166.4400 -169.5500 5 499 73.7800 -165.0900
2.2815014984e+000 -1.4762769683e+000 -6.0778087542e+000
201 153 45
2 6 477 248.9500 -162.9300 5 492 204.4800 -173.7000
2.2815014984e+000 -1.4762769683e+000 -6.0778087542e+000
201 153 45
2 6 478 248.9500 -162.9300 5 493 204.4800 -173.7000
2.3576877661e+000 -2.3902019278e+000 -1.1174988811e+001
74 53 61
2 6 482 141.6100 -144.0100 5 505 47.1300 -137.8600
2.1803087288e+000 -8.3306996348e-001 -6.4024633989e+000
217 194 83
3 6 507 227.6400 -87.0500 5 355 186.2300 -100.2100 4 492 263.0100 -79.7100
2.2210470384e+000 -7.3064432796e-001 -6.3305781184e+000
163 137 40
2 6 509 234.6400 -76.9100 5 359 194.6700 -91.5300
2.2615973454e+000 -5.0008141143e-001 -6.2126104736e+000
225 194 63
3 6 521 243.4800 -53.3600 5 374 207.0700 -69.6400 4 510 256.4900 -38.8500
-8.2000561634e-001 3.6202417241e-001 -4.7122552394e+000
245 237 249
2 6 573 -127.4800 55.5800 5 415 -96.3300 60.1500
1.0797845298e+000 4.9377612595e-001 -5.5842469427e+000
201 41 74
2 6 576 128.2700 63.0000 5 408 130.7800 48.0600
2.9646118459e+000 -3.2987812154e+000 -9.5971375458e+000
116 113 136
2 6 633 204.5000 -229.2000 5 649 110.5900 -224.3200
2.5203029228e+000 -3.4931256099e+000 -1.0650540139e+001
51 47 63
3 6 656 157.4100 -219.5200 5 476 59.3300 -212.5900 8 1054 15.7000 194.6700
2.9463257413e+000 -3.0272534049e+000 -9.4909433886e+000
115 100 121
2 6 663 205.9700 -213.0800 5 659 114.2100 -209.2200
2.8089876543e+000 -3.1185842513e+000 -9.8503695410e+000
32 30 45
3 6 665 189.5700 -211.6800 5 660 96.0000 -207.0400 8 1080 -15.3800 205.0700
2.6667259746e+000 -3.1982523195e+000 -1.0353070375e+001
115 109 126
2 6 675 171.4500 -207.0200 5 664 75.7900 -201.0400
2.3862377463e+000 -3.3135019049e+000 -1.1108542204e+001
113 109 127
2 6 682 143.3000 -200.1200 5 674 44.4300 -192.8100
2.6205238537e+000 -2.6803175570e+000 -1.0311092015e+001
67 61 76
2 6 714 169.8600 -174.5800 5 495 77.3000 -170.0300
2.4343162403e+000 -2.8361106975e+000 -1.0919945370e+001
116 108 123
2 6 716 149.1300 -174.5700 5 681 53.3800 -168.3700
2.4670548142e+000 -2.5796494271e+000 -1.0721599454e+001
104 104 123
2 6 734 154.1400 -161.6100 5 695 60.5100 -156.6600
2.5528869231e+000 -2.4739915657e+000 -1.0455538164e+001
111 103 121
2 6 738 163.5100 -159.0600 5 696 71.5700 -154.6300
2.0894604648e+000 -2.0250580086e+000 -1.1813004623e+001
107 91 101
2 6 770 119.0600 -115.3200 5 737 23.9300 -108.0600
2.5294839669e+000 -5.7822882782e-001 -5.5041911516e+000
208 106 133
2 6 785 305.2300 -69.6100 5 750 274.1700 -91.9600
2.5294839669e+000 -5.7822882782e-001 -5.5041911516e+000
208 106 133
2 6 786 305.2300 -69.6100 5 751 274.1700 -91.9600
2.5211869857e+000 -5.1528856326e-001 -5.5301332592e+000
206 60 87
2 6 789 303.0200 -61.5900 5 755 272.4400 -84.3200
2.5532366101e+000 -4.5311256266e-001 -5.4822503726e+000
208 95 123
2 6 791 309.3800 -54.4800 5 759 279.6000 -78.2400
2.2853288365e+000 -4.5751367358e-001 -6.1659786989e+000
167 135 16
2 6 795 247.9200 -49.0700 5 771 212.3500 -66.1400
2.5670227293e+000 -2.2991310291e-001 -5.4374203824e+000
215 80 98
2 6 810 313.7100 -27.2600 5 779 286.9500 -53.3800
2.5670227293e+000 -2.2991310291e-001 -5.4374203824e+000
215 80 98
2 6 811 313.7100 -27.2600 5 780 286.9500 -53.3800
2.3067418339e+000 -3.5885874628e-002 -6.1079985879e+000
167 136 16
2 6 829 252.8100 -2.5300 5 820 222.2300 -22.5700
2.4993111283e+000 7.0477603016e-002 -5.5781488399e+000
184 158 92
2 6 837 298.5100 9.9600 5 826 274.3800 -16.9400
-6.0691996321e-001 4.2245534005e-001 -4.7292018746e+000
220 158 170
2 6 868 -95.9200 64.3300 5 872 -61.9700 66.1700
2.2202764352e-001 6.4643960524e-001 -5.4888406512e+000
187 157 176
2 6 890 22.5500 83.7200 5 891 34.5500 79.4900
-6.9816839617e-001 8.8686683808e-001 -4.7089680566e+000
132 93 111
2 6 931 -109.2300 132.7900 5 913 -69.0900 141.4500
-2.4764222078e+000 3.1696091492e+000 -1.2078768891e+001
91 86 95
2 6 940 -139.8100 179.4700 5 641 -217.0500 222.2800
1.6365710350e+000 3.7170528161e-001 -6.0454199831e+000
205 41 51
2 7 4 196.5500 -9.2700 5 7 165.1700 27.8000
-2.4805050009e+000 1.7509655425e+000 -1.2479081166e+001
124 105 114
2 7 92 -134.9400 98.5300 5 91 -224.1600 134.0800
1.9082890119e+000 -1.1365951468e+000 -6.8549823549e+000
226 207 90
2 7 98 185.1900 -143.7600 5 67 138.4200 -119.5500
-7.1676295775e-001 3.0599047230e-001 -4.8151429361e+000
223 153 168
2 7 106 -57.4100 -12.8700 5 55 -82.4900 49.3400
-7.1676295775e-001 3.0599047230e-001 -4.8151429361e+000
223 153 168
2 7 107 -57.4100 -12.8700 5 56 -82.4900 49.3400
1.3667235514e+000 1.0652136451e-001 -5.5660483753e+000
132 26 23
2 7 137 182.9000 -40.7900 5 141 159.2800 -2.5400
9.8317613373e-001 1.4087702462e-001 -5.8163389987e+000
135 14 22
2 7 139 133.5500 -32.2700 5 207 105.0200 6.9800
-8.8260956730e-001 1.7951388867e-001 -4.7256438501e+000
223 160 168
2 7 140 -81.6000 -29.7000 5 105 -109.1400 31.7800
1.4381218466e+000 1.2998535737e+000 -5.3698822300e+000
200 144 155
2 7 159 207.1500 97.0700 5 164 191.8600 144.2400
-1.9321516929e+000 2.0492556804e+000 -1.1762921313e+001
121 100 115
3 7 164 -108.9900 117.9400 5 165 -191.8100 154.8200 8 102 167.9100 -199.9500
-4.4773343037e-001 -1.6434733230e-001 -5.0753777779e+000
251 208 218
2 7 192 -25.0100 -71.7000 5 195 -53.4500 -23.8000
1.1720131079e+000 4.5527826967e-002 -5.5335948759e+000
134 59 62
2 7 197 161.9900 -47.2700 5 202 138.5500 -8.2300
7.9825328566e-001 -2.2607637661e+000 -1.2407895841e+001
150 127 125
2 7 246 29.6000 -123.8500 5 248 -55.1900 -110.7500
-7.5091854465e-001 2.8564658966e-001 -4.7058479813e+000
217 152 166
2 7 271 -62.8500 -16.3600 5 210 -86.3200 46.8700
3.9755126139e-001 6.3268091111e-001 -5.5128801219e+000
249 236 236
2 7 291 78.6200 24.7400 5 219 55.1300 75.2200
2.1600993563e+000 -1.7983906272e+000 -9.0848329563e+000
197 186 164
2 7 353 148.6400 -148.9500 5 346 81.9700 -132.6000
1.9411657582e+000 -1.0624303949e+000 -6.8604007419e+000
234 210 88
2 7 356 188.4400 -136.9100 5 352 141.9100 -112.6200
2.2354031579e+000 -6.3552520254e-001 -6.2458007369e+000
243 216 80
3 7 360 239.6200 -111.0700 5 363 201.6400 -82.9900 8 528 -112.5800 182.7800
2.2689018002e+000 -5.3317580926e-001 -6.1658648628e+000
190 158 35
4 7 363 247.1200 -102.2700 5 368 210.0300 -74.0600 8 527 -121.4100 179.2000 4 513 260.8500 -37.5200
2.2701083786e+000 -5.3266724315e-001 -6.1668399873e+000
190 158 35
3 7 364 247.1200 -102.2700 5 369 210.0300 -74.0600 4 512 260.8500 -37.5200
-4.9070810685e-001 3.2467390355e-001 -4.6828210527e+000
186 125 131
3 7 390 -26.5500 -12.9600 5 410 -44.2000 49.1200 8 662 104.3600 98.9500
-5.2880329376e-001 3.9146838814e-001 -4.6915410648e+000
149 91 108
2 7 394 -31.2600 -3.7100 5 416 -49.4800 60.5300
-8.8417258294e-001 7.7689159362e-001 -4.6480716076e+000
184 119 134
2 7 425 -78.5300 52.7200 5 447 -99.6300 129.1000
2.3579073797e+000 -2.2773338670e+000 -1.1072914454e+001
153 149 170
2 7 502 127.0100 -145.6500 5 509 49.6000 -132.9600
2.1542751676e+000 -8.3976169433e-001 -6.4416238363e+000
184 192 135
2 7 521 223.0300 -126.0000 5 520 182.0100 -100.1300
2.1599246502e+000 -8.4207124824e-001 -6.4543641378e+000
184 192 135
3 7 522 223.0300 -126.0000 5 521 182.0100 -100.1300 4 789 259.5200 -84.7100
2.2472475095e+000 -5.8774596616e-001 -6.2614307093e+000
246 219 83
4 7 531 240.4300 -105.6100 5 535 202.2300 -78.2700 8 719 -115.0300 178.5000 4 804 258.7300 -49.2300
1.1940111770e+000 -3.4119569905e-001 -5.4550392461e+000
163 93 103
2 7 538 163.9700 -93.0800 5 543 140.3000 -56.9900
1.2809752024e+000 -1.2625339393e-001 -5.4297684903e+000
156 83 91
2 7 549 176.4200 -69.2100 5 555 154.2500 -31.4100
-5.0896398620e-001 3.0349649761e-001 -4.6907288492e+000
247 197 208
2 7 572 -29.3000 -15.7400 5 599 -47.4900 46.0400
2.6514110018e+000 -3.0419954793e+000 -1.0300286226e+001
140 131 150
2 7 689 152.3400 -204.4000 5 673 76.9800 -192.8100
2.5664651474e+000 -2.6759633379e+000 -1.0469953618e+001
128 115 128
2 7 717 146.2900 -179.3100 5 682 70.7800 -166.9800
2.4115748023e+000 -2.7969129569e+000 -1.0952265747e+001
80 68 82
2 7 721 129.5600 -177.3000 5 683 51.7000 -165.5600
2.1799613935e+000 -9.3571065048e-001 -6.3965343500e+000
200 170 46
2 7 761 226.2600 -136.2500 5 730 185.4600 -110.7700
2.1799613935e+000 -9.3571065048e-001 -6.3965343500e+000
200 170 46
2 7 762 226.2600 -136.2500 5 731 185.4600 -110.7700
2.2266877675e+000 -8.8235175860e-001 -6.3032550671e+000
200 173 44
4 7 767 234.5900 -133.5800 5 515 194.9400 -107.2800 8 1064 -101.3500 199.5400 4 794 274.3800 -75.1800
2.1852055250e+000 -8.6546298725e-001 -6.3626071618e+000
196 170 45
2 7 769 228.6500 -130.5300 5 518 188.3300 -104.2000
2.1852055250e+000 -8.6546298725e-001 -6.3626071618e+000
196 170 45
2 7 770 228.6500 -130.5300 5 519 188.3300 -104.2000
1.9854475647e+000 -2.1157679123e+000 -1.2047136458e+001
74 49 49
2 7 780 95.6100 -122.9000 5 735 14.4200 -110.1300
2.2775525675e+000 -4.9652828522e-001 -6.1726797417e+000
206 173 42
4 7 797 247.7800 -98.5800 5 540 210.7300 -70.0700 8 1019 -123.4500 176.0200 4 1231 259.1600 -35.2400
-8.8804110249e-001 -4.0734671775e-001 -5.3407075141e+000
236 189 200
2 7 805 -80.2500 -93.5400 5 377 -122.7400 -49.6200
2.2651333598e+000 -3.7468593423e-001 -6.2209209019e+000
206 171 32
2 7 814 245.6400 -85.5200 5 544 208.4800 -56.7200
-9.3089321895e-001 -2.4218506450e-001 -5.1423813534e+000
157 204 237
2 7 821 -86.4600 -77.3500 5 805 -125.6100 -28.8100
-9.3911347317e-001 -1.9533983961e-001 -5.0961424078e+000
119 141 190
2 7 824 -87.7000 -72.3600 5 563 -125.9500 -22.4700
9.2261299536e-001 1.2150459988e-001 -5.7939025822e+000
150 41 66
2 7 855 127.5400 -34.5000 5 844 98.9900 5.3300
-9.1022871976e-001 2.8487561875e-001 -4.7275186766e+000
228 166 183
3 7 864 -84.4100 -15.0200 5 601 -112.3900 49.1300 8 656 163.9400 86.0500
-6.7567906101e-001 3.6188743324e-001 -4.7015584368e+000
202 130 146
3 7 870 -51.9000 -6.3500 5 870 -73.1800 57.8500 8 657 128.3100 86.3600
3.5420380062e-001 6.2161909147e-001 -5.4700586849e+000
155 106 126
2 7 905 74.1400 23.9000 5 882 51.4600 74.4700
3.6808188527e-001 6.4626919678e-001 -5.4800812077e+000
247 224 229
2 7 913 75.7700 26.7000 5 613 53.0600 77.4300
-1.0619343782e+000 7.8924677883e-001 -4.6907572283e+000
249 196 203
2 7 939 -102.9000 55.6500 5 912 -128.8300 133.4600
1.6768035125e+000 1.4121569982e+000 -5.5213815468e+000
189 140 135
2 7 960 228.0200 106.4800 5 915 209.5100 150.6900
9.1843014720e-001 4.9703270380e-001 -5.5661282962e+000
213 195 202
2 6 97 108.1500 63.2900 8 163 -55.4500 80.4000
9.1843014720e-001 4.9703270380e-001 -5.5661282962e+000
213 195 202
2 6 98 108.1500 63.2900 8 162 -55.4500 80.4000
2.6356122698e+000 -3.2615330360e+000 -1.0391648433e+001
65 50 61
2 6 441 168.7600 -210.1200 8 1050 2.6200 192.7700
1.9284146377e+000 -3.7703455423e+000 -1.2406953347e+001
90 91 111
2 6 446 103.6700 -204.0500 8 972 61.0600 152.9800
1.9284146377e+000 -3.7703455423e+000 -1.2406953347e+001
90 91 111
2 6 447 103.6700 -204.0500 8 971 61.0600 152.9800
-4.8157883949e-001 2.3480369903e-001 -4.6757500330e+000
225 173 182
2 6 566 -78.5400 37.2500 8 671 107.0400 110.9300
5.0217464000e-001 1.0785463148e+000 -5.6807505639e+000
140 30 54
2 6 932 55.8100 133.0200 8 825 -31.7100 1.8800
1.6670005302e+000 2.9327989090e+000 -7.4441577081e+000
141 136 153
2 7 69 169.5900 220.7500 8 63 -152.1000 -166.3500
-5.6222720638e-001 3.6867485717e-001 -4.6843329930e+000
240 193 203
2 7 144 -36.2300 -6.3600 8 221 112.3300 90.6500
-9.5969730754e-002 6.7017594734e-001 -5.5531257355e+000
233 45 74
2 7 151 21.5200 32.8400 8 157 49.6000 30.9500
-2.8822018303e+000 1.0782327373e+000 -1.2823925572e+001
117 96 105
2 7 217 -155.3800 62.6400 8 136 232.1600 -163.9200
6.1929802954e-001 1.6822918758e+000 -5.9619453636e+000
96 5 3
2 7 226 100.5600 138.7800 8 187 -60.6000 -66.0700
2.5552467091e+000 -6.3322574054e-001 -5.4688017170e+000
255 64 99
2 7 241 307.3500 -129.4700 8 384 -167.1300 230.4700
2.5552467091e+000 -6.3322574054e-001 -5.4688017170e+000
255 64 99
2 7 242 307.3500 -129.4700 8 383 -167.1300 230.4700
1.3602688104e-001 5.5497853738e-001 -5.4752802143e+000
104 39 63
2 7 282 48.4200 17.4500 8 213 26.1000 54.2800
8.6510286269e-001 6.9540243352e-001 -5.6637892212e+000
234 44 79
2 7 292 128.4400 29.4100 8 478 -54.6800 54.4700
4.3096353643e-001 8.6528955705e-001 -5.6488109404e+000
180 37 58
2 7 298 81.3400 51.7500 8 305 -15.8500 23.5600
1.2185888742e+000 1.3926044775e+000 -5.7606080771e+000
75 43 27
2 7 310 169.3500 105.3000 8 148 -115.5000 -9.9700
2.6810605043e+000 -3.4015592222e+000 -1.0273443515e+001
128 117 139
2 7 330 152.7800 -226.2300 8 542 1.8300 203.8300
1.1442602613e+000 -3.1716091950e-001 -5.4358916037e+000
244 181 190
2 7 366 158.9400 -90.6900 8 523 -48.7100 174.0000
2.0115176298e-001 5.3691245879e-001 -5.4814627921e+000
150 99 104
2 7 405 55.6700 14.8500 8 481 19.3800 58.0600
5.6871757729e-001 9.4221769589e-001 -5.6685111061e+000
194 28 51
2 7 428 96.8800 59.5500 8 450 -33.4000 19.1300
1.5484500251e+000 1.2653200025e+000 -5.3680840966e+000
185 130 132
2 7 435 219.1900 91.8700 8 455 -160.1800 27.0500
1.4211516094e-001 1.2263775319e+000 -5.7377071092e+000
117 3 7
2 7 436 49.1400 94.3600 8 297 2.7300 -28.3000
5.8273953995e-001 1.3852581054e+000 -5.9719351182e+000
78 0 0
2 7 440 94.6300 106.5400 8 435 -44.7900 -36.2200
-3.3835719974e-001 1.7697993667e+000 -9.7053486680e+000
6 6 4
2 7 441 -15.0000 110.0400 8 408 71.0200 -142.1900
1.3401568936e+000 2.5495970909e+000 -8.1197817521e+000
19 14 17
2 7 451 126.7600 178.0800 8 280 -94.3900 -147.6300
1.6868018962e+000 -4.6683232556e+000 -1.3229107655e+001
92 88 103
2 7 465 61.9300 -230.2300 8 710 88.4400 168.0100
2.5455048931e+000 -3.6026250583e+000 -1.0620276673e+001
126 118 137
2 7 466 138.5000 -229.7900 8 747 16.2000 201.0900
2.1243643291e+000 -3.9912551372e+000 -1.1850958853e+001
117 113 130
2 7 469 98.0500 -224.2600 8 720 52.5400 178.8500
1.8047438077e+000 -4.4218968715e+000 -1.2941843283e+001
60 44 54
2 7 470 70.5800 -224.1300 8 1000 78.8300 166.1200
2.0759782876e+000 -3.3304142971e+000 -1.1950231196e+001
74 62 78
2 7 487 97.0500 -188.1700 8 700 44.5500 146.4700
2.1567644360e+000 -9.4752241329e-001 -6.4337741763e+000
242 216 84
2 7 510 222.7700 -136.6100 8 742 -89.8000 196.8900
2.1679752719e+000 -8.2703127401e-001 -6.3805899708e+000
240 220 94
2 7 519 226.7800 -126.3300 8 732 -96.2600 190.3000
4.7270617345e-001 8.5698124173e-001 -5.6637795748e+000
230 194 214
2 7 599 85.7100 50.4800 8 625 -19.6700 25.2700
4.7270617345e-001 8.5698124173e-001 -5.6637795748e+000
230 194 214
2 7 600 85.7100 50.4800 8 626 -19.6700 25.2700
-3.3493725868e-001 1.7112985015e+000 -9.7338515874e+000
72 59 60
2 7 611 -15.2300 105.7300 8 572 72.1100 -138.2200
-6.3362764992e-001 1.7723384466e+000 -1.0301188211e+001
14 12 15
2 7 612 -35.3300 107.0200 8 571 93.2200 -151.9800
1.6465467155e+000 2.4443054314e+000 -7.5666029929e+000
115 95 82
2 7 628 162.9700 176.7700 8 575 -130.3000 -126.1700
1.6465467155e+000 2.4443054314e+000 -7.5666029929e+000
115 95 82
2 7 629 162.9700 176.7700 8 576 -130.3000 -126.1700
2.6710678981e+000 -3.4471173133e+000 -1.0347839209e+001
124 118 149
2 7 658 150.7100 -227.1900 8 1072 3.9500 203.5700
2.7467707511e+000 -3.3066917104e+000 -1.0041104280e+001
146 138 160
2 7 661 161.2900 -226.0000 8 1086 -5.8900 207.4300
1.8371935162e+000 -4.3216942132e+000 -1.2758066525e+001
106 103 119
2 7 666 73.7600 -222.8700 8 1001 75.0600 166.7400
2.8390751618e+000 -3.1181482777e+000 -9.8038354737e+000
124 114 122
2 7 668 172.1200 -220.2600 8 1085 -17.7300 206.8900
2.3394122246e+000 -3.2775192318e+000 -1.1187527494e+001
117 110 129
2 7 694 120.2300 -199.6600 8 1002 25.2500 166.9200
1.8689926027e+000 -3.2150197760e+000 -1.2535290519e+001
110 102 119
2 7 731 81.0700 -172.4500 8 943 55.6100 125.2000
-8.9805230743e-001 6.7810799680e-002 -4.7117103496e+000
236 173 188
2 7 847 -84.6100 -45.1800 8 928 170.8900 114.6500
-5.3009499997e-001 4.2118573798e-001 -4.7204681139e+000
196 138 152
2 7 875 -31.3300 0.9700 8 910 105.8900 83.1700
4.6133835723e-001 9.1467169413e-001 -5.6587483268e+000
235 153 173
2 7 940 84.8700 57.1800 8 853 -20.9300 18.9100
5.9310290155e-001 1.0639287991e+000 -5.6891389686e+000
162 28 49
2 7 948 100.0200 73.2200 8 610 -40.3400 6.2500
4.5307432560e-001 1.0646303635e+000 -5.6741138568e+000
223 201 224
2 7 952 84.4600 74.3100 8 824 -25.9000 1.9700
2.5672903147e+000 -2.8694136201e-001 -5.4145586071e+000
227 157 174
2 5 125 287.8900 -60.4300 8 255 -185.1100 203.5400
2.6118048092e+000 -1.5758397353e-002 -5.3518286561e+000
221 180 195
3 5 134 299.2100 -30.8700 8 176 -204.5100 182.9600 4 193 289.9100 69.9900
2.5476555546e+000 -3.6803748002e-001 -5.4274381534e+000
205 169 184
2 5 178 284.0800 -69.4700 8 256 -179.3400 209.5900
2.5938199983e+000 -3.4067273511e-001 -5.3766976430e+000
213 36 57
2 5 179 292.2500 -67.3700 8 260 -186.9900 211.1000
2.5820043038e+000 -2.0265959330e-001 -5.3896450750e+000
220 180 189
3 5 185 292.0900 -50.8300 8 252 -191.0700 197.9200 4 256 298.5300 54.0200
2.5598570132e+000 -5.9865234353e-002 -5.4092148812e+000
214 39 53
3 5 192 290.5600 -33.8600 8 245 -194.2500 183.4600 4 261 286.0300 61.1400
2.6108912733e+000 1.2338085315e-001 -5.2798968397e+000
220 188 205
2 5 199 307.1700 -14.3700 8 351 -213.0800 174.4800
2.6106151248e+000 1.2355341312e-001 -5.2802739463e+000
220 188 205
3 5 200 307.1700 -14.3700 8 350 -213.0800 174.4800 4 376 283.3500 84.3700
2.5678117005e+000 -5.5201503033e-001 -5.4499522648e+000
214 37 60
2 5 252 281.8200 -90.2300 8 377 -172.5900 224.8500
-3.0785051069e+000 -5.2078475531e-001 -1.5054817779e+001
103 100 125
2 5 281 -251.5100 9.6600 8 594 245.4500 -98.1500
-7.0987471601e-001 6.5919389227e-001 -4.6240047318e+000
220 167 180
2 5 303 -72.6900 107.1400 8 315 120.2500 50.3600
-9.9499138028e-001 6.8514353747e-001 -4.6221312702e+000
158 96 117
2 5 309 -119.0800 116.7500 8 464 160.1600 35.3400
2.8534397721e+000 -3.0256264283e+000 -9.8135579718e+000
87 79 92
2 5 336 100.7600 -202.1400 8 748 -19.8100 201.8700
2.2468124431e+000 -7.5274523327e-001 -6.2663818143e+000
161 135 39
2 5 358 200.1000 -94.8400 8 738 -108.7500 191.5100
2.2562300726e+000 -5.3939144259e-001 -6.2273567659e+000
213 182 65
2 5 370 205.4200 -73.5800 8 524 -118.4000 176.4400
2.5768497816e+000 -1.2078199220e-001 -5.3963880108e+000
228 185 199
3 5 380 292.2000 -41.5000 8 731 -193.8900 189.8300 4 551 292.1000 58.7000
-3.0948192864e+000 -5.5139463246e-001 -1.5225490556e+001
105 101 122
2 5 395 -251.0500 8.5500 8 595 245.4500 -98.1500
-2.2849922124e+000 4.2850680393e-001 -1.2440111472e+001
30 23 27
2 5 412 -219.9100 55.6900 8 416 212.6000 -115.9500
-2.2849922124e+000 4.2850680393e-001 -1.2440111472e+001
30 23 27
2 5 413 -219.9100 55.6900 8 415 212.6000 -115.9500
-7.5801049291e-001 4.3747679343e-001 -4.6748696868e+000
168 140 174
2 5 425 -84.7700 71.5000 8 649 136.5400 75.0100
4.2192949514e-001 1.1348624137e+000 -5.6749369105e+000
204 168 181
2 5 449 57.8600 135.9000 8 436 -25.2600 -6.7700
4.2192949514e-001 1.1348624137e+000 -5.6749369105e+000
204 168 181
2 5 450 57.8600 135.9000 8 437 -25.2600 -6.7700
2.9573046754e+000 -3.1739052113e+000 -9.3792717111e+000
81 74 89
2 5 470 116.5300 -221.7000 8 1130 -28.5000 225.8500
2.2368516315e+000 -7.9929307843e-001 -6.2729475182e+000
159 131 35
2 5 522 198.3100 -99.4400 8 1056 -106.0900 194.7000
2.2368516315e+000 -7.9929307843e-001 -6.2729475182e+000
159 131 35
2 5 523 198.3100 -99.4400 8 1055 -106.0900 194.7000
2.5588443253e+000 -4.2557365744e-001 -5.4363454219e+000
226 180 196
2 5 539 283.6200 -75.9700 8 763 -177.6600 214.4400
2.5742396725e+000 -3.6874280527e-001 -5.4263014817e+000
229 182 199
3 5 542 286.5600 -69.4300 8 1093 -181.7700 210.5300 4 858 307.7800 39.7200
2.5757346797e+000 -6.4575353484e-003 -5.3795091810e+000
229 167 175
3 5 558 294.7500 -28.3500 8 1026 -199.5000 180.3500 4 1336 285.0500 67.3600
2.5757346797e+000 -6.4575353484e-003 -5.3795091810e+000
229 167 175
3 5 559 294.7500 -28.3500 8 1025 -199.5000 180.3500 4 1337 285.0500 67.3600
2.6134297034e+000 1.5800381639e-001 -5.2607013460e+000
208 43 65
3 5 570 309.3800 -10.5500 8 1014 -216.0500 172.5300 4 891 281.8200 88.1000
2.6284411474e+000 2.5552141582e-001 -5.2376168172e+000
190 71 99
2 5 578 313.6400 0.8600 8 995 -222.7400 164.7300
-2.0067437124e+000 5.3607237660e-001 -1.2012144687e+001
41 29 37
2 5 606 -204.5100 61.3900 8 586 197.9600 -114.1100
-1.9103808428e+000 5.9440831436e-001 -1.1860032495e+001
39 29 37
2 5 608 -198.8900 64.7600 8 585 192.2400 -114.6000
-1.0922467103e+000 6.2335519576e-001 -4.6486124040e+000
177 111 130
2 5 624 -136.4600 107.9200 8 634 176.5900 38.4700
3.9955673339e-001 9.2607291635e-001 -5.6479182822e+000
183 112 129
2 5 627 53.8200 110.7300 8 845 -14.9900 15.9800
5.7650980771e-001 1.0085963270e+000 -5.6761746921e+000
134 8 22
2 5 629 75.0000 117.7700 8 615 -36.2400 11.8400
2.8452229641e+000 -2.9441573401e+000 -9.7196142943e+000
41 31 41
2 5 667 102.5200 -198.8800 8 1067 -22.8300 200.9700
2.1978107047e+000 -9.2963916717e-001 -6.3686195176e+000
205 177 65
3 5 734 188.4000 -110.5900 8 1063 -95.6200 199.5000 4 1212 272.1800 -84.4200
2.5781623636e+000 -3.0791980873e-001 -5.4005260790e+000
235 185 202
2 5 772 289.4300 -63.1000 8 1082 -186.0100 206.5400
2.5710327006e+000 -2.1212558268e-001 -5.4083717416e+000
230 182 190
2 5 783 289.4300 -51.8600 8 1059 -189.1300 197.4000
2.2434941238e+000 -3.8398629309e+000 -4.1137178562e+001
153 182 225
2 5 795 -102.5000 -37.6600 8 289 98.5700 -75.7700
2.5939794045e+000 -5.4107933279e-002 -5.3392494561e+000
190 82 110
3 5 799 298.8200 -34.4700 8 1038 -200.9800 187.3800 4 1338 291.4500 68.1000
2.5939794045e+000 -5.4107933279e-002 -5.3392494561e+000
190 82 110
3 5 800 298.8200 -34.4700 8 1037 -200.9800 187.3800 4 1339 291.4500 68.1000
2.6222049627e+000 1.3179225697e-001 -5.2482164429e+000
232 168 187
3 5 829 310.7300 -13.6900 8 1020 -216.1200 175.7800 4 1371 285.1500 87.8200
2.6252056679e+000 1.7676945224e-001 -5.2299690752e+000
249 156 168
2 5 835 312.9400 -8.5400 8 1016 -219.3000 172.5300
2.6252056679e+000 1.7676945224e-001 -5.2299690752e+000
249 156 168
2 5 836 312.9400 -8.5400 8 1015 -219.3000 172.5300
1.0213849086e+000 1.6146398611e+000 -5.8064421970e+000
190 117 131
2 5 917 125.5000 180.3400 8 819 -103.8100 -41.3000
2.5749385592e+000 -2.8773152783e-001 -5.4244897807e+000
227 157 174
2 5 126 287.8900 -60.4300 4 185 302.1300 45.3500
2.5463887766e+000 -2.1754398097e-001 -5.4612268436e+000
217 38 44
2 5 129 283.4500 -51.6300 4 187 293.2400 46.4200
2.6055915053e+000 3.7521703203e-002 -5.3139704650e+000
231 165 180
2 5 136 302.9800 -24.1600 4 267 287.2800 76.1300
2.6055915053e+000 3.7521703203e-002 -5.3139704650e+000
231 165 180
2 5 137 302.9800 -24.1600 4 266 287.2800 76.1300
2.5847445433e+000 -2.0090610092e-001 -5.3923324353e+000
220 180 189
2 5 186 292.0900 -50.8300 4 255 298.5300 54.0200
2.6178461067e+000 -2.3238969687e-002 -5.2758091709e+000
208 46 66
2 5 267 306.2900 -31.8400 4 561 294.0100 75.9100
2.6342853121e+000 1.0344488299e-001 -5.2426965221e+000
212 43 79
2 5 387 312.0600 -17.3500 4 887 288.1300 86.7000
2.2706011410e+000 -5.6989103783e-001 -6.1957233300e+000
154 125 24
2 5 538 207.9400 -77.2300 4 807 262.3500 -42.4500
2.2751082888e+000 -2.5093665751e-001 -6.1685152091e+000
164 134 26
2 5 548 213.4800 -44.4000 4 814 243.8800 -17.6900
-2.4090520550e+000 3.0189178956e+000 -1.1477028002e+001
80 73 84
2 5 642 -217.0500 222.2800 4 720 -261.3500 -177.5400
2.4692547384e+000 -2.6941875155e-001 -5.6965499172e+000
175 143 24
2 5 781 259.4000 -53.6100 4 1295 280.3400 21.9100
2.4692547384e+000 -2.6941875155e-001 -5.6965499172e+000
175 143 24
2 5 782 259.4000 -53.6100 4 1294 280.3400 21.9100
2.5907626763e+000 -1.0748046661e-001 -5.3598263110e+000
195 79 113
2 5 790 296.3700 -40.5300 4 1324 293.8600 62.8900
2.5907626763e+000 -1.0748046661e-001 -5.3598263110e+000
195 79 113
2 5 791 296.3700 -40.5300 4 1325 293.8600 62.8900
2.5851058962e+000 1.2541586740e-002 -5.3534536844e+000
199 74 90
2 5 811 297.6200 -26.4300 4 1341 285.7600 70.9600
1.1294714522e+000 5.2111564120e-001 -5.6256483689e+000
174 69 91
2 5 864 134.8200 50.6200 4 1329 116.8900 65.4600
2.6861954950e+000 3.6703732769e-001 -5.0685997466e+000
250 148 75
2 8 242 -242.1700 164.5500 4 389 282.4500 118.1900
2.5725924560e+000 5.9393086886e-002 -5.3698310475e+000
255 60 100
2 8 244 -202.6300 174.7800 4 196 280.8000 72.2500
2.5299502769e+000 1.6790596209e+000 -5.1164516560e+000
236 206 70
2 8 306 -287.7100 23.3100 4 629 193.1100 178.5200
2.6491769972e+000 1.9715508670e-001 -5.1929352085e+000
255 64 106
2 8 349 -224.3200 173.1900 4 383 285.4500 96.9200
2.6271894405e+000 1.1879367617e-001 -5.2073158001e+000
255 65 107
2 8 358 -217.9700 179.2200 4 379 288.3600 90.8800
-7.5719227267e-001 1.0539239163e+000 -1.0115309183e+001
67 52 60
2 8 425 116.5000 -106.2200 4 306 -119.3500 -211.5200
2.7087529378e+000 4.1519293112e-001 -5.0215733723e+000
228 109 50
2 8 518 -249.2200 163.0500 4 593 282.9400 125.2400
2.6336321087e+000 2.6555492108e-001 -5.2058290203e+000
255 198 213
2 8 999 -225.3400 165.6000 4 1392 279.2000 99.6600
2.6169951054e+000 1.9831385751e-001 -5.2490022925e+000
248 69 109
2 8 1009 -218.9200 169.6000 4 1375 280.0200 91.5500
