# Bundle file v0.3
9 286
0 0 0
0 0 0
0 0 0
0 0 0
0 0 0
0 0 0
0 0 0
0 0 0
0 0 0
0 0 0
0 0 0
0 0 0
0 0 0
0 0 0
0 0 0
0 0 0
0 0 0
0 0 0
0 0 0
0 0 0
0 0 0
0 0 0
0 0 0
0 0 0
0 0 0
0 0 0
0 0 0
0 0 0
0 0 0
0 0 0
6.5117233540e+002 -3.5266197482e-002 -8.5120265795e-003
9.9997853480e-001 -3.1512957666e-003 5.7444992880e-003
3.1458901317e-003 9.9999460061e-001 9.4980373616e-004
-5.7474613837e-003 -9.3171178481e-004 9.9998304916e-001
6.6838395879e-002 -1.5564935385e-002 2.4693540566e-002
6.5533316199e+002 -3.6882304806e-002 -9.7566631339e-004
9.9687599103e-001 4.8499351910e-002 6.2338361895e-002
-4.5347905026e-002 9.9766794707e-001 -5.1012105449e-002
-6.4667039589e-002 4.8025829059e-002 9.9675056746e-001
6.7030047478e-001 -7.4216571083e-001 -4.1737139905e-001
0 0 0
0 0 0
0 0 0
0 0 0
0 0 0
1.9676822842e+000 -1.1942600158e+000 -6.9571084002e+000
203 182 70
2 6 325 186.6000 -113.1000 7 505 185.2800 -144.2900
2.2586687961e+000 -9.1585480187e-001 -6.3960210184e+000
221 195 83
2 6 501 232.6100 -94.2900 7 513 231.0500 -133.6600
2.2586687961e+000 -9.1585480187e-001 -6.3960210184e+000
221 195 83
2 6 500 232.6100 -94.2900 7 512 231.0500 -133.6600
2.2756212938e+000 -9.0330972592e-001 -6.3489944564e+000
177 153 51
2 6 778 235.9600 -93.7600 7 766 234.5900 -133.5800
2.2845253393e+000 -7.9907107671e-001 -6.3831864214e+000
214 189 76
2 6 508 235.6200 -82.6500 7 523 234.7100 -123.2200
2.2842307920e+000 -7.1329848287e-001 -6.3284835946e+000
215 190 73
2 6 328 237.6100 -74.5900 7 359 237.4300 -116.4400
2.2698438795e+000 -8.3912279050e-001 -6.3810250401e+000
215 191 85
2 6 781 234.1700 -86.8000 7 775 233.2700 -126.8800
2.6010217028e+000 -4.9516753215e-001 -5.5332708987e+000
226 182 185
2 6 163 308.2400 -59.3400 7 183 306.7600 -113.6100
2.2439863339e+000 -1.0212183224e+000 -6.4566810263e+000
212 189 70
2 6 326 228.6500 -104.2400 7 355 227.0900 -141.5600
1.9746005395e+000 -1.1553000684e+000 -6.9715062866e+000
41 28 0
2 6 771 186.9200 -109.1800 7 757 185.5800 -140.7200
1.9746005395e+000 -1.1553000684e+000 -6.9715062866e+000
41 28 0
2 6 772 186.9200 -109.1800 7 758 185.5800 -140.7200
2.6065316574e+000 -3.7345795931e-001 -5.5139958864e+000
234 192 195
2 6 528 309.9400 -45.2700 7 533 309.3700 -101.2900
2.6003093950e+000 -4.2718276562e-001 -5.5350878106e+000
239 180 181
2 6 793 308.0600 -51.3800 7 794 307.1300 -106.4500
2.1693137433e+000 -6.4653171667e-001 -6.4980114941e+000
218 186 68
2 6 46 220.4100 -65.7700 7 51 220.6100 -106.8200
-1.0062515780e+000 5.6030154096e-001 -4.6343048141e+000
21 27 43
2 6 54 -136.5500 75.8500 7 57 -78.7900 13.0600
-1.0062515780e+000 5.6030154096e-001 -4.6343048141e+000
21 27 43
2 6 55 -136.5500 75.8500 7 58 -78.7900 13.0600
-1.0062515780e+000 5.6030154096e-001 -4.6343048141e+000
21 27 43
2 6 56 -136.5500 75.8500 7 59 -78.7900 13.0600
-9.6842973187e-001 -2.2817999355e-001 -5.1187513490e+000
23 24 28
2 6 66 -118.7900 -32.0500 7 75 -74.9800 -79.7100
8.5867413517e-001 7.7285497916e-002 -5.7109020873e+000
210 178 197
2 6 49 101.7700 6.5300 7 54 124.9700 -43.6100
6.8946389796e-003 3.8787816197e-001 -5.5645548247e+000
152 22 32
2 6 53 4.8600 43.2200 7 83 38.3700 -7.9800
-1.0524408795e+000 6.7772061809e-001 -4.6553226124e+000
192 205 242
2 6 78 -142.5900 91.8000 7 88 -83.9200 29.0700
1.0459650698e+000 8.4839494998e-003 -5.5757000545e+000
180 117 131
2 6 90 126.8000 -0.7900 7 102 147.4500 -54.0300
1.3466115726e+000 2.3210065754e-001 -5.6417982672e+000
188 119 130
2 6 70 159.9400 25.2800 7 80 178.0800 -30.7200
1.0015201250e+000 6.1496737253e-001 -5.5684140460e+000
213 193 208
2 6 74 121.3300 70.0900 7 84 147.0700 11.8600
1.0015201250e+000 6.1496737253e-001 -5.5684140460e+000
213 193 208
2 6 75 121.3300 70.0900 7 85 147.0700 11.8600
3.3217636421e-001 5.3367870194e-001 -5.4630920904e+000
72 2 3
2 6 96 43.5500 61.2900 7 111 77.0400 6.2200
-9.9056324434e-001 4.2781413695e-001 -4.6984035315e+000
187 201 240
2 6 73 -132.4300 56.4800 7 110 -77.1000 -4.1500
8.1558853971e-001 6.0702142300e-001 -5.5578936877e+000
95 0 2
2 6 132 99.6900 69.1700 7 147 127.5700 12.0000
4.3385921495e-001 1.0676387800e+000 -5.6262690228e+000
163 18 29
2 6 104 53.8900 121.5400 7 113 87.7400 64.4300
2.4106374887e+000 -1.1871997960e+000 -6.0452690985e+000
202 197 106
2 6 117 262.0000 -128.6800 7 128 257.7300 -168.6300
1.0107396284e+000 6.0632404195e-002 -5.7228185577e+000
72 5 8
2 6 178 118.7500 4.5900 7 198 140.4500 -45.7800
-4.7807352568e-002 4.8661190135e-001 -5.5857979495e+000
225 56 94
2 6 128 -1.7000 54.5100 7 202 32.7700 3.3400
-4.7807352568e-002 4.8661190135e-001 -5.5857979495e+000
225 56 94
2 6 129 -1.7000 54.5100 7 203 32.7700 3.3400
-6.7588413857e-001 4.8145326206e-001 -4.6944635264e+000
108 54 70
2 6 190 -88.7600 64.1400 7 145 -35.6600 0.9700
1.1472427564e-001 7.0143706742e-001 -5.4640200540e+000
217 202 221
2 6 134 17.6700 81.4400 7 149 53.6900 25.9700
-1.0626510552e+000 5.5344817495e-001 -4.6401121795e+000
18 20 30
2 6 133 -144.3300 74.7400 7 206 -86.2600 12.5400
3.7288585834e-001 1.1610382479e+000 -5.6283014455e+000
171 150 172
2 6 139 46.7000 132.2400 7 157 81.7400 75.0300
2.6010217028e+000 -4.9516753215e-001 -5.5332708987e+000
226 182 185
2 6 164 308.2400 -59.3400 7 184 306.7600 -113.6100
9.0248063531e-001 -5.9044674280e-002 -5.6834453682e+000
51 9 18
2 6 242 107.6200 -8.8500 7 256 129.1300 -58.8000
8.2091805474e-001 1.5181159604e-001 -5.8227502644e+000
139 29 46
2 6 248 95.5400 14.7800 7 263 118.5500 -34.3900
-5.8611738186e-001 3.4266249849e-001 -4.6197050660e+000
157 99 113
2 6 186 -77.4700 45.5000 7 269 -24.4800 -18.2400
1.0443913862e+000 7.0671921115e-001 -5.5745423980e+000
44 9 7
2 6 194 125.6800 80.3800 7 148 152.5500 21.9900
7.3115370069e-002 6.2537902621e-001 -5.4598041449e+000
82 11 26
2 6 193 12.9700 72.6000 7 283 48.4200 17.4500
-6.9069706375e-001 5.2718590921e-001 -4.6750678621e+000
235 181 195
2 6 192 -91.0500 70.9400 7 277 -37.4700 6.7600
-1.1016155024e+000 5.0552353912e-001 -4.6619978341e+000
183 230 255
2 6 258 -149.1900 67.5700 7 278 -91.4000 6.6400
-1.0498870182e+000 6.3658325239e-001 -4.6362139385e+000
179 225 255
2 6 264 -142.4100 86.7700 7 290 -84.4100 23.2000
-1.0525200080e+000 6.9774253941e-001 -4.6380032272e+000
243 231 243
2 6 266 -142.9300 95.1500 7 293 -84.1800 31.5200
-9.5699767068e-001 8.0917059176e-001 -4.5988474102e+000
225 165 177
2 6 273 -130.7700 111.6500 7 296 -70.8500 45.9700
9.5303118352e-001 -4.9436326030e-003 -5.6795810511e+000
66 13 22
2 6 358 113.6800 -2.4400 7 381 134.6200 -53.5200
1.2558461369e+000 1.1143636856e-001 -5.6013825660e+000
95 35 39
2 6 247 150.5600 11.3200 7 261 169.3300 -43.5800
1.1277816860e+000 1.1914874935e-001 -5.6611397742e+000
172 101 113
2 6 361 133.9200 11.7800 7 262 154.3900 -41.2100
6.3684879723e-001 2.2581529596e-001 -5.7309824821e+000
115 4 13
2 6 253 76.3100 23.5200 7 268 101.9800 -26.8800
9.1003702450e-001 6.5360284833e-001 -5.5850822760e+000
104 11 16
2 6 260 110.2900 74.3800 7 281 137.0500 16.5800
-1.4997842703e-001 6.6208376370e-001 -5.4872602829e+000
108 9 22
2 6 263 -13.8400 76.4200 7 287 23.5600 22.9300
-1.0175142359e+000 5.2719120574e-001 -4.6567385941e+000
255 254 254
2 6 259 -137.4700 70.8400 7 279 -80.3100 8.8500
5.2299611966e-001 1.0278988002e+000 -5.6359622624e+000
153 14 28
2 6 403 64.1100 116.7400 7 429 96.8800 59.5500
-1.0625421268e+000 8.2074436677e-001 -4.6202423968e+000
227 167 179
2 6 401 -144.7900 112.9700 7 421 -85.0800 47.8700
-1.1767712036e+000 8.1892578185e-001 -4.6340749808e+000
133 74 96
2 6 602 -160.5600 112.1700 7 422 -100.0800 48.4600
4.0926820780e-001 1.2116333324e+000 -5.6351609856e+000
166 22 33
2 6 277 50.8700 137.9600 7 302 85.7600 80.2600
1.6089677871e+000 1.3527807037e+000 -5.3646713231e+000
69 31 28
2 6 199 198.3500 161.6800 7 218 225.5000 90.9100
1.6089677871e+000 1.3527807037e+000 -5.3646713231e+000
69 31 28
2 6 200 198.3500 161.6800 7 219 225.5000 90.9100
1.8567912695e+000 -3.5523072554e+000 -1.2877128493e+001
97 90 106
2 6 465 93.8900 -180.3500 7 490 74.5800 -179.1000
-1.2975304395e+000 -2.8561117772e+000 -1.2952918235e+001
72 44 55
2 6 743 -64.8700 -144.9100 7 759 -77.0200 -140.7000
2.2728616513e+000 -8.8503204395e-001 -6.4113652762e+000
214 191 78
2 6 503 233.2600 -91.1100 7 515 232.1800 -130.3400
-9.6783824923e-001 -1.6197927898e-001 -5.0799211685e+000
251 253 255
2 6 342 -119.6400 -23.7800 7 373 -74.8000 -72.5900
9.1444977724e-001 -2.0959918948e-002 -5.7355168128e+000
173 134 153
2 6 355 108.0300 -4.3700 7 380 129.1000 -54.1500
2.2067592077e+000 6.4615727029e-001 -6.4470013265e+000
110 64 25
2 6 378 225.1000 63.6400 7 403 234.3100 12.2600
-9.9876083169e-001 4.5743853146e-001 -4.6602955166e+000
165 217 254
2 6 377 -134.6600 61.0800 7 577 -78.2700 -0.4800
-1.1283926807e+000 4.7625972423e-001 -4.6662202646e+000
168 156 197
2 6 578 -152.6700 63.5200 7 580 -95.2000 2.8500
-7.3875415091e-001 6.6855492685e-001 -4.6211868509e+000
170 104 126
2 6 390 -99.1500 91.5100 7 410 -42.6700 25.7000
-1.0082295690e+000 7.9106234328e-001 -4.6127727813e+000
178 107 123
2 6 601 -137.4800 108.8600 7 594 -77.8900 43.7100
-1.0541723931e+000 7.8676052438e-001 -4.6072113172e+000
174 107 127
2 6 398 -144.2200 108.2800 7 595 -84.0300 43.5200
-1.0541723931e+000 7.8676052438e-001 -4.6072113172e+000
174 107 127
2 6 399 -144.2200 108.2800 7 596 -84.0300 43.5200
1.7420245922e+000 1.4865588272e+000 -5.5412107597e+000
69 30 30
2 6 286 207.3700 172.1500 7 309 232.5100 102.9500
9.8368933273e-001 1.7042973127e+000 -5.7961206035e+000
140 24 34
2 6 414 113.4100 189.1300 7 618 145.2800 127.9800
2.6449729003e+000 -3.0431943885e+000 -1.0501708453e+001
103 99 121
2 6 460 164.3500 -188.9000 7 696 145.7100 -195.7400
2.4028788626e+000 -3.1719791029e+000 -1.1354644848e+001
108 101 117
2 6 463 137.9600 -182.4300 7 712 119.4800 -186.1600
2.5276783311e+000 -2.6931255431e+000 -1.0923469841e+001
64 53 67
2 6 736 150.9200 -161.1700 7 738 133.9100 -168.0200
2.4633574264e+000 -2.5010826391e+000 -1.1355791382e+001
74 53 61
2 6 483 141.6100 -144.0100 7 752 124.6900 -150.7000
2.4007736391e+000 -2.4934948056e+000 -1.1362620248e+001
124 120 134
2 6 484 137.8000 -143.6700 7 498 121.4600 -149.9500
2.4007736391e+000 -2.4934948056e+000 -1.1362620248e+001
124 120 134
2 6 485 137.8000 -143.6700 7 497 121.4600 -149.9500
2.5820931744e+000 -6.0566097808e-001 -5.5967184544e+000
240 184 195
2 6 513 302.5900 -71.4800 7 779 300.5400 -123.5000
2.5980683294e+000 -5.6791693599e-001 -5.5315704988e+000
242 193 212
2 6 514 307.9500 -67.8900 7 525 306.0200 -121.2200
2.2325942950e+000 -7.0810271811e-001 -6.4519792399e+000
164 169 117
2 6 512 227.9100 -72.6900 7 527 228.0200 -113.2400
2.6122797428e+000 -4.8131521493e-001 -5.5188368941e+000
234 173 188
2 6 518 310.2900 -57.8900 7 791 308.8600 -112.5000
2.2884902429e+000 -6.1436908922e-001 -6.3490393468e+000
177 147 41
2 6 787 237.2300 -64.2700 7 795 237.6900 -106.8000
9.6385404198e-001 3.2614836489e-002 -5.6957047862e+000
171 124 141
2 6 832 114.4000 1.7300 7 838 135.7200 -49.2300
-6.1527264696e-001 -1.2047193367e-002 -4.7849397543e+000
226 178 187
2 6 354 -79.0200 -4.8900 7 833 -30.5300 -61.1300
-6.0484506738e-001 3.3598973867e-002 -4.7372312417e+000
219 171 182
2 6 551 -78.1400 1.6000 7 837 -29.0700 -56.4700
-5.6412465656e-001 1.1563482031e-001 -4.7022176659e+000
157 101 112
2 6 558 -73.0800 13.0400 7 845 -23.2100 -46.7400
-5.6412465656e-001 1.1563482031e-001 -4.7022176659e+000
157 101 112
2 6 557 -73.0800 13.0400 7 844 -23.2100 -46.7400
-1.0344363060e+000 1.1136486725e-001 -4.6774046076e+000
215 151 168
2 6 556 -139.1800 12.3200 7 848 -84.6100 -45.1800
-5.7148599916e-001 2.8416093644e-001 -4.6512776587e+000
157 99 112
2 6 565 -74.9200 36.9300 7 861 -22.9900 -25.6000
-1.0228831388e+000 2.7099950017e-001 -4.7086266865e+000
245 182 191
2 6 563 -136.7600 34.3900 7 568 -81.9300 -24.0700
6.0101244738e-002 6.5552566980e-001 -5.4417663482e+000
233 218 230
2 6 586 11.2700 76.3000 7 901 47.6200 21.0200
9.0299766808e-002 6.7484960040e-001 -5.4378917275e+000
229 219 231
2 6 587 14.9100 78.6900 7 904 51.1600 23.0200
-1.0006713112e+000 6.9584954172e-001 -4.6269858811e+000
241 217 230
2 6 595 -136.0800 95.0200 7 918 -77.2300 31.0600
3.4756708450e-001 1.0130446874e+000 -5.6165743723e+000
203 132 150
2 6 922 44.0800 115.4800 7 942 78.2200 58.9300
-1.0937377470e+000 8.0265902634e-001 -4.6116604451e+000
232 172 179
2 6 917 -149.8700 110.2100 7 932 -88.9900 46.0800
4.0637783954e-001 1.1300720546e+000 -5.6225950102e+000
152 22 54
2 6 606 50.7300 128.8600 7 609 85.2000 71.4200
2.8475622638e+000 -3.4382924776e+000 -1.0002190947e+001
111 103 121
2 6 644 185.4800 -223.5100 7 655 164.8300 -229.7600
2.5356278091e+000 -3.7750493985e+000 -1.0934786932e+001
100 95 114
2 6 641 151.1400 -224.7200 7 660 130.3500 -227.0800
2.6333065483e+000 -3.6122905222e+000 -1.0689453741e+001
115 112 130
2 6 655 160.5600 -219.9600 7 664 140.0300 -223.6500
2.6588297451e+000 -3.2662475202e+000 -1.0600790296e+001
117 106 126
2 6 681 163.5200 -200.7800 7 683 144.1500 -206.2500
2.5484384383e+000 -2.8129409243e+000 -1.0949673712e+001
73 58 66
2 6 723 151.8100 -167.8100 7 724 134.2000 -174.2300
2.2006776367e+000 -2.2974768082e+000 -1.1684961691e+001
107 92 111
2 6 752 122.9300 -128.8600 7 764 107.3300 -134.7700
2.0150898499e+000 -2.4881987795e+000 -1.2452487576e+001
97 86 99
2 6 750 105.4300 -131.0500 7 765 89.0800 -134.0300
2.1822929499e+000 -2.1005581887e+000 -1.1954461856e+001
107 91 101
2 6 769 119.0600 -115.3200 7 783 103.8600 -121.0600
2.5969715384e+000 -7.0837317199e-001 -5.5088518218e+000
247 142 75
2 6 782 309.1400 -84.5800 7 760 305.9400 -136.5400
2.2698438795e+000 -8.3912279050e-001 -6.3810250401e+000
215 191 85
2 6 780 234.1700 -86.8000 7 774 233.2700 -126.8800
2.6073367923e+000 -5.2320442466e-001 -5.5150596263e+000
249 179 194
2 6 788 309.8500 -62.9000 7 789 308.3300 -116.9100
2.6128277648e+000 -3.2428046125e-001 -5.4242407812e+000
215 78 123
2 6 800 315.6700 -40.2000 7 799 315.6400 -97.9600
9.0517329789e-001 4.7518977863e-002 -5.7096193124e+000
223 194 208
2 6 833 107.3500 3.3500 7 843 129.3900 -47.1700
2.4823116663e-002 6.3994355536e-001 -5.4377403517e+000
239 225 235
2 6 885 6.9600 74.4000 7 898 43.7400 19.5200
-1.6977557330e-001 6.2943843989e-001 -5.4336574471e+000
209 176 193
2 6 880 -16.4700 73.1100 7 899 21.9200 19.3900
1.5998804855e+000 1.1308366163e+000 -5.3051694456e+000
159 96 109
2 6 608 199.9700 136.6000 7 946 225.4100 66.1700
5.3708918851e-001 1.0635650206e+000 -5.6342561712e+000
212 136 155
2 6 928 65.7700 120.9200 7 944 98.6100 63.3400
9.7853193256e-001 -2.8073792647e-001 -5.5411663515e+000
215 148 157
2 6 18 118.9300 -35.6200 7 22 140.4300 -84.7100
-8.4675019010e-002 5.6995837694e-001 -5.5288976489e+000
243 238 244
2 6 26 -5.9000 65.0700 7 28 29.6900 12.3300
-3.4147597549e-001 6.3879588366e-001 -5.2648048485e+000
34 19 22
2 6 27 -37.8100 76.9500 7 41 3.4700 20.6400
2.0355344066e+000 8.8305213422e-001 -6.3711066150e+000
192 132 142
2 6 28 209.9400 88.2100 7 29 223.5500 35.6000
-1.3697685807e-001 3.4065685339e-001 -5.6177052971e+000
235 234 242
2 6 51 -12.2400 37.0000 7 82 22.1000 -11.8000
-4.7718190908e-002 1.6006130511e+000 -5.9676871711e+000
161 15 26
2 6 62 -1.6200 173.0500 7 65 33.5400 120.4400
-1.3761713164e+000 -3.0511476082e+000 -1.3011159747e+001
58 58 69
2 6 64 -68.4500 -153.9600 7 71 -81.1300 -149.2000
-1.1617928677e-001 2.2194621930e-001 -5.7811498693e+000
198 32 51
2 6 69 -9.6600 22.4600 7 141 22.0600 -23.2300
1.4398095445e+000 3.5896197368e-001 -5.7823038679e+000
67 9 9
2 6 72 166.1700 38.8200 7 81 183.7100 -16.3600
-3.0963753452e+000 3.3531625228e+000 -1.2113118178e+001
23 21 26
2 6 81 -167.3800 177.4400 7 123 -161.1700 181.1500
3.5414995664e-001 -3.6258351039e+000 -1.3715203350e+001
9 9 9
2 6 86 17.1200 -172.9700 7 97 -0.7100 -168.5900
7.5953575082e-001 1.0056517795e-001 -5.7764974788e+000
238 230 239
2 6 91 89.6100 9.2400 7 104 112.8700 -40.1400
-2.0877545297e-001 2.6393232741e-001 -5.6828526619e+000
230 212 229
2 6 93 -20.9200 27.2100 7 143 13.8800 -18.7400
2.4106374887e+000 -1.1871997960e+000 -6.0452690985e+000
202 197 106
2 6 116 262.0000 -128.6800 7 127 257.7300 -168.6300
1.1836673404e+000 1.4373090675e-001 -5.6371017705e+000
189 123 137
2 6 124 141.0400 14.7800 7 138 161.0400 -39.2100
2.3793833208e-001 5.5871927674e-001 -5.4699985114e+000
230 208 219
2 6 131 32.6600 64.5500 7 205 66.1500 9.1600
-1.0743072213e-001 8.2685899520e-001 -5.5479443544e+000
91 1 7
2 6 137 -8.9500 94.8200 7 215 28.7100 41.2500
1.5883869736e+000 1.5122446289e+000 -5.4916866339e+000
169 119 130
2 6 144 191.3200 176.8500 7 161 218.5200 107.3100
8.7719085974e-001 -5.1993821324e+000 -1.5185031484e+001
42 42 51
2 6 149 37.3100 -223.5300 7 174 14.2700 -213.7600
2.4809955168e+000 -3.7929828539e+000 -1.1079012292e+001
37 33 48
2 6 151 146.0100 -222.8700 7 170 125.2200 -224.9000
2.4809955168e+000 -3.7929828539e+000 -1.1079012292e+001
37 33 48
2 6 152 146.0100 -222.8700 7 171 125.2200 -224.9000
3.1093141206e+000 -3.0408785919e+000 -9.3086788517e+000
60 49 63
2 6 153 217.4100 -212.3200 7 172 197.1100 -222.7500
2.7846248469e+000 -2.8699940914e+000 -1.0183769823e+001
64 55 67
2 6 155 178.5100 -183.5600 7 176 159.8000 -192.4800
2.5169712385e+000 -2.1374113808e+000 -8.4367588589e+000
188 174 148
2 6 156 195.3200 -165.5100 7 177 182.7600 -183.2800
5.0178921189e-001 -3.4098248955e+000 -1.3508722524e+001
104 81 65
2 6 157 24.1400 -165.6100 7 179 7.6100 -161.4800
2.6143347508e+000 -3.6493797094e-001 -5.4811122527e+000
224 181 194
2 6 166 312.7800 -44.4600 7 185 311.9800 -101.1900
2.6143347508e+000 -3.6493797094e-001 -5.4811122527e+000
224 181 194
2 6 167 312.7800 -44.4600 7 186 311.9800 -101.1900
2.3038733697e+000 -3.1464000588e-001 -6.3174681201e+000
220 184 47
2 6 169 239.9500 -33.7900 7 252 242.3100 -79.4200
5.8453254310e-001 1.8072724256e+000 -5.9545930970e+000
67 1 0
2 6 205 66.8200 195.4300 7 225 100.5600 138.7800
2.7794059754e+000 -3.3323889290e+000 -1.0205830722e+001
53 42 52
2 6 212 177.5100 -212.5000 7 230 157.5000 -218.7600
2.7794059754e+000 -3.3323889290e+000 -1.0205830722e+001
53 42 52
2 6 213 177.5100 -212.5000 7 231 157.5000 -218.7600
2.4013262189e+000 -2.0288849258e+000 -8.7250605865e+000
178 171 140
2 6 216 180.2600 -152.1900 7 236 168.6800 -169.1100
1.6097688714e+000 -2.7051920262e+000 -1.2806698925e+001
110 84 65
2 6 219 81.9200 -138.5500 7 238 65.5400 -139.4900
1.4721906501e+000 -2.6552301872e+000 -1.2831421250e+001
18 29 45
2 6 220 74.8400 -135.7500 7 239 58.7900 -136.6300
2.1717562252e+000 -2.2602703984e+000 -1.1914397163e+001
54 41 43
2 6 223 118.8900 -124.4200 7 243 103.3100 -129.7300
2.5752046172e+000 -6.0873368009e-001 -5.5239721431e+000
225 190 208
2 6 231 305.7000 -72.8100 7 358 303.8600 -125.5800
2.1381492231e+000 3.7346454736e-001 -6.5101275027e+000
147 111 50
2 6 254 216.2500 35.8100 7 391 224.1000 -12.5200
4.6769009564e-001 9.2074287446e-001 -5.5771849132e+000
148 19 29
2 6 267 58.6500 105.6500 7 419 91.3400 48.1500
1.7420245922e+000 1.4865588272e+000 -5.5412107597e+000
69 30 30
2 6 285 207.3700 172.1500 7 308 232.5100 102.9500
2.4250108099e+000 -4.0738433322e+000 -1.1230006473e+001
84 79 97
2 6 295 140.6600 -236.1100 7 458 119.3200 -236.4000
2.6513014217e+000 -3.4685119904e+000 -1.0725563837e+001
98 89 106
2 6 303 160.9700 -210.7500 7 332 141.1600 -214.7600
2.9725099488e+000 -2.9898371665e+000 -9.6149146077e+000
56 43 54
2 6 304 201.4100 -202.3600 7 333 182.0100 -212.0700
1.8387346117e+000 -3.8726709785e+000 -1.2901799040e+001
10 10 12
2 6 305 92.7700 -196.0800 7 338 72.6800 -193.7400
1.8387346117e+000 -3.8726709785e+000 -1.2901799040e+001
10 10 12
2 6 306 92.7700 -196.0800 7 339 72.6800 -193.7400
2.8274165107e+000 -2.9906669278e+000 -1.0098180710e+001
59 47 61
2 6 308 182.6300 -192.8600 7 334 163.5300 -201.3000
2.8274165107e+000 -2.9906669278e+000 -1.0098180710e+001
59 47 61
2 6 309 182.6300 -192.8600 7 335 163.5300 -201.3000
2.6299439322e+000 -3.1143839506e+000 -1.0708387932e+001
59 52 64
2 6 311 160.2200 -189.6000 7 336 141.2800 -195.6000
2.6299439322e+000 -3.1143839506e+000 -1.0708387932e+001
59 52 64
2 6 312 160.2200 -189.6000 7 337 141.2800 -195.6000
1.7463474988e+000 -2.9048214778e+000 -1.3054392201e+001
47 38 45
2 6 317 87.1800 -145.7400 7 501 69.4800 -146.0400
2.0846664606e+000 -2.4307871243e+000 -1.2099002014e+001
52 42 42
2 6 320 112.2200 -131.8500 7 511 96.4800 -135.7400
1.9676822842e+000 -1.1942600158e+000 -6.9571084002e+000
203 182 70
2 6 324 186.6000 -113.1000 7 504 185.2800 -144.2900
2.5836818895e+000 -6.1229274631e-001 -5.5392262553e+000
227 196 213
2 6 329 305.8200 -73.0300 7 357 303.8600 -125.5800
2.6107256731e+000 -4.2392894022e-001 -5.4784605785e+000
236 188 201
2 6 333 312.3500 -51.5600 7 530 311.4800 -107.3600
2.6162926486e+000 -3.6041373067e-001 -5.4518037184e+000
245 191 207
2 6 336 314.5400 -44.2500 7 532 314.0500 -101.2600
2.2069729220e+000 -2.7081563221e-001 -6.2915846234e+000
114 69 10
2 6 340 231.1500 -29.3800 7 545 234.6600 -75.4600
-6.3849589851e-001 -6.8648517590e-002 -4.8281386640e+000
229 178 190
2 6 351 -81.2200 -12.2900 7 550 -34.1500 -67.5700
-5.3623726206e-001 2.1392716954e-001 -4.6887779813e+000
225 164 172
2 6 366 -69.3800 26.8600 7 562 -19.0000 -34.4600
4.5826436344e-001 2.5720141285e-001 -5.7363279080e+000
125 4 14
2 6 367 56.0400 27.1300 7 387 83.1700 -22.8100
2.1772035113e+000 3.1708449352e-001 -6.5292952370e+000
84 49 7
2 6 369 219.5600 30.1600 7 389 226.4500 -17.8100
-4.7210625668e-001 4.6136872847e-001 -4.6903661178e+000
207 155 168
2 6 376 -60.6800 61.2300 7 576 -8.9600 -2.6000
2.2436525896e+000 6.7071654563e-001 -6.4014634764e+000
176 139 90
2 6 379 230.3400 66.5400 7 404 239.6700 14.3100
3.3883126448e-001 6.0614359390e-001 -5.5151139330e+000
156 27 44
2 6 380 43.9100 69.3300 7 583 77.1100 14.4000
-7.1092918872e-001 6.1560801341e-001 -4.6373629807e+000
189 126 143
2 6 382 -94.9600 83.6700 7 406 -39.2200 18.6400
-7.1092918872e-001 6.1560801341e-001 -4.6373629807e+000
189 126 143
2 6 383 -94.9600 83.6700 7 407 -39.2200 18.6400
2.5784924502e-001 7.4345766385e-001 -5.3849802752e+000
219 197 209
2 6 385 35.3700 87.8100 7 587 71.3000 29.8200
4.1407246379e-001 7.6172941416e-001 -5.4453736671e+000
246 224 228
2 6 387 53.3700 88.8100 7 413 87.9100 31.2900
4.1407246379e-001 7.6172941416e-001 -5.4453736671e+000
246 224 228
2 6 388 53.3700 88.8100 7 414 87.9100 31.2900
-7.3875415091e-001 6.6855492685e-001 -4.6211868509e+000
170 104 126
2 6 391 -99.1500 91.5100 7 411 -42.6700 25.7000
5.0190679518e-001 8.8591515309e-001 -5.6148023349e+000
205 172 197
2 6 393 62.3200 100.9800 7 597 93.8800 43.9900
-8.2906920447e-001 7.3332833857e-001 -4.6026741460e+000
233 178 193
2 6 394 -112.4100 100.9800 7 415 -54.2800 34.9100
-8.7192327062e-001 7.6894692795e-001 -4.6064137899e+000
226 172 182
2 6 396 -118.4000 105.9200 7 417 -59.7800 39.9300
-1.1532052296e+000 7.9021124088e-001 -4.6248350857e+000
229 167 180
2 6 400 -157.5600 108.3600 7 418 -97.1900 44.5100
1.2308409231e+000 1.1824283423e+000 -5.2579433054e+000
184 132 143
2 6 407 156.3300 144.2200 7 433 187.0800 74.7500
2.9268003999e+000 -3.2699537166e+000 -9.8199890137e+000
52 45 57
2 6 435 194.2100 -216.4800 7 468 173.7300 -224.2500
2.6092573936e+000 -3.5724840413e+000 -1.0802659221e+001
101 97 119
2 6 439 157.3800 -215.3900 7 473 137.1500 -218.9000
2.5489311906e+000 -3.5682788389e+000 -1.0930553335e+001
105 97 118
2 6 440 151.9800 -212.6800 7 477 131.9100 -215.9000
2.2883085026e+000 -3.7376229642e+000 -1.1622865089e+001
53 51 65
2 6 443 128.2600 -209.7500 7 681 108.3000 -210.5100
2.2715750081e+000 -3.6715968894e+000 -1.1641619762e+001
85 78 96
2 6 445 127.1500 -205.7500 7 479 107.3900 -206.7500
2.2105765556e+000 -3.6094853942e+000 -1.1786588383e+001
39 35 49
2 6 448 122.3000 -199.8000 7 481 102.6500 -200.8500
2.9104466437e+000 -2.8858732936e+000 -9.8878856528e+000
57 41 47
2 6 457 191.8500 -190.1200 7 482 173.0500 -199.5900
2.9104466437e+000 -2.8858732936e+000 -9.8878856528e+000
57 41 47
2 6 458 191.8500 -190.1200 7 483 173.0500 -199.5900
2.5179935209e+000 -3.0183872231e+000 -1.1061099484e+001
57 46 54
2 6 466 148.4100 -178.2000 7 715 130.2500 -183.3700
1.7306753846e+000 -3.6232141533e+000 -1.3298754693e+001
88 85 103
2 6 467 84.7100 -178.1300 7 491 65.0500 -175.8900
2.5460889856e+000 -2.2359652938e+000 -8.3612101543e+000
187 178 144
2 6 470 199.2500 -174.6200 7 484 186.2400 -192.0100
2.6734464095e+000 -2.7204429730e+000 -1.0476730648e+001
67 55 65
2 6 473 166.4400 -169.5500 7 719 149.0600 -177.7600
1.7966255373e+000 -3.2260855410e+000 -1.3087210002e+001
54 48 60
2 6 479 89.3300 -161.3900 7 495 70.8800 -160.5900
2.4007652126e+000 -2.1077444998e+000 -8.6742965346e+000
113 98 80
2 6 480 181.3700 -158.8600 7 492 169.3000 -175.6900
2.2197501581e+000 -2.5076790721e+000 -1.1827016376e+001
63 47 57
2 6 486 122.2200 -139.0700 7 506 106.2600 -143.5200
2.4418353305e+000 -2.3552938605e+000 -1.1155510324e+001
121 118 134
2 6 488 142.7600 -138.3000 7 503 127.0100 -145.6500
2.2216113289e+000 -8.9167157771e-001 -6.4620125093e+000
216 192 86
2 6 504 226.5100 -90.9700 7 516 225.4300 -129.8000
2.5898989211e+000 -6.4037148513e-001 -5.6183333138e+000
221 70 104
2 6 511 302.3600 -75.1600 7 776 299.8200 -126.6000
2.5868857571e+000 -5.5233271349e-001 -5.5793066797e+000
239 180 193
2 6 516 304.1000 -65.5000 7 786 302.3600 -118.4300
2.1246861699e+000 -5.5951443252e-001 -6.6364712085e+000
228 191 78
2 6 519 211.3600 -55.9900 7 534 212.3600 -96.1800
2.3213819510e+000 -4.6997909151e-001 -6.2517876576e+000
229 196 57
2 6 525 244.3800 -50.1900 7 535 245.4900 -95.3000
2.3213819510e+000 -4.6997909151e-001 -6.2517876576e+000
229 196 57
2 6 526 244.3800 -50.1900 7 536 245.4900 -95.3000
8.2907460561e-001 -3.6256094904e-001 -5.5571327902e+000
169 46 60
2 6 529 101.5700 -44.8000 7 806 122.9900 -93.0300
2.2680501653e+000 -3.5088901578e-001 -6.3014478981e+000
97 62 2
2 6 532 236.9600 -37.6000 7 816 239.4100 -83.0000
2.6212124620e+000 -2.9970729484e-001 -5.4307124244e+000
232 191 210
2 6 533 316.2300 -37.2500 7 800 316.3700 -95.2000
2.2407169492e+000 -3.0996604922e-001 -6.3041740904e+000
120 75 14
2 6 535 234.1000 -33.3600 7 818 237.0300 -79.0400
2.6220787362e+000 -2.4220164476e-001 -5.4677653610e+000
240 192 195
2 6 536 314.3600 -30.0900 7 543 314.5900 -88.4400
2.2112317753e+000 3.3216950380e-001 -6.5158940021e+000
176 139 48
2 6 562 223.2400 31.6400 7 571 230.2300 -16.5600
-4.5000161147e-001 4.8110673645e-001 -4.7314053538e+000
171 123 144
2 6 577 -57.0900 63.4700 7 578 -6.3000 0.0600
-4.3611963562e-001 5.1084614374e-001 -4.7559451819e+000
220 191 199
2 6 581 -54.8200 67.3200 7 581 -4.6100 3.8600
-1.1482970856e+000 5.2263284255e-001 -4.6702153818e+000
173 160 195
2 6 583 -155.4700 69.8000 7 582 -97.3800 9.2300
1.0327947083e-001 6.5307496371e-001 -5.4442927254e+000
73 21 45
2 6 585 16.3300 75.8800 7 900 52.5200 20.6200
3.4513075375e-001 7.0052524695e-001 -5.4574356746e+000
243 214 219
2 6 588 45.2300 81.4500 7 586 79.4200 24.6500
1.1419817566e-001 7.5186561848e-001 -5.4852938061e+000
71 6 13
2 6 591 17.5600 87.1700 7 588 53.5200 31.5900
-7.1003771613e-001 6.6255003887e-001 -4.6440134065e+000
237 174 184
2 6 592 -94.5900 90.2700 7 909 -38.9600 24.7200
-1.0119566863e+000 7.6205744805e-001 -4.5992572207e+000
228 165 173
2 6 597 -138.4900 104.9800 7 590 -78.5600 39.9700
-1.0716013658e+000 8.5287069352e-001 -4.6268130498e+000
157 100 122
2 6 605 -146.0000 117.2000 7 601 -85.9000 52.3200
-3.9489307928e+000 4.1018365961e+000 -1.1688195250e+001
146 93 86
2 6 619 -219.3700 225.4000 7 1037 -212.5600 230.5400
2.2964082690e+000 -4.1119713080e+000 -1.1571206596e+001
51 45 59
2 6 630 129.3300 -231.3900 7 652 108.0600 -230.9300
2.3380466956e+000 -4.0532921287e+000 -1.1451165089e+001
89 87 105
2 6 631 132.9900 -230.5400 7 653 111.9700 -230.4100
1.0343531238e+000 -5.3153780312e+000 -1.5059257313e+001
48 48 57
2 6 632 44.3900 -230.3300 7 670 20.9900 -220.5000
2.3310676545e+000 -3.9387124378e+000 -1.1426074678e+001
88 85 102
2 6 642 132.9600 -224.5500 7 662 112.2300 -225.0200
2.7937368984e+000 -3.4940389666e+000 -1.0237388728e+001
59 54 71
2 6 650 177.7900 -222.0100 7 657 157.1700 -227.3700
3.0911958425e+000 -3.1327538598e+000 -9.3179592587e+000
56 47 62
2 6 658 215.9600 -218.4100 7 656 195.2900 -228.3200
2.4976972966e+000 -3.6529280984e+000 -1.1148488887e+001
99 95 118
2 6 662 146.0200 -213.4700 7 677 125.7000 -215.8900
2.4309595879e+000 -3.6807374886e+000 -1.1338023416e+001
56 46 58
2 6 666 139.7500 -211.5600 7 680 119.4700 -213.4300
2.9320435899e+000 -3.1087356073e+000 -9.7655557289e+000
117 110 126
2 6 674 195.6500 -207.1000 7 676 175.8600 -215.8000
2.4714613517e+000 -3.4401595932e+000 -1.1069418497e+001
53 46 61
2 6 679 145.5500 -202.6500 7 686 126.1400 -206.0100
2.6332777788e+000 -3.3023358883e+000 -1.0690600167e+001
68 59 74
2 6 680 160.5500 -201.3400 7 684 141.1900 -206.3400
2.2573748496e+000 -3.5783851451e+000 -1.1754734208e+001
88 81 97
2 6 685 125.2000 -198.6200 7 692 105.5400 -199.8900
1.7119889578e+000 -4.0367603353e+000 -1.3302457425e+001
36 26 32
2 6 688 83.7200 -198.2300 7 699 63.1600 -194.6600
2.6159485142e+000 -3.2174193294e+000 -1.0729784205e+001
100 93 109
2 6 691 158.9600 -195.5000 7 691 139.8800 -200.8200
2.0741338147e+000 -3.6644249084e+000 -1.2291860032e+001
52 47 68
2 6 692 109.9400 -194.6600 7 697 90.2400 -194.3500
2.0741338147e+000 -3.6644249084e+000 -1.2291860032e+001
52 47 68
2 6 693 109.9400 -194.6600 7 698 90.2400 -194.3500
2.7755433659e+000 -2.9477169128e+000 -1.0225557670e+001
47 34 47
2 6 698 177.0200 -187.8800 7 695 158.4000 -195.9900
2.1999092610e+000 -3.4366246026e+000 -1.1985939137e+001
90 78 86
2 6 699 119.6200 -187.2500 7 708 100.4400 -188.4700
1.9331342995e+000 -3.6346210826e+000 -1.2725020080e+001
44 36 49
2 6 701 99.0300 -186.5400 7 713 79.2300 -185.6000
2.5589015489e+000 -3.0358303587e+000 -1.0822184959e+001
57 46 60
2 6 704 154.2200 -183.0600 7 705 135.9200 -188.8700
2.0791578097e+000 -3.3040599136e+000 -1.2256859477e+001
57 49 60
2 6 712 110.5400 -176.2200 7 722 91.8900 -177.1800
2.0770908849e+000 -3.2171694626e+000 -1.2210345355e+001
89 85 99
2 6 718 110.8700 -172.2800 7 726 92.5100 -173.6200
2.0770908849e+000 -3.2171694626e+000 -1.2210345355e+001
89 85 99
2 6 719 110.8700 -172.2800 7 727 92.5100 -173.6200
2.6169958044e+000 -2.6653532311e+000 -1.0701593962e+001
106 99 115
2 6 732 159.5500 -162.6900 7 732 142.3300 -170.5200
2.6169958044e+000 -2.6653532311e+000 -1.0701593962e+001
106 99 115
2 6 733 159.5500 -162.6900 7 733 142.3300 -170.5200
2.5276783311e+000 -2.6931255431e+000 -1.0923469841e+001
64 53 67
2 6 735 150.9200 -161.1700 7 737 133.9100 -168.0200
2.5276783311e+000 -2.6931255431e+000 -1.0923469841e+001
64 53 67
2 6 737 150.9200 -161.1700 7 739 133.9100 -168.0200
1.3415624179e+000 -3.1781957829e+000 -1.4429791695e+001
74 67 78
2 6 744 60.2100 -144.4700 7 756 41.5100 -140.8000
2.2605880326e+000 -2.3166278240e+000 -1.1701747773e+001
68 55 68
2 6 751 126.0600 -129.7200 7 763 110.2000 -135.6300
2.4119792188e+000 -1.1844577481e+000 -6.0475688090e+000
197 196 106
2 6 753 262.0900 -128.3000 7 736 257.7200 -168.3400
2.4525791836e+000 -2.1339275332e+000 -1.1171623502e+001
71 60 79
2 6 758 143.1800 -125.2500 7 768 128.1000 -133.3900
2.3037627599e+000 -2.1157665053e+000 -1.1426985505e+001
91 79 87
2 6 760 131.5700 -121.4300 7 771 116.6000 -128.7600
2.3037627599e+000 -2.1157665053e+000 -1.1426985505e+001
91 79 87
2 6 761 131.5700 -121.4300 7 772 116.6000 -128.7600
2.1311159435e+000 -2.1307825748e+000 -1.1987998574e+001
62 50 55
2 6 768 116.0000 -116.6100 7 782 100.7200 -122.1600
2.5938636497e+000 -5.0907107158e-001 -5.5605203417e+000
233 187 193
2 6 790 305.8500 -60.7300 7 790 304.5100 -114.3500
2.3358751203e+000 -2.4068908914e-001 -6.2219010180e+000
175 144 33
2 6 814 246.9600 -26.5500 7 823 249.6600 -74.0700
2.6281807977e+000 -1.9923347001e-001 -5.4550049314e+000
237 192 205
2 6 816 315.6900 -25.1300 7 815 316.4100 -84.0700
2.2532940371e+000 5.9081000239e-001 -6.3583755789e+000
139 84 16
2 6 860 233.0600 58.9300 7 882 241.6500 6.4900
-8.8485819113e-001 5.0144103156e-001 -4.6469057832e+000
182 160 191
2 6 874 -119.0900 67.4600 7 878 -62.9900 4.5900
-1.0981868166e+000 5.4930987477e-001 -4.6382641524e+000
147 198 228
2 6 884 -149.4800 74.0700 7 891 -90.9200 12.3000
-9.6063546314e-001 6.8488506507e-001 -4.6273898578e+000
235 199 217
2 6 899 -130.4000 93.5100 7 916 -71.9800 29.3300
5.0399702708e-001 9.3498981574e-001 -5.5890823193e+000
202 159 176
2 6 912 62.7600 107.1000 7 935 95.0700 49.4700
-8.5286291199e-001 7.9041687737e-001 -4.6060466580e+000
146 87 107
2 6 915 -115.6900 109.0000 7 927 -57.1300 42.6500
3.4756708450e-001 1.0130446874e+000 -5.6165743723e+000
203 132 150
2 6 921 44.0800 115.4800 7 941 78.2200 58.9300
-9.6528329385e-001 8.7179256548e-001 -4.6256774908e+000
216 161 173
2 6 926 -131.1300 119.8900 7 938 -71.5100 54.2200
4.9698094766e-001 1.1653913874e+000 -5.6629647733e+000
142 34 59
2 6 929 60.7000 131.9600 7 951 94.3200 74.5200
-3.9581349952e+000 3.6472000378e+000 -1.1675124111e+001
144 80 72
2 6 951 -220.4700 200.4400 7 985 -214.1000 205.3800
-5.3474779585e+000 3.6719319744e+000 -1.1433613618e+001
128 72 58
2 6 958 -302.8900 204.9400 7 1001 -297.7800 214.9700
-5.3474779585e+000 3.6719319744e+000 -1.1433613618e+001
128 72 58
2 6 959 -302.8900 204.9400 7 1002 -297.7800 214.9700
-5.5005905966e+000 3.6596086628e+000 -1.1378729870e+001
125 72 64
2 6 960 -312.8700 205.0800 7 639 -307.9200 215.6100
-5.5005905966e+000 3.6596086628e+000 -1.1378729870e+001
125 72 64
2 6 961 -312.8700 205.0800 7 640 -307.9200 215.6100
-3.8707894990e+000 3.7985806956e+000 -1.1748254729e+001
129 57 41
2 6 963 -214.2400 207.6000 7 995 -207.8600 212.4500
-3.9548998459e+000 3.8115687018e+000 -1.1788439884e+001
130 57 30
2 6 964 -218.0200 207.6600 7 996 -212.0800 212.7500
-5.0466771932e+000 3.7541942363e+000 -1.1407850733e+001
130 72 56
2 6 975 -286.7500 210.2100 7 1006 -280.6900 219.2100
-3.8359432110e+000 3.8772468182e+000 -1.1721303245e+001
132 53 30
2 6 980 -212.7200 212.4600 7 1005 -206.1600 217.1000
-4.9178418790e+000 3.8658527825e+000 -1.1457693895e+001
134 72 65
2 6 985 -278.1900 215.7700 7 1023 -272.1000 224.3100
-4.8755924820e+000 3.9541905781e+000 -1.1431677062e+001
135 75 58
2 6 992 -276.4700 221.1600 7 1036 -269.9000 229.7600
-3.5427965556e+000 4.1028681783e+000 -1.1748216685e+001
143 85 86
2 6 994 -196.1600 224.4100 7 1033 -188.7600 228.3900
