# Bundle file v0.3
9 286
0 0 0
0 0 0
0 0 0
0 0 0
0 0 0
0 0 0
0 0 0
0 0 0
0 0 0
0 0 0
0 0 0
0 0 0
0 0 0
0 0 0
0 0 0
0 0 0
0 0 0
0 0 0
0 0 0
0 0 0
0 0 0
0 0 0
0 0 0
0 0 0
0 0 0
0 0 0
0 0 0
0 0 0
0 0 0
0 0 0
6.6080306000e+002 0.0000000000e+000 0.0000000000e+000
1.0000000000e+000 0.0000000000e+000 0.0000000000e+000
0.0000000000e+000 1.0000000000e+000 0.0000000000e+000
0.0000000000e+000 0.0000000000e+000 1.0000000000e+000
-0.0000000000e+000 -0.0000000000e+000 -0.0000000000e+000
6.6080306000e+002 0.0000000000e+000 0.0000000000e+000
9.9713516771e-001 5.1839060786e-002 5.5083292309e-002
-4.9137777973e-002 9.9757393985e-001 -4.9312405129e-002
-5.7505965696e-002 4.6464462771e-002 9.9726331408e-001
5.9011815983e-001 -7.0011182585e-001 -4.0199998600e-001
0 0 0
0 0 0
0 0 0
0 0 0
0 0 0
1.9673858256e+000 -1.1913783892e+000 -6.9645042254e+000
203 182 70
2 6 325 186.6000 -113.1000 7 505 185.2800 -144.2900
2.2569972948e+000 -9.1663931387e-001 -6.4157566534e+000
221 195 83
2 6 501 232.6100 -94.2900 7 513 231.0500 -133.6600
2.2569972948e+000 -9.1663931387e-001 -6.4157566534e+000
221 195 83
2 6 500 232.6100 -94.2900 7 512 231.0500 -133.6600
2.2738890024e+000 -9.0420631349e-001 -6.3695197536e+000
177 153 51
2 6 778 235.9600 -93.7600 7 766 234.5900 -133.5800
2.2814582419e+000 -8.0126912587e-001 -6.4007846106e+000
214 189 76
2 6 508 235.6200 -82.6500 7 523 234.7100 -123.2200
2.2808900761e+000 -7.1669543971e-001 -6.3449386862e+000
215 190 73
2 6 328 237.6100 -74.5900 7 359 237.4300 -116.4400
2.2673144887e+000 -8.4081232019e-001 -6.3990344317e+000
215 191 85
2 6 781 234.1700 -86.8000 7 775 233.2700 -126.8800
2.5972036480e+000 -5.0108911801e-001 -5.5703696951e+000
226 182 185
2 6 163 308.2400 -59.3400 7 183 306.7600 -113.6100
2.2424173822e+000 -1.0203891333e+000 -6.4763513800e+000
212 189 70
2 6 326 228.6500 -104.2400 7 355 227.0900 -141.5600
1.9739315682e+000 -1.1529735645e+000 -6.9782790862e+000
41 28 0
2 6 771 186.9200 -109.1800 7 757 185.5800 -140.7200
1.9739315682e+000 -1.1529735645e+000 -6.9782790862e+000
41 28 0
2 6 772 186.9200 -109.1800 7 758 185.5800 -140.7200
2.6009170108e+000 -3.8094017098e-001 -5.5477781476e+000
234 192 195
2 6 528 309.9400 -45.2700 7 533 309.3700 -101.2900
2.5954443703e+000 -4.3396616220e-001 -5.5699045422e+000
239 180 181
2 6 793 308.0600 -51.3800 7 794 307.1300 -106.4500
2.1665332965e+000 -6.5134439806e-001 -6.5084296961e+000
218 186 68
2 6 46 220.4100 -65.7700 7 51 220.6100 -106.8200
-9.5052030334e-001 5.2625895973e-001 -4.5943986096e+000
21 27 43
2 6 54 -136.5500 75.8500 7 57 -78.7900 13.0600
-9.5052030334e-001 5.2625895973e-001 -4.5943986096e+000
21 27 43
2 6 55 -136.5500 75.8500 7 58 -78.7900 13.0600
-9.5052030334e-001 5.2625895973e-001 -4.5943986096e+000
21 27 43
2 6 56 -136.5500 75.8500 7 59 -78.7900 13.0600
-9.1368351012e-001 -2.4772930317e-001 -5.0740066007e+000
23 24 28
2 6 66 -118.7900 -32.0500 7 75 -74.9800 -79.7100
8.7702012963e-001 5.7730838042e-002 -5.6827151699e+000
210 178 197
2 6 49 101.7700 6.5300 7 54 124.9700 -43.6100
3.9493338301e-002 3.6034825289e-001 -5.5253587351e+000
152 22 32
2 6 53 4.8600 43.2200 7 83 38.3700 -7.9800
-9.9663646681e-001 6.4150629428e-001 -4.6183230123e+000
192 205 242
2 6 78 -142.5900 91.8000 7 88 -83.9200 29.0700
1.0624377506e+000 -9.3460531729e-003 -5.5533922140e+000
180 117 131
2 6 90 126.8000 -0.7900 7 102 147.4500 -54.0300
1.3566328236e+000 2.1138833485e-001 -5.6243216381e+000
188 119 130
2 6 70 159.9400 25.2800 7 80 178.0800 -30.7200
1.0159028479e+000 5.8650295471e-001 -5.5414851521e+000
213 193 208
2 6 74 121.3300 70.0900 7 84 147.0700 11.8600
1.0159028479e+000 5.8650295471e-001 -5.5414851521e+000
213 193 208
2 6 75 121.3300 70.0900 7 85 147.0700 11.8600
3.5917694407e-001 5.0464379536e-001 -5.4261688942e+000
72 2 3
2 6 96 43.5500 61.2900 7 111 77.0400 6.2200
-9.3500866339e-001 3.9621500526e-001 -4.6565751275e+000
187 201 240
2 6 73 -132.4300 56.4800 7 110 -77.1000 -4.1500
8.3336912990e-001 5.7816002949e-001 -5.5277641719e+000
95 0 2
2 6 132 99.6900 69.1700 7 147 127.5700 12.0000
4.5700411626e-001 1.0298737054e+000 -5.5967458076e+000
163 18 29
2 6 104 53.8900 121.5400 7 113 87.7400 64.4300
2.4128303776e+000 -1.1850496005e+000 -6.0855179267e+000
202 197 106
2 6 117 262.0000 -128.6800 7 128 257.7300 -168.6300
1.0265292686e+000 4.1819811393e-002 -5.6975989934e+000
72 5 8
2 6 178 118.7500 4.5900 7 198 140.4500 -45.7800
-1.4666154091e-002 4.5722366225e-001 -5.5470827430e+000
225 56 94
2 6 128 -1.7000 54.5100 7 202 32.7700 3.3400
-1.4666154091e-002 4.5722366225e-001 -5.5470827430e+000
225 56 94
2 6 129 -1.7000 54.5100 7 203 32.7700 3.3400
-6.2617978218e-001 4.4997653329e-001 -4.6506803253e+000
108 54 70
2 6 190 -88.7600 64.1400 7 145 -35.6600 0.9700
1.4512080639e-001 6.6885284922e-001 -5.4270628217e+000
217 202 221
2 6 134 17.6700 81.4400 7 149 53.6900 25.9700
-1.0059639390e+000 5.1933862362e-001 -4.6009019993e+000
18 20 30
2 6 133 -144.3300 74.7400 7 206 -86.2600 12.5400
3.9690677851e-001 1.1216270885e+000 -5.6000562190e+000
171 150 172
2 6 139 46.7000 132.2400 7 157 81.7400 75.0300
2.5972036480e+000 -5.0108911801e-001 -5.5703696951e+000
226 182 185
2 6 164 308.2400 -59.3400 7 184 306.7600 -113.6100
9.2094482461e-001 -7.6216763050e-002 -5.6578694532e+000
51 9 18
2 6 242 107.6200 -8.8500 7 256 129.1300 -58.8000
8.3908112524e-001 1.3082918026e-001 -5.7934857320e+000
139 29 46
2 6 248 95.5400 14.7800 7 263 118.5500 -34.3900
-5.3712045264e-001 3.1410169019e-001 -4.5740453806e+000
157 99 113
2 6 186 -77.4700 45.5000 7 269 -24.4800 -18.2400
1.0574281407e+000 6.7665898174e-001 -5.5477206925e+000
44 9 7
2 6 194 125.6800 80.3800 7 148 152.5500 21.9900
1.0447475372e-001 5.9398309176e-001 -5.4220996635e+000
82 11 26
2 6 193 12.9700 72.6000 7 283 48.4200 17.4500
-6.4075065724e-001 4.9481914206e-001 -4.6318798236e+000
235 181 195
2 6 192 -91.0500 70.9400 7 277 -37.4700 6.7600
-1.0442009223e+000 4.7213163983e-001 -4.6226127392e+000
183 230 255
2 6 258 -149.1900 67.5700 7 278 -91.4000 6.6400
-9.9379255913e-001 6.0107516469e-001 -4.5984073242e+000
179 225 255
2 6 264 -142.4100 86.7700 7 290 -84.4100 23.2000
-9.9668408086e-001 6.6118454712e-001 -4.6014119258e+000
243 231 243
2 6 266 -142.9300 95.1500 7 293 -84.1800 31.5200
-9.0295412910e-001 7.7099195674e-001 -4.5629469869e+000
225 165 177
2 6 273 -130.7700 111.6500 7 296 -70.8500 45.9700
9.7050610450e-001 -2.2867975745e-002 -5.6548396690e+000
66 13 22
2 6 358 113.6800 -2.4400 7 381 134.6200 -53.5200
1.2682338050e+000 9.2506347855e-002 -5.5829297556e+000
95 35 39
2 6 247 150.5600 11.3200 7 261 169.3300 -43.5800
1.1417911855e+000 9.9708673865e-002 -5.6387512481e+000
172 101 113
2 6 361 133.9200 11.7800 7 262 154.3900 -41.2100
6.5831548421e-001 2.0303838505e-001 -5.6985791091e+000
115 4 13
2 6 253 76.3100 23.5200 7 268 101.9800 -26.8800
9.2587805538e-001 6.2419540212e-001 -5.5567675849e+000
104 11 16
2 6 260 110.2900 74.3800 7 281 137.0500 16.5800
-1.1502801918e-001 6.2940290241e-001 -5.4494083039e+000
108 9 22
2 6 263 -13.8400 76.4200 7 287 23.5600 22.9300
-9.6161037064e-001 4.9370476991e-001 -4.6165295201e+000
255 254 254
2 6 259 -137.4700 70.8400 7 279 -80.3100 8.8500
5.4458490201e-001 9.9099510168e-001 -5.6064276202e+000
153 14 28
2 6 403 64.1100 116.7400 7 429 96.8800 59.5500
-1.0070192668e+000 7.8212949131e-001 -4.5865571061e+000
227 167 179
2 6 401 -144.7900 112.9700 7 421 -85.0800 47.8700
-1.1195663710e+000 7.8004980176e-001 -4.6025539898e+000
133 74 96
2 6 602 -160.5600 112.1700 7 422 -100.0800 48.4600
4.3252388720e-001 1.1714959466e+000 -5.6081080168e+000
166 22 33
2 6 277 50.8700 137.9600 7 302 85.7600 80.2600
1.6085891501e+000 1.3110008655e+000 -5.3526631427e+000
69 31 28
2 6 199 198.3500 161.6800 7 218 225.5000 90.9100
1.6085891501e+000 1.3110008655e+000 -5.3526631427e+000
69 31 28
2 6 200 198.3500 161.6800 7 219 225.5000 90.9100
1.8244966764e+000 -3.5040353755e+000 -1.2839522681e+001
97 90 106
2 6 465 93.8900 -180.3500 7 490 74.5800 -179.1000
-1.2851850580e+000 -2.8613865456e+000 -1.3005470541e+001
72 44 55
2 6 743 -64.8700 -144.9100 7 759 -77.0200 -140.7000
2.2702397146e+000 -8.8599911504e-001 -6.4296370268e+000
214 191 78
2 6 503 233.2600 -91.1100 7 515 232.1800 -130.3400
-9.1308661369e-001 -1.8273236001e-001 -5.0351184127e+000
251 253 255
2 6 342 -119.6400 -23.7800 7 373 -74.8000 -72.5900
9.3230229140e-001 -3.8754276601e-002 -5.7097892106e+000
173 134 153
2 6 355 108.0300 -4.3700 7 380 129.1000 -54.1500
2.1946252151e+000 6.2036739523e-001 -6.4431441427e+000
110 64 25
2 6 378 225.1000 63.6400 7 403 234.3100 12.2600
-9.4290020714e-001 4.2527017095e-001 -4.6188119753e+000
165 217 254
2 6 377 -134.6600 61.0800 7 577 -78.2700 -0.4800
-1.0704139724e+000 4.4329545660e-001 -4.6268097718e+000
168 156 197
2 6 578 -152.6700 63.5200 7 580 -95.2000 2.8500
-6.8806530126e-001 6.3345277429e-001 -4.5800645331e+000
170 104 126
2 6 390 -99.1500 91.5100 7 410 -42.6700 25.7000
-9.5337224853e-001 7.5306133828e-001 -4.5773824026e+000
178 107 123
2 6 601 -137.4800 108.8600 7 594 -77.8900 43.7100
-9.9850342136e-001 7.4869610020e-001 -4.5724494534e+000
174 107 127
2 6 398 -144.2200 108.2800 7 595 -84.0300 43.5200
-9.9850342136e-001 7.4869610020e-001 -4.5724494534e+000
174 107 127
2 6 399 -144.2200 108.2800 7 596 -84.0300 43.5200
1.7380396462e+000 1.4426645643e+000 -5.5339298187e+000
69 30 30
2 6 286 207.3700 172.1500 7 309 232.5100 102.9500
9.9501826295e-001 1.6572838195e+000 -5.7844410171e+000
140 24 34
2 6 414 113.4100 189.1300 7 618 145.2800 127.9800
2.6042043574e+000 -2.9932765275e+000 -1.0470866195e+001
103 99 121
2 6 460 164.3500 -188.9000 7 696 145.7100 -195.7400
2.3642172155e+000 -3.1227857224e+000 -1.1316824929e+001
108 101 117
2 6 463 137.9600 -182.4300 7 712 119.4800 -186.1600
2.4900796795e+000 -2.6556716792e+000 -1.0895126269e+001
64 53 67
2 6 736 150.9200 -161.1700 7 738 133.9100 -168.0200
2.4268155106e+000 -2.4707147731e+000 -1.1331009721e+001
74 53 61
2 6 483 141.6100 -144.0100 7 752 124.6900 -150.7000
2.3656678227e+000 -2.4638812308e+000 -1.1338076557e+001
124 120 134
2 6 484 137.8000 -143.6700 7 498 121.4600 -149.9500
2.3656678227e+000 -2.4638812308e+000 -1.1338076557e+001
124 120 134
2 6 485 137.8000 -143.6700 7 497 121.4600 -149.9500
2.5795582383e+000 -6.1022998028e-001 -5.6352047723e+000
240 184 195
2 6 513 302.5900 -71.4800 7 779 300.5400 -123.5000
2.5953656408e+000 -5.7295114657e-001 -5.5708948789e+000
242 193 212
2 6 514 307.9500 -67.8900 7 525 306.0200 -121.2200
2.2290488106e+000 -7.1165309632e-001 -6.4647413593e+000
164 169 117
2 6 512 227.9100 -72.6900 7 527 228.0200 -113.2400
2.6080727677e+000 -4.8735272208e-001 -5.5559959786e+000
234 173 188
2 6 518 310.2900 -57.8900 7 791 308.8600 -112.5000
2.2839850117e+000 -6.1908129303e-001 -6.3628267035e+000
177 147 41
2 6 787 237.2300 -64.2700 7 795 237.6900 -106.8000
9.8083402150e-001 1.4109970257e-002 -5.6705080341e+000
171 124 141
2 6 832 114.4000 1.7300 7 838 135.7200 -49.2300
-5.6564739325e-001 -3.4053307212e-002 -4.7386660852e+000
226 178 187
2 6 354 -79.0200 -4.8900 7 833 -30.5300 -61.1300
-5.5525773513e-001 1.0799541093e-002 -4.6908876819e+000
219 171 182
2 6 551 -78.1400 1.6000 7 837 -29.0700 -56.4700
-5.1535215768e-001 9.1440613590e-002 -4.6559016439e+000
157 101 112
2 6 558 -73.0800 13.0400 7 845 -23.2100 -46.7400
-5.1535215768e-001 9.1440613590e-002 -4.6559016439e+000
157 101 112
2 6 557 -73.0800 13.0400 7 844 -23.2100 -46.7400
-9.7653751959e-001 8.5546741724e-002 -4.6326503068e+000
215 151 168
2 6 556 -139.1800 12.3200 7 848 -84.6100 -45.1800
-5.2278410957e-001 2.5675511831e-001 -4.6053568177e+000
157 99 112
2 6 565 -74.9200 36.9300 7 861 -22.9900 -25.6000
-9.6613436716e-001 2.4217170189e-001 -4.6652571804e+000
245 182 191
2 6 563 -136.7600 34.3900 7 568 -81.9300 -24.0700
9.1689367391e-002 6.2355681889e-001 -5.4040117155e+000
233 218 230
2 6 586 11.2700 76.3000 7 901 47.6200 21.0200
1.2132983791e-001 6.4263780579e-001 -5.4004413206e+000
229 219 231
2 6 587 14.9100 78.6900 7 904 51.1600 23.0200
-9.4559772008e-001 6.5946860322e-001 -4.5894592532e+000
241 217 230
2 6 595 -136.0800 95.0200 7 918 -77.2300 31.0600
3.7241365793e-001 9.7599370556e-001 -5.5858019952e+000
203 132 150
2 6 922 44.0800 115.4800 7 942 78.2200 58.9300
-1.0375443431e+000 7.6422704700e-001 -4.5779351685e+000
232 172 179
2 6 917 -149.8700 110.2100 7 932 -88.9900 46.0800
4.2990270887e-001 1.0912269755e+000 -5.5939767890e+000
152 22 54
2 6 606 50.7300 128.8600 7 609 85.2000 71.4200
2.8001982161e+000 -3.3713470672e+000 -9.9712504783e+000
111 103 121
2 6 644 185.4800 -223.5100 7 655 164.8300 -229.7600
2.4907541967e+000 -3.7014498695e+000 -1.0886564731e+001
100 95 114
2 6 641 151.1400 -224.7200 7 660 130.3500 -227.0800
2.5878240558e+000 -3.5429710821e+000 -1.0646580337e+001
115 112 130
2 6 655 160.5600 -219.9600 7 664 140.0300 -223.6500
2.6156202361e+000 -3.2088998485e+000 -1.0565002011e+001
117 106 126
2 6 681 163.5200 -200.7800 7 683 144.1500 -206.2500
2.5095689906e+000 -2.7719155130e+000 -1.0919165709e+001
73 58 66
2 6 723 151.8100 -167.8100 7 724 134.2000 -174.2300
2.1700796174e+000 -2.2757926475e+000 -1.1667925468e+001
107 92 111
2 6 752 122.9300 -128.8600 7 764 107.3300 -134.7700
1.9852129126e+000 -2.4663294628e+000 -1.2439003967e+001
97 86 99
2 6 750 105.4300 -131.0500 7 765 89.0800 -134.0300
2.1519894265e+000 -2.0843974736e+000 -1.1943926744e+001
107 91 101
2 6 769 119.0600 -115.3200 7 783 103.8600 -121.0600
2.5969445023e+000 -7.1196265981e-001 -5.5540905752e+000
247 142 75
2 6 782 309.1400 -84.5800 7 760 305.9400 -136.5400
2.2673144887e+000 -8.4081232019e-001 -6.3990344317e+000
215 191 85
2 6 780 234.1700 -86.8000 7 774 233.2700 -126.8800
2.6037473307e+000 -5.2870099885e-001 -5.5532007370e+000
249 179 194
2 6 788 309.8500 -62.9000 7 789 308.3300 -116.9100
2.6069854530e+000 -3.3241925767e-001 -5.4583298151e+000
215 78 123
2 6 800 315.6700 -40.2000 7 799 315.6400 -97.9600
9.2295908791e-001 2.8588236413e-002 -5.6829510892e+000
223 194 208
2 6 833 107.3500 3.3500 7 843 129.3900 -47.1700
5.7083516577e-002 6.0812906183e-001 -5.3995899633e+000
239 225 235
2 6 885 6.9600 74.4000 7 898 43.7400 19.5200
-1.3409901141e-001 5.9721011875e-001 -5.3948919955e+000
209 176 193
2 6 880 -16.4700 73.1100 7 899 21.9200 19.3900
1.6008814512e+000 1.0935527727e+000 -5.2912995776e+000
159 96 109
2 6 608 199.9700 136.6000 7 946 225.4100 66.1700
5.5835839873e-001 1.0260945281e+000 -5.6053618548e+000
212 136 155
2 6 928 65.7700 120.9200 7 944 98.6100 63.3400
9.9757438677e-001 -2.9404264190e-001 -5.5203733989e+000
215 148 157
2 6 18 118.9300 -35.6200 7 22 140.4300 -84.7100
-5.0815351218e-002 5.3904204241e-001 -5.4905433862e+000
243 238 244
2 6 26 -5.9000 65.0700 7 28 29.6900 12.3300
-3.0187995869e-001 6.0581814215e-001 -5.2252629700e+000
34 19 22
2 6 27 -37.8100 76.9500 7 41 3.4700 20.6400
2.0256765201e+000 8.5243651498e-001 -6.3629821736e+000
192 132 142
2 6 28 209.9400 88.2100 7 29 223.5500 35.6000
-1.0208733703e-001 3.1344629895e-001 -5.5777251410e+000
235 234 242
2 6 51 -12.2400 37.0000 7 82 22.1000 -11.8000
-1.9258813368e-002 1.5555753697e+000 -5.9549501456e+000
161 15 26
2 6 62 -1.6200 173.0500 7 65 33.5400 120.4400
-1.3623106791e+000 -3.0535893431e+000 -1.3061256548e+001
58 58 69
2 6 64 -68.4500 -153.9600 7 71 -81.1300 -149.2000
-8.2214062892e-002 1.9675884654e-001 -5.7416858117e+000
198 32 51
2 6 69 -9.6600 22.4600 7 141 22.0600 -23.2300
1.4467465176e+000 3.3630102148e-001 -5.7651216090e+000
67 9 9
2 6 72 166.1700 38.8200 7 81 183.7100 -16.3600
-3.1398269712e+000 3.3494685333e+000 -1.2437090139e+001
23 21 26
2 6 81 -167.3800 177.4400 7 123 -161.1700 181.1500
3.4720391513e-001 -3.6001586107e+000 -1.3720224889e+001
9 9 9
2 6 86 17.1200 -172.9700 7 97 -0.7100 -168.5900
7.7919454350e-001 8.0267974643e-002 -5.7466926806e+000
238 230 239
2 6 91 89.6100 9.2400 7 104 112.8700 -40.1400
-1.7282744439e-001 2.3776497494e-001 -5.6422887890e+000
230 212 229
2 6 93 -20.9200 27.2100 7 143 13.8800 -18.7400
2.4128303776e+000 -1.1850496005e+000 -6.0855179267e+000
202 197 106
2 6 116 262.0000 -128.6800 7 127 257.7300 -168.6300
1.1967775294e+000 1.2404794088e-001 -5.6160066805e+000
189 123 137
2 6 124 141.0400 14.7800 7 138 161.0400 -39.2100
2.6654509097e-001 5.2897865364e-001 -5.4328862167e+000
230 208 219
2 6 131 32.6600 64.5500 7 205 66.1500 9.1600
-7.3982259996e-002 7.9162974213e-001 -5.5126773129e+000
91 1 7
2 6 137 -8.9500 94.8200 7 215 28.7100 41.2500
1.5879647950e+000 1.4677069902e+000 -5.4822044720e+000
169 119 130
2 6 144 191.3200 176.8500 7 161 218.5200 107.3100
8.5342797786e-001 -5.1206111230e+000 -1.5134171222e+001
42 42 51
2 6 149 37.3100 -223.5300 7 174 14.2700 -213.7600
2.4370418293e+000 -3.7199059261e+000 -1.1029412988e+001
37 33 48
2 6 151 146.0100 -222.8700 7 170 125.2200 -224.9000
2.4370418293e+000 -3.7199059261e+000 -1.1029412988e+001
37 33 48
2 6 152 146.0100 -222.8700 7 171 125.2200 -224.9000
3.0607291701e+000 -2.9839349012e+000 -9.2946716546e+000
60 49 63
2 6 153 217.4100 -212.3200 7 172 197.1100 -222.7500
2.7426036272e+000 -2.8234272039e+000 -1.0158587066e+001
64 55 67
2 6 155 178.5100 -183.5600 7 176 159.8000 -192.4800
2.4960165350e+000 -2.1129221277e+000 -8.4403343996e+000
188 174 148
2 6 156 195.3200 -165.5100 7 177 182.7600 -183.2800
4.9350864360e-001 -3.3872046740e+000 -1.3514522417e+001
104 81 65
2 6 157 24.1400 -165.6100 7 179 7.6100 -161.4800
2.6089595274e+000 -3.7257696064e-001 -5.5160483432e+000
224 181 194
2 6 166 312.7800 -44.4600 7 185 311.9800 -101.1900
2.6089595274e+000 -3.7257696064e-001 -5.5160483432e+000
224 181 194
2 6 167 312.7800 -44.4600 7 186 311.9800 -101.1900
2.2967782794e+000 -3.2372296364e-001 -6.3260014438e+000
220 184 47
2 6 169 239.9500 -33.7900 7 252 242.3100 -79.4200
6.0261940230e-001 1.7595170780e+000 -5.9457576355e+000
67 1 0
2 6 205 66.8200 195.4300 7 225 100.5600 138.7800
2.7340255244e+000 -3.2705281290e+000 -1.0173580176e+001
53 42 52
2 6 212 177.5100 -212.5000 7 230 157.5000 -218.7600
2.7340255244e+000 -3.2705281290e+000 -1.0173580176e+001
53 42 52
2 6 213 177.5100 -212.5000 7 231 157.5000 -218.7600
2.3809411718e+000 -2.0072830947e+000 -8.7220744818e+000
178 171 140
2 6 216 180.2600 -152.1900 7 236 168.6800 -169.1100
1.5862286613e+000 -2.6838790142e+000 -1.2798591830e+001
110 84 65
2 6 219 81.9200 -138.5500 7 238 65.5400 -139.4900
1.4513013494e+000 -2.6367591060e+000 -1.2827858880e+001
18 29 45
2 6 220 74.8400 -135.7500 7 239 58.7900 -136.6300
2.1411565370e+000 -2.2404218563e+000 -1.1899853997e+001
54 41 43
2 6 223 118.8900 -124.4200 7 243 103.3100 -129.7300
2.5735928396e+000 -6.1337754953e-001 -5.5639917544e+000
225 190 208
2 6 231 305.7000 -72.8100 7 358 303.8600 -125.5800
2.1286786274e+000 3.5238606758e-001 -6.5052618888e+000
147 111 50
2 6 254 216.2500 35.8100 7 391 224.1000 -12.5200
4.9080412617e-001 8.8548393349e-001 -5.5457443846e+000
148 19 29
2 6 267 58.6500 105.6500 7 419 91.3400 48.1500
1.7380396462e+000 1.4426645643e+000 -5.5339298187e+000
69 30 30
2 6 285 207.3700 172.1500 7 308 232.5100 102.9500
2.3798672833e+000 -3.9905461537e+000 -1.1172871528e+001
84 79 97
2 6 295 140.6600 -236.1100 7 458 119.3200 -236.4000
2.6061644742e+000 -3.4042858915e+000 -1.0684555367e+001
98 89 106
2 6 303 160.9700 -210.7500 7 332 141.1600 -214.7600
2.9269630876e+000 -2.9365570886e+000 -9.5958924968e+000
56 43 54
2 6 304 201.4100 -202.3600 7 333 182.0100 -212.0700
1.8052742002e+000 -3.8137890720e+000 -1.2854776843e+001
10 10 12
2 6 305 92.7700 -196.0800 7 338 72.6800 -193.7400
1.8052742002e+000 -3.8137890720e+000 -1.2854776843e+001
10 10 12
2 6 306 92.7700 -196.0800 7 339 72.6800 -193.7400
2.7836944366e+000 -2.9396210095e+000 -1.0072130893e+001
59 47 61
2 6 308 182.6300 -192.8600 7 334 163.5300 -201.3000
2.7836944366e+000 -2.9396210095e+000 -1.0072130893e+001
59 47 61
2 6 309 182.6300 -192.8600 7 335 163.5300 -201.3000
2.5881356024e+000 -3.0626911024e+000 -1.0674298164e+001
59 52 64
2 6 311 160.2200 -189.6000 7 336 141.2800 -195.6000
2.5881356024e+000 -3.0626911024e+000 -1.0674298164e+001
59 52 64
2 6 312 160.2200 -189.6000 7 337 141.2800 -195.6000
1.7185819313e+000 -2.8779545132e+000 -1.3040647246e+001
47 38 45
2 6 317 87.1800 -145.7400 7 501 69.4800 -146.0400
2.0545951632e+000 -2.4082558710e+000 -1.2082504816e+001
52 42 42
2 6 320 112.2200 -131.8500 7 511 96.4800 -135.7400
1.9673858256e+000 -1.1913783892e+000 -6.9645042254e+000
203 182 70
2 6 324 186.6000 -113.1000 7 504 185.2800 -144.2900
2.5817424325e+000 -6.1682445622e-001 -5.5791782966e+000
227 196 213
2 6 329 305.8200 -73.0300 7 357 303.8600 -125.5800
2.6060134738e+000 -4.3072364151e-001 -5.5145210407e+000
236 188 201
2 6 333 312.3500 -51.5600 7 530 311.4800 -107.3600
2.6107918348e+000 -3.6805721708e-001 -5.4867393076e+000
245 191 207
2 6 336 314.5400 -44.2500 7 532 314.0500 -101.2600
2.2016660862e+000 -2.8093572882e-001 -6.2974647076e+000
114 69 10
2 6 340 231.1500 -29.3800 7 545 234.6600 -75.4600
-5.8852613533e-001 -8.9707467980e-002 -4.7820381312e+000
229 178 190
2 6 351 -81.2200 -12.2900 7 550 -34.1500 -67.5700
-4.8822225627e-001 1.8796591766e-001 -4.6427004840e+000
225 164 172
2 6 366 -69.3800 26.8600 7 562 -19.0000 -34.4600
4.8266413528e-001 2.3332050632e-001 -5.7016498289e+000
125 4 14
2 6 367 56.0400 27.1300 7 387 83.1700 -22.8100
2.1672779715e+000 2.9709433045e-001 -6.5257526142e+000
84 49 7
2 6 369 219.5600 30.1600 7 389 226.4500 -17.8100
-4.2607774014e-001 4.3095924940e-001 -4.6456604780e+000
207 155 168
2 6 376 -60.6800 61.2300 7 576 -8.9600 -2.6000
2.2306127809e+000 6.4452366726e-001 -6.3982494814e+000
176 139 90
2 6 379 230.3400 66.5400 7 404 239.6700 14.3100
3.6527237993e-001 5.7587683358e-001 -5.4789689675e+000
156 27 44
2 6 380 43.9100 69.3300 7 583 77.1100 14.4000
-6.6065990318e-001 5.8154904704e-001 -4.5952293801e+000
189 126 143
2 6 382 -94.9600 83.6700 7 406 -39.2200 18.6400
-6.6065990318e-001 5.8154904704e-001 -4.5952293801e+000
189 126 143
2 6 383 -94.9600 83.6700 7 407 -39.2200 18.6400
2.8599761913e-001 7.1050947788e-001 -5.3487944519e+000
219 197 209
2 6 385 35.3700 87.8100 7 587 71.3000 29.8200
4.3905282861e-001 7.2891191233e-001 -5.4105557796e+000
246 224 228
2 6 387 53.3700 88.8100 7 413 87.9100 31.2900
4.3905282861e-001 7.2891191233e-001 -5.4105557796e+000
246 224 228
2 6 388 53.3700 88.8100 7 414 87.9100 31.2900
-6.8806530126e-001 6.3345277429e-001 -4.5800645331e+000
170 104 126
2 6 391 -99.1500 91.5100 7 411 -42.6700 25.7000
5.2435006859e-001 8.5138626334e-001 -5.5835704886e+000
205 172 197
2 6 393 62.3200 100.9800 7 597 93.8800 43.9900
-7.7690371398e-001 6.9680086116e-001 -4.5635221519e+000
233 178 193
2 6 394 -112.4100 100.9800 7 415 -54.2800 34.9100
-8.1919292392e-001 7.3168811453e-001 -4.5685090141e+000
226 172 182
2 6 396 -118.4000 105.9200 7 417 -59.7800 39.9300
-1.0961294444e+000 7.5184085922e-001 -4.5920872063e+000
229 167 180
2 6 400 -157.5600 108.3600 7 418 -97.1900 44.5100
1.2395568967e+000 1.1434373410e+000 -5.2372180623e+000
184 132 143
2 6 407 156.3300 144.2200 7 433 187.0800 74.7500
2.8793505863e+000 -3.2078921635e+000 -9.7943503090e+000
52 45 57
2 6 435 194.2100 -216.4800 7 468 173.7300 -224.2500
2.5642967464e+000 -3.5052471277e+000 -1.0759314004e+001
101 97 119
2 6 439 157.3800 -215.3900 7 473 137.1500 -218.9000
2.5052841243e+000 -3.5023981831e+000 -1.0886519423e+001
105 97 118
2 6 440 151.9800 -212.6800 7 477 131.9100 -215.9000
2.2482468555e+000 -3.6713377684e+000 -1.1572677365e+001
53 51 65
2 6 443 128.2600 -209.7500 7 681 108.3000 -210.5100
2.2323513062e+000 -3.6080681423e+000 -1.1593167292e+001
85 78 96
2 6 445 127.1500 -205.7500 7 479 107.3900 -206.7500
2.1728738541e+000 -3.5495907955e+000 -1.1739901626e+001
39 35 49
2 6 448 122.3000 -199.8000 7 481 102.6500 -200.8500
2.8659527638e+000 -2.8367999585e+000 -9.8654772541e+000
57 41 47
2 6 457 191.8500 -190.1200 7 482 173.0500 -199.5900
2.8659527638e+000 -2.8367999585e+000 -9.8654772541e+000
57 41 47
2 6 458 191.8500 -190.1200 7 483 173.0500 -199.5900
2.4782838519e+000 -2.9717869781e+000 -1.1026518709e+001
57 46 54
2 6 466 148.4100 -178.2000 7 715 130.2500 -183.3700
1.6995631473e+000 -3.5765652148e+000 -1.3264630269e+001
88 85 103
2 6 467 84.7100 -178.1300 7 491 65.0500 -175.8900
2.5249162387e+000 -2.2091739684e+000 -8.3670318173e+000
187 178 144
2 6 470 199.2500 -174.6200 7 484 186.2400 -192.0100
2.6337748912e+000 -2.6797624943e+000 -1.0450105375e+001
67 55 65
2 6 473 166.4400 -169.5500 7 719 149.0600 -177.7600
1.7664022514e+000 -3.1897561532e+000 -1.3062548234e+001
54 48 60
2 6 479 89.3300 -161.3900 7 495 70.8800 -160.5900
2.3807905739e+000 -2.0845926494e+000 -8.6727108963e+000
113 98 80
2 6 480 181.3700 -158.8600 7 492 169.3000 -175.6900
2.1871720530e+000 -2.4808729672e+000 -1.1804999907e+001
63 47 57
2 6 486 122.2200 -139.0700 7 506 106.2600 -143.5200
2.4070906460e+000 -2.3282335011e+000 -1.1132954437e+001
121 118 134
2 6 488 142.7600 -138.3000 7 503 127.0100 -145.6500
2.2196886186e+000 -8.9278684023e-001 -6.4786888476e+000
216 192 86
2 6 504 226.5100 -90.9700 7 516 225.4300 -129.8000
2.5875766414e+000 -6.4450512053e-001 -5.6579038899e+000
221 70 104
2 6 511 302.3600 -75.1600 7 776 299.8200 -126.6000
2.5837041241e+000 -5.5755381603e-001 -5.6166924677e+000
239 180 193
2 6 516 304.1000 -65.5000 7 786 302.3600 -118.4300
2.1209168146e+000 -5.6564405026e-001 -6.6418785030e+000
228 191 78
2 6 519 211.3600 -55.9900 7 534 212.3600 -96.1800
2.3159255669e+000 -4.7672764569e-001 -6.2652183232e+000
229 196 57
2 6 525 244.3800 -50.1900 7 535 245.4900 -95.3000
2.3159255669e+000 -4.7672764569e-001 -6.2652183232e+000
229 196 57
2 6 526 244.3800 -50.1900 7 536 245.4900 -95.3000
8.5088448761e-001 -3.7507182149e-001 -5.5346296499e+000
169 46 60
2 6 529 101.5700 -44.8000 7 806 122.9900 -93.0300
2.2621064928e+000 -3.5955733866e-001 -6.3100740924e+000
97 62 2
2 6 532 236.9600 -37.6000 7 816 239.4100 -83.0000
2.6146312510e+000 -3.0812838509e-001 -5.4639539507e+000
232 191 210
2 6 533 316.2300 -37.2500 7 800 316.3700 -95.2000
2.2349735037e+000 -3.1936200663e-001 -6.3113888349e+000
120 75 14
2 6 535 234.1000 -33.3600 7 818 237.0300 -79.0400
2.6145990632e+000 -2.5149094499e-001 -5.4991769617e+000
240 192 195
2 6 536 314.3600 -30.0900 7 543 314.5900 -88.4400
2.2003915424e+000 3.1200857946e-001 -6.5125885798e+000
176 139 48
2 6 562 223.2400 31.6400 7 571 230.2300 -16.5600
-4.0470360231e-001 4.5040788259e-001 -4.6870410808e+000
171 123 144
2 6 577 -57.0900 63.4700 7 578 -6.3000 0.0600
-3.9132291014e-001 4.7964798314e-001 -4.7119880433e+000
220 191 199
2 6 581 -54.8200 67.3200 7 581 -4.6100 3.8600
-1.0902431002e+000 4.8878042148e-001 -4.6318855354e+000
173 160 195
2 6 583 -155.4700 69.8000 7 582 -97.3800 9.2300
1.3409756525e-001 6.2127100767e-001 -5.4066220037e+000
73 21 45
2 6 585 16.3300 75.8800 7 900 52.5200 20.6200
3.7148481637e-001 6.6861253484e-001 -5.4218298002e+000
243 214 219
2 6 588 45.2300 81.4500 7 586 79.4200 24.6500
1.4437233831e-001 7.1844144023e-001 -5.4490786525e+000
71 6 13
2 6 591 17.5600 87.1700 7 588 53.5200 31.5900
-6.6000080817e-001 6.2765975421e-001 -4.6026728524e+000
237 174 184
2 6 592 -94.5900 90.2700 7 909 -38.9600 24.7200
-9.5679344668e-001 7.2450959930e-001 -4.5631940495e+000
228 165 173
2 6 597 -138.4900 104.9800 7 590 -78.5600 39.9700
-1.0161444790e+000 8.1372394837e-001 -4.5940615810e+000
157 100 122
2 6 605 -146.0000 117.2000 7 601 -85.9000 52.3200
-4.0136541331e+000 4.1161084542e+000 -1.2078218424e+001
146 93 86
2 6 619 -219.3700 225.4000 7 1037 -212.5600 230.5400
2.2535927151e+000 -4.0304030717e+000 -1.1511673556e+001
51 45 59
2 6 630 129.3300 -231.3900 7 652 108.0600 -230.9300
2.2949132400e+000 -3.9731146331e+000 -1.1393697186e+001
89 87 105
2 6 631 132.9900 -230.5400 7 653 111.9700 -230.4100
1.0072008891e+000 -5.2269324079e+000 -1.4995364606e+001
48 48 57
2 6 632 44.3900 -230.3300 7 670 20.9900 -220.5000
2.2891257902e+000 -3.8632701894e+000 -1.1371790795e+001
88 85 102
2 6 642 132.9600 -224.5500 7 662 112.2300 -225.0200
2.7463536804e+000 -3.4260275398e+000 -1.0201840668e+001
59 54 71
2 6 650 177.7900 -222.0100 7 657 157.1700 -227.3700
3.0424460765e+000 -3.0729796809e+000 -9.3031265469e+000
56 47 62
2 6 658 215.9600 -218.4100 7 656 195.2900 -228.3200
2.4539970001e+000 -3.5851808146e+000 -1.1101004370e+001
99 95 118
2 6 662 146.0200 -213.4700 7 677 125.7000 -215.8900
2.3882565290e+000 -3.6134884706e+000 -1.1289082662e+001
56 46 58
2 6 666 139.7500 -211.5600 7 680 119.4700 -213.4300
2.8860337570e+000 -3.0521558286e+000 -9.7428145343e+000
117 110 126
2 6 674 195.6500 -207.1000 7 676 175.8600 -215.8000
2.4304209590e+000 -3.3803594773e+000 -1.1027460808e+001
53 46 61
2 6 679 145.5500 -202.6500 7 686 126.1400 -206.0100
2.5901284430e+000 -3.2442380074e+000 -1.0653311936e+001
68 59 74
2 6 680 160.5500 -201.3400 7 684 141.1900 -206.3400
2.2186826825e+000 -3.5187945872e+000 -1.1708174214e+001
88 81 97
2 6 685 125.2000 -198.6200 7 692 105.5400 -199.8900
1.6794876764e+000 -3.9760628005e+000 -1.3254861672e+001
36 26 32
2 6 688 83.7200 -198.2300 7 699 63.1600 -194.6600
2.5737253367e+000 -3.1625195153e+000 -1.0693720330e+001
100 93 109
2 6 691 158.9600 -195.5000 7 691 139.8800 -200.8200
2.0378705673e+000 -3.6065407684e+000 -1.2245061554e+001
52 47 68
2 6 692 109.9400 -194.6600 7 697 90.2400 -194.3500
2.0378705673e+000 -3.6065407684e+000 -1.2245061554e+001
52 47 68
2 6 693 109.9400 -194.6600 7 698 90.2400 -194.3500
2.7329199731e+000 -2.8987488990e+000 -1.0198378073e+001
47 34 47
2 6 698 177.0200 -187.8800 7 695 158.4000 -195.9900
2.1627255110e+000 -3.3835494967e+000 -1.1943136022e+001
90 78 86
2 6 699 119.6200 -187.2500 7 708 100.4400 -188.4700
1.8990970820e+000 -3.5817556259e+000 -1.2682556551e+001
44 36 49
2 6 701 99.0300 -186.5400 7 713 79.2300 -185.6000
2.5190451661e+000 -2.9877118406e+000 -1.0788808481e+001
57 46 60
2 6 704 154.2200 -183.0600 7 705 135.9200 -188.8700
2.0448090967e+000 -3.2579801628e+000 -1.2219603622e+001
57 49 60
2 6 712 110.5400 -176.2200 7 722 91.8900 -177.1800
2.0433976638e+000 -3.1736460814e+000 -1.2175285230e+001
89 85 99
2 6 718 110.8700 -172.2800 7 726 92.5100 -173.6200
2.0433976638e+000 -3.1736460814e+000 -1.2175285230e+001
89 85 99
2 6 719 110.8700 -172.2800 7 727 92.5100 -173.6200
2.5781659117e+000 -2.6272857951e+000 -1.0674476102e+001
106 99 115
2 6 732 159.5500 -162.6900 7 732 142.3300 -170.5200
2.5781659117e+000 -2.6272857951e+000 -1.0674476102e+001
106 99 115
2 6 733 159.5500 -162.6900 7 733 142.3300 -170.5200
2.4900796795e+000 -2.6556716792e+000 -1.0895126269e+001
64 53 67
2 6 735 150.9200 -161.1700 7 737 133.9100 -168.0200
2.4900796795e+000 -2.6556716792e+000 -1.0895126269e+001
64 53 67
2 6 737 150.9200 -161.1700 7 739 133.9100 -168.0200
1.3159215509e+000 -3.1562975569e+000 -1.4438425443e+001
74 67 78
2 6 744 60.2100 -144.4700 7 756 41.5100 -140.8000
2.2284867404e+000 -2.2939277521e+000 -1.1683637612e+001
68 55 68
2 6 751 126.0600 -129.7200 7 763 110.2000 -135.6300
2.4141667959e+000 -1.1823636124e+000 -6.0878802759e+000
197 196 106
2 6 753 262.0900 -128.3000 7 736 257.7200 -168.3400
2.4184731487e+000 -2.1121940426e+000 -1.1152920136e+001
71 60 79
2 6 758 143.1800 -125.2500 7 768 128.1000 -133.3900
2.2724072633e+000 -2.0965878492e+000 -1.1411175550e+001
91 79 87
2 6 760 131.5700 -121.4300 7 771 116.6000 -128.7600
2.2724072633e+000 -2.0965878492e+000 -1.1411175550e+001
91 79 87
2 6 761 131.5700 -121.4300 7 772 116.6000 -128.7600
2.1017232834e+000 -2.1145728861e+000 -1.1977906291e+001
62 50 55
2 6 768 116.0000 -116.6100 7 782 100.7200 -122.1600
2.5899439157e+000 -5.1477175491e-001 -5.5968535322e+000
233 187 193
2 6 790 305.8500 -60.7300 7 790 304.5100 -114.3500
2.3282177514e+000 -2.5081912659e-001 -6.2313009566e+000
175 144 33
2 6 814 246.9600 -26.5500 7 823 249.6600 -74.0700
2.6197779382e+000 -2.0909408416e-001 -5.4851635862e+000
237 192 205
2 6 816 315.6900 -25.1300 7 815 316.4100 -84.0700
2.2407686262e+000 5.6611623223e-001 -6.3560754772e+000
139 84 16
2 6 860 233.0600 58.9300 7 882 241.6500 6.4900
-8.3110479840e-001 4.6887057296e-001 -4.6047245047e+000
182 160 191
2 6 874 -119.0900 67.4600 7 878 -62.9900 4.5900
-1.0408574749e+000 5.1515083695e-001 -4.5994817390e+000
147 198 228
2 6 884 -149.4800 74.0700 7 891 -90.9200 12.3000
-9.0619063328e-001 6.4881394169e-001 -4.5890756114e+000
235 199 217
2 6 899 -130.4000 93.5100 7 916 -71.9800 29.3300
5.2637884132e-001 8.9959137820e-001 -5.5581818297e+000
202 159 176
2 6 912 62.7600 107.1000 7 935 95.0700 49.4700
-8.0054413784e-001 7.5284850273e-001 -4.5683480044e+000
146 87 107
2 6 915 -115.6900 109.0000 7 927 -57.1300 42.6500
3.7241365793e-001 9.7599370556e-001 -5.5858019952e+000
203 132 150
2 6 921 44.0800 115.4800 7 941 78.2200 58.9300
-9.1159724214e-001 8.3260617879e-001 -4.5915099103e+000
216 161 173
2 6 926 -131.1300 119.8900 7 938 -71.5100 54.2200
5.1863849042e-001 1.1262001391e+000 -5.6356309217e+000
142 34 59
2 6 929 60.7000 131.9600 7 951 94.3200 74.5200
-4.0158662589e+000 3.6494201198e+000 -1.2033980798e+001
144 80 72
2 6 951 -220.4700 200.4400 7 985 -214.1000 205.3800
-5.4362515119e+000 3.6782506660e+000 -1.1860053023e+001
128 72 58
2 6 958 -302.8900 204.9400 7 1001 -297.7800 214.9700
-5.4362515119e+000 3.6782506660e+000 -1.1860053023e+001
128 72 58
2 6 959 -302.8900 204.9400 7 1002 -297.7800 214.9700
-5.5930579108e+000 3.6661253556e+000 -1.1812909693e+001
125 72 64
2 6 960 -312.8700 205.0800 7 639 -307.9200 215.6100
-5.5930579108e+000 3.6661253556e+000 -1.1812909693e+001
125 72 64
2 6 961 -312.8700 205.0800 7 640 -307.9200 215.6100
-3.9299494459e+000 3.8047943921e+000 -1.2116177664e+001
129 57 41
2 6 963 -214.2400 207.6000 7 995 -207.8600 212.4500
-4.0166072365e+000 3.8186853992e+000 -1.2162838153e+001
130 57 30
2 6 964 -218.0200 207.6600 7 996 -212.0800 212.7500
-5.1284689261e+000 3.7614727382e+000 -1.1820876009e+001
130 72 56
2 6 975 -286.7500 210.2100 7 1006 -280.6900 219.2100
-3.8952139380e+000 3.8852290259e+000 -1.2091939161e+001
132 53 30
2 6 980 -212.7200 212.4600 7 1005 -206.1600 217.1000
-4.9991900953e+000 3.8761200825e+000 -1.1873079793e+001
134 72 65
2 6 985 -278.1900 215.7700 7 1023 -272.1000 224.3100
-4.9572636024e+000 3.9667440024e+000 -1.1850207250e+001
135 75 58
2 6 992 -276.4700 221.1600 7 1036 -269.9000 229.7600
-3.5994114503e+000 4.1158354556e+000 -1.2122158630e+001
143 85 86
2 6 994 -196.1600 224.4100 7 1033 -188.7600 228.3900
