# Bundle file v0.3
9 736
0 0 0
0 0 0
0 0 0
0 0 0
0 0 0
6.7484999650e+002 -8.5839404683e-002 -1.4796896002e-002
9.2338621470e-001 -2.7900815228e-001 -2.6365194756e-001
3.8106617001e-001 5.8334125652e-001 7.1728763583e-001
-4.6330039549e-002 -7.6280235277e-001 6.4496984274e-001
-1.5976012337e+000 4.1570188919e+000 -2.3304030064e+000
0 0 0
0 0 0
0 0 0
0 0 0
0 0 0
6.7633694774e+002 -8.4214821482e-002 5.8292211328e-003
9.5007039035e-001 -2.4004042654e-001 -1.9936611297e-001
2.7238159615e-001 3.2627532362e-001 9.0518102017e-001
-1.5223179515e-001 -9.1428934524e-001 3.7536711859e-001
-1.2457609473e+000 5.2461456316e+000 -3.2825204311e+000
6.8327724868e+002 -9.3193850446e-002 -1.1241924512e-002
9.1641839339e-001 -3.6856678643e-001 1.5599952626e-001
1.3880562451e-001 6.5828491980e-001 7.3986077269e-001
-3.7538024303e-001 -6.5636840897e-001 6.5442355156e-001
1.1005948665e+000 4.2513535627e+000 -1.6347069047e+000
6.7299729700e+002 -1.2648502702e-001 -2.6814760508e-002
9.6983196965e-001 8.8916197004e-002 2.2697986818e-001
-8.0400387888e-002 9.9567693257e-001 -4.6510467329e-002
-2.3013415278e-001 2.6858068695e-002 9.7278821738e-001
1.2440464969e+000 -2.6200101430e-001 3.1741191993e-001
6.7180110897e+002 -1.1707706936e-001 -2.7530199335e-002
9.9999966476e-001 -7.0014232699e-004 -4.2460492439e-004
7.0064815725e-004 9.9999904373e-001 1.1923198880e-003
4.2376972473e-004 -1.1926169869e-003 9.9999919904e-001
-3.8716453079e-002 3.2375747018e-002 2.7500930985e-001
6.7227336646e+002 -1.3750012298e-001 3.9158457808e-002
9.9727582354e-001 4.9944560645e-002 5.4281420883e-002
-4.7398224407e-002 9.9775901268e-001 -4.7226697398e-002
-5.6518493560e-002 4.4525200572e-002 9.9740822455e-001
5.4007215437e-001 -6.4327209748e-001 -1.0759178297e-001
6.7027741460e+002 -1.1550245363e-001 -1.3804892854e-002
-9.2469059577e-001 -3.3644328327e-001 -1.7819432998e-001
2.8370287365e-001 -9.2104753167e-001 2.6680353049e-001
-2.5388970357e-001 1.9615647208e-001 9.4713391708e-001
-4.6971016273e-001 2.3565630955e+000 -3.1925910744e-001
1.8904173765e+000 -1.1502990494e+000 -6.8727169907e+000
203 182 70
6 6 325 186.6000 -113.1000 7 505 185.2800 -144.2900 5 350 138.2300 -120.9300 4 462 241.3200 -146.6200 1 590 253.7400 -80.8900 3 577 286.1900 -108.8200
2.1612350368e+000 -8.8850486715e-001 -6.3147090203e+000
221 195 83
5 6 501 232.6100 -94.2900 7 513 231.0500 -133.6600 5 517 191.1200 -107.2700 8 744 -98.2100 198.0700 4 493 271.5100 -79.0300
2.1612350368e+000 -8.8850486715e-001 -6.3147090203e+000
221 195 83
5 6 500 232.6100 -94.2900 7 512 231.0500 -133.6600 5 516 191.1200 -107.2700 8 745 -98.2100 198.0700 4 494 271.5100 -79.0300
2.1819077394e+000 -8.7947188678e-001 -6.2782404399e+000
177 153 51
6 6 778 235.9600 -93.7600 7 766 234.5900 -133.5800 5 514 194.9400 -107.2800 8 1065 -101.3500 199.5400 4 795 274.3800 -75.1800 1 895 265.5500 -3.0500
2.1788358353e+000 -7.7597878562e-001 -6.2828175630e+000
214 189 76
6 6 508 235.6200 -82.6500 7 523 234.7100 -123.2200 5 356 195.4300 -96.4200 8 734 -104.6000 190.6000 4 497 267.0000 -67.4200 1 637 258.8000 3.8000
2.1957380305e+000 -7.0512402777e-001 -6.2731741002e+000
215 190 73
6 6 328 237.6100 -74.5900 7 359 237.4300 -116.4400 5 360 198.5000 -89.2900 8 529 -109.1800 186.1600 4 501 264.2500 -60.3800 1 641 255.7300 9.0100
2.1699369634e+000 -8.1659084591e-001 -6.2957384953e+000
215 191 85
6 6 781 234.1700 -86.8000 7 775 233.2700 -126.8800 5 745 193.5500 -100.3000 8 1052 -101.9900 193.4200 4 796 268.2000 -71.7800 1 897 260.4200 -0.5800
2.4896362249e+000 -5.0028746570e-001 -5.4736573398e+000
226 182 185
5 6 163 308.2400 -59.3400 7 183 306.7600 -113.6100 5 173 277.9200 -82.6000 8 262 -171.1900 217.4600 4 178 311.6100 24.9600
2.1406835635e+000 -9.8152689613e-001 -6.3516018729e+000
212 189 70
5 6 326 228.6500 -104.2400 7 355 227.0900 -141.5600 5 351 186.2800 -115.9600 8 541 -92.3400 203.0300 4 328 274.5600 -89.7900
1.8896443123e+000 -1.1077554058e+000 -6.8651389652e+000
41 28 0
4 6 771 186.9200 -109.1800 7 757 185.5800 -140.7200 5 720 138.6900 -116.9200 4 762 238.5000 -142.4200
1.8896443123e+000 -1.1077554058e+000 -6.8651389652e+000
41 28 0
4 6 772 186.9200 -109.1800 7 758 185.5800 -140.7200 5 721 138.6900 -116.9200 4 763 238.5000 -142.4200
2.4995822441e+000 -3.8718108524e-001 -5.4640208635e+000
234 192 195
4 6 528 309.9400 -45.2700 7 533 309.3700 -101.2900 5 541 281.1000 -69.8300 4 853 304.5800 34.1700
2.4907695237e+000 -4.3622810804e-001 -5.4792242745e+000
239 180 181
4 6 793 308.0600 -51.3800 7 794 307.1300 -106.4500 5 762 278.5400 -75.1900 4 1298 306.6100 29.2100
2.0890418773e+000 -6.4888482919e-001 -6.4541181303e+000
218 186 68
3 6 46 220.4100 -65.7700 7 51 220.6100 -106.8200 5 27 179.9500 -81.0800
-8.6488961609e-001 4.7438787133e-001 -4.6818858961e+000
21 27 43
3 6 54 -136.5500 75.8500 7 57 -78.7900 13.0600 5 33 -102.4000 82.8100
-8.6337556366e-001 4.7487713286e-001 -4.6821863544e+000
21 27 43
4 6 55 -136.5500 75.8500 7 58 -78.7900 13.0600 5 34 -102.4000 82.8100 8 76 149.5900 63.6800
-8.6488961609e-001 4.7438787133e-001 -4.6818858961e+000
21 27 43
3 6 56 -136.5500 75.8500 7 59 -78.7900 13.0600 5 35 -102.4000 82.8100
-8.3138112110e-001 -2.5987435058e-001 -5.1562491335e+000
23 24 28
3 6 66 -118.7900 -32.0500 7 75 -74.9800 -79.7100 5 49 -112.1700 -31.7400
8.7187177783e-001 2.7309048972e-002 -5.7599197524e+000
210 178 197
3 6 49 101.7700 6.5300 7 54 124.9700 -43.6100 5 51 95.8400 -4.6000
7.1634787957e-002 3.1869148850e-001 -5.6221410499e+000
152 22 32
4 6 53 4.8600 43.2200 7 83 38.3700 -7.9800 5 54 8.7600 41.3300 8 96 43.9400 69.6800
-9.0814772091e-001 5.8507063974e-001 -4.7044713181e+000
192 205 242
4 6 78 -142.5900 91.8000 7 88 -83.9200 29.0700 5 57 -107.5000 101.5400 8 89 152.4500 45.4800
1.0457433884e+000 -4.0782386099e-002 -5.6111068716e+000
180 117 131
3 6 90 126.8000 -0.7900 7 102 147.4500 -54.0300 5 76 122.0400 -16.8300
1.3233394614e+000 1.7331125190e-001 -5.6585893078e+000
188 119 130
3 6 70 159.9400 25.2800 7 80 178.0800 -30.7200 5 77 153.2900 8.0100
1.0045275736e+000 5.3003464929e-001 -5.6107108680e+000
213 193 208
3 6 74 121.3300 70.0900 7 84 147.0700 11.8600 5 82 123.8300 55.4500
1.0045275736e+000 5.3003464929e-001 -5.6107108680e+000
213 193 208
3 6 75 121.3300 70.0900 7 85 147.0700 11.8600 5 83 123.8300 55.4500
3.7721898731e-001 4.5377340914e-001 -5.4990576887e+000
72 2 3
3 6 96 43.5500 61.2900 7 111 77.0400 6.2200 5 84 52.9100 54.8800
-8.4842104190e-001 3.5020075569e-001 -4.7362545634e+000
187 201 240
3 6 73 -132.4300 56.4800 7 110 -77.1000 -4.1500 5 85 -102.0400 61.3800
8.3221156078e-001 5.2314584157e-001 -5.6144091562e+000
95 0 2
3 6 132 99.6900 69.1700 7 147 127.5700 12.0000 5 108 103.5100 56.9400
4.7113867434e-001 9.5175574319e-001 -5.6565182162e+000
163 18 29
3 6 104 53.8900 121.5400 7 113 87.7400 64.4300 5 113 63.7400 115.6700
2.3099676672e+000 -1.1435010306e+000 -5.9671505495e+000
202 197 106
3 6 117 262.0000 -128.6800 7 128 257.7300 -168.6300 5 120 220.9400 -142.5500
9.9821939440e-001 1.8661161212e-002 -5.6872648792e+000
72 5 8
3 6 178 118.7500 4.5900 7 198 140.4500 -45.7800 5 140 114.0100 -6.6900
2.2264664626e-002 4.1042497403e-001 -5.6052456630e+000
225 56 94
3 6 128 -1.7000 54.5100 7 202 32.7700 3.3400 5 150 4.0200 53.7400
2.2264664626e-002 4.1042497403e-001 -5.6052456630e+000
225 56 94
3 6 129 -1.7000 54.5100 7 203 32.7700 3.3400 5 151 4.0200 53.7400
-5.5784802949e-001 4.0163895535e-001 -4.7556567177e+000
108 54 70
3 6 190 -88.7600 64.1400 7 145 -35.6600 0.9700 5 153 -54.9500 65.0900
1.7505208318e-001 6.0973945512e-001 -5.5143793820e+000
217 202 221
3 6 134 17.6700 81.4400 7 149 53.6900 25.9700 5 156 28.5500 77.8500
-9.1351674070e-001 4.7048865350e-001 -4.6624866370e+000
18 20 30
3 6 133 -144.3300 74.7400 7 206 -86.2600 12.5400 5 157 -110.1000 84.1500
4.1526439056e-001 1.0399419019e+000 -5.6607077210e+000
171 150 172
4 6 139 46.7000 132.2400 7 157 81.7400 75.0300 5 163 57.8600 127.6000 8 149 -23.5700 0.6800
2.4944550657e+000 -5.0053786114e-001 -5.4812264033e+000
226 182 185
3 6 164 308.2400 -59.3400 7 184 306.7600 -113.6100 5 174 277.9200 -82.6000
9.0715400768e-001 -9.8609663758e-002 -5.6970687576e+000
51 9 18
3 6 242 107.6200 -8.8500 7 256 129.1300 -58.8000 5 198 101.5000 -20.9700
8.2525171129e-001 1.0063942400e-001 -5.8033318488e+000
139 29 46
3 6 248 95.5400 14.7800 7 263 118.5500 -34.3900 5 206 89.8800 5.3600
-4.7403846754e-001 2.7154244510e-001 -4.7040182727e+000
157 99 113
4 6 186 -77.4700 45.5000 7 269 -24.4800 -18.2400 5 208 -42.0100 42.7400 8 335 103.7300 103.6900
1.0504896845e+000 6.1921547988e-001 -5.6286110202e+000
44 9 7
4 6 194 125.6800 80.3800 7 148 152.5500 21.9900 5 214 129.4700 65.8900 8 161 -75.0800 66.8900
1.3595619559e-001 5.3835404360e-001 -5.5006850754e+000
82 11 26
3 6 193 12.9700 72.6000 7 283 48.4200 17.4500 5 217 23.2900 69.1500
-5.7277232691e-001 4.4396232785e-001 -4.7462639277e+000
235 181 195
3 6 192 -91.0500 70.9400 7 277 -37.4700 6.7600 5 218 -56.6200 72.0500
-9.5223174591e-001 4.2445800244e-001 -4.7081040843e+000
183 230 255
4 6 258 -149.1900 67.5700 7 278 -91.4000 6.6400 5 222 -117.6500 75.7400 8 322 164.9400 65.3500
-8.8560321137e-001 5.4022270132e-001 -4.5767565986e+000
179 225 255
3 6 264 -142.4100 86.7700 7 290 -84.4100 23.2000 5 224 -102.1800 95.9100
-9.0893336181e-001 6.0182923950e-001 -4.6847252939e+000
243 231 243
3 6 266 -142.9300 95.1500 7 293 -84.1800 31.5200 5 225 -107.9100 104.4700
-8.1594403585e-001 7.0479887658e-001 -4.6367501530e+000
225 165 177
4 6 273 -130.7700 111.6500 7 296 -70.8500 45.9700 5 226 -90.6000 120.5900 8 312 132.3200 36.5600
9.5806410177e-001 -4.9747370273e-002 -5.7136394547e+000
66 13 22
3 6 358 113.6800 -2.4400 7 381 134.6200 -53.5200 5 273 106.9800 -15.3900
1.2355181911e+000 6.2042174267e-002 -5.6079689754e+000
95 35 39
3 6 247 150.5600 11.3200 7 261 169.3300 -43.5800 5 275 145.0500 -4.7300
1.1145378711e+000 6.9466658934e-002 -5.6621407097e+000
172 101 113
3 6 361 133.9200 11.7800 7 262 154.3900 -41.2100 5 276 128.7700 -2.2400
6.6037846646e-001 1.6613188864e-001 -5.7556517653e+000
115 4 13
3 6 253 76.3100 23.5200 7 268 101.9800 -26.8800 5 283 73.4000 14.4700
9.1082070788e-001 5.6545178065e-001 -5.5998284358e+000
104 11 16
4 6 260 110.2900 74.3800 7 281 137.0500 16.5800 5 296 114.2400 61.6900 8 217 -57.9000 69.9400
-7.2249245010e-002 5.7119131836e-001 -5.5117808010e+000
108 9 22
3 6 263 -13.8400 76.4200 7 287 23.5600 22.9300 5 297 -3.4300 76.3000
-8.7547933940e-001 4.4243757960e-001 -4.6967865313e+000
255 254 254
4 6 259 -137.4700 70.8400 7 279 -80.3100 8.8500 5 298 -104.9900 77.5000 8 323 153.5300 66.9600
5.5628322639e-001 9.1204738224e-001 -5.6635552783e+000
153 14 28
4 6 403 64.1100 116.7400 7 429 96.8800 59.5500 5 304 73.7400 108.4200 8 449 -33.4000 19.1300
-9.1600018919e-001 7.1508701365e-001 -4.6518214309e+000
227 167 179
3 6 401 -144.7900 112.9700 7 421 -85.0800 47.8700 5 312 -106.8300 124.0400
-1.0231338449e+000 7.1434546616e-001 -4.6637269571e+000
133 74 96
3 6 602 -160.5600 112.1700 7 422 -100.0800 48.4600 5 313 -125.0400 125.9000
4.4665320999e-001 1.0855014420e+000 -5.6534530477e+000
166 22 33
4 6 277 50.8700 137.9600 7 302 85.7600 80.2600 5 314 62.4300 133.1100 8 298 -28.8500 -2.9700
1.5764585689e+000 1.2266837070e+000 -5.3877509030e+000
69 31 28
3 6 199 198.3500 161.6800 7 218 225.5000 90.9100 5 315 208.4500 136.3100
1.5764585689e+000 1.2266837070e+000 -5.3877509030e+000
69 31 28
3 6 200 198.3500 161.6800 7 219 225.5000 90.9100 5 316 208.4500 136.3100
1.7965962924e+000 -3.4082306693e+000 -1.2765924451e+001
97 90 106
4 6 465 93.8900 -180.3500 7 490 74.5800 -179.1000 5 339 -11.2100 -169.6600 8 683 63.6800 127.9600
-1.2122644369e+000 -2.8026816457e+000 -1.3003904869e+001
72 44 55
3 6 743 -64.8700 -144.9100 7 759 -77.0200 -140.7000 5 347 -171.7400 -129.6700
2.1697674320e+000 -8.5766354817e-001 -6.3151621456e+000
214 191 78
3 6 503 233.2600 -91.1100 7 515 232.1800 -130.3400 5 354 192.3100 -104.1700
-8.3321850204e-001 -1.9924524258e-001 -5.1347420964e+000
251 253 255
3 6 342 -119.6400 -23.7800 7 373 -74.8000 -72.5900 5 386 -111.6600 -22.9300
9.1868791724e-001 -6.1018689027e-002 -5.7526238630e+000
173 134 153
3 6 355 108.0300 -4.3700 7 380 129.1000 -54.1500 5 389 100.6800 -15.4400
2.1110249549e+000 5.6377457150e-001 -6.3747598462e+000
110 64 25
3 6 378 225.1000 63.6400 7 403 234.3100 12.2600 5 407 198.4400 44.8200
-8.5581462599e-001 3.7788024732e-001 -4.6983440675e+000
165 217 254
3 6 377 -134.6600 61.0800 7 577 -78.2700 -0.4800 5 418 -102.3700 66.3900
-9.7980831895e-001 3.9726494134e-001 -4.7139537290e+000
168 156 197
3 6 578 -152.6700 63.5200 7 580 -95.2000 2.8500 5 426 -123.0400 71.9300
-6.1639966136e-001 5.7454298863e-001 -4.6728745705e+000
170 104 126
4 6 390 -99.1500 91.5100 7 410 -42.6700 25.7000 5 431 -59.9500 94.9700 8 484 110.4900 60.6000
-8.6576616686e-001 6.8723096411e-001 -4.6437332631e+000
178 107 123
4 6 601 -137.4800 108.8600 7 594 -77.8900 43.7100 5 440 -98.7500 118.7400 8 632 141.8800 36.5900
-9.0836098652e-001 6.8391363155e-001 -4.6421120557e+000
174 107 127
4 6 398 -144.2200 108.2800 7 595 -84.0300 43.5200 5 441 -106.1400 118.9800 8 466 147.8700 35.3400
-9.0910388222e-001 6.8423932365e-001 -4.6454206664e+000
174 107 127
3 6 399 -144.2200 108.2800 7 596 -84.0300 43.5200 5 442 -106.1400 118.9800
1.6943412598e+000 1.3503820026e+000 -5.5324818440e+000
69 30 30
3 6 286 207.3700 172.1500 7 309 232.5100 102.9500 5 458 213.2100 146.8100
9.8526812221e-001 1.5530633563e+000 -5.8083450983e+000
140 24 34
3 6 414 113.4100 189.1300 7 618 145.2800 127.9800 5 463 122.5300 177.5000
2.5520995371e+000 -2.9189239122e+000 -1.0403727113e+001
103 99 121
3 6 460 164.3500 -188.9000 7 696 145.7100 -195.7400 5 485 69.7500 -183.3900
2.3069477599e+000 -3.0269437015e+000 -1.1197137532e+001
108 101 117
3 6 463 137.9600 -182.4300 7 712 119.4800 -186.1600 5 491 39.9900 -175.1500
2.4203602092e+000 -2.5698836342e+000 -1.0764688177e+001
64 53 67
3 6 736 150.9200 -161.1700 7 738 133.9100 -168.0200 5 502 56.9700 -155.7600
2.3381712110e+000 -2.3667249085e+000 -1.1111566711e+001
74 53 61
3 6 483 141.6100 -144.0100 7 752 124.6900 -150.7000 5 506 47.1300 -137.8600
2.2905990886e+000 -2.3727725140e+000 -1.1170138394e+001
124 120 134
3 6 484 137.8000 -143.6700 7 498 121.4600 -149.9500 5 507 43.2600 -137.3900
2.2905990886e+000 -2.3727725140e+000 -1.1170138394e+001
124 120 134
3 6 485 137.8000 -143.6700 7 497 121.4600 -149.9500 5 508 43.2600 -137.3900
2.4738354857e+000 -6.0257982797e-001 -5.5372368382e+000
240 184 195
3 6 513 302.5900 -71.4800 7 779 300.5400 -123.5000 5 526 270.7100 -93.1500
2.4905076198e+000 -5.6830874063e-001 -5.4756649594e+000
242 193 212
3 6 514 307.9500 -67.8900 7 525 306.0200 -121.2200 5 527 277.0600 -90.6100
2.1404248897e+000 -6.9802546220e-001 -6.3836876042e+000
164 169 117
3 6 512 227.9100 -72.6900 7 527 228.0200 -113.2400 5 530 187.7600 -86.5100
2.4988088786e+000 -4.8630653244e-001 -5.4536260800e+000
234 173 188
3 6 518 310.2900 -57.8900 7 791 308.8600 -112.5000 5 532 280.5600 -81.6000
2.1871110399e+000 -6.0886247661e-001 -6.2679215068e+000
177 147 41
4 6 787 237.2300 -64.2700 7 795 237.6900 -106.8000 5 533 199.0300 -79.4500 8 1022 -111.8600 178.3500
9.6491830691e-001 -1.1526382019e-002 -5.7137317865e+000
171 124 141
3 6 832 114.4000 1.7300 7 838 135.7200 -49.2300 5 572 108.2900 -10.2500
-5.0122120500e-001 -5.8433541687e-002 -4.8515638265e+000
226 178 187
3 6 354 -79.0200 -4.8900 7 833 -30.5300 -61.1300 5 573 -54.7100 -8.4200
-4.9258890681e-001 -1.5488749501e-002 -4.8180477352e+000
219 171 182
3 6 551 -78.1400 1.6000 7 837 -29.0700 -56.4700 5 577 -52.1400 -1.8000
-4.5276490589e-001 6.1067161978e-002 -4.7672060093e+000
157 101 112
3 6 558 -73.0800 13.0400 7 845 -23.2100 -46.7400 5 584 -43.3900 9.1800
-4.5276490589e-001 6.1067161978e-002 -4.7672060093e+000
157 101 112
3 6 557 -73.0800 13.0400 7 844 -23.2100 -46.7400 5 585 -43.3900 9.1800
-8.9132964158e-001 5.5666063079e-002 -4.7334610688e+000
215 151 168
4 6 556 -139.1800 12.3200 7 848 -84.6100 -45.1800 5 586 -113.5800 13.9200 8 927 170.8900 114.6500
-4.5958095593e-001 2.1750854872e-001 -4.7172880650e+000
157 99 112
4 6 565 -74.9200 36.9300 7 861 -22.9900 -25.6000 5 589 -40.9100 34.0200 8 670 104.0600 110.4400
-8.8178937792e-001 2.0432160690e-001 -4.7657497732e+000
245 182 191
3 6 563 -136.7600 34.3900 7 568 -81.9300 -24.0700 5 592 -110.1400 38.0400
1.2321859757e-001 5.6606428452e-001 -5.4787584842e+000
233 218 230
4 6 586 11.2700 76.3000 7 901 47.6200 21.0200 5 610 22.7400 73.2000 8 883 25.0400 50.4200
1.5123387061e-001 5.8505200588e-001 -5.4786637655e+000
229 219 231
4 6 587 14.9100 78.6900 7 904 51.1600 23.0200 5 611 26.8000 75.4800 8 639 21.3600 49.1200
-8.6136616227e-001 6.0084703326e-001 -4.6800672548e+000
241 217 230
3 6 595 -136.0800 95.0200 7 918 -77.2300 31.0600 5 621 -100.0200 103.6400
3.8914953554e-001 8.9986328305e-001 -5.6423653171e+000
203 132 150
4 6 922 44.0800 115.4800 7 942 78.2200 58.9300 5 626 53.8200 110.7300 8 846 -14.9900 15.9800
-9.4555056384e-001 6.9895284647e-001 -4.6454407866e+000
232 172 179
3 6 917 -149.8700 110.2100 7 932 -88.9900 46.0800 5 631 -112.0200 122.1800
4.4647551474e-001 1.0107756333e+000 -5.6535371129e+000
152 22 54
4 6 606 50.7300 128.8600 7 609 85.2000 71.4200 5 633 61.6100 123.5400 8 609 -25.9800 5.1900
2.7545034104e+000 -3.3054307238e+000 -9.9059181180e+000
111 103 121
4 6 644 185.4800 -223.5100 7 655 164.8300 -229.7600 5 651 90.3100 -218.4400 8 1098 -8.3900 212.2300
2.4511252224e+000 -3.6190643875e+000 -1.0814695255e+001
100 95 114
3 6 641 151.1400 -224.7200 7 660 130.3500 -227.0800 5 653 51.5500 -217.1600
2.5458604846e+000 -3.4643880676e+000 -1.0575651017e+001
115 112 130
4 6 655 160.5600 -219.9600 7 664 140.0300 -223.6500 5 655 62.5700 -213.2400 8 1057 12.7200 196.1100
2.5625176087e+000 -3.1283589883e+000 -1.0480773924e+001
117 106 126
3 6 681 163.5200 -200.7800 7 683 144.1500 -206.2500 5 670 67.5100 -194.8800
2.4521890144e+000 -2.6980826189e+000 -1.0836147101e+001
73 58 66
3 6 723 151.8100 -167.8100 7 724 134.2000 -174.2300 5 688 56.6400 -162.4800
2.1199473381e+000 -2.2120042152e+000 -1.1592918844e+001
107 92 111
3 6 752 122.9300 -128.8600 7 764 107.3300 -134.7700 5 717 27.4000 -122.1100
1.9292113715e+000 -2.3766618238e+000 -1.2276816551e+001
97 86 99
3 6 750 105.4300 -131.0500 7 765 89.0800 -134.0300 5 718 6.5000 -122.2000
2.0820245574e+000 -2.0051258000e+000 -1.1763453560e+001
107 91 101
3 6 769 119.0600 -115.3200 7 783 103.8600 -121.0600 5 736 23.9300 -108.0600
2.4979276790e+000 -7.0167992311e-001 -5.4669516979e+000
247 142 75
3 6 782 309.1400 -84.5800 7 760 305.9400 -136.5400 5 739 276.5400 -106.0900
2.1739761796e+000 -8.1833321484e-001 -6.3056758906e+000
215 191 85
3 6 780 234.1700 -86.8000 7 774 233.2700 -126.8800 5 744 193.5500 -100.3000
2.4997044013e+000 -5.2668162332e-001 -5.4606417795e+000
249 179 194
3 6 788 309.8500 -62.9000 7 789 308.3300 -116.9100 5 754 279.5600 -86.1000
2.5168655050e+000 -3.4354728528e-001 -5.3976590249e+000
215 78 123
3 6 800 315.6700 -40.2000 7 799 315.6400 -97.9600 5 770 288.0200 -65.8200
9.0815447816e-001 2.0157524816e-003 -5.7164368697e+000
223 194 208
3 6 833 107.3500 3.3500 7 843 129.3900 -47.1700 5 837 101.9300 -8.2200
9.1022466751e-002 5.5153224417e-001 -5.4787115820e+000
239 225 235
3 6 885 6.9600 74.4000 7 898 43.7400 19.5200 5 875 18.4300 71.6300
-9.0479090119e-002 5.4175845543e-001 -5.4796457458e+000
209 176 193
3 6 880 -16.4700 73.1100 7 899 21.9200 19.3900 5 881 -5.3800 72.9100
1.5574900786e+000 1.0126513242e+000 -5.3012474325e+000
159 96 109
3 6 608 199.9700 136.6000 7 946 225.4100 66.1700 5 905 210.1700 111.0600
5.6693410675e-001 9.4899956397e-001 -5.6642438453e+000
212 136 155
4 6 928 65.7700 120.9200 7 944 98.6100 63.3400 5 906 74.6500 113.9500 8 848 -36.1400 15.7800
9.7925020438e-001 -3.0414412646e-001 -5.5584984582e+000
215 148 157
2 6 18 118.9300 -35.6200 7 22 140.4300 -84.7100
-1.1400731175e-002 4.8590248160e-001 -5.5655203843e+000
243 238 244
2 6 26 -5.9000 65.0700 7 28 29.6900 12.3300
-2.4945732302e-001 5.4922878915e-001 -5.3060425295e+000
34 19 22
2 6 27 -37.8100 76.9500 7 41 3.4700 20.6400
1.9659596331e+000 7.8575263032e-001 -6.3475418958e+000
192 132 142
2 6 28 209.9400 88.2100 7 29 223.5500 35.6000
-6.0152352568e-002 2.7205259667e-001 -5.6535229579e+000
235 234 242
2 6 51 -12.2400 37.0000 7 82 22.1000 -11.8000
1.8274620746e-002 1.4497509576e+000 -5.9704608354e+000
161 15 26
2 6 62 -1.6200 173.0500 7 65 33.5400 120.4400
-1.2737698808e+000 -2.9416469941e+000 -1.2903641587e+001
58 58 69
2 6 64 -68.4500 -153.9600 7 71 -81.1300 -149.2000
-4.1417896021e-002 1.6150371439e-001 -5.8127197209e+000
198 32 51
2 6 69 -9.6600 22.4600 7 141 22.0600 -23.2300
1.4088510439e+000 2.9289845595e-001 -5.7896601968e+000
67 9 9
2 6 72 166.1700 38.8200 7 81 183.7100 -16.3600
-2.9968729545e+000 3.2236941985e+000 -1.2289462954e+001
23 21 26
2 6 81 -167.3800 177.4400 7 123 -161.1700 181.1500
3.6439908365e-001 -3.4733443637e+000 -1.3565116745e+001
9 9 9
2 6 86 17.1200 -172.9700 7 97 -0.7100 -168.5900
7.7488578876e-001 5.0237571089e-002 -5.7999595958e+000
238 230 239
2 6 91 89.6100 9.2400 7 104 112.8700 -40.1400
-1.2731986194e-001 2.0041434537e-001 -5.7164889832e+000
230 212 229
2 6 93 -20.9200 27.2100 7 143 13.8800 -18.7400
2.3105387572e+000 -1.1438787373e+000 -5.9685191920e+000
202 197 106
2 6 116 262.0000 -128.6800 7 127 257.7300 -168.6300
1.1702724635e+000 9.1435770584e-002 -5.6538270132e+000
189 123 137
2 6 124 141.0400 14.7800 7 138 161.0400 -39.2100
2.8968633101e-001 4.7599422221e-001 -5.5088301728e+000
230 208 219
2 6 131 32.6600 64.5500 7 205 66.1500 9.1600
-3.3377707685e-002 7.2461529071e-001 -5.5695616624e+000
91 1 7
3 6 137 -8.9500 94.8200 7 215 28.7100 41.2500 8 152 38.0500 23.8700
1.5517181099e+000 1.3730038601e+000 -5.4920743222e+000
169 119 130
2 6 144 191.3200 176.8500 7 161 218.5200 107.3100
8.5991258765e-001 -4.9970525438e+000 -1.5042079871e+001
42 42 51
2 6 149 37.3100 -223.5300 7 174 14.2700 -213.7600
2.4112466574e+000 -3.6520185282e+000 -1.1003909657e+001
37 33 48
3 6 151 146.0100 -222.8700 7 170 125.2200 -224.9000 8 249 26.7100 190.6300
2.4112466574e+000 -3.6520185282e+000 -1.1003909657e+001
37 33 48
3 6 152 146.0100 -222.8700 7 171 125.2200 -224.9000 8 248 26.7100 190.6300
2.9986835747e+000 -2.9184019405e+000 -9.1985082791e+000
60 49 63
2 6 153 217.4100 -212.3200 7 172 197.1100 -222.7500
2.6734522295e+000 -2.7435934133e+000 -1.0047305697e+001
64 55 67
2 6 155 178.5100 -183.5600 7 176 159.8000 -192.4800
2.4141371914e+000 -2.0410087524e+000 -8.3157599104e+000
188 174 148
2 6 156 195.3200 -165.5100 7 177 182.7600 -183.2800
5.0435975296e-001 -3.2646199594e+000 -1.3355978760e+001
104 81 65
2 6 157 24.1400 -165.6100 7 179 7.6100 -161.4800
2.5083951963e+000 -3.7947246802e-001 -5.4337471158e+000
224 181 194
2 6 166 312.7800 -44.4600 7 185 311.9800 -101.1900
2.5083951963e+000 -3.7947246802e-001 -5.4337471158e+000
224 181 194
2 6 167 312.7800 -44.4600 7 186 311.9800 -101.1900
2.2120409422e+000 -3.3242666112e-001 -6.2687710337e+000
220 184 47
2 6 169 239.9500 -33.7900 7 252 242.3100 -79.4200
6.0749885864e-001 1.6438239498e+000 -5.9460224491e+000
67 1 0
3 6 205 66.8200 195.4300 7 225 100.5600 138.7800 8 188 -60.6000 -66.0700
2.6852354436e+000 -3.1998451549e+000 -1.0104738996e+001
53 42 52
3 6 212 177.5100 -212.5000 7 230 157.5000 -218.7600 8 540 -4.3800 199.5300
2.6780382595e+000 -3.1904176466e+000 -1.0077955430e+001
53 42 52
2 6 213 177.5100 -212.5000 7 231 157.5000 -218.7600
2.3032382324e+000 -1.9386770043e+000 -8.6042896128e+000
178 171 140
2 6 216 180.2600 -152.1900 7 236 168.6800 -169.1100
1.5504488179e+000 -2.5884898178e+000 -1.2652458100e+001
110 84 65
2 6 219 81.9200 -138.5500 7 238 65.5400 -139.4900
1.4204347939e+000 -2.5414996537e+000 -1.2678833938e+001
18 29 45
2 6 220 74.8400 -135.7500 7 239 58.7900 -136.6300
2.0811131224e+000 -2.1645723491e+000 -1.1765799991e+001
54 41 43
2 6 223 118.8900 -124.4200 7 243 103.3100 -129.7300
2.4746295783e+000 -6.0727379224e-001 -5.4782720470e+000
225 190 208
3 6 231 305.7000 -72.8100 7 358 303.8600 -125.5800 8 769 -165.6100 226.0300
2.0596393801e+000 3.0919758614e-001 -6.4778783308e+000
147 111 50
2 6 254 216.2500 35.8100 7 391 224.1000 -12.5200
5.0269498503e-001 8.1450304303e-001 -5.6067897584e+000
148 19 29
2 6 267 58.6500 105.6500 7 419 91.3400 48.1500
1.6959637445e+000 1.3499436883e+000 -5.5367771192e+000
69 30 30
2 6 285 207.3700 172.1500 7 308 232.5100 102.9500
2.3473449950e+000 -3.9073011905e+000 -1.1104733298e+001
84 79 97
2 6 295 140.6600 -236.1100 7 458 119.3200 -236.4000
2.5517574516e+000 -3.3144071369e+000 -1.0578160153e+001
98 89 106
3 6 303 160.9700 -210.7500 7 332 141.1600 -214.7600 8 532 9.6000 188.9000
2.8602631774e+000 -2.8629959927e+000 -9.4910299657e+000
56 43 54
2 6 304 201.4100 -202.3600 7 333 182.0100 -212.0700
1.7748700057e+000 -3.7042072299e+000 -1.2746859108e+001
10 10 12
2 6 305 92.7700 -196.0800 7 338 72.6800 -193.7400
1.7870075628e+000 -3.7291911958e+000 -1.2826802356e+001
10 10 12
3 6 306 92.7700 -196.0800 7 339 72.6800 -193.7400 8 514 69.2400 140.2500
2.7170956408e+000 -2.8601821293e+000 -9.9646054071e+000
59 47 61
2 6 308 182.6300 -192.8600 7 334 163.5300 -201.3000
2.7170956408e+000 -2.8601821293e+000 -9.9646054071e+000
59 47 61
2 6 309 182.6300 -192.8600 7 335 163.5300 -201.3000
2.5272575705e+000 -2.9767101061e+000 -1.0567563735e+001
59 52 64
2 6 311 160.2200 -189.6000 7 336 141.2800 -195.6000
2.5272575705e+000 -2.9767101061e+000 -1.0567563735e+001
59 52 64
2 6 312 160.2200 -189.6000 7 337 141.2800 -195.6000
1.6795893452e+000 -2.7786839016e+000 -1.2897019888e+001
47 38 45
2 6 317 87.1800 -145.7400 7 501 69.4800 -146.0400
1.9992040524e+000 -2.3261683843e+000 -1.1947567201e+001
52 42 42
2 6 320 112.2200 -131.8500 7 511 96.4800 -135.7400
1.8950433150e+000 -1.1521352621e+000 -6.8848880948e+000
203 182 70
2 6 324 186.6000 -113.1000 7 504 185.2800 -144.2900
2.4775188908e+000 -6.0967939204e-001 -5.4842311010e+000
227 196 213
2 6 329 305.8200 -73.0300 7 357 303.8600 -125.5800
2.5047109704e+000 -4.3444595293e-001 -5.4296696878e+000
236 188 201
2 6 333 312.3500 -51.5600 7 530 311.4800 -107.3600
2.5106053439e+000 -3.7531208596e-001 -5.4051943162e+000
245 191 207
2 6 336 314.5400 -44.2500 7 532 314.0500 -101.2600
2.1214399356e+000 -2.9177864211e-001 -6.2480579633e+000
114 69 10
2 6 340 231.1500 -29.3800 7 545 234.6600 -75.4600
-5.2241680602e-001 -1.1113732912e-001 -4.8867009604e+000
229 178 190
2 6 351 -81.2200 -12.2900 7 550 -34.1500 -67.5700
-4.2661826492e-001 1.5245085403e-001 -4.7515363725e+000
225 164 172
2 6 366 -69.3800 26.8600 7 562 -19.0000 -34.4600
4.9427540612e-001 1.9554277689e-001 -5.7666697381e+000
125 4 14
2 6 367 56.0400 27.1300 7 387 83.1700 -22.8100
2.0959911208e+000 2.5663357330e-001 -6.4947043545e+000
84 49 7
2 6 369 219.5600 30.1600 7 389 226.4500 -17.8100
-3.6734260915e-001 3.8300423460e-001 -4.7502853478e+000
207 155 168
2 6 376 -60.6800 61.2300 7 576 -8.9600 -2.6000
2.1607434745e+000 5.8768197076e-001 -6.3704611800e+000
176 139 90
2 6 379 230.3400 66.5400 7 404 239.6700 14.3100
3.8336868891e-001 5.2048352833e-001 -5.5511702278e+000
156 27 44
2 6 380 43.9100 69.3300 7 583 77.1100 14.4000
-5.8957338673e-001 5.2605525919e-001 -4.6898043491e+000
189 126 143
2 6 382 -94.9600 83.6700 7 406 -39.2200 18.6400
-5.8957338673e-001 5.2605525919e-001 -4.6898043491e+000
189 126 143
2 6 383 -94.9600 83.6700 7 407 -39.2200 18.6400
3.0824140547e-001 6.4819755488e-001 -5.4237014714e+000
219 197 209
2 6 385 35.3700 87.8100 7 587 71.3000 29.8200
4.5352325697e-001 6.6568215817e-001 -5.4810199088e+000
246 224 228
2 6 387 53.3700 88.8100 7 413 87.9100 31.2900
4.5352325697e-001 6.6568215817e-001 -5.4810199088e+000
246 224 228
2 6 388 53.3700 88.8100 7 414 87.9100 31.2900
-6.1542638560e-001 5.7521002890e-001 -4.6717671477e+000
170 104 126
2 6 391 -99.1500 91.5100 7 411 -42.6700 25.7000
5.3453154257e-001 7.8215645363e-001 -5.6438396241e+000
205 172 197
2 6 393 62.3200 100.9800 7 597 93.8800 43.9900
-6.9936236647e-001 6.3520938747e-001 -4.6487784438e+000
233 178 193
2 6 394 -112.4100 100.9800 7 415 -54.2800 34.9100
-7.3926345899e-001 6.6822417150e-001 -4.6496950115e+000
226 172 182
2 6 396 -118.4000 105.9200 7 417 -59.7800 39.9300
-1.0008534535e+000 6.8753702777e-001 -4.6555491383e+000
229 167 180
2 6 400 -157.5600 108.3600 7 418 -97.1900 44.5100
1.2167763020e+000 1.0612234667e+000 -5.2799650111e+000
184 132 143
2 6 407 156.3300 144.2200 7 433 187.0800 74.7500
2.8204087366e+000 -3.1317173603e+000 -9.6937929873e+000
52 45 57
3 6 435 194.2100 -216.4800 7 468 173.7300 -224.2500 8 1096 -18.2000 211.2400
2.5177178921e+000 -3.4219584830e+000 -1.0676225421e+001
101 97 119
3 6 439 157.3800 -215.3900 7 473 137.1500 -218.9000 8 737 14.4300 190.7400
2.4536709898e+000 -3.4110622912e+000 -1.0783538065e+001
105 97 118
3 6 440 151.9800 -212.6800 7 477 131.9100 -215.9000 8 729 18.6400 186.3200
2.2068212944e+000 -3.5751581735e+000 -1.1478805513e+001
53 51 65
2 6 443 128.2600 -209.7500 7 681 108.3000 -210.5100
2.1897632737e+000 -3.5110564686e+000 -1.1496091915e+001
85 78 96
2 6 445 127.1500 -205.7500 7 479 107.3900 -206.7500
2.1375897157e+000 -3.4631959467e+000 -1.1677245034e+001
39 35 49
3 6 448 122.3000 -199.8000 7 481 102.6500 -200.8500 8 706 42.2900 160.3700
2.7957844234e+000 -2.7605240176e+000 -9.7560281437e+000
57 41 47
2 6 457 191.8500 -190.1200 7 482 173.0500 -199.5900
2.7957844234e+000 -2.7605240176e+000 -9.7560281437e+000
57 41 47
2 6 458 191.8500 -190.1200 7 483 173.0500 -199.5900
2.4176072211e+000 -2.8838333882e+000 -1.0914985878e+001
57 46 54
2 6 466 148.4100 -178.2000 7 715 130.2500 -183.3700
1.6685520877e+000 -3.4650368706e+000 -1.3139862159e+001
88 85 103
2 6 467 84.7100 -178.1300 7 491 65.0500 -175.8900
2.4430997007e+000 -2.1343695768e+000 -8.2396989508e+000
187 178 144
2 6 470 199.2500 -174.6200 7 484 186.2400 -192.0100
2.5636933122e+000 -2.5994349594e+000 -1.0334904112e+001
67 55 65
2 6 473 166.4400 -169.5500 7 719 149.0600 -177.7600
1.7288430174e+000 -3.0845048547e+000 -1.2927917679e+001
54 48 60
2 6 479 89.3300 -161.3900 7 495 70.8800 -160.5900
2.3035001967e+000 -2.0129513112e+000 -8.5529786231e+000
113 98 80
2 6 480 181.3700 -158.8600 7 492 169.3000 -175.6900
2.1279200499e+000 -2.3983502251e+000 -1.1675972775e+001
63 47 57
2 6 486 122.2200 -139.0700 7 506 106.2600 -143.5200
2.3386323250e+000 -2.2529289771e+000 -1.1009914765e+001
121 118 134
2 6 488 142.7600 -138.3000 7 503 127.0100 -145.6500
2.1326402507e+000 -8.6930566608e-001 -6.3964619577e+000
216 192 86
2 6 504 226.5100 -90.9700 7 516 225.4300 -129.8000
2.4828582705e+000 -6.3577263656e-001 -5.5609749733e+000
221 70 104
2 6 511 302.3600 -75.1600 7 776 299.8200 -126.6000
2.4805027109e+000 -5.5381943243e-001 -5.5253190809e+000
239 180 193
2 6 516 304.1000 -65.5000 7 786 302.3600 -118.4300
2.0429742557e+000 -5.6079819138e-001 -6.5830479864e+000
228 191 78
2 6 519 211.3600 -55.9900 7 534 212.3600 -96.1800
2.2277792722e+000 -4.7694166705e-001 -6.1988757234e+000
229 196 57
2 6 525 244.3800 -50.1900 7 535 245.4900 -95.3000
2.2277792722e+000 -4.7694166705e-001 -6.1988757234e+000
229 196 57
2 6 526 244.3800 -50.1900 7 536 245.4900 -95.3000
8.4047195811e-001 -3.8076975356e-001 -5.5772777386e+000
169 46 60
2 6 529 101.5700 -44.8000 7 806 122.9900 -93.0300
2.1782665108e+000 -3.6621506717e-001 -6.2532782549e+000
97 62 2
2 6 532 236.9600 -37.6000 7 816 239.4100 -83.0000
2.5159370687e+000 -3.1878242458e-001 -5.3862111919e+000
232 191 210
2 6 533 316.2300 -37.2500 7 800 316.3700 -95.2000
2.1528442805e+000 -3.2816771021e-001 -6.2581244121e+000
120 75 14
2 6 535 234.1000 -33.3600 7 818 237.0300 -79.0400
2.5167744806e+000 -2.6511703016e-001 -5.4240113369e+000
240 192 195
2 6 536 314.3600 -30.0900 7 543 314.5900 -88.4400
2.1170442848e+000 2.7093288189e-001 -6.4478541692e+000
176 139 48
3 6 562 223.2400 31.6400 7 571 230.2300 -16.5600 8 660 -132.1600 95.1600
-3.4704821708e-001 4.0146102247e-001 -4.7900526633e+000
171 123 144
2 6 577 -57.0900 63.4700 7 578 -6.3000 0.0600
-3.3433298283e-001 4.2919930550e-001 -4.8135219135e+000
220 191 199
2 6 581 -54.8200 67.3200 7 581 -4.6100 3.8600
-9.9683504458e-001 4.3902427134e-001 -4.7095124100e+000
173 160 195
2 6 583 -155.4700 69.8000 7 582 -97.3800 9.2300
1.6405044825e-001 5.6365157106e-001 -5.4825444101e+000
73 21 45
2 6 585 16.3300 75.8800 7 900 52.5200 20.6200
3.8934313933e-001 6.0845912734e-001 -5.4942004998e+000
243 214 219
2 6 588 45.2300 81.4500 7 586 79.4200 24.6500
1.7379919022e-001 6.5587645404e-001 -5.5209308846e+000
71 6 13
2 6 591 17.5600 87.1700 7 588 53.5200 31.5900
-5.8886072869e-001 5.6971598484e-001 -4.6949965345e+000
237 174 184
2 6 592 -94.5900 90.2700 7 909 -38.9600 24.7200
-8.6936550520e-001 6.6156976808e-001 -4.6376346477e+000
228 165 173
2 6 597 -138.4900 104.9800 7 590 -78.5600 39.9700
-9.2502990868e-001 7.4582161442e-001 -4.6585573317e+000
157 100 122
2 6 605 -146.0000 117.2000 7 601 -85.9000 52.3200
-3.8761883056e+000 4.0010256530e+000 -1.1901435666e+001
146 93 86
2 6 619 -219.3700 225.4000 7 1037 -212.5600 230.5400
2.2221035794e+000 -3.9414009026e+000 -1.1439571597e+001
51 45 59
2 6 630 129.3300 -231.3900 7 652 108.0600 -230.9300
2.2614885002e+000 -3.8844539662e+000 -1.1319184784e+001
89 87 105
2 6 631 132.9900 -230.5400 7 653 111.9700 -230.4100
1.0114710698e+000 -5.1111603914e+000 -1.4920965767e+001
48 48 57
2 6 632 44.3900 -230.3300 7 670 20.9900 -220.5000
2.2526343804e+000 -3.7720866282e+000 -1.1290622503e+001
88 85 102
2 6 642 132.9600 -224.5500 7 662 112.2300 -225.0200
2.6995098863e+000 -3.3539584660e+000 -1.0129029892e+001
59 54 71
3 6 650 177.7900 -222.0100 7 657 157.1700 -227.3700 8 752 -1.8300 206.5900
2.9843950865e+000 -3.0083131536e+000 -9.2115439890e+000
56 47 62
2 6 658 215.9600 -218.4100 7 656 195.2900 -228.3200
2.4040694968e+000 -3.4903038612e+000 -1.0994577187e+001
99 95 118
3 6 662 146.0200 -213.4700 7 677 125.7000 -215.8900 8 1030 24.3600 183.3600
2.3437941372e+000 -3.5218624459e+000 -1.1198274153e+001
56 46 58
2 6 666 139.7500 -211.5600 7 680 119.4700 -213.4300
2.8375678346e+000 -2.9936280347e+000 -9.6896242161e+000
117 110 126
3 6 674 195.6500 -207.1000 7 676 175.8600 -215.8000 8 1079 -21.9300 204.4600
2.3795666716e+000 -3.2890694677e+000 -1.0927618192e+001
53 46 61
2 6 679 145.5500 -202.6500 7 686 126.1400 -206.0100
2.5337328526e+000 -3.1578371123e+000 -1.0552377823e+001
68 59 74
2 6 680 160.5500 -201.3400 7 684 141.1900 -206.3400
2.1744587104e+000 -3.4210845686e+000 -1.1607192145e+001
88 81 97
2 6 685 125.2000 -198.6200 7 692 105.5400 -199.8900
1.6566834636e+000 -3.8679307733e+000 -1.3162714897e+001
36 26 32
3 6 688 83.7200 -198.2300 7 699 63.1600 -194.6600 8 959 78.4400 137.1800
2.5154316567e+000 -3.0756523640e+000 -1.0589590059e+001
100 93 109
2 6 691 158.9600 -195.5000 7 691 139.8800 -200.8200
1.9988890743e+000 -3.5034908682e+000 -1.2139880402e+001
52 47 68
2 6 692 109.9400 -194.6600 7 697 90.2400 -194.3500
1.9988890743e+000 -3.5034908682e+000 -1.2139880402e+001
52 47 68
2 6 693 109.9400 -194.6600 7 698 90.2400 -194.3500
2.6657510062e+000 -2.8179423972e+000 -1.0088805190e+001
47 34 47
2 6 698 177.0200 -187.8800 7 695 158.4000 -195.9900
2.1169983649e+000 -3.2844797028e+000 -1.1834551424e+001
90 78 86
2 6 699 119.6200 -187.2500 7 708 100.4400 -188.4700
1.8581124839e+000 -3.4733002331e+000 -1.2558428299e+001
44 36 49
3 6 701 99.0300 -186.5400 7 713 79.2300 -185.6000 8 957 61.1100 136.2800
2.4577385428e+000 -2.9005944014e+000 -1.0678600285e+001
57 46 60
2 6 704 154.2200 -183.0600 7 705 135.9200 -188.8700
2.0000096874e+000 -3.1574088243e+000 -1.2102533423e+001
57 49 60
2 6 712 110.5400 -176.2200 7 722 91.8900 -177.1800
1.9974287165e+000 -3.0742075669e+000 -1.2056129578e+001
89 85 99
2 6 718 110.8700 -172.2800 7 726 92.5100 -173.6200
1.9974287165e+000 -3.0742075669e+000 -1.2056129578e+001
89 85 99
2 6 719 110.8700 -172.2800 7 727 92.5100 -173.6200
2.5086949355e+000 -2.5469887100e+000 -1.0557998206e+001
106 99 115
2 6 732 159.5500 -162.6900 7 732 142.3300 -170.5200
2.5086949355e+000 -2.5469887100e+000 -1.0557998206e+001
106 99 115
2 6 733 159.5500 -162.6900 7 733 142.3300 -170.5200
2.4234913255e+000 -2.5732973837e+000 -1.0777884262e+001
64 53 67
2 6 735 150.9200 -161.1700 7 737 133.9100 -168.0200
2.4234913255e+000 -2.5732973837e+000 -1.0777884262e+001
64 53 67
2 6 737 150.9200 -161.1700 7 739 133.9100 -168.0200
1.2930346820e+000 -3.0431478694e+000 -1.4265994032e+001
74 67 78
2 6 744 60.2100 -144.4700 7 756 41.5100 -140.8000
2.1658809634e+000 -2.2174615069e+000 -1.1553911620e+001
68 55 68
2 6 751 126.0600 -129.7200 7 763 110.2000 -135.6300
2.3117928675e+000 -1.1413314835e+000 -5.9708376588e+000
197 196 106
2 6 753 262.0900 -128.3000 7 736 257.7200 -168.3400
2.3472601608e+000 -2.0436349693e+000 -1.1027533408e+001
71 60 79
2 6 758 143.1800 -125.2500 7 768 128.1000 -133.3900
2.2061492702e+000 -2.0269713642e+000 -1.1282574456e+001
91 79 87
2 6 760 131.5700 -121.4300 7 771 116.6000 -128.7600
2.2061492702e+000 -2.0269713642e+000 -1.1282574456e+001
91 79 87
2 6 761 131.5700 -121.4300 7 772 116.6000 -128.7600
2.0419752616e+000 -2.0424165209e+000 -1.1840495998e+001
62 50 55
2 6 768 116.0000 -116.6100 7 782 100.7200 -122.1600
2.4875329550e+000 -5.1359628043e-001 -5.5080964658e+000
233 187 193
2 6 790 305.8500 -60.7300 7 790 304.5100 -114.3500
2.2426462659e+000 -2.6351241341e-001 -6.1754567219e+000
175 144 33
2 6 814 246.9600 -26.5500 7 823 249.6600 -74.0700
2.5231068374e+000 -2.2508006409e-001 -5.4126162370e+000
237 192 205
2 6 816 315.6900 -25.1300 7 815 316.4100 -84.0700
2.1695732391e+000 5.1282665894e-001 -6.3274209111e+000
139 84 16
2 6 860 233.0600 58.9300 7 882 241.6500 6.4900
-7.5139831012e-001 4.1962134004e-001 -4.6969867987e+000
182 160 191
2 6 874 -119.0900 67.4600 7 878 -62.9900 4.5900
-9.4990948672e-001 4.6385108440e-001 -4.6795199735e+000
147 198 228
2 6 884 -149.4800 74.0700 7 891 -90.9200 12.3000
-8.2185246712e-001 5.9003489748e-001 -4.6698511815e+000
235 199 217
2 6 899 -130.4000 93.5100 7 916 -71.9800 29.3300
5.3649611641e-001 8.2792984422e-001 -5.6179136412e+000
202 159 176
2 6 912 62.7600 107.1000 7 935 95.0700 49.4700
-7.2156357796e-001 6.8819642199e-001 -4.6492442243e+000
146 87 107
2 6 915 -115.6900 109.0000 7 927 -57.1300 42.6500
3.9022377100e-001 9.0041156140e-001 -5.6435962707e+000
203 132 150
2 6 921 44.0800 115.4800 7 941 78.2200 58.9300
-8.2624434535e-001 7.6356976051e-001 -4.6610582352e+000
216 161 173
2 6 926 -131.1300 119.8900 7 938 -71.5100 54.2200
5.2823233884e-001 1.0421446411e+000 -5.6776414745e+000
142 34 59
3 6 929 60.7000 131.9600 7 951 94.3200 74.5200 8 827 -35.3900 3.8100
-3.8723427148e+000 3.5399495154e+000 -1.1879273075e+001
144 80 72
2 6 951 -220.4700 200.4400 7 985 -214.1000 205.3800
-5.2810606206e+000 3.5868157128e+000 -1.1589222489e+001
128 72 58
2 6 958 -302.8900 204.9400 7 1001 -297.7800 214.9700
-5.2810606206e+000 3.5868157128e+000 -1.1589222489e+001
128 72 58
2 6 959 -302.8900 204.9400 7 1002 -297.7800 214.9700
-5.4301843363e+000 3.5724992634e+000 -1.1509579620e+001
125 72 64
2 6 960 -312.8700 205.0800 7 639 -307.9200 215.6100
-5.4301843363e+000 3.5724992634e+000 -1.1509579620e+001
125 72 64
2 6 961 -312.8700 205.0800 7 640 -307.9200 215.6100
-3.7893647865e+000 3.6921075434e+000 -1.1960078941e+001
129 57 41
2 6 963 -214.2400 207.6000 7 995 -207.8600 212.4500
-3.8768339433e+000 3.7086572988e+000 -1.2007825638e+001
130 57 30
2 6 964 -218.0200 207.6600 7 996 -212.0800 212.7500
-4.9770043758e+000 3.6656256463e+000 -1.1575578624e+001
130 72 56
2 6 975 -286.7500 210.2100 7 1006 -280.6900 219.2100
-3.7553958332e+000 3.7703443696e+000 -1.1931141932e+001
132 53 30
2 6 980 -212.7200 212.4600 7 1005 -206.1600 217.1000
-4.8505857362e+000 3.7776739303e+000 -1.1635468410e+001
134 72 65
2 6 985 -278.1900 215.7700 7 1023 -272.1000 224.3100
-4.8076842438e+000 3.8647849881e+000 -1.1603571103e+001
135 75 58
2 6 992 -276.4700 221.1600 7 1036 -269.9000 229.7600
-3.4636642079e+000 3.9909125388e+000 -1.1954677618e+001
143 85 86
2 6 994 -196.1600 224.4100 7 1033 -188.7600 228.3900
2.3577991292e+000 -1.6696620225e+000 -5.8196106518e+000
214 38 63
2 6 21 272.4100 -192.2800 5 12 227.0900 -203.4800
7.0582596623e-001 2.4759616718e-001 -5.6689414481e+000
204 29 53
2 6 24 83.2600 34.5700 5 21 83.1600 23.4800
7.0582596623e-001 2.4759616718e-001 -5.6689414481e+000
204 29 53
2 6 25 83.2600 34.5700 5 22 83.1600 23.4800
-7.2235792466e-001 -3.1777748786e-001 -5.1688330204e+000
235 183 196
2 6 48 -103.9900 -41.0300 5 48 -96.7200 -40.2700
-7.7056601909e-001 5.1620407658e-001 -4.6811871507e+000
162 189 226
2 6 76 -122.3300 82.8800 5 87 -86.2600 87.4700
2.1132014775e+000 1.0713430517e+000 -5.9965536729e+000
212 176 116
2 6 79 238.8400 126.9200 5 112 224.1600 100.4300
-3.1539708438e+000 3.7858491635e+000 -1.4625345049e+001
29 26 34
2 6 145 -147.0300 176.2100 5 236 -238.7800 219.9500
8.0309283278e-001 -3.8179006399e-002 -5.7931460824e+000
81 4 10
2 6 176 93.1200 -1.7300 5 201 86.0300 -11.3600
-2.9905833042e+000 4.1329972350e+000 -1.6756148559e+001
96 85 103
2 6 201 -121.8400 166.7400 5 233 -219.2500 209.9500
1.2658599518e+000 -2.5379194764e+000 -1.3367672125e+001
25 29 49
2 6 222 63.0200 -128.6700 5 246 -40.4800 -116.5400
1.9095438238e+000 -1.0407467216e+000 -6.8409745564e+000
203 178 60
2 6 225 189.4500 -102.4000 5 247 142.0800 -111.2500
1.2677955902e+000 -9.7270093695e-002 -5.4387729616e+000
215 151 156
2 6 240 159.1300 -9.2300 5 271 156.1000 -26.2400
7.1370228467e-001 4.3472153715e-002 -5.8506402567e+000
199 45 81
2 6 246 81.4800 8.3100 5 277 74.2900 -0.4500
2.9056165548e-001 1.0004162015e-001 -5.6889077877e+000
204 42 82
2 6 249 31.5500 15.7400 5 280 30.9900 9.9200
7.2529005324e-001 1.3646891334e-001 -5.7734823571e+000
111 13 20
2 6 252 83.9900 19.6500 5 282 79.8700 10.5000
-5.5878938772e-001 3.5828777716e-001 -4.7182620671e+000
211 160 172
2 6 256 -89.7600 58.2300 5 213 -54.8100 58.1200
5.0162268425e-001 8.5968147841e-001 -5.6605290540e+000
138 12 28
2 6 272 57.7200 109.9700 5 301 66.2600 103.6900
-8.8444996671e-001 7.1670498024e-001 -4.6472215386e+000
224 165 176
3 6 274 -140.0400 113.3900 5 311 -101.7500 123.9300 8 309 143.1800 31.6200
2.0650511340e+000 -2.2906513314e+000 -1.1923507722e+001
104 96 105
2 6 323 116.3000 -130.1100 5 349 19.1300 -121.9800
8.4313820016e-001 -1.8738654644e-002 -5.7656026505e+000
223 197 213
2 6 360 98.4700 0.8100 5 391 91.9800 -9.7400
2.1650273124e+000 5.2093064998e-001 -6.3064571260e+000
149 93 24
3 6 375 233.2100 60.1100 5 404 206.4300 39.4300 8 490 -150.4700 79.7600
1.0746418243e+000 5.6799459180e-001 -5.5572379658e+000
102 6 13
2 6 381 131.2000 75.2100 5 414 135.1600 59.7200
-7.6196375969e-001 8.8032219118e-001 -4.7131920116e+000
158 124 143
2 6 406 -119.8700 136.1200 5 456 -79.8500 146.7200
2.9406179800e+000 -3.1639298847e+000 -9.3673679493e+000
122 117 137
3 6 430 209.2100 -226.0200 5 471 116.5300 -221.7000 8 1129 -28.5000 225.8500
2.7271147190e+000 -3.2918968536e+000 -1.0035667210e+001
117 111 132
2 6 433 181.2900 -220.0300 5 474 85.9500 -214.5300
2.3067270768e+000 -3.0268423777e+000 -1.1196767502e+001
108 101 117
2 6 462 137.9600 -182.4300 5 490 39.9900 -175.1500
2.6389545892e+000 -2.5873108656e+000 -1.0200483135e+001
120 114 129
2 6 471 173.5800 -170.9000 5 497 81.5300 -166.8600
2.5687067765e+000 -2.6049223150e+000 -1.0356427808e+001
67 55 65
2 6 474 166.4400 -169.5500 5 499 73.7800 -165.0900
2.2345296280e+000 -1.4655148852e+000 -6.0622323677e+000
201 153 45
2 6 477 248.9500 -162.9300 5 492 204.4800 -173.7000
2.2345296280e+000 -1.4655148852e+000 -6.0622323677e+000
201 153 45
2 6 478 248.9500 -162.9300 5 493 204.4800 -173.7000
2.3448187422e+000 -2.3693640760e+000 -1.1125930106e+001
74 53 61
2 6 482 141.6100 -144.0100 5 505 47.1300 -137.8600
2.1416312768e+000 -8.3273834470e-001 -6.3870453936e+000
217 194 83
4 6 507 227.6400 -87.0500 5 355 186.2300 -100.2100 4 492 263.0100 -79.7100 1 625 258.6600 -11.1600
2.1776446663e+000 -7.3093434301e-001 -6.3072328696e+000
163 137 40
2 6 509 234.6400 -76.9100 5 359 194.6700 -91.5300
2.2199519755e+000 -5.0528427245e-001 -6.1955500296e+000
225 194 63
3 6 521 243.4800 -53.3600 5 374 207.0700 -69.6400 4 510 256.4900 -38.8500
-8.1287067178e-001 3.4460443313e-001 -4.7298969287e+000
245 237 249
2 6 573 -127.4800 55.5800 5 415 -96.3300 60.1500
1.0543524349e+000 4.7304732848e-001 -5.5762241320e+000
201 41 74
2 6 576 128.2700 63.0000 5 408 130.7800 48.0600
2.9360993040e+000 -3.2737531156e+000 -9.5580071949e+000
116 113 136
2 6 633 204.5000 -229.2000 5 649 110.5900 -224.3200
2.5029494158e+000 -3.4683673972e+000 -1.0614173288e+001
51 47 63
3 6 656 157.4100 -219.5200 5 476 59.3300 -212.5900 8 1054 15.7000 194.6700
2.9169721745e+000 -3.0034718701e+000 -9.4496361671e+000
115 100 121
2 6 663 205.9700 -213.0800 5 659 114.2100 -209.2200
2.7834437967e+000 -3.0945065355e+000 -9.8094178677e+000
32 30 45
3 6 665 189.5700 -211.6800 5 660 96.0000 -207.0400 8 1080 -15.3800 205.0700
2.6459495224e+000 -3.1739307564e+000 -1.0311735383e+001
115 109 126
2 6 675 171.4500 -207.0200 5 664 75.7900 -201.0400
2.3724124128e+000 -3.2890184414e+000 -1.1068656913e+001
113 109 127
2 6 682 143.3000 -200.1200 5 674 44.4300 -192.8100
2.5997227459e+000 -2.6583145112e+000 -1.0264796689e+001
67 61 76
2 6 714 169.8600 -174.5800 5 495 77.3000 -170.0300
2.4190187231e+000 -2.8132775122e+000 -1.0874958685e+001
116 108 123
2 6 716 149.1300 -174.5700 5 681 53.3800 -168.3700
2.4502588306e+000 -2.5579828885e+000 -1.0674161579e+001
104 104 123
2 6 734 154.1400 -161.6100 5 695 60.5100 -156.6600
2.5336492264e+000 -2.4530254801e+000 -1.0407202593e+001
111 103 121
2 6 738 163.5100 -159.0600 5 696 71.5700 -154.6300
2.0826989080e+000 -2.0051722172e+000 -1.1762231119e+001
107 91 101
2 6 770 119.0600 -115.3200 5 737 23.9300 -108.0600
2.4747205140e+000 -5.8373980693e-001 -5.4919707444e+000
208 106 133
2 6 785 305.2300 -69.6100 5 750 274.1700 -91.9600
2.4747205140e+000 -5.8373980693e-001 -5.4919707444e+000
208 106 133
2 6 786 305.2300 -69.6100 5 751 274.1700 -91.9600
2.4668953314e+000 -5.2182747978e-001 -5.5172438775e+000
206 60 87
2 6 789 303.0200 -61.5900 5 755 272.4400 -84.3200
2.4980755822e+000 -4.6095509348e-001 -5.4697229308e+000
208 95 123
2 6 791 309.3800 -54.4800 5 759 279.6000 -78.2400
2.2401352574e+000 -4.6279052142e-001 -6.1435829781e+000
167 135 16
2 6 795 247.9200 -49.0700 5 771 212.3500 -66.1400
2.5116844813e+000 -2.4191735493e-001 -5.4247266721e+000
215 80 98
2 6 810 313.7100 -27.2600 5 779 286.9500 -53.3800
2.5116844813e+000 -2.4191735493e-001 -5.4247266721e+000
215 80 98
2 6 811 313.7100 -27.2600 5 780 286.9500 -53.3800
2.2616617380e+000 -4.8410424573e-002 -6.0847335801e+000
167 136 16
2 6 829 252.8100 -2.5300 5 820 222.2300 -22.5700
2.4470956914e+000 5.3735669922e-002 -5.5623720758e+000
184 158 92
2 6 837 298.5100 9.9600 5 826 274.3800 -16.9400
-6.0381122601e-001 4.0344395504e-001 -4.7464698852e+000
220 158 170
2 6 868 -95.9200 64.3300 5 872 -61.9700 66.1700
2.1210713429e-001 6.2469112507e-001 -5.4866595718e+000
187 157 176
2 6 890 22.5500 83.7200 5 891 34.5500 79.4900
-6.9219601378e-001 8.5874442518e-001 -4.7240859647e+000
132 93 111
2 6 931 -109.2300 132.7900 5 913 -69.0900 141.4500
-2.4181397136e+000 3.1274411794e+000 -1.1856277751e+001
91 86 95
3 6 940 -139.8100 179.4700 5 641 -217.0500 222.2800 1 786 -86.4600 -188.1900
1.6031260795e+000 3.5376906465e-001 -6.0251958574e+000
205 41 51
2 7 4 196.5500 -9.2700 5 7 165.1700 27.8000
-2.4446033461e+000 1.7593081557e+000 -1.2397397782e+001
124 105 114
2 7 92 -134.9400 98.5300 5 91 -224.1600 134.0800
1.8732500426e+000 -1.1293253997e+000 -6.8289044009e+000
226 207 90
2 7 98 185.1900 -143.7600 5 67 138.4200 -119.5500
-7.1166156262e-001 2.8989961657e-001 -4.8304398022e+000
223 153 168
2 7 106 -57.4100 -12.8700 5 55 -82.4900 49.3400
-7.1166156262e-001 2.8989961657e-001 -4.8304398022e+000
223 153 168
2 7 107 -57.4100 -12.8700 5 56 -82.4900 49.3400
1.3349948572e+000 9.1944672735e-002 -5.5579254167e+000
132 26 23
2 7 137 182.9000 -40.7900 5 141 159.2800 -2.5400
9.5945754267e-001 1.2759043016e-001 -5.8051615614e+000
135 14 22
2 7 139 133.5500 -32.2700 5 207 105.0200 6.9800
-8.7468395377e-001 1.6601515279e-001 -4.7430143477e+000
223 160 168
2 7 140 -81.6000 -29.7000 5 105 -109.1400 31.7800
1.4068537986e+000 1.2627326108e+000 -5.3600501574e+000
200 144 155
2 7 159 207.1500 97.0700 5 164 191.8600 144.2400
-1.9014573135e+000 2.0525502383e+000 -1.1703088238e+001
121 100 115
3 7 164 -108.9900 117.9400 5 165 -191.8100 154.8200 8 102 167.9100 -199.9500
-4.4856373558e-001 -1.7106485965e-001 -5.0860633748e+000
251 208 218
2 7 192 -25.0100 -71.7000 5 195 -53.4500 -23.8000
1.1434950858e+000 3.2390243623e-002 -5.5275206845e+000
134 59 62
2 7 197 161.9900 -47.2700 5 202 138.5500 -8.2300
8.0039424938e-001 -2.2345771508e+000 -1.2358516200e+001
150 127 125
2 7 246 29.6000 -123.8500 5 248 -55.1900 -110.7500
-7.4537374121e-001 2.6959843552e-001 -4.7237554468e+000
217 152 166
2 7 271 -62.8500 -16.3600 5 210 -86.3200 46.8700
3.8421906638e-001 6.1077503830e-001 -5.5083453483e+000
249 236 236
2 7 291 78.6200 24.7400 5 219 55.1300 75.2200
2.1346833329e+000 -1.7810866854e+000 -9.0365391861e+000
197 186 164
2 7 353 148.6400 -148.9500 5 346 81.9700 -132.6000
1.9057215635e+000 -1.0562673619e+000 -6.8335532717e+000
234 210 88
2 7 356 188.4400 -136.9100 5 352 141.9100 -112.6200
2.1919169445e+000 -6.3778445903e-001 -6.2242363099e+000
243 216 80
3 7 360 239.6200 -111.0700 5 363 201.6400 -82.9900 8 528 -112.5800 182.7800
2.2255154582e+000 -5.3780648862e-001 -6.1470912871e+000
190 158 35
4 7 363 247.1200 -102.2700 5 368 210.0300 -74.0600 8 527 -121.4100 179.2000 4 513 260.8500 -37.5200
2.2269300491e+000 -5.3720106891e-001 -6.1485479258e+000
190 158 35
3 7 364 247.1200 -102.2700 5 369 210.0300 -74.0600 4 512 260.8500 -37.5200
-4.9033028261e-001 3.0709778734e-001 -4.7005807929e+000
186 125 131
3 7 390 -26.5500 -12.9600 5 410 -44.2000 49.1200 8 662 104.3600 98.9500
-5.2738771694e-001 3.7271790661e-001 -4.7094802647e+000
149 91 108
2 7 394 -31.2600 -3.7100 5 416 -49.4800 60.5300
-8.7479683654e-001 7.5112434881e-001 -4.6663357668e+000
184 119 134
2 7 425 -78.5300 52.7200 5 447 -99.6300 129.1000
2.3431616467e+000 -2.2561262848e+000 -1.1019054929e+001
153 149 170
2 7 502 127.0100 -145.6500 5 509 49.6000 -132.9600
2.1132551474e+000 -8.3828433025e-001 -6.4188511976e+000
184 192 135
2 7 521 223.0300 -126.0000 5 520 182.0100 -100.1300
2.1192980620e+000 -8.4074255296e-001 -6.4317170105e+000
184 192 135
3 7 522 223.0300 -126.0000 5 521 182.0100 -100.1300 4 789 259.5200 -84.7100
2.2054460888e+000 -5.9158606129e-001 -6.2424317394e+000
246 219 83
4 7 531 240.4300 -105.6100 5 535 202.2300 -78.2700 8 719 -115.0300 178.5000 4 804 258.7300 -49.2300
1.1641372350e+000 -3.4787610354e-001 -5.4526053270e+000
163 93 103
2 7 538 163.9700 -93.0800 5 543 140.3000 -56.9900
1.2497441444e+000 -1.3699519172e-001 -5.4261612149e+000
156 83 91
2 7 549 176.4200 -69.2100 5 555 154.2500 -31.4100
-5.0816707615e-001 2.8643072874e-001 -4.7089405280e+000
247 197 208
2 7 572 -29.3000 -15.7400 5 599 -47.4900 46.0400
2.6291885422e+000 -3.0172506852e+000 -1.0254494823e+001
140 131 150
2 7 689 152.3400 -204.4000 5 673 76.9800 -192.8100
2.5460477650e+000 -2.6530494391e+000 -1.0420413569e+001
128 115 128
2 7 717 146.2900 -179.3100 5 682 70.7800 -166.9800
2.3954721914e+000 -2.7731443184e+000 -1.0903404679e+001
80 68 82
2 7 721 129.5600 -177.3000 5 683 51.7000 -165.5600
2.1382026643e+000 -9.3297914596e-001 -6.3749949179e+000
200 170 46
2 7 761 226.2600 -136.2500 5 730 185.4600 -110.7700
2.1382026643e+000 -9.3297914596e-001 -6.3749949179e+000
200 170 46
2 7 762 226.2600 -136.2500 5 731 185.4600 -110.7700
2.1819166544e+000 -8.7951646922e-001 -6.2782141089e+000
200 173 44
5 7 767 234.5900 -133.5800 5 515 194.9400 -107.2800 8 1064 -101.3500 199.5400 4 794 274.3800 -75.1800 1 894 265.5500 -3.0500
2.1432034881e+000 -8.6386759789e-001 -6.3411606030e+000
196 170 45
2 7 769 228.6500 -130.5300 5 518 188.3300 -104.2000
2.1432034881e+000 -8.6386759789e-001 -6.3411606030e+000
196 170 45
2 7 770 228.6500 -130.5300 5 519 188.3300 -104.2000
1.9794084479e+000 -2.0941179410e+000 -1.1993508858e+001
74 49 49
2 7 780 95.6100 -122.9000 5 735 14.4200 -110.1300
2.2349968607e+000 -5.0216770008e-001 -6.1549871419e+000
206 173 42
4 7 797 247.7800 -98.5800 5 540 210.7300 -70.0700 8 1019 -123.4500 176.0200 4 1231 259.1600 -35.2400
-8.8072857209e-001 -4.0707000248e-001 -5.3446586197e+000
236 189 200
2 7 805 -80.2500 -93.5400 5 377 -122.7400 -49.6200
2.2213352158e+000 -3.8124314232e-001 -6.1983459051e+000
206 171 32
2 7 814 245.6400 -85.5200 5 544 208.4800 -56.7200
-9.2256444185e-001 -2.4560626583e-001 -5.1503258746e+000
157 204 237
2 7 821 -86.4600 -77.3500 5 805 -125.6100 -28.8100
-9.3055666959e-001 -1.9981445455e-001 -5.1050493385e+000
119 141 190
2 7 824 -87.7000 -72.3600 5 563 -125.9500 -22.4700
8.9982691239e-001 1.0861856522e-001 -5.7835846201e+000
150 41 66
2 7 855 127.5400 -34.5000 5 844 98.9900 5.3300
-9.0144775893e-001 2.6933845800e-001 -4.7460683071e+000
228 166 183
3 7 864 -84.4100 -15.0200 5 601 -112.3900 49.1300 8 656 163.9400 86.0500
-6.7144881864e-001 3.4411648073e-001 -4.7194866011e+000
202 130 146
3 7 870 -51.9000 -6.3500 5 870 -73.1800 57.8500 8 657 128.3100 86.3600
3.4149625331e-001 5.9982189165e-001 -5.4666767741e+000
155 106 126
2 7 905 74.1400 23.9000 5 882 51.4600 74.4700
3.5521122515e-001 6.2403527281e-001 -5.4763125823e+000
247 224 229
2 7 913 75.7700 26.7000 5 613 53.0600 77.4300
-1.0488994553e+000 7.6380591739e-001 -4.7078970993e+000
249 196 203
2 7 939 -102.9000 55.6500 5 912 -128.8300 133.4600
1.6423975644e+000 1.3733939777e+000 -5.5067523882e+000
189 140 135
2 7 960 228.0200 106.4800 5 915 209.5100 150.6900
8.9575195788e-001 4.7640373197e-001 -5.5589966203e+000
213 195 202
2 6 97 108.1500 63.2900 8 163 -55.4500 80.4000
8.9575195788e-001 4.7640373197e-001 -5.5589966203e+000
213 195 202
2 6 98 108.1500 63.2900 8 162 -55.4500 80.4000
2.6159006497e+000 -3.2380573958e+000 -1.0353901108e+001
65 50 61
2 6 441 168.7600 -210.1200 8 1050 2.6200 192.7700
1.9264942494e+000 -3.7502564921e+000 -1.2388211325e+001
90 91 111
2 6 446 103.6700 -204.0500 8 972 61.0600 152.9800
1.9264942494e+000 -3.7502564921e+000 -1.2388211325e+001
90 91 111
2 6 447 103.6700 -204.0500 8 971 61.0600 152.9800
-4.8152710241e-001 2.1876138229e-001 -4.6945523273e+000
225 173 182
2 6 566 -78.5400 37.2500 8 671 107.0400 110.9300
4.8883124954e-001 1.0491527000e+000 -5.6707634687e+000
140 30 54
2 6 932 55.8100 133.0200 8 825 -31.7100 1.8800
1.6484015384e+000 2.8841193815e+000 -7.3926418168e+000
141 136 153
2 7 69 169.5900 220.7500 8 63 -152.1000 -166.3500
-5.6027321954e-001 3.5035805011e-001 -4.7023115536e+000
240 193 203
2 7 144 -36.2300 -6.3600 8 221 112.3300 90.6500
-1.0004679201e-001 6.4884118500e-001 -5.5498787547e+000
233 45 74
2 7 151 21.5200 32.8400 8 157 49.6000 30.9500
-2.8497729725e+000 1.0972361740e+000 -1.2777659770e+001
117 96 105
2 7 217 -155.3800 62.6400 8 136 232.1600 -163.9200
6.0636410714e-001 1.6436956800e+000 -5.9431235746e+000
96 5 3
2 7 226 100.5600 138.7800 8 187 -60.6000 -66.0700
2.4995854500e+000 -6.3744284115e-001 -5.4567024277e+000
255 64 99
2 7 241 307.3500 -129.4700 8 384 -167.1300 230.4700
2.4995854500e+000 -6.3744284115e-001 -5.4567024277e+000
255 64 99
2 7 242 307.3500 -129.4700 8 383 -167.1300 230.4700
1.2717043031e-001 5.3481864316e-001 -5.4730550216e+000
104 39 63
2 7 282 48.4200 17.4500 8 213 26.1000 54.2800
8.4421284250e-001 6.7188619303e-001 -5.6540963035e+000
234 44 79
2 7 292 128.4400 29.4100 8 478 -54.6800 54.4700
4.1816774666e-001 8.3965510276e-001 -5.6407065515e+000
180 37 58
2 7 298 81.3400 51.7500 8 305 -15.8500 23.5600
1.1938519061e+000 1.3565480330e+000 -5.7447502285e+000
75 43 27
2 7 310 169.3500 105.3000 8 148 -115.5000 -9.9700
2.6602588579e+000 -3.3777417695e+000 -1.0237217562e+001
128 117 139
2 7 330 152.7800 -226.2300 8 542 1.8300 203.8300
1.1145704101e+000 -3.2392782593e-001 -5.4322170713e+000
244 181 190
2 7 366 158.9400 -90.6900 8 523 -48.7100 174.0000
1.9107457412e-001 5.1695566975e-001 -5.4788965494e+000
150 99 104
2 7 405 55.6700 14.8500 8 481 19.3800 58.0600
5.5373651265e-001 9.1499469192e-001 -5.6591101110e+000
194 28 51
2 7 428 96.8800 59.5500 8 450 -33.4000 19.1300
1.5153703153e+000 1.2285122561e+000 -5.3583402077e+000
185 130 132
2 7 435 219.1900 91.8700 8 455 -160.1800 27.0500
1.3563588068e-001 1.1954513388e+000 -5.7271525353e+000
117 3 7
2 7 436 49.1400 94.3600 8 297 2.7300 -28.3000
5.6984729279e-001 1.3519534718e+000 -5.9549138333e+000
78 0 0
2 7 440 94.6300 106.5400 8 435 -44.7900 -36.2200
-3.2512874477e-001 1.7575496465e+000 -9.6499836930e+000
6 6 4
2 7 441 -15.0000 110.0400 8 408 71.0200 -142.1900
1.3293420972e+000 2.5127407368e+000 -8.0656495852e+000
19 14 17
2 7 451 126.7600 178.0800 8 280 -94.3900 -147.6300
1.6912198370e+000 -4.6553630411e+000 -1.3235338411e+001
92 88 103
2 7 465 61.9300 -230.2300 8 710 88.4400 168.0100
2.5284270227e+000 -3.5789581163e+000 -1.0587520447e+001
126 118 137
2 7 466 138.5000 -229.7900 8 747 16.2000 201.0900
2.1187440878e+000 -3.9708624779e+000 -1.1831447112e+001
117 113 130
2 7 469 98.0500 -224.2600 8 720 52.5400 178.8500
1.8073057464e+000 -4.4066372819e+000 -1.2940402718e+001
60 44 54
2 7 470 70.5800 -224.1300 8 1000 78.8300 166.1200
2.0717204923e+000 -3.3104719993e+000 -1.1925047117e+001
74 62 78
2 7 487 97.0500 -188.1700 8 700 44.5500 146.4700
2.1149259817e+000 -9.4402881174e-001 -6.4103286099e+000
242 216 84
2 7 510 222.7700 -136.6100 8 742 -89.8000 196.8900
2.1258245388e+000 -8.2553599860e-001 -6.3574113245e+000
240 220 94
2 7 519 226.7800 -126.3300 8 732 -96.2600 190.3000
4.5920479646e-001 8.3147494452e-001 -5.6552613066e+000
230 194 214
2 7 599 85.7100 50.4800 8 625 -19.6700 25.2700
4.5920479646e-001 8.3147494452e-001 -5.6552613066e+000
230 194 214
2 7 600 85.7100 50.4800 8 626 -19.6700 25.2700
-3.2180578683e-001 1.6998605067e+000 -9.6789750609e+000
72 59 60
2 7 611 -15.2300 105.7300 8 572 72.1100 -138.2200
-6.1615371034e-001 1.7648434679e+000 -1.0244430517e+001
14 12 15
2 7 612 -35.3300 107.0200 8 571 93.2200 -151.9800
1.6283038081e+000 2.4038320290e+000 -7.5178074907e+000
115 95 82
2 7 628 162.9700 176.7700 8 575 -130.3000 -126.1700
1.6283038081e+000 2.4038320290e+000 -7.5178074907e+000
115 95 82
2 7 629 162.9700 176.7700 8 576 -130.3000 -126.1700
2.6509357065e+000 -3.4233244403e+000 -1.0312190472e+001
124 118 149
2 7 658 150.7100 -227.1900 8 1072 3.9500 203.5700
2.7235580041e+000 -3.2827431439e+000 -1.0003406672e+001
146 138 160
2 7 661 161.2900 -226.0000 8 1086 -5.8900 207.4300
1.8385391059e+000 -4.3052839384e+000 -1.2752977599e+001
106 103 119
2 7 666 73.7600 -222.8700 8 1001 75.0600 166.7400
2.8131538470e+000 -3.0947196688e+000 -9.7639840546e+000
124 114 122
2 7 668 172.1200 -220.2600 8 1085 -17.7300 206.8900
2.3282206511e+000 -3.2560476154e+000 -1.1155304308e+001
117 110 129
2 7 694 120.2300 -199.6600 8 1002 25.2500 166.9200
1.8697258078e+000 -3.1963939960e+000 -1.2515652411e+001
110 102 119
2 7 731 81.0700 -172.4500 8 943 55.6100 125.2000
-8.9018648319e-001 5.6239724512e-002 -4.7320817439e+000
236 173 188
2 7 847 -84.6100 -45.1800 8 928 170.8900 114.6500
-5.2857429444e-001 4.0191303182e-001 -4.7372412495e+000
196 138 152
2 7 875 -31.3300 0.9700 8 910 105.8900 83.1700
4.4816107792e-001 8.8813500894e-001 -5.6501100052e+000
235 153 173
2 7 940 84.8700 57.1800 8 853 -20.9300 18.9100
5.7807680552e-001 1.0345930999e+000 -5.6787107815e+000
162 28 49
2 7 948 100.0200 73.2200 8 610 -40.3400 6.2500
4.4046638717e-001 1.0355170841e+000 -5.6645121030e+000
223 201 224
2 7 952 84.4600 74.3100 8 824 -25.9000 1.9700
2.5132939520e+000 -2.9831079907e-001 -5.4043961358e+000
227 157 174
2 5 125 287.8900 -60.4300 8 255 -185.1100 203.5400
2.5600744708e+000 -3.2951817263e-002 -5.3453959007e+000
221 180 195
3 5 134 299.2100 -30.8700 8 176 -204.5100 182.9600 4 193 289.9100 69.9900
2.4938711629e+000 -3.7791005030e-001 -5.4173979814e+000
205 169 184
2 5 178 284.0800 -69.4700 8 256 -179.3400 209.5900
2.5389453537e+000 -3.5129449687e-001 -5.3672467392e+000
213 36 57
2 5 179 292.2500 -67.3700 8 260 -186.9900 211.1000
2.5263498882e+000 -2.1509267192e-001 -5.3780960486e+000
220 180 189
3 5 185 292.0900 -50.8300 8 252 -191.0700 197.9200 4 256 298.5300 54.0200
2.5089538337e+000 -7.5709735523e-002 -5.4021041284e+000
214 39 53
4 5 192 290.5600 -33.8600 8 245 -194.2500 183.4600 4 261 286.0300 61.1400 3 354 264.4100 120.0900
2.5561188652e+000 1.0427895592e-001 -5.2705911374e+000
220 188 205
2 5 199 307.1700 -14.3700 8 351 -213.0800 174.4800
2.5603693654e+000 1.0322391148e-001 -5.2771339677e+000
220 188 205
4 5 200 307.1700 -14.3700 8 350 -213.0800 174.4800 4 376 283.3500 84.3700 1 522 238.2600 157.4900
2.5133948355e+000 -5.5870338437e-001 -5.4399593710e+000
214 37 60
2 5 252 281.8200 -90.2300 8 377 -172.5900 224.8500
-3.0560537588e+000 -4.8719990933e-001 -1.5054625755e+001
103 100 125
2 5 281 -251.5100 9.6600 8 594 245.4500 -98.1500
-7.0431952234e-001 6.3518578805e-001 -4.6425538823e+000
220 167 180
2 5 303 -72.6900 107.1400 8 315 120.2500 50.3600
-9.8346131276e-001 6.6129553939e-001 -4.6418320771e+000
158 96 117
2 5 309 -119.0800 116.7500 8 464 160.1600 35.3400
2.8268653619e+000 -3.0018197745e+000 -9.7709245859e+000
87 79 92
2 5 336 100.7600 -202.1400 8 748 -19.8100 201.8700
2.2032766711e+000 -7.5329689254e-001 -6.2452053498e+000
161 135 39
2 5 358 200.1000 -94.8400 8 738 -108.7500 191.5100
2.2128072910e+000 -5.4344401498e-001 -6.2060344724e+000
213 182 65
2 5 370 205.4200 -73.5800 8 524 -118.4000 176.4400
2.5233359607e+000 -1.3519382463e-001 -5.3868596757e+000
228 185 199
3 5 380 292.2000 -41.5000 8 731 -193.8900 189.8300 4 551 292.1000 58.7000
-3.0729493362e+000 -5.1731249233e-001 -1.5228575924e+001
105 101 122
2 5 395 -251.0500 8.5500 8 595 245.4500 -98.1500
-2.2568909209e+000 4.4789779124e-001 -1.2399874860e+001
30 23 27
2 5 412 -219.9100 55.6900 8 416 212.6000 -115.9500
-2.2568909209e+000 4.4789779124e-001 -1.2399874860e+001
30 23 27
2 5 413 -219.9100 55.6900 8 415 212.6000 -115.9500
-7.5196209730e-001 4.1829999685e-001 -4.6934022240e+000
168 140 174
2 5 425 -84.7700 71.5000 8 649 136.5400 75.0100
4.0977509606e-001 1.1046761218e+000 -5.6644322155e+000
204 168 181
2 5 449 57.8600 135.9000 8 436 -25.2600 -6.7700
4.0977509606e-001 1.1046761218e+000 -5.6644322155e+000
204 168 181
2 5 450 57.8600 135.9000 8 437 -25.2600 -6.7700
2.9257138769e+000 -3.1482411493e+000 -9.3374770697e+000
81 74 89
2 5 470 116.5300 -221.7000 8 1130 -28.5000 225.8500
2.1933939759e+000 -7.9906616117e-001 -6.2518649779e+000
159 131 35
2 5 522 198.3100 -99.4400 8 1056 -106.0900 194.7000
2.1933939759e+000 -7.9906616117e-001 -6.2518649779e+000
159 131 35
2 5 523 198.3100 -99.4400 8 1055 -106.0900 194.7000
2.5047997123e+000 -4.3445722797e-001 -5.4262661713e+000
226 180 196
2 5 539 283.6200 -75.9700 8 763 -177.6600 214.4400
2.5158504724e+000 -3.7700920040e-001 -5.4108738524e+000
229 182 199
3 5 542 286.5600 -69.4300 8 1093 -181.7700 210.5300 4 858 307.7800 39.7200
2.5245031636e+000 -2.3559589910e-002 -5.3727116066e+000
229 167 175
3 5 558 294.7500 -28.3500 8 1026 -199.5000 180.3500 4 1336 285.0500 67.3600
2.5245031636e+000 -2.3559589910e-002 -5.3727116066e+000
229 167 175
3 5 559 294.7500 -28.3500 8 1025 -199.5000 180.3500 4 1337 285.0500 67.3600
2.5636510579e+000 1.3693644615e-001 -5.2582856550e+000
208 43 65
3 5 570 309.3800 -10.5500 8 1014 -216.0500 172.5300 4 891 281.8200 88.1000
2.5733517417e+000 2.3388320347e-001 -5.2285306653e+000
190 71 99
2 5 578 313.6400 0.8600 8 995 -222.7400 164.7300
-1.9797158103e+000 5.5214281771e-001 -1.1968146162e+001
41 29 37
2 5 606 -204.5100 61.3900 8 586 197.9600 -114.1100
-1.8837651510e+000 6.0913033588e-001 -1.1814733913e+001
39 29 37
2 5 608 -198.8900 64.7600 8 585 192.2400 -114.6000
-1.0788321897e+000 6.0113015132e-001 -4.6683879659e+000
177 111 130
2 5 624 -136.4600 107.9200 8 634 176.5900 38.4700
3.8721581486e-001 8.9955342153e-001 -5.6390184112e+000
183 112 129
2 5 627 53.8200 110.7300 8 845 -14.9900 15.9800
5.6130692040e-001 9.8035275215e-001 -5.6655989297e+000
134 8 22
2 5 629 75.0000 117.7700 8 615 -36.2400 11.8400
2.8180580066e+000 -2.9207450331e+000 -9.6767380270e+000
41 31 41
2 5 667 102.5200 -198.8800 8 1067 -22.8300 200.9700
2.1537719711e+000 -9.2611352643e-001 -6.3436265305e+000
205 177 65
3 5 734 188.4000 -110.5900 8 1063 -95.6200 199.5000 4 1212 272.1800 -84.4200
2.5238223509e+000 -3.1899758707e-001 -5.3906273868e+000
235 185 202
2 5 772 289.4300 -63.1000 8 1082 -186.0100 206.5400
2.5171189706e+000 -2.2482159125e-001 -5.3980648694e+000
230 182 190
2 5 783 289.4300 -51.8600 8 1059 -189.1300 197.4000
2.4580471931e+000 -3.9174538160e+000 -4.2963125407e+001
153 182 225
2 5 795 -102.5000 -37.6600 8 289 98.5700 -75.7700
2.5406612632e+000 -7.0162412243e-002 -5.3313954227e+000
190 82 110
3 5 799 298.8200 -34.4700 8 1038 -200.9800 187.3800 4 1338 291.4500 68.1000
2.5406612632e+000 -7.0162412243e-002 -5.3313954227e+000
190 82 110
3 5 800 298.8200 -34.4700 8 1037 -200.9800 187.3800 4 1339 291.4500 68.1000
2.5713524760e+000 1.1123785045e-001 -5.2450903688e+000
232 168 187
3 5 829 310.7300 -13.6900 8 1020 -216.1200 175.7800 4 1371 285.1500 87.8200
2.5699207903e+000 1.5649974985e-001 -5.2213274288e+000
249 156 168
2 5 835 312.9400 -8.5400 8 1016 -219.3000 172.5300
2.5699207903e+000 1.5649974985e-001 -5.2213274288e+000
249 156 168
2 5 836 312.9400 -8.5400 8 1015 -219.3000 172.5300
1.0002612437e+000 1.5754543905e+000 -5.7884565301e+000
190 117 131
2 5 917 125.5000 180.3400 8 819 -103.8100 -41.3000
2.5164647476e+000 -2.9850083465e-001 -5.4091186188e+000
227 157 174
3 5 126 287.8900 -60.4300 4 185 302.1300 45.3500 1 254 259.8600 123.5400
2.4920308852e+000 -2.2894944583e-001 -5.4457406716e+000
217 38 44
3 5 129 283.4500 -51.6300 4 187 293.2400 46.4200 1 252 253.1800 123.1100
2.5550059939e+000 1.9940299012e-002 -5.3096995896e+000
231 165 180
2 5 136 302.9800 -24.1600 4 267 287.2800 76.1300
2.5537348802e+000 1.9625328038e-002 -5.3101075035e+000
231 165 180
3 5 137 302.9800 -24.1600 4 266 287.2800 76.1300 1 379 242.7800 149.9900
2.5286986475e+000 -2.1363165256e-001 -5.3806279056e+000
220 180 189
2 5 186 292.0900 -50.8300 4 255 298.5300 54.0200
2.5641829961e+000 -3.9805349384e-002 -5.2694631691e+000
208 46 66
2 5 267 306.2900 -31.8400 4 561 294.0100 75.9100
2.5841303307e+000 8.4361197106e-002 -5.2405380273e+000
212 43 79
2 5 387 312.0600 -17.3500 4 887 288.1300 86.7000
2.2276445986e+000 -5.7385135216e-001 -6.1769325428e+000
154 125 24
2 5 538 207.9400 -77.2300 4 807 262.3500 -42.4500
2.2392174293e+000 -2.6089358327e-001 -6.1589146188e+000
164 134 26
2 5 548 213.4800 -44.4000 4 814 243.8800 -17.6900
-2.4211063987e+000 3.1297170248e+000 -1.1857689226e+001
80 73 84
3 5 642 -217.0500 222.2800 4 720 -261.3500 -177.5400 1 787 -86.4600 -188.1900
2.4196755959e+000 -2.7996584301e-001 -5.6835740553e+000
175 143 24
2 5 781 259.4000 -53.6100 4 1295 280.3400 21.9100
2.4196755959e+000 -2.7996584301e-001 -5.6835740553e+000
175 143 24
2 5 782 259.4000 -53.6100 4 1294 280.3400 21.9100
2.5367626735e+000 -1.2211335158e-001 -5.3510231719e+000
195 79 113
2 5 790 296.3700 -40.5300 4 1324 293.8600 62.8900
2.5367626735e+000 -1.2211335158e-001 -5.3510231719e+000
195 79 113
2 5 791 296.3700 -40.5300 4 1325 293.8600 62.8900
2.5345233352e+000 -4.4026607221e-003 -5.3482297864e+000
199 74 90
2 5 811 297.6200 -26.4300 4 1341 285.7600 70.9600
1.0968433014e+000 5.0138079809e-001 -5.6109415006e+000
174 69 91
2 5 864 134.8200 50.6200 4 1329 116.8900 65.4600
2.6373213828e+000 3.3909013307e-001 -5.0710768300e+000
250 148 75
3 8 242 -242.1700 164.5500 4 389 282.4500 118.1900 1 537 230.4500 190.8700
2.5175473992e+000 4.0567554852e-002 -5.3582076182e+000
255 60 100
3 8 244 -202.6300 174.7800 4 196 280.8000 72.2500 3 358 256.7000 128.0000
2.5227523817e+000 1.6250712024e+000 -5.1491882532e+000
236 206 70
4 8 306 -287.7100 23.3100 4 629 193.1100 178.5200 1 762 155.5700 225.5000 3 967 169.0800 170.7800
2.5977421548e+000 1.7239718348e-001 -5.1942759607e+000
255 64 106
4 8 349 -224.3200 173.1900 4 383 285.4500 96.9200 1 529 237.2700 169.3400 3 495 254.7700 150.6200
2.5746323723e+000 9.7886590887e-002 -5.2036297994e+000
255 65 107
2 8 358 -217.9700 179.2200 4 379 288.3600 90.8800
-7.3090768308e-001 1.0348200104e+000 -1.0229775760e+001
67 52 60
2 8 425 116.5000 -106.2200 4 306 -119.3500 -211.5200
2.6599760788e+000 3.8572446053e-001 -5.0256618782e+000
228 109 50
2 8 518 -249.2200 163.0500 4 593 282.9400 125.2400
2.5848036462e+000 2.4045659174e-001 -5.2058070701e+000
255 198 213
2 8 999 -225.3400 165.6000 4 1392 279.2000 99.6600
2.5675791638e+000 1.7512961331e-001 -5.2473633404e+000
248 69 109
2 8 1009 -218.9200 169.6000 4 1375 280.0200 91.5500
2.1102929667e+000 -6.3762492056e-001 -6.5143806679e+000
225 194 66
2 4 55 242.2700 -74.1000 1 40 243.9500 -9.6800
-1.9038741387e+000 3.4619561194e+000 -1.1013619820e+001
18 18 18
2 4 67 -235.4000 -121.0900 1 57 -79.3900 -138.1100
1.7218296189e+000 -4.1725160244e-001 -7.3329869962e+000
204 175 51
2 4 68 167.9600 -120.8200 1 84 200.2200 -67.2300
4.1101738602e-001 1.3168644419e-002 -5.9758256561e+000
77 0 0
3 4 72 63.6400 -12.6800 1 71 39.2000 3.1000 3 103 40.3600 -4.5400
-8.0343706596e-001 -2.7360293306e-001 -5.1049454538e+000
18 22 29
3 4 78 -50.1800 27.7000 1 90 -115.2900 3.8900 3 107 -129.0300 44.1000
-8.0343706596e-001 -2.7360293306e-001 -5.1049454538e+000
18 22 29
3 4 79 -50.1800 27.7000 1 91 -115.2900 3.8900 3 108 -129.0300 44.1000
-8.2152592162e-001 4.9306113466e-001 -4.6369473382e+000
27 24 32
2 4 88 -80.7900 149.8800 1 132 -150.5500 95.0500
1.2432739593e+000 1.8074955220e-001 -8.3702960807e+000
14 12 13
3 4 102 76.0600 -146.2100 1 107 144.9300 -107.2000 3 122 153.9200 -190.1600
1.9292911257e+000 -8.7648910176e-001 -6.8467438770e+000
214 186 51
3 4 104 228.0000 -121.6200 1 109 242.0200 -56.8800 3 95 269.1900 -88.3600
-8.4807931661e-001 -3.1968915655e-001 -5.1847418417e+000
183 214 248
3 4 113 -55.4800 13.2300 1 118 -115.7600 -8.6200 3 106 -132.0000 30.1400
1.8523391371e+000 -6.9131795276e-001 -7.0178571683e+000
205 179 50
2 4 140 204.4100 -119.0500 1 108 224.3800 -59.6100
1.5619730842e+000 -1.2929887809e-001 -7.7754452984e+000
163 141 40
3 4 162 128.6500 -128.1600 1 212 176.4700 -82.7100 3 185 192.6100 -149.3100
-1.8880307034e+000 3.5084257692e+000 -1.0893606148e+001
20 17 19
2 4 165 -235.5400 -114.6900 1 206 -81.4300 -130.7900
4.3673170937e-002 1.1738582929e+001 -1.1083936050e+001
99 95 115
2 4 211 -199.5300 153.4300 1 251 -69.7400 112.2400
1.5780784441e+000 -4.4374853822e-001 -7.6750003419e+000
192 169 53
3 4 226 147.3400 -146.2200 1 286 191.4300 -95.5600 3 265 210.2000 -157.7200
1.9000324254e+000 -1.0461924259e+000 -6.8489076135e+000
209 182 55
3 4 232 236.5100 -135.3800 1 292 247.9600 -71.0900 3 290 279.6600 -99.8200
-2.0389681604e+000 5.5389892691e+000 -1.1003868090e+001
0 55 99
3 4 237 -260.2400 -30.2900 1 294 -105.6900 -63.4900 3 260 -127.5700 -190.7600
9.4606401393e-001 4.3149050488e-001 -9.0113874485e+000
131 125 145
2 4 312 33.5300 -165.9800 1 415 120.6300 -133.8100
2.2716194214e+000 -7.1613779141e-002 -6.0922503975e+000
189 156 47
3 4 338 237.2400 1.2100 1 476 224.9500 64.6700 3 452 245.0700 37.4000
2.2716194214e+000 -7.1613779141e-002 -6.0922503975e+000
189 156 47
3 4 339 237.2400 1.2100 1 477 224.9500 64.6700 3 453 245.0700 37.4000
-8.4863627315e-001 -2.3128679168e-001 -5.0710358873e+000
21 33 77
3 4 358 -58.4400 34.2400 1 316 -122.2100 8.4900 3 454 -137.2800 48.6400
-7.4420493823e-001 -2.1010554965e-001 -5.0407301404e+000
171 224 254
3 4 362 -44.0000 42.4300 1 449 -112.3200 16.6700 3 458 -123.9000 57.1900
-8.3876447876e-001 4.3463510188e-001 -4.6646714038e+000
250 255 255
2 4 396 -81.0800 141.9200 1 491 -150.3900 88.2500
-8.3876447876e-001 4.3463510188e-001 -4.6646714038e+000
250 255 255
2 4 397 -81.0800 141.9200 1 492 -150.3900 88.2500
-7.5267374781e-001 1.0208346050e+000 -1.0224899214e+001
35 32 34
2 4 430 -120.8300 -212.5700 1 550 8.2000 -198.7700
-2.9007375811e+000 3.1382768824e+000 -1.2086375799e+001
62 62 69
2 4 439 -291.0600 -191.8800 1 778 -105.9600 -203.8000
8.9653283759e-001 3.0303326808e-001 -9.1633136433e+000
152 141 157
2 4 441 31.6700 -183.0000 1 562 122.9000 -149.4400
-2.7449001592e+000 3.1883408660e+000 -1.1914078613e+001
76 70 81
2 4 443 -282.6400 -180.9500 1 552 -102.0500 -193.7800
-2.7449001592e+000 3.1883408660e+000 -1.1914078613e+001
76 70 81
2 4 444 -282.6400 -180.9500 1 553 -102.0500 -193.7800
1.1950956473e+000 -1.1217354855e-001 -8.5606553523e+000
19 16 22
3 4 445 80.2400 -177.3700 1 565 153.6300 -136.3200 3 513 164.5200 -224.3500
9.1820882648e-001 4.6487650048e-001 -9.0915774965e+000
137 130 141
2 4 449 29.0600 -168.5000 1 566 118.4500 -135.9700
8.8094917809e-001 6.0207100399e-001 -9.1500110338e+000
131 122 140
2 4 452 21.0400 -162.8500 1 568 112.2000 -132.0200
8.8094917809e-001 6.0207100399e-001 -9.1500110338e+000
131 122 140
2 4 453 21.0400 -162.8500 1 569 112.2000 -132.0200
9.0504232612e-001 5.7218537857e-001 -9.0857572057e+000
129 121 134
3 4 454 24.9000 -161.0100 1 570 114.2000 -130.2400 3 752 116.7600 -231.2800
9.7655363283e-001 5.9791691447e-001 -8.9440959394e+000
106 98 116
3 4 459 31.3600 -151.6200 1 576 116.7000 -119.7500 3 758 120.4000 -217.7800
9.7645336281e-001 5.9677129382e-001 -8.9419096285e+000
106 98 116
2 4 460 31.3600 -151.6200 1 577 116.7000 -119.7500
1.6784352879e+000 -4.5637061372e-001 -7.4892465992e+000
196 174 54
3 4 471 161.9600 -133.9400 1 591 199.0600 -81.1600 3 554 219.6400 -138.3000
1.7510670517e+000 -6.3447410022e-001 -7.2755234522e+000
151 121 101
3 4 473 183.7800 -132.8200 1 594 213.5300 -77.3900 3 570 236.4500 -125.1900
1.7802187772e+000 -5.0435812856e-001 -7.2370021517e+000
97 65 42
3 4 478 180.4700 -119.7500 1 599 209.1500 -64.9600 3 575 231.0900 -113.1900
1.6960691732e+000 -3.1653638435e-001 -7.4445280808e+000
196 174 50
3 4 479 157.4600 -120.0400 1 596 193.9600 -69.3000 3 569 212.9200 -125.4800
2.1565147884e+000 -8.1440654376e-001 -6.3389120756e+000
165 135 20
3 4 495 264.9500 -74.9600 1 630 258.8800 -4.9600 3 604 287.1700 -21.4700
2.1565147884e+000 -8.1440654376e-001 -6.3389120756e+000
165 135 20
3 4 496 264.9500 -74.9600 1 631 258.8800 -4.9600 3 605 287.1700 -21.4700
2.1771447495e+000 -6.1548435760e-001 -6.3124269341e+000
232 197 67
2 4 504 254.8200 -57.0600 1 644 248.4400 11.1900
-5.8800148150e-001 -1.9552435908e-001 -4.9901582244e+000
131 82 103
2 4 547 -21.7100 52.2900 1 661 -96.5900 30.1100
9.4302488985e-001 2.2497258603e-001 -9.0807228070e+000
157 148 161
2 4 715 39.1000 -183.4800 1 798 127.9200 -149.0000
9.5439019187e-001 3.3575844357e-001 -9.0338588176e+000
143 134 153
2 4 722 36.9700 -173.5100 1 809 124.5800 -139.9500
1.2262171933e+000 -9.4505926484e-002 -8.4874687839e+000
154 152 169
2 4 729 83.5800 -171.6600 1 821 154.6000 -130.5100
9.5413792877e-001 3.6655043668e-001 -9.0240261942e+000
139 132 148
2 4 730 36.0600 -171.0900 1 814 123.4400 -137.5800
-2.3392108983e+000 3.2393015943e+000 -1.1583407158e+001
77 71 82
2 4 739 -258.8600 -160.7200 1 790 -88.5200 -173.6800
-2.3392108983e+000 3.2393015943e+000 -1.1583407158e+001
77 71 82
2 4 740 -258.8600 -160.7200 1 791 -88.5200 -173.6800
9.9478149133e-001 4.8772318876e-001 -8.9259061799e+000
54 50 67
2 4 743 36.6000 -157.5800 1 826 121.3300 -124.7100
9.9478149133e-001 4.8772318876e-001 -8.9259061799e+000
54 50 67
2 4 744 36.6000 -157.5800 1 827 121.3300 -124.7100
1.4712137771e+000 -3.5057933139e-001 -7.9276995745e+000
32 17 0
2 4 747 127.2000 -155.6800 1 835 179.9800 -108.2700
1.0647602831e+000 5.3398798189e-001 -8.7794862163e+000
36 28 38
3 4 757 42.7500 -145.9500 1 831 123.2700 -112.9600 3 761 128.3200 -207.0600
2.1161170681e+000 -8.4331622730e-001 -6.4309825688e+000
163 172 126
2 4 790 259.5200 -84.7100 1 884 256.7700 -16.0700
2.1927446901e+000 -6.1085089449e-001 -6.2728654379e+000
184 153 41
2 4 803 257.5400 -53.2200 1 914 249.6100 15.1200
-9.8361904536e-001 -3.8188750231e-001 -5.3198161361e+000
221 170 181
3 4 823 -74.6200 -11.4400 1 606 -123.3800 -31.4700 3 623 -144.9200 5.6400
-8.0859597200e-001 -3.3931083682e-001 -5.2047025194e+000
242 236 249
2 4 838 -49.5300 9.6400 1 888 -109.6100 -10.0500
-3.6612421174e-002 2.5524636569e-001 -5.5902639247e+000
200 164 176
3 4 854 12.3900 34.8300 1 936 -25.3400 30.8500 3 899 -27.0000 31.5600
-3.8554821647e-002 2.5566376597e-001 -5.5914683031e+000
200 164 176
2 4 855 12.3900 34.8300 1 937 -25.3400 30.8500
-4.1902736166e-002 1.0991829584e+001 -1.1148906111e+001
9 9 9
2 4 933 -197.9300 134.9800 1 715 -66.3900 96.4500
-8.4897995950e-001 4.5278128745e-001 -4.7241355090e+000
68 96 145
2 4 935 -83.9300 135.9500 1 702 -148.8500 82.9300
-7.8521976367e-001 4.6248010846e-001 -4.5743181898e+000
216 206 238
2 4 962 -73.6700 155.6900 1 1012 -149.2200 101.3200
3.4949616115e+000 5.6725956668e+000 -7.0742083982e+000
114 102 120
2 4 1026 66.5100 194.2900 1 1088 112.0900 217.9000
2.0228166750e+000 9.7807928607e+000 -9.1003499972e+000
65 37 54
2 4 1027 -94.8500 194.1900 1 746 -2.5200 174.8100
3.1082731925e+000 7.8430029414e+000 -8.0580940276e+000
105 98 117
2 4 1035 -10.1700 199.2200 1 1076 59.2700 202.5100
2.9839721062e+000 8.8054338760e+000 -8.2452840087e+000
47 36 36
2 4 1065 -33.8200 212.1800 1 1077 40.4300 208.0300
1.8917502270e+000 -1.1974375738e+000 -6.8519252493e+000
61 40 0
3 4 1185 245.3600 -149.2300 1 844 256.9700 -82.4500 3 1152 290.0500 -109.5900
1.9401832708e+000 -1.0094012014e+000 -6.7930344945e+000
56 25 0
3 4 1196 240.0000 -127.9300 1 862 250.1000 -62.2900 3 835 280.4600 -90.1500
1.5580000521e+000 3.6808082623e-003 -7.7665769498e+000
37 26 1
2 4 1202 122.3200 -118.6600 1 854 170.6600 -73.9600
-6.9311378932e-001 -2.3117809133e-001 -5.0815740983e+000
164 184 222
3 4 1301 -36.1700 36.7400 1 912 -103.9100 14.0400 3 1258 -115.8000 52.6800
3.2994399451e+000 5.7485672459e+000 -7.6752761418e+000
112 99 115
2 4 1492 47.0600 164.0600 1 1065 105.8200 184.4200
3.3773588619e+000 7.2416092592e+000 -7.2732078185e+000
48 36 43
2 4 1701 21.3600 223.7500 1 1101 74.4900 233.5600
2.6297941310e+000 1.3904716064e+000 -5.0929896049e+000
215 191 131
2 4 45 215.5600 172.5300 3 61 188.2900 175.8800
-2.0376807739e+000 5.8447200820e+000 -1.0368449986e+001
143 134 155
2 4 58 -265.9700 8.3700 3 38 -138.2600 -153.0600
-2.0376807739e+000 5.8447200820e+000 -1.0368449986e+001
143 134 155
2 4 59 -265.9700 8.3700 3 39 -138.2600 -153.0600
2.5511079434e+000 1.6742598209e+000 -5.0697546775e+000
142 117 14
2 4 92 194.5300 187.5400 3 117 168.4300 179.0800
1.6204433054e+000 -4.2643656768e-001 -7.5746768290e+000
146 105 63
2 4 160 152.7600 -137.9100 3 186 212.8500 -146.0000
-8.1056382188e-001 5.8817679432e+000 -1.0483445575e+001
100 93 109
2 4 174 -193.5100 14.6100 3 278 -72.5000 -137.7500
-1.8503031558e+000 5.8780517213e+000 -1.0185845051e+001
14 83 115
2 4 176 -256.2800 18.7600 3 272 -130.7600 -140.3500
-7.1465604631e-001 -2.2921879662e-001 -5.0580929441e+000
186 219 250
2 4 182 -38.6600 39.4200 3 332 -119.7500 54.7400
2.5430955045e+000 1.9022089024e-001 -5.3020689692e+000
243 49 76
3 4 202 275.1400 86.9900 1 200 231.4600 159.0600 3 239 248.8700 137.0300
2.5577071685e+000 3.0964756480e-001 -5.2739726259e+000
239 52 74
2 4 203 269.3600 97.0200 1 262 225.5700 167.4200
2.6251690855e+000 4.7318476366e-001 -5.1768845151e+000
198 96 122
3 4 207 268.3400 116.6100 1 264 221.5900 185.6400 3 361 238.5000 156.8200
1.0103336945e+000 4.8241713263e-001 -8.8068400021e+000
101 95 111
2 4 225 39.7000 -151.9200 3 258 126.1700 -213.2500
1.5313070598e+000 -3.0863585309e-001 -7.8035552219e+000
182 161 43
2 4 229 133.5600 -144.0500 3 264 199.2400 -162.8200
1.5212182627e+000 -1.7804012560e-001 -7.8430757692e+000
123 108 54
2 4 231 125.7600 -136.7800 3 377 191.6500 -159.1300
-7.0251537622e-001 -1.8903774710e-001 -4.9697110328e+000
233 173 180
2 4 254 -37.7600 53.4800 3 337 -121.4000 68.4800
-2.7618517091e-002 8.3858353363e+000 -1.1603160887e+001
89 73 85
2 4 257 -176.2900 54.5500 3 283 -42.8600 -111.4900
-2.7618517091e-002 8.3858353363e+000 -1.1603160887e+001
89 73 85
2 4 258 -176.2900 54.5500 3 284 -42.8600 -111.4900
2.5441762244e+000 -2.0479275947e-001 -5.3097233568e+000
239 48 75
3 4 260 302.1800 61.2900 1 374 256.6300 138.6300 3 359 276.4900 129.6800
-3.2081458651e-002 8.6653027684e+000 -1.1525117784e+001
114 71 90
2 4 264 -178.9400 65.1000 3 287 -46.0700 -102.9800
-9.6365769255e-001 8.5800373042e+000 -1.1158472253e+001
106 58 71
2 4 265 -222.4800 72.0800 3 289 -88.9800 -103.3200
2.5855448449e+000 -2.0179597419e-002 -5.1892241217e+000
226 104 34
2 4 268 298.1800 84.5700 1 383 248.0500 161.5800
2.5968321414e+000 3.8106991863e-001 -5.1894958299e+000
239 198 213
2 4 275 271.3700 109.8200 1 389 224.7900 179.3700
2.6731157007e+000 4.2222815679e-001 -4.9798600660e+000
237 47 65
2 4 282 283.6900 131.7800 3 363 244.3100 179.3300
1.2104289572e+000 -2.6893844671e-002 -8.5153958694e+000
19 14 18
2 4 310 79.0700 -168.5400 3 367 161.6700 -215.1200
1.2867999662e+000 2.8905215678e-001 -8.3348278662e+000
10 10 8
2 4 324 76.6100 -135.3400 3 373 152.7400 -180.6700
-2.1138083762e+000 5.7092506997e+000 -1.0500395780e+001
28 83 109
2 4 337 -268.8900 -3.1200 3 374 -139.9600 -164.3200
-2.0411366860e+000 5.7953219980e+000 -1.0308805958e+001
146 135 156
2 4 341 -266.0500 9.2400 3 380 -139.3800 -152.0700
-2.2540006276e+000 5.8115554809e+000 -1.0207626987e+001
6 10 11
2 4 343 -279.6700 12.8100 3 382 -152.6300 -150.6800
-2.1597282609e+000 5.8398253991e+000 -1.0178592183e+001
24 87 121
2 4 345 -274.4300 15.7300 3 385 -147.8600 -146.7500
-1.1002864699e+000 5.8886380993e+000 -1.0370131191e+001
99 93 111
2 4 348 -210.5800 17.3900 3 388 -89.0500 -136.9800
2.5598405014e+000 1.0691733062e-001 -5.2811114800e+000
235 203 216
3 4 377 283.3500 84.3700 1 523 238.2600 157.4900 3 701 255.6000 138.2400
-6.6936113083e-002 1.0361424346e+001 -1.1623832709e+001
7 8 7
2 4 387 -194.2600 103.7500 3 405 -58.1200 -75.1700
2.6966366311e+000 5.3901675429e-001 -5.0426650121e+000
227 120 55
2 4 391 275.2600 133.0600 3 362 239.6800 173.8600
1.2447220719e+000 2.9296574868e-001 -8.4362573859e+000
11 9 11
2 4 465 71.0600 -141.3500 3 526 150.0000 -189.3900
-2.2394490937e+000 5.7482906087e+000 -1.0426514005e+001
20 77 100
2 4 524 -277.1300 0.6700 3 536 -148.0800 -162.0200
-2.2128337004e+000 5.7863951360e+000 -1.0294299688e+001
29 87 115
2 4 526 -276.6200 8.1300 3 539 -148.7900 -154.4500
-1.7855027081e+000 5.8335718272e+000 -1.0274652265e+001
7 22 29
2 4 530 -251.1100 14.1200 3 547 -126.2500 -145.1400
-1.9789520922e+000 5.8267295457e+000 -1.0216178768e+001
0 33 53
2 4 531 -263.0600 14.9700 3 782 -137.5100 -145.8800
-1.4918714097e+000 5.8684923810e+000 -1.0318436601e+001
123 110 133
2 4 532 -233.5600 15.8600 3 551 -110.2300 -141.4600
-6.7605605960e-001 -2.1344019346e-001 -5.0647618596e+000
238 220 239
2 4 540 -34.5300 40.4500 3 651 -114.1600 56.2800
-6.4074107641e-001 -2.2300908364e-001 -5.0419936746e+000
200 139 153
2 4 541 -28.4500 43.0300 3 461 -110.3000 59.9200
2.5220908999e+000 -1.3532864842e-001 -5.3872267429e+000
240 208 219
3 4 552 292.1000 58.7000 1 734 249.9300 134.0800 3 943 269.6400 120.9600
-9.1266776131e-002 8.4435826220e+000 -1.1530790433e+001
37 43 74
2 4 553 -179.7100 58.5400 3 817 -46.7900 -108.5100
-1.0363993192e+000 3.0038694536e-001 -4.7511783299e+000
248 186 198
2 4 587 -104.8200 117.8800 3 929 -175.4200 98.7300
4.2179441975e+000 1.9158667201e+000 -5.2151259308e+000
151 136 157
2 4 643 290.6900 188.9000 3 987 289.1500 199.0000
4.2767683974e+000 1.9848945084e+000 -5.0611227984e+000
155 144 167
2 4 655 295.8400 203.5300 3 733 288.9500 213.6400
9.7659808626e-001 6.6720812079e-001 -8.9240812421e+000
98 84 98
2 4 759 29.3700 -145.9500 3 1069 117.7500 -212.5000
1.6572777556e+000 -4.3135419599e-001 -7.5195564072e+000
135 99 34
2 4 774 157.9000 -134.0000 3 1121 216.2100 -140.1900
1.6521275841e+000 -3.8015386229e-001 -7.5453583883e+000
177 139 59
2 4 775 154.1200 -131.7900 3 792 212.9600 -139.7900
2.1472767328e+000 -8.6966272773e-001 -6.3504156208e+000
179 148 30
2 4 791 267.3800 -80.5400 3 870 290.5900 -25.6500
2.1472767328e+000 -8.6966272773e-001 -6.3504156208e+000
179 148 30
2 4 792 267.3800 -80.5400 3 871 290.5900 -25.6500
9.6159786644e-001 -5.4778131542e-001 -5.6150742289e+000
179 101 102
2 4 816 167.2100 -16.7100 3 637 123.0800 33.1100
-1.2772329962e+000 5.8717274328e+000 -1.0429507421e+001
6 14 52
2 4 840 -220.6400 12.7700 3 785 -97.3100 -142.8300
2.5145371700e+000 -3.7754386727e-001 -5.4096496201e+000
251 197 214
2 4 859 307.7800 39.7200 1 1026 264.9400 119.2900
2.5386391580e+000 -1.5424038012e-001 -5.3358138602e+000
253 187 208
2 4 869 297.1200 62.2600 1 1037 252.5400 138.6500
2.5612175279e+000 2.0983565935e-001 -5.2503151182e+000
237 204 216
2 4 900 277.4200 93.5600 1 1055 231.7700 164.9300
-1.0640945939e+000 3.1274640748e-001 -4.7667934584e+000
214 142 155
2 4 911 -109.4200 116.6000 3 1293 -178.3700 96.1600
1.2158802730e+000 1.0725845678e-001 -8.4769070825e+000
19 14 21
2 4 1169 75.0800 -156.9300 3 1077 155.8300 -203.9700
1.2158802730e+000 1.0725845678e-001 -8.4769070825e+000
19 14 21
2 4 1170 75.0800 -156.9300 3 1078 155.8300 -203.9700
1.0802859547e+000 4.1356062387e-001 -8.7712184504e+000
97 94 107
2 4 1178 48.1200 -153.2800 3 1065 134.2700 -212.6300
1.6803506563e+000 -5.1150904334e-001 -7.4541858160e+000
162 133 28
2 4 1193 165.6800 -135.8900 3 1130 222.9100 -137.7400
-2.8785919180e+000 5.5186324231e+000 -1.1130817987e+001
34 34 34
2 4 1227 -309.8800 -43.8700 3 1071 -170.5300 -210.6800
-2.8785919180e+000 5.5186324231e+000 -1.1130817987e+001
34 34 34
2 4 1228 -309.8800 -43.8700 3 1072 -170.5300 -210.6800
-3.7209116432e-001 8.4977806767e+000 -1.1371741053e+001
121 97 118
2 4 1326 -193.5300 64.4100 3 1159 -60.6200 -104.9900
1.9027989486e+000 -1.0637186111e+000 -6.9214329437e+000
32 12 0
2 1 59 249.1800 -76.9500 3 69 281.8200 -108.5100
-4.7486299531e+000 7.5257224410e+000 -9.8400713335e+000
6 6 6
2 1 65 -257.3000 -15.0100 3 66 -283.3600 -126.3600
-6.7842556231e-001 -3.7483874079e-001 -5.4311329138e+000
167 122 138
2 1 113 -83.7600 -26.3400 3 104 -99.5700 3.1700
-4.5395644033e+000 7.1728210997e+000 -9.9952489612e+000
120 94 95
2 1 114 -245.1100 -26.5700 3 130 -272.1000 -138.9200
-3.8700266401e+000 1.0538048847e+001 -8.8954260857e+000
86 66 67
2 1 134 -241.1100 102.3300 3 102 -242.3200 -18.0000
-3.6112530348e+000 1.1994819210e+001 -8.7603548477e+000
75 71 88
2 1 138 -233.9900 136.9800 3 143 -229.0300 9.7100
2.1140706546e+000 -5.9367664209e-001 -6.3873932976e+000
203 173 53
2 1 164 241.3900 3.7800 3 314 266.1900 -18.7500
-2.5974814071e-001 8.4876643762e-002 -5.5925886659e+000
180 165 182
2 1 166 -43.4000 10.8300 3 144 -49.7600 17.5600
-4.9676681635e+000 9.4353831626e+000 -9.4611215634e+000
63 61 75
2 1 180 -272.9600 42.3400 3 205 -286.9000 -72.0400
-4.8055039913e+000 1.0735461669e+001 -9.2204300475e+000
66 63 74
2 1 186 -269.7300 80.7500 3 311 -275.9100 -38.1700
-3.6613692695e+000 1.1391095388e+001 -9.6283713864e+000
93 85 109
2 1 194 -219.5300 97.8200 3 138 -221.7000 -30.0000
-4.1259675102e+000 1.0676341055e+001 -8.8917476274e+000
6 6 7
2 1 195 -250.8500 101.0800 3 209 -252.6200 -18.7900
-6.2350954660e+000 9.5551061827e+000 -1.2546431295e+001
5 7 4
2 1 213 -256.1700 -62.7400 3 120 -291.6700 -196.4100
1.4380104210e+000 -3.3169501116e-001 -6.9179609208e+000
118 78 86
2 1 217 167.4900 -45.7900 3 203 182.7200 -84.8200
-4.6582018235e+000 7.8711849396e+000 -9.6565497989e+000
56 59 75
2 1 226 -257.7500 2.1400 3 286 -279.5800 -108.9700
-4.6582018235e+000 7.8711849396e+000 -9.6565497989e+000
56 59 75
2 1 227 -257.7500 2.1400 3 285 -279.5800 -108.9700
8.4647764380e-002 2.3236502217e-001 -5.7946444217e+000
193 30 47
2 1 231 -4.9100 18.2600 3 214 -8.9200 11.9000
-4.5235930673e+000 8.5369076938e+000 -9.3389134830e+000
44 46 61
2 1 235 -258.7600 32.4300 3 305 -274.3900 -79.2200
-3.5161410256e+000 1.1751275543e+001 -9.7245772362e+000
31 26 31
2 1 247 -213.1400 103.4300 3 419 -213.9400 -26.6000
-3.4117564484e+000 5.5603157579e+000 -1.1020163332e+001
44 44 54
2 1 288 -168.4800 -89.4700 3 369 -201.0200 -213.4500
1.9545440521e+000 -8.6069417518e-001 -6.7294572759e+000
57 34 9
2 1 297 242.8000 -46.6800 3 306 270.3700 -74.3600
-9.2543302110e-001 -4.0254520285e-001 -5.3623787895e+000
117 76 99
2 1 302 -114.5600 -34.2500 3 317 -135.1100 1.2400
-5.0291181862e+000 7.5578508144e+000 -1.0001072274e+001
5 5 7
2 1 308 -265.0500 -24.2300 3 559 -294.4200 -136.3600
-7.0997034819e-001 -3.6319217868e-001 -5.2487761717e+000
220 160 173
2 1 310 -95.6300 -11.2400 3 326 -110.3600 25.6800
2.0620985658e+000 -5.0509339894e-001 -6.5200415759e+000
86 51 4
2 1 311 231.7400 -3.0700 3 417 255.3100 -30.9600
-3.9064075014e+000 8.3054492207e+000 -1.0256657649e+001
77 73 97
2 1 315 -213.3400 6.9400 3 282 -231.9400 -113.0700
-4.6878259730e+000 8.0419526857e+000 -9.3977801407e+000
6 2 6
2 1 318 -264.8100 14.9000 3 299 -284.4900 -94.6000
-4.1873718163e+000 8.2707771578e+000 -9.6168667977e+000
43 32 34
2 1 321 -238.6800 22.1900 3 399 -255.3200 -91.7600
-3.7294375418e-001 -1.5235477426e-001 -5.1519109406e+000
146 95 110
2 1 322 -66.2700 28.1500 3 333 -71.9900 58.0300
-5.5970178489e-001 -1.9219854073e-001 -4.9482138524e+000
207 159 171
2 1 324 -95.4200 35.5200 3 473 -102.7500 76.2800
-3.3881689403e+000 1.1589958930e+001 -1.0021120183e+001
13 13 17
2 1 347 -203.3000 93.2500 3 412 -205.6400 -37.8500
-4.6631610077e+000 1.2292250992e+001 -8.9244014767e+000
59 53 65
2 1 362 -267.9900 121.1600 3 617 -266.6500 -3.5800
2.5231338900e+000 -3.7687737887e-001 -5.3665436766e+000
208 42 65
2 1 364 265.7200 123.7900 3 353 287.6500 118.5500
-4.1095073153e+000 1.1661987102e+001 -8.5085342086e+000
27 29 45
2 1 368 -256.9600 132.1800 3 436 -253.1900 9.3000
2.5766006902e+000 -1.5825402586e-001 -5.2397869530e+000
204 95 45
2 1 378 256.1700 149.5800 3 493 276.1800 139.3500
8.4992387659e-001 1.0312301531e+000 -9.1098098291e+000
46 19 26
2 1 419 96.5400 -108.0400 3 370 97.6200 -209.4800
2.0795601090e+000 -5.4117217715e-001 -6.4114047039e+000
92 54 5
2 1 442 234.7000 3.8200 3 422 259.2800 -20.3100
-7.2526103762e-001 -2.1412187783e-001 -5.0814048169e+000
150 201 244
2 1 445 -108.2900 13.7600 3 647 -119.8800 52.3400
-4.6025973943e+000 8.1249642591e+000 -9.4804453835e+000
51 53 68
2 1 446 -259.1600 15.7900 3 397 -278.3900 -95.0300
-4.1131167696e+000 8.3918217368e+000 -9.4885383819e+000
36 26 30
2 1 453 -238.3600 30.8700 3 585 -253.3700 -82.8700
-4.1131167696e+000 8.3918217368e+000 -9.4885383819e+000
36 26 30
2 1 454 -238.3600 30.8700 3 586 -253.3700 -82.8700
1.4038135006e-002 4.6301529928e-001 -5.4771340262e+000
162 131 145
2 1 468 -29.6000 54.6200 3 646 -29.1900 51.9700
-4.8852970130e+000 1.0153613091e+001 -9.3493754726e+000
10 10 11
2 1 475 -271.2000 63.2200 3 592 -280.4200 -53.6200
2.1758241666e+000 4.9935050323e-001 -6.3100415509e+000
139 92 28
2 1 480 188.3400 73.0900 3 447 204.1900 30.2200
-3.9737415999e+000 1.0118134900e+001 -9.2717639500e+000
27 23 20
2 1 482 -237.3000 79.7300 3 600 -243.2400 -40.2600
-3.9053843453e+000 1.0229951795e+001 -9.1814816376e+000
28 23 24
2 1 488 -236.6900 86.0700 3 864 -240.9900 -34.1500
-3.9053843453e+000 1.0229951795e+001 -9.1814816376e+000
28 23 24
2 1 489 -236.6900 86.0700 3 865 -240.9900 -34.1500
2.4948685021e+000 -6.4296002380e-001 -5.5000512753e+000
212 43 64
2 1 496 281.1700 94.8800 3 478 306.7000 95.1500
-2.9891918034e+000 1.2029114946e+001 -9.8468664197e+000
30 11 15
2 1 504 -193.1400 112.0700 3 607 -191.9300 -21.3300
2.4845736904e+000 1.7075458507e+000 -5.2539551458e+000
106 87 49
2 1 541 149.7200 217.3900 3 961 163.1200 160.5200
8.3113763498e-001 9.3388519580e-001 -9.1335173246e+000
54 12 22
2 1 578 98.7100 -114.7900 3 516 99.1900 -216.6600
1.2355030266e+000 1.9421048790e-001 -8.4607329455e+000
12 10 13
2 1 583 144.2900 -111.3800 3 524 153.6000 -197.1300
1.8840099480e+000 -1.1576085154e+000 -6.8658981176e+000
192 171 54
2 1 589 253.7400 -80.8900 3 576 286.1900 -108.8200
1.6668186499e+000 -1.3148790002e-001 -7.5067159177e+000
27 22 6
2 1 600 183.5200 -62.7000 3 572 200.2900 -122.1600
2.1220611418e+000 -9.8883219571e-001 -6.4076776687e+000
153 123 26
2 1 612 266.6600 -23.7600 3 860 297.4600 -38.8700
2.1220611418e+000 -9.8883219571e-001 -6.4076776687e+000
153 123 26
2 1 613 266.6600 -23.7600 3 861 297.4600 -38.8700
-4.2637863214e+000 7.3456864590e+000 -9.6884939192e+000
47 35 44
2 1 628 -240.1500 -6.3500 3 573 -262.7600 -117.3200
-5.6860659158e-001 -3.1973111191e-001 -5.2323740133e+000
147 91 106
2 1 635 -81.1600 0.0800 3 642 -92.3200 34.7700
2.1657583854e+000 -5.1074589479e-001 -6.3083784608e+000
82 56 15
2 1 648 241.2200 17.3900 3 616 265.2400 -4.9300
-5.1878532849e-001 -2.1302996535e-001 -5.1162686270e+000
145 87 106
2 1 650 -82.6800 20.4600 3 649 -91.4400 55.3400
-3.5453613044e-002 4.7219782742e-001 -5.4867851863e+000
180 147 159
2 1 685 -34.2600 52.3300 3 904 -34.9300 49.6800
-4.3617920474e-001 3.7284569530e-003 -4.7581944549e+000
137 86 105
2 1 692 -93.6600 72.5000 3 936 -95.6400 110.5600
1.4992094607e+000 9.2574653402e-001 -5.3307894911e+000
192 139 153
2 1 741 95.4200 148.0800 3 941 108.1900 119.7400
9.6986819813e-001 5.2916425474e-001 -8.9878232231e+000
101 82 94
2 1 824 118.8500 -126.0800 3 756 122.9400 -224.8300
1.8943255591e+000 -1.1924591550e+000 -6.8573376782e+000
54 29 0
2 1 843 256.9700 -82.4500 3 1151 290.0500 -109.5900
-6.1569706510e+000 9.0710941873e+000 -1.2103130805e+001
35 31 33
2 1 865 -262.5400 -62.5900 3 768 -298.3800 -192.5100
1.8036369925e+000 -4.8092404115e-001 -7.1768698175e+000
139 119 48
2 1 866 209.7600 -58.5000 3 822 231.5500 -105.3000
-9.8915816328e-001 -3.8204938096e-001 -5.3531426169e+000
145 100 121
2 1 872 -122.2800 -34.8400 3 621 -144.6800 0.9100
-8.6171601303e-001 -4.2156457765e-001 -5.3269492933e+000
175 134 145
2 1 875 -108.2200 -29.6300 3 624 -127.7900 7.3600
-1.1739248007e+000 -2.5178184275e-001 -5.1826127597e+000
180 121 143
2 1 882 -153.9900 -19.1200 3 895 -176.9300 21.3500
-6.8777443720e-001 -3.8846181783e-001 -5.3110540039e+000
184 137 149
2 1 883 -89.9400 -17.5400 3 894 -104.6400 17.4600
2.1907077333e+000 -6.1513589684e-001 -6.2691516213e+000
166 136 23
2 1 913 249.6100 15.1200 3 1223 275.4100 -4.0200
-6.4481720143e-001 -2.3059883731e-001 -5.0979016421e+000
205 146 160
2 1 915 -97.8600 14.9200 3 906 -108.3800 52.5500
1.0021504720e+000 -5.6118678151e-001 -5.5355293305e+000
137 85 107
2 1 933 114.5600 29.4000 3 901 127.8400 43.8400
-4.9841107306e-001 -1.9282675915e-001 -4.9677520725e+000
197 143 157
2 1 944 -87.3100 36.5700 3 923 -93.9500 75.8900
-8.7946476860e-001 -5.2772191866e-002 -4.8204239884e+000
146 87 109
2 1 950 -141.0600 41.8100 3 925 -151.6400 85.7500
-4.0455603926e+000 1.1801943412e+001 -8.3608752834e+000
50 52 58
2 1 1040 -257.4500 140.4700 3 1239 -251.9500 17.1800
-4.0455603926e+000 1.1801943412e+001 -8.3608752834e+000
50 52 58
2 1 1041 -257.4500 140.4700 3 1240 -251.9500 17.1800
2.5667556597e+000 6.5167524290e-002 -5.2259872621e+000
195 54 70
2 1 1052 241.2900 160.9900 3 1319 258.9200 144.4000
