# Bundle file v0.3
9 495
0 0 0
0 0 0
0 0 0
0 0 0
0 0 0
0 0 0
0 0 0
0 0 0
0 0 0
0 0 0
0 0 0
0 0 0
0 0 0
0 0 0
0 0 0
0 0 0
0 0 0
0 0 0
0 0 0
0 0 0
0 0 0
0 0 0
0 0 0
0 0 0
0 0 0
6.8345385652e+002 -1.2806775580e-001 -4.8614704814e-002
9.7089398130e-001 9.3847365283e-002 2.2035777523e-001
-8.4825337781e-002 9.9513672205e-001 -5.0075607885e-002
-2.2398557799e-001 2.9926183589e-002 9.7413288847e-001
1.1858847288e+000 -2.8337720304e-001 1.9474431716e-001
6.8169239776e+002 -1.0951753883e-001 -3.5046771808e-002
9.9998358672e-001 3.1789657840e-003 -4.7665991976e-003
-3.1927216597e-003 9.9999075296e-001 -2.8810621898e-003
4.7573963225e-003 2.8962333267e-003 9.9998448939e-001
-8.2093756579e-002 5.9992534138e-003 1.3859918413e-001
6.8197836767e+002 -1.3170278080e-001 2.8127691668e-002
9.9730838632e-001 5.4046977404e-002 4.9547016124e-002
-5.1512094323e-002 9.9736493436e-001 -5.1085143032e-002
-5.2177454055e-002 4.8395370994e-002 9.9746448626e-001
4.9618735717e-001 -6.7070782492e-001 -2.4911407720e-001
6.8148359517e+002 -1.2587465928e-001 -1.8386703655e-002
-9.2457144385e-001 -3.4068771263e-001 -1.7058583670e-001
2.8889354381e-001 -9.1875886942e-001 2.6911458565e-001
-2.4841128308e-001 1.9953451413e-001 9.4788069508e-001
-4.0191654971e-001 2.3727957388e+000 -4.5950891393e-001
1.9222089025e+000 -1.1515829117e+000 -6.8913695570e+000
203 182 70
3 6 325 186.6000 -113.1000 7 505 185.2800 -144.2900 5 350 138.2300 -120.9300
2.1988138578e+000 -8.8693834184e-001 -6.3347565933e+000
221 195 83
4 6 501 232.6100 -94.2900 7 513 231.0500 -133.6600 5 517 191.1200 -107.2700 8 744 -98.2100 198.0700
2.1988138578e+000 -8.8693834184e-001 -6.3347565933e+000
221 195 83
4 6 500 232.6100 -94.2900 7 512 231.0500 -133.6600 5 516 191.1200 -107.2700 8 745 -98.2100 198.0700
2.2189502846e+000 -8.7727427643e-001 -6.2973111489e+000
177 153 51
4 6 778 235.9600 -93.7600 7 766 234.5900 -133.5800 5 514 194.9400 -107.2800 8 1065 -101.3500 199.5400
2.2199287539e+000 -7.7573859757e-001 -6.3148140953e+000
214 189 76
4 6 508 235.6200 -82.6500 7 523 234.7100 -123.2200 5 356 195.4300 -96.4200 8 734 -104.6000 190.6000
2.2281209051e+000 -6.9907772135e-001 -6.2837053722e+000
215 190 73
4 6 328 237.6100 -74.5900 7 359 237.4300 -116.4400 5 360 198.5000 -89.2900 8 529 -109.1800 186.1600
2.2073520318e+000 -8.1466694824e-001 -6.3173883387e+000
215 191 85
4 6 781 234.1700 -86.8000 7 775 233.2700 -126.8800 5 745 193.5500 -100.3000 8 1052 -101.9900 193.4200
2.5297065008e+000 -4.8938038098e-001 -5.4757575924e+000
226 182 185
4 6 163 308.2400 -59.3400 7 183 306.7600 -113.6100 5 173 277.9200 -82.6000 8 262 -171.1900 217.4600
2.1805566716e+000 -9.8235196209e-001 -6.3778760483e+000
212 189 70
4 6 326 228.6500 -104.2400 7 355 227.0900 -141.5600 5 351 186.2800 -115.9600 8 541 -92.3400 203.0300
1.9264751556e+000 -1.1129441490e+000 -6.9001845477e+000
41 28 0
3 6 771 186.9200 -109.1800 7 757 185.5800 -140.7200 5 720 138.6900 -116.9200
1.9264751556e+000 -1.1129441490e+000 -6.9001845477e+000
41 28 0
3 6 772 186.9200 -109.1800 7 758 185.5800 -140.7200 5 721 138.6900 -116.9200
2.5409215160e+000 -3.7604693655e-001 -5.4692227838e+000
234 192 195
3 6 528 309.9400 -45.2700 7 533 309.3700 -101.2900 5 541 281.1000 -69.8300
2.5334643418e+000 -4.2600902207e-001 -5.4864058393e+000
239 180 181
3 6 793 308.0600 -51.3800 7 794 307.1300 -106.4500 5 762 278.5400 -75.1900
2.1240117739e+000 -6.4580179512e-001 -6.4759973540e+000
218 186 68
3 6 46 220.4100 -65.7700 7 51 220.6100 -106.8200 5 27 179.9500 -81.0800
-8.5251399456e-001 4.8345502878e-001 -4.6553718064e+000
21 27 43
3 6 54 -136.5500 75.8500 7 57 -78.7900 13.0600 5 33 -102.4000 82.8100
-8.5100626891e-001 4.8388009863e-001 -4.6550452054e+000
21 27 43
4 6 55 -136.5500 75.8500 7 58 -78.7900 13.0600 5 34 -102.4000 82.8100 8 76 149.5900 63.6800
-8.5251399456e-001 4.8345502878e-001 -4.6553718064e+000
21 27 43
3 6 56 -136.5500 75.8500 7 59 -78.7900 13.0600 5 35 -102.4000 82.8100
-8.1729037264e-001 -2.6013541147e-001 -5.1348723371e+000
23 24 28
3 6 66 -118.7900 -32.0500 7 75 -74.9800 -79.7100 5 49 -112.1700 -31.7400
8.9781379073e-001 3.4020351330e-002 -5.7611956103e+000
210 178 197
3 6 49 101.7700 6.5300 7 54 124.9700 -43.6100 5 51 95.8400 -4.6000
8.9981534718e-002 3.2552818351e-001 -5.6160773449e+000
152 22 32
4 6 53 4.8600 43.2200 7 83 38.3700 -7.9800 5 54 8.7600 41.3300 8 96 43.9400 69.6800
-8.9677614493e-001 5.9491717011e-001 -4.6782752510e+000
192 205 242
4 6 78 -142.5900 91.8000 7 88 -83.9200 29.0700 5 57 -107.5000 101.5400 8 89 152.4500 45.4800
1.0744507199e+000 -3.3377480201e-002 -5.6114793387e+000
180 117 131
3 6 90 126.8000 -0.7900 7 102 147.4500 -54.0300 5 76 122.0400 -16.8300
1.3536625359e+000 1.8350825116e-001 -5.6637417625e+000
188 119 130
3 6 70 159.9400 25.2800 7 80 178.0800 -30.7200 5 77 153.2900 8.0100
1.0305269222e+000 5.4240459130e-001 -5.6128994929e+000
213 193 208
3 6 74 121.3300 70.0900 7 84 147.0700 11.8600 5 82 123.8300 55.4500
1.0305269222e+000 5.4240459130e-001 -5.6128994929e+000
213 193 208
3 6 75 121.3300 70.0900 7 85 147.0700 11.8600 5 83 123.8300 55.4500
3.9812743524e-001 4.6349845069e-001 -5.4926366189e+000
72 2 3
3 6 96 43.5500 61.2900 7 111 77.0400 6.2200 5 84 52.9100 54.8800
-8.3555477176e-001 3.5776412101e-001 -4.7099731116e+000
187 201 240
3 6 73 -132.4300 56.4800 7 110 -77.1000 -4.1500 5 85 -102.0400 61.3800
8.5656353645e-001 5.3474943002e-001 -5.6148242516e+000
95 0 2
3 6 132 99.6900 69.1700 7 147 127.5700 12.0000 5 108 103.5100 56.9400
4.9018531879e-001 9.6543920406e-001 -5.6562104817e+000
163 18 29
3 6 104 53.8900 121.5400 7 113 87.7400 64.4300 5 113 63.7400 115.6700
2.3492777962e+000 -1.1406435914e+000 -5.9765601279e+000
202 197 106
3 6 117 262.0000 -128.6800 7 128 257.7300 -168.6300 5 120 220.9400 -142.5500
1.0258255571e+000 2.6093529219e-002 -5.6887217224e+000
72 5 8
3 6 178 118.7500 4.5900 7 198 140.4500 -45.7800 5 140 114.0100 -6.6900
3.9647925114e-002 4.1785588867e-001 -5.5977159830e+000
225 56 94
3 6 128 -1.7000 54.5100 7 202 32.7700 3.3400 5 150 4.0200 53.7400
3.9647925114e-002 4.1785588867e-001 -5.5977159830e+000
225 56 94
3 6 129 -1.7000 54.5100 7 203 32.7700 3.3400 5 151 4.0200 53.7400
-5.4230148078e-001 4.1073673774e-001 -4.7296511028e+000
108 54 70
3 6 190 -88.7600 64.1400 7 145 -35.6600 0.9700 5 153 -54.9500 65.0900
1.9342854172e-001 6.1997248234e-001 -5.5073439364e+000
217 202 221
3 6 134 17.6700 81.4400 7 149 53.6900 25.9700 5 156 28.5500 77.8500
-9.0159606292e-001 4.7943716403e-001 -4.6358447452e+000
18 20 30
3 6 133 -144.3300 74.7400 7 206 -86.2600 12.5400 5 157 -110.1000 84.1500
4.3347804083e-001 1.0541330086e+000 -5.6603027110e+000
171 150 172
4 6 139 46.7000 132.2400 7 157 81.7400 75.0300 5 163 57.8600 127.6000 8 149 -23.5700 0.6800
2.5357038020e+000 -4.9027004973e-001 -5.4857577088e+000
226 182 185
3 6 164 308.2400 -59.3400 7 184 306.7600 -113.6100 5 174 277.9200 -82.6000
9.3426290902e-001 -9.2603173694e-002 -5.6971427674e+000
51 9 18
3 6 242 107.6200 -8.8500 7 256 129.1300 -58.8000 5 198 101.5000 -20.9700
8.5024361596e-001 1.0762349670e-001 -5.8051917153e+000
139 29 46
3 6 248 95.5400 14.7800 7 263 118.5500 -34.3900 5 206 89.8800 5.3600
-4.5685960341e-001 2.8002283317e-001 -4.6782412733e+000
157 99 113
4 6 186 -77.4700 45.5000 7 269 -24.4800 -18.2400 5 208 -42.0100 42.7400 8 335 103.7300 103.6900
1.0763069598e+000 6.3241348222e-001 -5.6316179761e+000
44 9 7
4 6 194 125.6800 80.3800 7 148 152.5500 21.9900 5 214 129.4700 65.8900 8 161 -75.0800 66.8900
1.5431889891e-001 5.4786517083e-001 -5.4927346128e+000
82 11 26
3 6 193 12.9700 72.6000 7 283 48.4200 17.4500 5 217 23.2900 69.1500
-5.5750359910e-001 4.5347128779e-001 -4.7203022581e+000
235 181 195
3 6 192 -91.0500 70.9400 7 277 -37.4700 6.7600 5 218 -56.6200 72.0500
-9.4070528646e-001 4.3241624465e-001 -4.6808289900e+000
183 230 255
4 6 258 -149.1900 67.5700 7 278 -91.4000 6.6400 5 222 -117.6500 75.7400 8 322 164.9400 65.3500
-8.7335900697e-001 5.5043830782e-001 -4.5487044263e+000
179 225 255
3 6 264 -142.4100 86.7700 7 290 -84.4100 23.2000 5 224 -102.1800 95.9100
-8.9756974150e-001 6.1209940079e-001 -4.6593103643e+000
243 231 243
3 6 266 -142.9300 95.1500 7 293 -84.1800 31.5200 5 225 -107.9100 104.4700
-8.0382119956e-001 7.1664650850e-001 -4.6103128495e+000
225 165 177
4 6 273 -130.7700 111.6500 7 296 -70.8500 45.9700 5 226 -90.6000 120.5900 8 312 132.3200 36.5600
9.8538829930e-001 -4.3187853571e-002 -5.7147721948e+000
66 13 22
3 6 358 113.6800 -2.4400 7 381 134.6200 -53.5200 5 273 106.9800 -15.3900
1.2657238897e+000 7.1116086555e-002 -5.6108593449e+000
95 35 39
3 6 247 150.5600 11.3200 7 261 169.3300 -43.5800 5 275 145.0500 -4.7300
1.1432182962e+000 7.7906473732e-002 -5.6646589911e+000
172 101 113
3 6 361 133.9200 11.7800 7 262 154.3900 -41.2100 5 276 128.7700 -2.2400
6.8379853244e-001 1.7325642824e-001 -5.7551878012e+000
115 4 13
3 6 253 76.3100 23.5200 7 268 101.9800 -26.8800 5 283 73.4000 14.4700
9.3580017191e-001 5.7780888353e-001 -5.6010349868e+000
104 11 16
4 6 260 110.2900 74.3800 7 281 137.0500 16.5800 5 296 114.2400 61.6900 8 217 -57.9000 69.9400
-5.5924261405e-002 5.8012323739e-001 -5.5028416065e+000
108 9 22
3 6 263 -13.8400 76.4200 7 287 23.5600 22.9300 5 297 -3.4300 76.3000
-8.6315489676e-001 4.5097868517e-001 -4.6696851404e+000
255 254 254
4 6 259 -137.4700 70.8400 7 279 -80.3100 8.8500 5 298 -104.9900 77.5000 8 323 153.5300 66.9600
5.7623770855e-001 9.2568352231e-001 -5.6637767106e+000
153 14 28
4 6 403 64.1100 116.7400 7 429 96.8800 59.5500 5 304 73.7400 108.4200 8 449 -33.4000 19.1300
-9.0506174578e-001 7.2673670643e-001 -4.6265962726e+000
227 167 179
3 6 401 -144.7900 112.9700 7 421 -85.0800 47.8700 5 312 -106.8300 124.0400
-1.0134826372e+000 7.2563058051e-001 -4.6394430385e+000
133 74 96
3 6 602 -160.5600 112.1700 7 422 -100.0800 48.4600 5 313 -125.0400 125.9000
4.6498784094e-001 1.1002342852e+000 -5.6533467638e+000
166 22 33
4 6 277 50.8700 137.9600 7 302 85.7600 80.2600 5 314 62.4300 133.1100 8 298 -28.8500 -2.9700
1.6052190119e+000 1.2482049267e+000 -5.3922912913e+000
69 31 28
3 6 199 198.3500 161.6800 7 218 225.5000 90.9100 5 315 208.4500 136.3100
1.6052190119e+000 1.2482049267e+000 -5.3922912913e+000
69 31 28
3 6 200 198.3500 161.6800 7 219 225.5000 90.9100 5 316 208.4500 136.3100
1.7931981420e+000 -3.4192773392e+000 -1.2790982862e+001
97 90 106
4 6 465 93.8900 -180.3500 7 490 74.5800 -179.1000 5 339 -11.2100 -169.6600 8 683 63.6800 127.9600
-1.2148200239e+000 -2.8358925915e+000 -1.3045418059e+001
72 44 55
3 6 743 -64.8700 -144.9100 7 759 -77.0200 -140.7000 5 347 -171.7400 -129.6700
2.2065028638e+000 -8.5518506424e-001 -6.3336398629e+000
214 191 78
3 6 503 233.2600 -91.1100 7 515 232.1800 -130.3400 5 354 192.3100 -104.1700
-8.1932485551e-001 -1.9884938693e-001 -5.1132343307e+000
251 253 255
3 6 342 -119.6400 -23.7800 7 373 -74.8000 -72.5900 5 386 -111.6600 -22.9300
9.4546717771e-001 -5.4871170980e-002 -5.7539502914e+000
173 134 153
3 6 355 108.0300 -4.3700 7 380 129.1000 -54.1500 5 389 100.6800 -15.4400
2.1422129316e+000 5.7702805871e-001 -6.4009466994e+000
110 64 25
3 6 378 225.1000 63.6400 7 403 234.3100 12.2600 5 407 198.4400 44.8200
-8.4300687226e-001 3.8588355383e-001 -4.6715112703e+000
165 217 254
3 6 377 -134.6600 61.0800 7 577 -78.2700 -0.4800 5 418 -102.3700 66.3900
-9.6850861934e-001 4.0494426481e-001 -4.6881957680e+000
168 156 197
3 6 578 -152.6700 63.5200 7 580 -95.2000 2.8500 5 426 -123.0400 71.9300
-6.0177068024e-001 5.8568976718e-001 -4.6472041968e+000
170 104 126
4 6 390 -99.1500 91.5100 7 410 -42.6700 25.7000 5 431 -59.9500 94.9700 8 484 110.4900 60.6000
-8.5413385499e-001 6.9864586497e-001 -4.6171668913e+000
178 107 123
4 6 601 -137.4800 108.8600 7 594 -77.8900 43.7100 5 440 -98.7500 118.7400 8 632 141.8800 36.5900
-8.9717824321e-001 6.9512128851e-001 -4.6153580102e+000
174 107 127
4 6 398 -144.2200 108.2800 7 595 -84.0300 43.5200 5 441 -106.1400 118.9800 8 466 147.8700 35.3400
-8.9794040100e-001 6.9560375788e-001 -4.6198104667e+000
174 107 127
3 6 399 -144.2200 108.2800 7 596 -84.0300 43.5200 5 442 -106.1400 118.9800
1.7224762431e+000 1.3724469068e+000 -5.5406457398e+000
69 30 30
3 6 286 207.3700 172.1500 7 309 232.5100 102.9500 5 458 213.2100 146.8100
1.0054330991e+000 1.5727879833e+000 -5.8173966039e+000
140 24 34
3 6 414 113.4100 189.1300 7 618 145.2800 127.9800 5 463 122.5300 177.5000
2.5658796397e+000 -2.9299725977e+000 -1.0448729395e+001
103 99 121
3 6 460 164.3500 -188.9000 7 696 145.7100 -195.7400 5 485 69.7500 -183.3900
2.3154678107e+000 -3.0400785955e+000 -1.1243396726e+001
108 101 117
3 6 463 137.9600 -182.4300 7 712 119.4800 -186.1600 5 491 39.9900 -175.1500
2.4316624745e+000 -2.5830345581e+000 -1.0816478654e+001
64 53 67
3 6 736 150.9200 -161.1700 7 738 133.9100 -168.0200 5 502 56.9700 -155.7600
2.3468642251e+000 -2.3811107516e+000 -1.1167215596e+001
74 53 61
3 6 483 141.6100 -144.0100 7 752 124.6900 -150.7000 5 506 47.1300 -137.8600
2.2987888551e+000 -2.3874197096e+000 -1.1225445294e+001
124 120 134
3 6 484 137.8000 -143.6700 7 498 121.4600 -149.9500 5 507 43.2600 -137.3900
2.2987888551e+000 -2.3874197096e+000 -1.1225445294e+001
124 120 134
3 6 485 137.8000 -143.6700 7 497 121.4600 -149.9500 5 508 43.2600 -137.3900
2.5150309380e+000 -5.9342831250e-001 -5.5423647536e+000
240 184 195
3 6 513 302.5900 -71.4800 7 779 300.5400 -123.5000 5 526 270.7100 -93.1500
2.5318327950e+000 -5.5851803178e-001 -5.4794950844e+000
242 193 212
3 6 514 307.9500 -67.8900 7 525 306.0200 -121.2200 5 527 277.0600 -90.6100
2.1762803557e+000 -6.9481166219e-001 -6.4043964760e+000
164 169 117
3 6 512 227.9100 -72.6900 7 527 228.0200 -113.2400 5 530 187.7600 -86.5100
2.5401153101e+000 -4.7577847242e-001 -5.4575783116e+000
234 173 188
3 6 518 310.2900 -57.8900 7 791 308.8600 -112.5000 5 532 280.5600 -81.6000
2.2230128178e+000 -6.0422919815e-001 -6.2861342166e+000
177 147 41
4 6 787 237.2300 -64.2700 7 795 237.6900 -106.8000 5 533 199.0300 -79.4500 8 1022 -111.8600 178.3500
9.9216564026e-001 -4.6031564359e-003 -5.7151213231e+000
171 124 141
3 6 832 114.4000 1.7300 7 838 135.7200 -49.2300 5 572 108.2900 -10.2500
-4.8365236221e-001 -5.4036041003e-002 -4.8251551182e+000
226 178 187
3 6 354 -79.0200 -4.8900 7 833 -30.5300 -61.1300 5 573 -54.7100 -8.4200
-4.7498231043e-001 -1.0499761061e-002 -4.7911981827e+000
219 171 182
3 6 551 -78.1400 1.6000 7 837 -29.0700 -56.4700 5 577 -52.1400 -1.8000
-4.3488909446e-001 6.7183211246e-002 -4.7398024871e+000
157 101 112
3 6 558 -73.0800 13.0400 7 845 -23.2100 -46.7400 5 584 -43.3900 9.1800
-4.3488909446e-001 6.7183211246e-002 -4.7398024871e+000
157 101 112
3 6 557 -73.0800 13.0400 7 844 -23.2100 -46.7400 5 585 -43.3900 9.1800
-8.7773700782e-001 5.9987638629e-002 -4.7047635998e+000
215 151 168
4 6 556 -139.1800 12.3200 7 848 -84.6100 -45.1800 5 586 -113.5800 13.9200 8 927 170.8900 114.6500
-4.4209029829e-001 2.2543401566e-001 -4.6916023835e+000
157 99 112
4 6 565 -74.9200 36.9300 7 861 -22.9900 -25.6000 5 589 -40.9100 34.0200 8 670 104.0600 110.4400
-8.6878547912e-001 2.1010343628e-001 -4.7393428877e+000
245 182 191
3 6 563 -136.7600 34.3900 7 568 -81.9300 -24.0700 5 592 -110.1400 38.0400
1.4168977106e-001 5.7601978909e-001 -5.4716401630e+000
233 218 230
4 6 586 11.2700 76.3000 7 901 47.6200 21.0200 5 610 22.7400 73.2000 8 883 25.0400 50.4200
1.6988443372e-001 5.9528808475e-001 -5.4718264392e+000
229 219 231
4 6 587 14.9100 78.6900 7 904 51.1600 23.0200 5 611 26.8000 75.4800 8 639 21.3600 49.1200
-8.4945638609e-001 6.1128200020e-001 -4.6543337143e+000
241 217 230
3 6 595 -136.0800 95.0200 7 918 -77.2300 31.0600 5 621 -100.0200 103.6400
4.0780461032e-001 9.1287937645e-001 -5.6409304903e+000
203 132 150
4 6 922 44.0800 115.4800 7 942 78.2200 58.9300 5 626 53.8200 110.7300 8 846 -14.9900 15.9800
-9.3486275816e-001 7.1037341576e-001 -4.6201479035e+000
232 172 179
3 6 917 -149.8700 110.2100 7 932 -88.9900 46.0800 5 631 -112.0200 122.1800
4.6511655107e-001 1.0248816301e+000 -5.6531356555e+000
152 22 54
4 6 606 50.7300 128.8600 7 609 85.2000 71.4200 5 633 61.6100 123.5400 8 609 -25.9800 5.1900
2.7711120889e+000 -3.3129254430e+000 -9.9416680809e+000
111 103 121
4 6 644 185.4800 -223.5100 7 655 164.8300 -229.7600 5 651 90.3100 -218.4400 8 1098 -8.3900 212.2300
2.4616957209e+000 -3.6278579021e+000 -1.0849133796e+001
100 95 114
3 6 641 151.1400 -224.7200 7 660 130.3500 -227.0800 5 653 51.5500 -217.1600
2.5578083928e+000 -3.4728945461e+000 -1.0611012387e+001
115 112 130
4 6 655 160.5600 -219.9600 7 664 140.0300 -223.6500 5 655 62.5700 -213.2400 8 1057 12.7200 196.1100
2.5756589571e+000 -3.1387123229e+000 -1.0522793209e+001
117 106 126
3 6 681 163.5200 -200.7800 7 683 144.1500 -206.2500 5 670 67.5100 -194.8800
2.4631162781e+000 -2.7109716624e+000 -1.0886708143e+001
73 58 66
3 6 723 151.8100 -167.8100 7 724 134.2000 -174.2300 5 688 56.6400 -162.4800
2.1247202432e+000 -2.2281674627e+000 -1.1649972318e+001
107 92 111
3 6 752 122.9300 -128.8600 7 764 107.3300 -134.7700 5 717 27.4000 -122.1100
1.9295594812e+000 -2.3944682493e+000 -1.2331576099e+001
97 86 99
3 6 750 105.4300 -131.0500 7 765 89.0800 -134.0300 5 718 6.5000 -122.2000
2.0852371992e+000 -2.0219140910e+000 -1.1823107042e+001
107 91 101
3 6 769 119.0600 -115.3200 7 783 103.8600 -121.0600 5 736 23.9300 -108.0600
2.5393011642e+000 -6.9268900364e-001 -5.4692306954e+000
247 142 75
3 6 782 309.1400 -84.5800 7 760 305.9400 -136.5400 5 739 276.5400 -106.0900
2.2107249334e+000 -8.1552753770e-001 -6.3243177822e+000
215 191 85
3 6 780 234.1700 -86.8000 7 774 233.2700 -126.8800 5 744 193.5500 -100.3000
2.5410175924e+000 -5.1646703490e-001 -5.4643953727e+000
249 179 194
3 6 788 309.8500 -62.9000 7 789 308.3300 -116.9100 5 754 279.5600 -86.1000
2.5580261183e+000 -3.3158225626e-001 -5.4011027109e+000
215 78 123
3 6 800 315.6700 -40.2000 7 799 315.6400 -97.9600 5 770 288.0200 -65.8200
9.3478471117e-001 8.8302482994e-003 -5.7172941374e+000
223 194 208
3 6 833 107.3500 3.3500 7 843 129.3900 -47.1700 5 837 101.9300 -8.2200
1.0902622491e-001 5.6108946963e-001 -5.4701020534e+000
239 225 235
3 6 885 6.9600 74.4000 7 898 43.7400 19.5200 5 875 18.4300 71.6300
-7.4066150518e-002 5.5051198261e-001 -5.4698459008e+000
209 176 193
3 6 880 -16.4700 73.1100 7 899 21.9200 19.3900 5 881 -5.3800 72.9100
1.5878262310e+000 1.0328637133e+000 -5.3038427625e+000
159 96 109
3 6 608 199.9700 136.6000 7 946 225.4100 66.1700 5 905 210.1700 111.0600
5.8681673475e-001 9.6298078928e-001 -5.6646694683e+000
212 136 155
4 6 928 65.7700 120.9200 7 944 98.6100 63.3400 5 906 74.6500 113.9500 8 848 -36.1400 15.7800
1.0087470639e+000 -2.9923438593e-001 -5.5569418267e+000
215 148 157
2 6 18 118.9300 -35.6200 7 22 140.4300 -84.7100
5.5356752760e-003 4.9422139234e-001 -5.5574684070e+000
243 238 244
2 6 26 -5.9000 65.0700 7 28 29.6900 12.3300
-2.3381196094e-001 5.5840879969e-001 -5.2927262547e+000
34 19 22
2 6 27 -37.8100 76.9500 7 41 3.4700 20.6400
1.9932135254e+000 8.0012257277e-001 -6.3667876724e+000
192 132 142
2 6 28 209.9400 88.2100 7 29 223.5500 35.6000
-4.3192966826e-002 2.7789496103e-001 -5.6457910686e+000
235 234 242
2 6 51 -12.2400 37.0000 7 82 22.1000 -11.8000
3.0046147419e-002 1.4646342929e+000 -5.9775093038e+000
161 15 26
2 6 62 -1.6200 173.0500 7 65 33.5400 120.4400
-1.2752092898e+000 -2.9726781764e+000 -1.2941593320e+001
58 58 69
2 6 64 -68.4500 -153.9600 7 71 -81.1300 -149.2000
-2.4547827921e-002 1.6575566068e-001 -5.8074184203e+000
198 32 51
2 6 69 -9.6600 22.4600 7 141 22.0600 -23.2300
1.4379725234e+000 3.0399714356e-001 -5.7954733268e+000
67 9 9
2 6 72 166.1700 38.8200 7 81 183.7100 -16.3600
-3.0352057164e+000 3.2042684146e+000 -1.2409159523e+001
23 21 26
2 6 81 -167.3800 177.4400 7 123 -161.1700 181.1500
3.6153572281e-001 -3.4959032876e+000 -1.3601125298e+001
9 9 9
2 6 86 17.1200 -172.9700 7 97 -0.7100 -168.5900
7.9947436334e-001 5.6734904004e-002 -5.8001082686e+000
238 230 239
2 6 91 89.6100 9.2400 7 104 112.8700 -40.1400
-1.1093629501e-001 2.0508613029e-001 -5.7092455708e+000
230 212 229
2 6 93 -20.9200 27.2100 7 143 13.8800 -18.7400
2.3518835161e+000 -1.1423272249e+000 -5.9829768975e+000
202 197 106
2 6 116 262.0000 -128.6800 7 127 257.7300 -168.6300
1.1991003436e+000 1.0043112161e-001 -5.6552929978e+000
189 123 137
2 6 124 141.0400 14.7800 7 138 161.0400 -39.2100
3.0959338438e-001 4.8567106101e-001 -5.5013436630e+000
230 208 219
2 6 131 32.6600 64.5500 7 205 66.1500 9.1600
-1.7440504347e-002 7.3501212349e-001 -5.5629184427e+000
91 1 7
3 6 137 -8.9500 94.8200 7 215 28.7100 41.2500 8 152 38.0500 23.8700
1.5786889251e+000 1.3949544093e+000 -5.4979570323e+000
169 119 130
2 6 144 191.3200 176.8500 7 161 218.5200 107.3100
8.5294400975e-001 -5.0049776964e+000 -1.5052182290e+001
42 42 51
2 6 149 37.3100 -223.5300 7 174 14.2700 -213.7600
2.4199034200e+000 -3.6594754301e+000 -1.1034891640e+001
37 33 48
3 6 151 146.0100 -222.8700 7 170 125.2200 -224.9000 8 249 26.7100 190.6300
2.4199034200e+000 -3.6594754301e+000 -1.1034891640e+001
37 33 48
3 6 152 146.0100 -222.8700 7 171 125.2200 -224.9000 8 248 26.7100 190.6300
3.0184568727e+000 -2.9226355193e+000 -9.2301327594e+000
60 49 63
2 6 153 217.4100 -212.3200 7 172 197.1100 -222.7500
2.6890860515e+000 -2.7532033101e+000 -1.0090742845e+001
64 55 67
2 6 155 178.5100 -183.5600 7 176 159.8000 -192.4800
2.4413137412e+000 -2.0492765122e+000 -8.3541347342e+000
188 174 148
2 6 156 195.3200 -165.5100 7 177 182.7600 -183.2800
5.0162079675e-001 -3.2874430860e+000 -1.3395388271e+001
104 81 65
2 6 157 24.1400 -165.6100 7 179 7.6100 -161.4800
2.5507728486e+000 -3.6837474156e-001 -5.4404247620e+000
224 181 194
2 6 166 312.7800 -44.4600 7 185 311.9800 -101.1900
2.5507728486e+000 -3.6837474156e-001 -5.4404247620e+000
224 181 194
2 6 167 312.7800 -44.4600 7 186 311.9800 -101.1900
2.2473337833e+000 -3.2552447268e-001 -6.2880618645e+000
220 184 47
2 6 169 239.9500 -33.7900 7 252 242.3100 -79.4200
6.2337302798e-001 1.6618825461e+000 -5.9536674381e+000
67 1 0
3 6 205 66.8200 195.4300 7 225 100.5600 138.7800 8 188 -60.6000 -66.0700
2.7002638269e+000 -3.2079512060e+000 -1.0141915104e+001
53 42 52
3 6 212 177.5100 -212.5000 7 230 157.5000 -218.7600 8 540 -4.3800 199.5300
2.6931042838e+000 -3.1984201424e+000 -1.0114627786e+001
53 42 52
2 6 213 177.5100 -212.5000 7 231 157.5000 -218.7600
2.3278974584e+000 -1.9478175627e+000 -8.6456839998e+000
178 171 140
2 6 216 180.2600 -152.1900 7 236 168.6800 -169.1100
1.5486535922e+000 -2.6075886407e+000 -1.2701275968e+001
110 84 65
2 6 219 81.9200 -138.5500 7 238 65.5400 -139.4900
1.4184017759e+000 -2.5613265147e+000 -1.2727637258e+001
18 29 45
2 6 220 74.8400 -135.7500 7 239 58.7900 -136.6300
2.0837712712e+000 -2.1803210871e+000 -1.1818971915e+001
54 41 43
2 6 223 118.8900 -124.4200 7 243 103.3100 -129.7300
2.5172461553e+000 -5.9829111753e-001 -5.4843726639e+000
225 190 208
3 6 231 305.7000 -72.8100 7 358 303.8600 -125.5800 8 769 -165.6100 226.0300
2.0891199580e+000 3.1978409730e-001 -6.4989869042e+000
147 111 50
2 6 254 216.2500 35.8100 7 391 224.1000 -12.5200
5.2266523081e-001 8.2747258943e-001 -5.6039566364e+000
148 19 29
2 6 267 58.6500 105.6500 7 419 91.3400 48.1500
1.7238392320e+000 1.3719198549e+000 -5.5442802497e+000
69 30 30
2 6 285 207.3700 172.1500 7 308 232.5100 102.9500
2.3559976055e+000 -3.9145698445e+000 -1.1134703885e+001
84 79 97
2 6 295 140.6600 -236.1100 7 458 119.3200 -236.4000
2.5633516905e+000 -3.3229570317e+000 -1.0614340757e+001
98 89 106
3 6 303 160.9700 -210.7500 7 332 141.1600 -214.7600 8 532 9.6000 188.9000
2.8790897414e+000 -2.8697088226e+000 -9.5279127584e+000
56 43 54
2 6 304 201.4100 -202.3600 7 333 182.0100 -212.0700
1.7747608652e+000 -3.7181243898e+000 -1.2783996512e+001
10 10 12
2 6 305 92.7700 -196.0800 7 338 72.6800 -193.7400
1.7835975499e+000 -3.7368176509e+000 -1.2844041417e+001
10 10 12
3 6 306 92.7700 -196.0800 7 339 72.6800 -193.7400 8 514 69.2400 140.2500
2.7331922491e+000 -2.8690410429e+000 -1.0005804175e+001
59 47 61
2 6 308 182.6300 -192.8600 7 334 163.5300 -201.3000
2.7331922491e+000 -2.8690410429e+000 -1.0005804175e+001
59 47 61
2 6 309 182.6300 -192.8600 7 335 163.5300 -201.3000
2.5395058363e+000 -2.9874721068e+000 -1.0610750021e+001
59 52 64
2 6 311 160.2200 -189.6000 7 336 141.2800 -195.6000
2.5395058363e+000 -2.9874721068e+000 -1.0610750021e+001
59 52 64
2 6 312 160.2200 -189.6000 7 337 141.2800 -195.6000
1.6766916072e+000 -2.7969733250e+000 -1.2944260810e+001
47 38 45
2 6 317 87.1800 -145.7400 7 501 69.4800 -146.0400
2.0010699330e+000 -2.3425175779e+000 -1.1999553008e+001
52 42 42
2 6 320 112.2200 -131.8500 7 511 96.4800 -135.7400
1.9276584391e+000 -1.1553476052e+000 -6.9103674242e+000
203 182 70
2 6 324 186.6000 -113.1000 7 504 185.2800 -144.2900
2.5204689325e+000 -6.0092196834e-001 -5.4913891673e+000
227 196 213
2 6 329 305.8200 -73.0300 7 357 303.8600 -125.5800
2.5472976041e+000 -4.2381288290e-001 -5.4360911414e+000
236 188 201
2 6 333 312.3500 -51.5600 7 530 311.4800 -107.3600
2.5530858482e+000 -3.6404046832e-001 -5.4112560516e+000
245 191 207
2 6 336 314.5400 -44.2500 7 532 314.0500 -101.2600
2.1561209218e+000 -2.8484379768e-001 -6.2665648911e+000
114 69 10
2 6 340 231.1500 -29.3800 7 545 234.6600 -75.4600
-5.0506051181e-001 -1.0734853427e-001 -4.8614010136e+000
229 178 190
2 6 351 -81.2200 -12.2900 7 550 -34.1500 -67.5700
-4.0886403223e-001 1.5971990249e-001 -4.7249554506e+000
225 164 172
2 6 366 -69.3800 26.8600 7 562 -19.0000 -34.4600
5.1590398919e-001 2.0238364717e-001 -5.7641673672e+000
125 4 14
2 6 367 56.0400 27.1300 7 387 83.1700 -22.8100
2.1258768631e+000 2.6688358488e-001 -6.5163010146e+000
84 49 7
2 6 369 219.5600 30.1600 7 389 226.4500 -17.8100
-3.4991194577e-001 3.9274689013e-001 -4.7250234523e+000
207 155 168
2 6 376 -60.6800 61.2300 7 576 -8.9600 -2.6000
2.1901100148e+000 6.0119823369e-001 -6.3910725533e+000
176 139 90
2 6 379 230.3400 66.5400 7 404 239.6700 14.3100
4.0373045129e-001 5.3071585237e-001 -5.5451760238e+000
156 27 44
2 6 380 43.9100 69.3300 7 583 77.1100 14.4000
-5.7465327394e-001 5.3659647702e-001 -4.6638655296e+000
189 126 143
2 6 382 -94.9600 83.6700 7 406 -39.2200 18.6400
-5.7465327394e-001 5.3659647702e-001 -4.6638655296e+000
189 126 143
2 6 383 -94.9600 83.6700 7 407 -39.2200 18.6400
3.2803004501e-001 6.5987590203e-001 -5.4155943498e+000
219 197 209
2 6 385 35.3700 87.8100 7 587 71.3000 29.8200
4.7426111641e-001 6.7779355182e-001 -5.4748673352e+000
246 224 228
2 6 387 53.3700 88.8100 7 413 87.9100 31.2900
4.7426111641e-001 6.7779355182e-001 -5.4748673352e+000
246 224 228
2 6 388 53.3700 88.8100 7 414 87.9100 31.2900
-6.0089548357e-001 5.8622529525e-001 -4.6458442271e+000
170 104 126
2 6 391 -99.1500 91.5100 7 411 -42.6700 25.7000
5.5472424874e-001 7.9478472201e-001 -5.6416699005e+000
205 172 197
2 6 393 62.3200 100.9800 7 597 93.8800 43.9900
-6.8584328991e-001 6.4661459762e-001 -4.6229196777e+000
233 178 193
2 6 394 -112.4100 100.9800 7 415 -54.2800 34.9100
-7.2629574136e-001 6.7980920984e-001 -4.6241851737e+000
226 172 182
2 6 396 -118.4000 105.9200 7 417 -59.7800 39.9300
-9.9075572215e-001 6.9830428412e-001 -4.6308734353e+000
229 167 180
2 6 400 -157.5600 108.3600 7 418 -97.1900 44.5100
1.2435656882e+000 1.0805964397e+000 -5.2776877679e+000
184 132 143
2 6 407 156.3300 144.2200 7 433 187.0800 74.7500
2.8384238072e+000 -3.1389483556e+000 -9.7306357032e+000
52 45 57
3 6 435 194.2100 -216.4800 7 468 173.7300 -224.2500 8 1096 -18.2000 211.2400
2.5286327797e+000 -3.4301915440e+000 -1.0710897717e+001
101 97 119
3 6 439 157.3800 -215.3900 7 473 137.1500 -218.9000 8 737 14.4300 190.7400
2.4638005690e+000 -3.4196290833e+000 -1.0817982163e+001
105 97 118
3 6 440 151.9800 -212.6800 7 477 131.9100 -215.9000 8 729 18.6400 186.3200
2.2137034097e+000 -3.5864184473e+000 -1.1516751247e+001
53 51 65
2 6 443 128.2600 -209.7500 7 681 108.3000 -210.5100
2.1965365412e+000 -3.5228036513e+000 -1.1535080213e+001
85 78 96
2 6 445 127.1500 -205.7500 7 479 107.3900 -206.7500
2.1413416517e+000 -3.4724146014e+000 -1.1707203247e+001
39 35 49
3 6 448 122.3000 -199.8000 7 481 102.6500 -200.8500 8 706 42.2900 160.3700
2.8132077827e+000 -2.7686754845e+000 -9.7970018652e+000
57 41 47
2 6 457 191.8500 -190.1200 7 482 173.0500 -199.5900
2.8132077827e+000 -2.7686754845e+000 -9.7970018652e+000
57 41 47
2 6 458 191.8500 -190.1200 7 483 173.0500 -199.5900
2.4275185143e+000 -2.8959648507e+000 -1.0960714926e+001
57 46 54
2 6 466 148.4100 -178.2000 7 715 130.2500 -183.3700
1.6658038160e+000 -3.4809854134e+000 -1.3179503041e+001
88 85 103
2 6 467 84.7100 -178.1300 7 491 65.0500 -175.8900
2.4709549467e+000 -2.1425239535e+000 -8.2765270341e+000
187 178 144
2 6 470 199.2500 -174.6200 7 484 186.2400 -192.0100
2.5773159004e+000 -2.6104123444e+000 -1.0381612188e+001
67 55 65
2 6 473 166.4400 -169.5500 7 719 149.0600 -177.7600
1.7264575394e+000 -3.1016491151e+000 -1.2972306601e+001
54 48 60
2 6 479 89.3300 -161.3900 7 495 70.8800 -160.5900
2.3286803551e+000 -2.0222424538e+000 -8.5934952450e+000
113 98 80
2 6 480 181.3700 -158.8600 7 492 169.3000 -175.6900
2.1317918904e+000 -2.4136323379e+000 -1.1727454878e+001
63 47 57
2 6 486 122.2200 -139.0700 7 506 106.2600 -143.5200
2.3468298826e+000 -2.2662302210e+000 -1.1061701104e+001
121 118 134
2 6 488 142.7600 -138.3000 7 503 127.0100 -145.6500
2.1691617935e+000 -8.6778772456e-001 -6.4173638131e+000
216 192 86
2 6 504 226.5100 -90.9700 7 516 225.4300 -129.8000
2.5255129165e+000 -6.2751686271e-001 -5.5695529923e+000
221 70 104
2 6 511 302.3600 -75.1600 7 776 299.8200 -126.6000
2.5230334795e+000 -5.4473849434e-001 -5.5334115617e+000
239 180 193
2 6 516 304.1000 -65.5000 7 786 302.3600 -118.4300
2.0761602040e+000 -5.5767692873e-001 -6.6058528112e+000
228 191 78
2 6 519 211.3600 -55.9900 7 534 212.3600 -96.1800
2.2644259463e+000 -4.7095692752e-001 -6.2173965267e+000
229 196 57
2 6 525 244.3800 -50.1900 7 535 245.4900 -95.3000
2.2644259463e+000 -4.7095692752e-001 -6.2173965267e+000
229 196 57
2 6 526 244.3800 -50.1900 7 536 245.4900 -95.3000
8.6886931841e-001 -3.7719320757e-001 -5.5747764696e+000
169 46 60
2 6 529 101.5700 -44.8000 7 806 122.9900 -93.0300
2.2136498944e+000 -3.5969108394e-001 -6.2722161910e+000
97 62 2
2 6 532 236.9600 -37.6000 7 816 239.4100 -83.0000
2.5582463465e+000 -3.0691223482e-001 -5.3919367666e+000
232 191 210
2 6 533 316.2300 -37.2500 7 800 316.3700 -95.2000
2.1878414527e+000 -3.2144719141e-001 -6.2769732747e+000
120 75 14
2 6 535 234.1000 -33.3600 7 818 237.0300 -79.0400
2.5586709565e+000 -2.5294704319e-001 -5.4306141280e+000
240 192 195
2 6 536 314.3600 -30.0900 7 543 314.5900 -88.4400
2.1470079999e+000 2.8138114003e-001 -6.4691506738e+000
176 139 48
3 6 562 223.2400 31.6400 7 571 230.2300 -16.5600 8 660 -132.1600 95.1600
-3.2965210197e-001 4.1128018442e-001 -4.7657358134e+000
171 123 144
2 6 577 -57.0900 63.4700 7 578 -6.3000 0.0600
-3.1701637750e-001 4.3922805438e-001 -4.7898618729e+000
220 191 199
2 6 581 -54.8200 67.3200 7 581 -4.6100 3.8600
-9.8575183711e-001 4.4698742637e-001 -4.6834858257e+000
173 160 195
2 6 583 -155.4700 69.8000 7 582 -97.3800 9.2300
1.8261152168e-001 5.7373686468e-001 -5.4742663146e+000
73 21 45
2 6 585 16.3300 75.8800 7 900 52.5200 20.6200
4.0967836565e-001 6.1975869732e-001 -5.4876300287e+000
243 214 219
2 6 588 45.2300 81.4500 7 586 79.4200 24.6500
1.9191421490e-001 6.6662997531e-001 -5.5138887373e+000
71 6 13
2 6 591 17.5600 87.1700 7 588 53.5200 31.5900
-5.7412877620e-001 5.8066949458e-001 -4.6694997587e+000
237 174 184
2 6 592 -94.5900 90.2700 7 909 -38.9600 24.7200
-8.5768487498e-001 6.7264899877e-001 -4.6120138147e+000
228 165 173
2 6 597 -138.4900 104.9800 7 590 -78.5600 39.9700
-9.1438661780e-001 7.5747333325e-001 -4.6343386034e+000
157 100 122
2 6 605 -146.0000 117.2000 7 601 -85.9000 52.3200
-3.9345949738e+000 3.9978249933e+000 -1.2066012008e+001
146 93 86
2 6 619 -219.3700 225.4000 7 1037 -212.5600 230.5400
2.2291029376e+000 -3.9498083592e+000 -1.1470667352e+001
51 45 59
2 6 630 129.3300 -231.3900 7 652 108.0600 -230.9300
2.2691609194e+000 -3.8929386478e+000 -1.1350943643e+001
89 87 105
2 6 631 132.9900 -230.5400 7 653 111.9700 -230.4100
1.0046095911e+000 -5.1167817057e+000 -1.4929264823e+001
48 48 57
2 6 632 44.3900 -230.3300 7 670 20.9900 -220.5000
2.2605685926e+000 -3.7814993154e+000 -1.1324437887e+001
88 85 102
2 6 642 132.9600 -224.5500 7 662 112.2300 -225.0200
2.7143298672e+000 -3.3613540407e+000 -1.0164253487e+001
59 54 71
3 6 650 177.7900 -222.0100 7 657 157.1700 -227.3700 8 752 -1.8300 206.5900
3.0038027339e+000 -3.0121684145e+000 -9.2414791744e+000
56 47 62
2 6 658 215.9600 -218.4100 7 656 195.2900 -228.3200
2.4127256617e+000 -3.4986959321e+000 -1.1027724452e+001
99 95 118
3 6 662 146.0200 -213.4700 7 677 125.7000 -215.8900 8 1030 24.3600 183.3600
2.3521735013e+000 -3.5321824847e+000 -1.1235961551e+001
56 46 58
2 6 666 139.7500 -211.5600 7 680 119.4700 -213.4300
2.8556644288e+000 -3.0012054250e+000 -9.7283495958e+000
117 110 126
3 6 674 195.6500 -207.1000 7 676 175.8600 -215.8000 8 1079 -21.9300 204.4600
2.3896615348e+000 -3.3001047070e+000 -1.0968043186e+001
53 46 61
2 6 679 145.5500 -202.6500 7 686 126.1400 -206.0100
2.5460736478e+000 -3.1678932020e+000 -1.0592910747e+001
68 59 74
2 6 680 160.5500 -201.3400 7 684 141.1900 -206.3400
2.1804664027e+000 -3.4334536454e+000 -1.1647678528e+001
88 81 97
2 6 685 125.2000 -198.6200 7 692 105.5400 -199.8900
1.6516218930e+000 -3.8744518667e+000 -1.3174252842e+001
36 26 32
3 6 688 83.7200 -198.2300 7 699 63.1600 -194.6600 8 959 78.4400 137.1800
2.5275638721e+000 -3.0862067337e+000 -1.0631543782e+001
100 93 109
2 6 691 158.9600 -195.5000 7 691 139.8800 -200.8200
2.0018441354e+000 -3.5168913255e+000 -1.2179881782e+001
52 47 68
2 6 692 109.9400 -194.6600 7 697 90.2400 -194.3500
2.0018441354e+000 -3.5168913255e+000 -1.2179881782e+001
52 47 68
2 6 693 109.9400 -194.6600 7 698 90.2400 -194.3500
2.6811043811e+000 -2.8275061791e+000 -1.0131513441e+001
47 34 47
2 6 698 177.0200 -187.8800 7 695 158.4000 -195.9900
2.1214663216e+000 -3.2979775595e+000 -1.1877225403e+001
90 78 86
2 6 699 119.6200 -187.2500 7 708 100.4400 -188.4700
1.8558439287e+000 -3.4825369927e+000 -1.2580830383e+001
44 36 49
3 6 701 99.0300 -186.5400 7 713 79.2300 -185.6000 8 957 61.1100 136.2800
2.4692648628e+000 -2.9121709031e+000 -1.0723306579e+001
57 46 60
2 6 704 154.2200 -183.0600 7 705 135.9200 -188.8700
2.0026811136e+000 -3.1722525959e+000 -1.2146851596e+001
57 49 60
2 6 712 110.5400 -176.2200 7 722 91.8900 -177.1800
2.0002560712e+000 -3.0893066312e+000 -1.2101350591e+001
89 85 99
2 6 718 110.8700 -172.2800 7 726 92.5100 -173.6200
2.0002560712e+000 -3.0893066312e+000 -1.2101350591e+001
89 85 99
2 6 719 110.8700 -172.2800 7 727 92.5100 -173.6200
2.5206806633e+000 -2.5586441397e+000 -1.0606128213e+001
106 99 115
2 6 732 159.5500 -162.6900 7 732 142.3300 -170.5200
2.5206806633e+000 -2.5586441397e+000 -1.0606128213e+001
106 99 115
2 6 733 159.5500 -162.6900 7 733 142.3300 -170.5200
2.4339655139e+000 -2.5857186920e+000 -1.0826459928e+001
64 53 67
2 6 735 150.9200 -161.1700 7 737 133.9100 -168.0200
2.4339655139e+000 -2.5857186920e+000 -1.0826459928e+001
64 53 67
2 6 737 150.9200 -161.1700 7 739 133.9100 -168.0200
1.2834065396e+000 -3.0637013604e+000 -1.4307037264e+001
74 67 78
2 6 744 60.2100 -144.4700 7 756 41.5100 -140.8000
2.1701377972e+000 -2.2324529153e+000 -1.1606642503e+001
68 55 68
2 6 751 126.0600 -129.7200 7 763 110.2000 -135.6300
2.3531293721e+000 -1.1397644696e+000 -5.9853628015e+000
197 196 106
2 6 753 262.0900 -128.3000 7 736 257.7200 -168.3400
2.3548348836e+000 -2.0568369846e+000 -1.1080852736e+001
71 60 79
2 6 758 143.1800 -125.2500 7 768 128.1000 -133.3900
2.2118059420e+000 -2.0413034974e+000 -1.1336229557e+001
91 79 87
2 6 760 131.5700 -121.4300 7 771 116.6000 -128.7600
2.2118059420e+000 -2.0413034974e+000 -1.1336229557e+001
91 79 87
2 6 761 131.5700 -121.4300 7 772 116.6000 -128.7600
2.0437875906e+000 -2.0584958736e+000 -1.1894479841e+001
62 50 55
2 6 768 116.0000 -116.6100 7 782 100.7200 -122.1600
2.5299882811e+000 -5.0405566262e-001 -5.5158885647e+000
233 187 193
2 6 790 305.8500 -60.7300 7 790 304.5100 -114.3500
2.2784196962e+000 -2.5554418146e-001 -6.1935528103e+000
175 144 33
2 6 814 246.9600 -26.5500 7 823 249.6600 -74.0700
2.5648546116e+000 -2.1248257465e-001 -5.4189878645e+000
237 192 205
2 6 816 315.6900 -25.1300 7 815 316.4100 -84.0700
2.1996905405e+000 5.2603153768e-001 -6.3474060608e+000
139 84 16
2 6 860 233.0600 58.9300 7 882 241.6500 6.4900
-7.3768596619e-001 4.2843038925e-001 -4.6703108740e+000
182 160 191
2 6 874 -119.0900 67.4600 7 878 -62.9900 4.5900
-9.3834812302e-001 4.7239091194e-001 -4.6530369777e+000
147 198 228
2 6 884 -149.4800 74.0700 7 891 -90.9200 12.3000
-8.0947846458e-001 6.0040458166e-001 -4.6441030695e+000
235 199 217
2 6 899 -130.4000 93.5100 7 916 -71.9800 29.3300
5.5665072019e-001 8.4108645908e-001 -5.6155515286e+000
202 159 176
2 6 912 62.7600 107.1000 7 935 95.0700 49.4700
-7.0849523806e-001 7.0005623586e-001 -4.6238976937e+000
146 87 107
2 6 915 -115.6900 109.0000 7 927 -57.1300 42.6500
4.0871206211e-001 9.1351007037e-001 -5.6413080860e+000
203 132 150
2 6 921 44.0800 115.4800 7 941 78.2200 58.9300
-8.1463359765e-001 7.7576148359e-001 -4.6368437731e+000
216 161 173
2 6 926 -131.1300 119.8900 7 938 -71.5100 54.2200
5.4721419179e-001 1.0568067479e+000 -5.6776124608e+000
142 34 59
3 6 929 60.7000 131.9600 7 951 94.3200 74.5200 8 827 -35.3900 3.8100
-3.9249065950e+000 3.5292009189e+000 -1.2026435709e+001
144 80 72
2 6 951 -220.4700 200.4400 7 985 -214.1000 205.3800
-5.3736602713e+000 3.5908229016e+000 -1.1799620544e+001
128 72 58
2 6 958 -302.8900 204.9400 7 1001 -297.7800 214.9700
-5.3736602713e+000 3.5908229016e+000 -1.1799620544e+001
128 72 58
2 6 959 -302.8900 204.9400 7 1002 -297.7800 214.9700
-5.5298996874e+000 3.5793805360e+000 -1.1729806789e+001
125 72 64
2 6 960 -312.8700 205.0800 7 639 -307.9200 215.6100
-5.5298996874e+000 3.5793805360e+000 -1.1729806789e+001
125 72 64
2 6 961 -312.8700 205.0800 7 640 -307.9200 215.6100
-3.8421293122e+000 3.6825287288e+000 -1.2110134134e+001
129 57 41
2 6 963 -214.2400 207.6000 7 995 -207.8600 212.4500
-3.9311052218e+000 3.6991359422e+000 -1.2160852079e+001
130 57 30
2 6 964 -218.0200 207.6600 7 996 -212.0800 212.7500
-5.0602780258e+000 3.6683495446e+000 -1.1772950488e+001
130 72 56
2 6 975 -286.7500 210.2100 7 1006 -280.6900 219.2100
-3.8086152449e+000 3.7621959157e+000 -1.2083111808e+001
132 53 30
2 6 980 -212.7200 212.4600 7 1005 -206.1600 217.1000
-4.9313657386e+000 3.7809469206e+000 -1.1831321982e+001
134 72 65
2 6 985 -278.1900 215.7700 7 1023 -272.1000 224.3100
-4.8892132265e+000 3.8702867533e+000 -1.1802018798e+001
135 75 58
2 6 992 -276.4700 221.1600 7 1036 -269.9000 229.7600
-3.5147812120e+000 3.9849519889e+000 -1.2106800102e+001
143 85 86
2 6 994 -196.1600 224.4100 7 1033 -188.7600 228.3900
2.3957795368e+000 -1.6672130947e+000 -5.8160863512e+000
214 38 63
2 6 21 272.4100 -192.2800 5 12 227.0900 -203.4800
7.2974531014e-001 2.5598618172e-001 -5.6676849609e+000
204 29 53
2 6 24 83.2600 34.5700 5 21 83.1600 23.4800
7.2974531014e-001 2.5598618172e-001 -5.6676849609e+000
204 29 53
2 6 25 83.2600 34.5700 5 22 83.1600 23.4800
-7.0698765757e-001 -3.1819032570e-001 -5.1462881245e+000
235 183 196
2 6 48 -103.9900 -41.0300 5 48 -96.7200 -40.2700
-7.5734217032e-001 5.2608679632e-001 -4.6547358634e+000
162 189 226
2 6 76 -122.3300 82.8800 5 87 -86.2600 87.4700
2.1431111694e+000 1.0902392568e+000 -6.0156599004e+000
212 176 116
2 6 79 238.8400 126.9200 5 112 224.1600 100.4300
-3.2178896385e+000 3.7767764737e+000 -1.4848924629e+001
29 26 34
2 6 145 -147.0300 176.2100 5 236 -238.7800 219.9500
8.2845989255e-001 -3.2443973653e-002 -5.7939603325e+000
81 4 10
2 6 176 93.1200 -1.7300 5 201 86.0300 -11.3600
-3.0497131019e+000 4.0989802724e+000 -1.6955349794e+001
96 85 103
2 6 201 -121.8400 166.7400 5 233 -219.2500 209.9500
1.2595976307e+000 -2.5590665378e+000 -1.3412343139e+001
25 29 49
2 6 222 63.0200 -128.6700 5 246 -40.4800 -116.5400
1.9418696209e+000 -1.0424600203e+000 -6.8649838980e+000
203 178 60
2 6 225 189.4500 -102.4000 5 247 142.0800 -111.2500
1.3001313425e+000 -8.8750767360e-002 -5.4388713796e+000
215 151 156
2 6 240 159.1300 -9.2300 5 271 156.1000 -26.2400
7.3757412036e-001 4.9309601678e-002 -5.8516919540e+000
199 45 81
2 6 246 81.4800 8.3100 5 277 74.2900 -0.4500
3.1108851624e-001 1.0537727548e-001 -5.6828938128e+000
204 42 82
2 6 249 31.5500 15.7400 5 280 30.9900 9.9200
7.4930874335e-001 1.4349672537e-001 -5.7737942111e+000
111 13 20
2 6 252 83.9900 19.6500 5 282 79.8700 10.5000
-5.4292317776e-001 3.6707296557e-001 -4.6910207163e+000
211 160 172
2 6 256 -89.7600 58.2300 5 213 -54.8100 58.1200
5.2111682388e-001 8.7250225282e-001 -5.6594642706e+000
138 12 28
2 6 272 57.7200 109.9700 5 301 66.2600 103.6900
-8.7316343982e-001 7.2836505089e-001 -4.6208360343e+000
224 165 176
3 6 274 -140.0400 113.3900 5 311 -101.7500 123.9300 8 309 143.1800 31.6200
2.0676714581e+000 -2.3075453035e+000 -1.1980309301e+001
104 96 105
2 6 323 116.3000 -130.1100 5 349 19.1300 -121.9800
8.6896825378e-001 -1.2559162109e-002 -5.7665200423e+000
223 197 213
2 6 360 98.4700 0.8100 5 391 91.9800 -9.7400
2.1950605586e+000 5.3393354078e-001 -6.3275033081e+000
149 93 24
3 6 375 233.2100 60.1100 5 404 206.4300 39.4300 8 490 -150.4700 79.7600
1.1014263880e+000 5.8127812922e-001 -5.5594740366e+000
102 6 13
2 6 381 131.2000 75.2100 5 414 135.1600 59.7200
-7.5021077278e-001 8.9404833780e-001 -4.6903123596e+000
158 124 143
2 6 406 -119.8700 136.1200 5 456 -79.8500 146.7200
2.9608457767e+000 -3.1700298441e+000 -9.4020310918e+000
122 117 137
3 6 430 209.2100 -226.0200 5 471 116.5300 -221.7000 8 1129 -28.5000 225.8500
2.7422182360e+000 -3.2992901535e+000 -1.0070631295e+001
117 111 132
2 6 433 181.2900 -220.0300 5 474 85.9500 -214.5300
2.3151861814e+000 -3.0399550290e+000 -1.1242958168e+001
108 101 117
2 6 462 137.9600 -182.4300 5 490 39.9900 -175.1500
2.6543995936e+000 -2.5984637950e+000 -1.0250448879e+001
120 114 129
2 6 471 173.5800 -170.9000 5 497 81.5300 -166.8600
2.5830010388e+000 -2.6166703824e+000 -1.0406733882e+001
67 55 65
2 6 474 166.4400 -169.5500 5 499 73.7800 -165.0900
2.2727655026e+000 -1.4649480938e+000 -6.0688293184e+000
201 153 45
2 6 477 248.9500 -162.9300 5 492 204.4800 -173.7000
2.2727655026e+000 -1.4649480938e+000 -6.0688293184e+000
201 153 45
2 6 478 248.9500 -162.9300 5 493 204.4800 -173.7000
2.3534630679e+000 -2.3837974128e+000 -1.1182235922e+001
74 53 61
2 6 482 141.6100 -144.0100 5 505 47.1300 -137.8600
2.1737726458e+000 -8.2889297954e-001 -6.3986566024e+000
217 194 83
2 6 507 227.6400 -87.0500 5 355 186.2300 -100.2100
2.2146085321e+000 -7.2750721924e-001 -6.3272877756e+000
163 137 40
2 6 509 234.6400 -76.9100 5 359 194.6700 -91.5300
2.2551550773e+000 -4.9852343497e-001 -6.2129761058e+000
225 194 63
2 6 521 243.4800 -53.3600 5 374 207.0700 -69.6400
-7.9958045752e-001 3.5227956057e-001 -4.7033705854e+000
245 237 249
2 6 573 -127.4800 55.5800 5 415 -96.3300 60.1500
1.0812660031e+000 4.8531538421e-001 -5.5782855700e+000
201 41 74
2 6 576 128.2700 63.0000 5 408 130.7800 48.0600
2.9532990266e+000 -3.2783553804e+000 -9.5881607320e+000
116 113 136
2 6 633 204.5000 -229.2000 5 649 110.5900 -224.3200
2.5146685129e+000 -3.4771879440e+000 -1.0649389994e+001
51 47 63
3 6 656 157.4100 -219.5200 5 476 59.3300 -212.5900 8 1054 15.7000 194.6700
2.9359578604e+000 -3.0096593095e+000 -9.4850035232e+000
115 100 121
2 6 663 205.9700 -213.0800 5 659 114.2100 -209.2200
2.8006648047e+000 -3.1023841256e+000 -9.8474724865e+000
32 30 45
3 6 665 189.5700 -211.6800 5 660 96.0000 -207.0400 8 1080 -15.3800 205.0700
2.6598832988e+000 -3.1831963250e+000 -1.0351634406e+001
115 109 126
2 6 675 171.4500 -207.0200 5 664 75.7900 -201.0400
2.3816217377e+000 -3.3004682583e+000 -1.1109964186e+001
113 109 127
2 6 682 143.3000 -200.1200 5 674 44.4300 -192.8100
2.6146319029e+000 -2.6696292758e+000 -1.0313766256e+001
67 61 76
2 6 714 169.8600 -174.5800 5 495 77.3000 -170.0300
2.4296658773e+000 -2.8261244361e+000 -1.0923995867e+001
116 108 123
2 6 716 149.1300 -174.5700 5 681 53.3800 -168.3700
2.4622414354e+000 -2.5709161731e+000 -1.0726306014e+001
104 104 123
2 6 734 154.1400 -161.6100 5 695 60.5100 -156.6600
2.5475746910e+000 -2.4652677908e+000 -1.0459993812e+001
111 103 121
2 6 738 163.5100 -159.0600 5 696 71.5700 -154.6300
2.0858573918e+000 -2.0219598309e+000 -1.1822152228e+001
107 91 101
2 6 770 119.0600 -115.3200 5 737 23.9300 -108.0600
2.5160923440e+000 -5.7426372985e-001 -5.4960739577e+000
208 106 133
2 6 785 305.2300 -69.6100 5 750 274.1700 -91.9600
2.5160923440e+000 -5.7426372985e-001 -5.4960739577e+000
208 106 133
2 6 786 305.2300 -69.6100 5 751 274.1700 -91.9600
2.5081893257e+000 -5.1207005268e-001 -5.5226420533e+000
206 60 87
2 6 789 303.0200 -61.5900 5 755 272.4400 -84.3200
2.5393740755e+000 -4.5034792606e-001 -5.4742339115e+000
208 95 123
2 6 791 309.3800 -54.4800 5 759 279.6000 -78.2400
2.2779005212e+000 -4.5638171713e-001 -6.1630581141e+000
167 135 16
2 6 795 247.9200 -49.0700 5 771 212.3500 -66.1400
2.5526557118e+000 -2.2934973585e-001 -5.4296097753e+000
215 80 98
2 6 810 313.7100 -27.2600 5 779 286.9500 -53.3800
2.5526557118e+000 -2.2934973585e-001 -5.4296097753e+000
215 80 98
2 6 811 313.7100 -27.2600 5 780 286.9500 -53.3800
2.2985785073e+000 -3.8219591478e-002 -6.1054935607e+000
167 136 16
2 6 829 252.8100 -2.5300 5 820 222.2300 -22.5700
2.4867179102e+000 6.7817389925e-002 -5.5725268121e+000
184 158 92
2 6 837 298.5100 9.9600 5 826 274.3800 -16.9400
-5.8867339711e-001 4.1238883755e-001 -4.7201072734e+000
220 158 170
2 6 868 -95.9200 64.3300 5 872 -61.9700 66.1700
2.3078435352e-001 6.3521047083e-001 -5.4789328214e+000
187 157 176
2 6 890 22.5500 83.7200 5 891 34.5500 79.4900
-6.7965295588e-001 8.7231770350e-001 -4.7008795552e+000
132 93 111
2 6 931 -109.2300 132.7900 5 913 -69.0900 141.4500
-2.4747903594e+000 3.1530921251e+000 -1.2116392042e+001
91 86 95
2 6 940 -139.8100 179.4700 5 641 -217.0500 222.2800
1.6339871056e+000 3.6475674175e-001 -6.0422146081e+000
205 41 51
2 7 4 196.5500 -9.2700 5 7 165.1700 27.8000
-2.4741434268e+000 1.7330597764e+000 -1.2503614171e+001
124 105 114
2 7 92 -134.9400 98.5300 5 91 -224.1600 134.0800
1.9041612813e+000 -1.1308850970e+000 -6.8484751642e+000
226 207 90
2 7 98 185.1900 -143.7600 5 67 138.4200 -119.5500
-6.9745121368e-001 2.9691036038e-001 -4.8057334019e+000
223 153 168
2 7 106 -57.4100 -12.8700 5 55 -82.4900 49.3400
-6.9745121368e-001 2.9691036038e-001 -4.8057334019e+000
223 153 168
2 7 107 -57.4100 -12.8700 5 56 -82.4900 49.3400
1.3662702778e+000 1.0177337324e-001 -5.5610752961e+000
132 26 23
2 7 137 182.9000 -40.7900 5 141 159.2800 -2.5400
9.8593687045e-001 1.3515359871e-001 -5.8096613783e+000
135 14 22
2 7 139 133.5500 -32.2700 5 207 105.0200 6.9800
-8.6135579537e-001 1.7143103419e-001 -4.7168189115e+000
223 160 168
2 7 140 -81.6000 -29.7000 5 105 -109.1400 31.7800
1.4352793487e+000 1.2844446977e+000 -5.3651666514e+000
200 144 155
2 7 159 207.1500 97.0700 5 164 191.8600 144.2400
-1.9226483552e+000 2.0259107243e+000 -1.1750218858e+001
121 100 115
3 7 164 -108.9900 117.9400 5 165 -191.8100 154.8200 8 102 167.9100 -199.9500
-4.3079068911e-001 -1.6869316991e-001 -5.0652409867e+000
251 208 218
2 7 192 -25.0100 -71.7000 5 195 -53.4500 -23.8000
1.1732757663e+000 4.1101320054e-002 -5.5277451153e+000
134 59 62
2 7 197 161.9900 -47.2700 5 202 138.5500 -8.2300
7.9912400974e-001 -2.2572988955e+000 -1.2405968394e+001
150 127 125
2 7 246 29.6000 -123.8500 5 248 -55.1900 -110.7500
-7.3104069619e-001 2.7676222890e-001 -4.6968174147e+000
217 152 166
2 7 271 -62.8500 -16.3600 5 210 -86.3200 46.8700
4.0503906942e-001 6.2185671027e-001 -5.5049215679e+000
249 236 236
2 7 291 78.6200 24.7400 5 219 55.1300 75.2200
2.1554419481e+000 -1.7911749719e+000 -9.0819031374e+000
197 186 164
2 7 353 148.6400 -148.9500 5 346 81.9700 -132.6000
1.9368240120e+000 -1.0573845930e+000 -6.8543925940e+000
234 210 88
2 7 356 188.4400 -136.9100 5 352 141.9100 -112.6200
2.2275215262e+000 -6.3287387331e-001 -6.2405685822e+000
243 216 80
3 7 360 239.6200 -111.0700 5 363 201.6400 -82.9900 8 528 -112.5800 182.7800
2.2601034755e+000 -5.3108388889e-001 -6.1596114478e+000
190 158 35
3 7 363 247.1200 -102.2700 5 368 210.0300 -74.0600 8 527 -121.4100 179.2000
2.2675590135e+000 -5.3260104739e-001 -6.1721763508e+000
190 158 35
2 7 364 247.1200 -102.2700 5 369 210.0300 -74.0600
-4.7325725260e-001 3.1579807201e-001 -4.6755038405e+000
186 125 131
3 7 390 -26.5500 -12.9600 5 410 -44.2000 49.1200 8 662 104.3600 98.9500
-5.1122960710e-001 3.8187169753e-001 -4.6825722478e+000
149 91 108
2 7 394 -31.2600 -3.7100 5 416 -49.4800 60.5300
-8.6364610783e-001 7.6313103045e-001 -4.6387567820e+000
184 119 134
2 7 425 -78.5300 52.7200 5 447 -99.6300 129.1000
2.3530641395e+000 -2.2709000317e+000 -1.1077907140e+001
153 149 170
2 7 502 127.0100 -145.6500 5 509 49.6000 -132.9600
2.1478624047e+000 -8.3578156831e-001 -6.4366708215e+000
184 192 135
2 7 521 223.0300 -126.0000 5 520 182.0100 -100.1300
2.1478624047e+000 -8.3578156831e-001 -6.4366708215e+000
184 192 135
2 7 522 223.0300 -126.0000 5 521 182.0100 -100.1300
2.2406886646e+000 -5.8625808898e-001 -6.2596200178e+000
246 219 83
3 7 531 240.4300 -105.6100 5 535 202.2300 -78.2700 8 719 -115.0300 178.5000
1.1952722476e+000 -3.4185626335e-001 -5.4483901560e+000
163 93 103
2 7 538 163.9700 -93.0800 5 543 140.3000 -56.9900
1.2813500181e+000 -1.2884047806e-001 -5.4240010470e+000
156 83 91
2 7 549 176.4200 -69.2100 5 555 154.2500 -31.4100
-4.9145630689e-001 2.9478521098e-001 -4.6817715564e+000
247 197 208
2 7 572 -29.3000 -15.7400 5 599 -47.4900 46.0400
2.6445920671e+000 -3.0278995507e+000 -1.0299090440e+001
140 131 150
2 7 689 152.3400 -204.4000 5 673 76.9800 -192.8100
2.5603382334e+000 -2.6651914547e+000 -1.0471146041e+001
128 115 128
2 7 717 146.2900 -179.3100 5 682 70.7800 -166.9800
2.4062935639e+000 -2.7864961462e+000 -1.0953931521e+001
80 68 82
2 7 721 129.5600 -177.3000 5 683 51.7000 -165.5600
2.1731915907e+000 -9.3070202791e-001 -6.3911065798e+000
200 170 46
2 7 761 226.2600 -136.2500 5 730 185.4600 -110.7700
2.1731915907e+000 -9.3070202791e-001 -6.3911065798e+000
200 170 46
2 7 762 226.2600 -136.2500 5 731 185.4600 -110.7700
2.2181943377e+000 -8.7700564585e-001 -6.2962357668e+000
200 173 44
3 7 767 234.5900 -133.5800 5 515 194.9400 -107.2800 8 1064 -101.3500 199.5400
2.1783598360e+000 -8.6104450309e-001 -6.3574012318e+000
196 170 45
2 7 769 228.6500 -130.5300 5 518 188.3300 -104.2000
2.1783598360e+000 -8.6104450309e-001 -6.3574012318e+000
196 170 45
2 7 770 228.6500 -130.5300 5 519 188.3300 -104.2000
1.9819830986e+000 -2.1124200826e+000 -1.2055149928e+001
74 49 49
2 7 780 95.6100 -122.9000 5 735 14.4200 -110.1300
2.2678704154e+000 -4.9437204002e-001 -6.1663006111e+000
206 173 42
3 7 797 247.7800 -98.5800 5 540 210.7300 -70.0700 8 1019 -123.4500 176.0200
-8.6710492686e-001 -4.1056806276e-001 -5.3307204304e+000
236 189 200
2 7 805 -80.2500 -93.5400 5 377 -122.7400 -49.6200
2.2575664277e+000 -3.7444708349e-001 -6.2175479548e+000
206 171 32
2 7 814 245.6400 -85.5200 5 544 208.4800 -56.7200
-9.0941813537e-001 -2.4679364658e-001 -5.1329287755e+000
157 204 237
2 7 821 -86.4600 -77.3500 5 805 -125.6100 -28.8100
-9.1753948168e-001 -2.0034528897e-001 -5.0867921619e+000
119 141 190
2 7 824 -87.7000 -72.3600 5 563 -125.9500 -22.4700
9.2589576936e-001 1.1588928804e-001 -5.7869071737e+000
150 41 66
2 7 855 127.5400 -34.5000 5 844 98.9900 5.3300
-8.8894678740e-001 2.7575189267e-001 -4.7184774090e+000
228 166 183
3 7 864 -84.4100 -15.0200 5 601 -112.3900 49.1300 8 656 163.9400 86.0500
-6.5659784215e-001 3.5239100728e-001 -4.6934859312e+000
202 130 146
3 7 870 -51.9000 -6.3500 5 870 -73.1800 57.8500 8 657 128.3100 86.3600
3.6211677073e-001 6.1083883693e-001 -5.4619377396e+000
155 106 126
2 7 905 74.1400 23.9000 5 882 51.4600 74.4700
3.7583784268e-001 6.3528450647e-001 -5.4720492053e+000
247 224 229
2 7 913 75.7700 26.7000 5 613 53.0600 77.4300
-1.0398509175e+000 7.7519089957e-001 -4.6813243778e+000
249 196 203
2 7 939 -102.9000 55.6500 5 912 -128.8300 133.4600
1.6713782343e+000 1.3960577082e+000 -5.5164072742e+000
189 140 135
2 7 960 228.0200 106.4800 5 915 209.5100 150.6900
9.2107324111e-001 4.8834997848e-001 -5.5588314104e+000
213 195 202
2 6 97 108.1500 63.2900 8 163 -55.4500 80.4000
9.2107324111e-001 4.8834997848e-001 -5.5588314104e+000
213 195 202
2 6 98 108.1500 63.2900 8 162 -55.4500 80.4000
2.6291374442e+000 -3.2466072530e+000 -1.0391081863e+001
65 50 61
2 6 441 168.7600 -210.1200 8 1050 2.6200 192.7700
1.9262778042e+000 -3.7581829512e+000 -1.2409992495e+001
90 91 111
2 6 446 103.6700 -204.0500 8 972 61.0600 152.9800
1.9262778042e+000 -3.7581829512e+000 -1.2409992495e+001
90 91 111
2 6 447 103.6700 -204.0500 8 971 61.0600 152.9800
-4.6428915405e-001 2.2688316241e-001 -4.6683102330e+000
225 173 182
2 6 566 -78.5400 37.2500 8 671 107.0400 110.9300
5.0747482939e-001 1.0637352390e+000 -5.6704322122e+000
140 30 54
2 6 932 55.8100 133.0200 8 825 -31.7100 1.8800
1.6580786581e+000 2.9042592433e+000 -7.4307077809e+000
141 136 153
2 7 69 169.5900 220.7500 8 63 -152.1000 -166.3500
-5.4422834430e-001 3.5922276207e-001 -4.6769727105e+000
240 193 203
2 7 144 -36.2300 -6.3600 8 221 112.3300 90.6500
-8.4206623758e-002 6.5846806787e-001 -5.5422472322e+000
233 45 74
2 7 151 21.5200 32.8400 8 157 49.6000 30.9500
-2.8695261036e+000 1.0592531685e+000 -1.2806532056e+001
117 96 105
2 7 217 -155.3800 62.6400 8 136 232.1600 -163.9200
6.2203981609e-001 1.6619303687e+000 -5.9492119750e+000
96 5 3
2 7 226 100.5600 138.7800 8 187 -60.6000 -66.0700
2.5423350991e+000 -6.2826279554e-001 -5.4618667263e+000
255 64 99
2 7 241 307.3500 -129.4700 8 384 -167.1300 230.4700
2.5423350991e+000 -6.2826279554e-001 -5.4618667263e+000
255 64 99
2 7 242 307.3500 -129.4700 8 383 -167.1300 230.4700
1.4596948936e-001 5.4462210450e-001 -5.4660041422e+000
104 39 63
2 7 282 48.4200 17.4500 8 213 26.1000 54.2800
8.6785574554e-001 6.8463678527e-001 -5.6558484503e+000
234 44 79
2 7 292 128.4400 29.4100 8 478 -54.6800 54.4700
4.3734793397e-001 8.5243238506e-001 -5.6388324502e+000
180 37 58
2 7 298 81.3400 51.7500 8 305 -15.8500 23.5600
1.2165499749e+000 1.3758039819e+000 -5.7514641528e+000
75 43 27
2 7 310 169.3500 105.3000 8 148 -115.5000 -9.9700
2.6744050382e+000 -3.3853121732e+000 -1.0272387287e+001
128 117 139
2 7 330 152.7800 -226.2300 8 542 1.8300 203.8300
1.1466529523e+000 -3.1857030395e-001 -5.4315865859e+000
244 181 190
2 7 366 158.9400 -90.6900 8 523 -48.7100 174.0000
2.1052025765e-001 5.2679841943e-001 -5.4724545685e+000
150 99 104
2 7 405 55.6700 14.8500 8 481 19.3800 58.0600
5.7365461204e-001 9.2881474840e-001 -5.6587202730e+000
194 28 51
2 7 428 96.8800 59.5500 8 450 -33.4000 19.1300
1.5441863983e+000 1.2501447495e+000 -5.3623085097e+000
185 130 132
2 7 435 219.1900 91.8700 8 455 -160.1800 27.0500
1.5042514120e-001 1.2097255609e+000 -5.7253355929e+000
117 3 7
2 7 436 49.1400 94.3600 8 297 2.7300 -28.3000
5.8625446648e-001 1.3676877564e+000 -5.9593701411e+000
78 0 0
2 7 440 94.6300 106.5400 8 435 -44.7900 -36.2200
-3.3329067206e-001 1.7482269905e+000 -9.6725193775e+000
6 6 4
2 7 441 -15.0000 110.0400 8 408 71.0200 -142.1900
1.3323189643e+000 2.5231553792e+000 -8.0989169976e+000
19 14 17
2 7 451 126.7600 178.0800 8 280 -94.3900 -147.6300
1.6855913579e+000 -4.6516803984e+000 -1.3230093367e+001
92 88 103
2 7 465 61.9300 -230.2300 8 710 88.4400 168.0100
2.5399001837e+000 -3.5860496646e+000 -1.0619476279e+001
126 118 137
2 7 466 138.5000 -229.7900 8 747 16.2000 201.0900
2.1212848516e+000 -3.9755586671e+000 -1.1851557131e+001
117 113 130
2 7 469 98.0500 -224.2600 8 720 52.5400 178.8500
1.8030095958e+000 -4.4061253775e+000 -1.2943205201e+001
60 44 54
2 7 470 70.5800 -224.1300 8 1000 78.8300 166.1200
2.0722142703e+000 -3.3185130668e+000 -1.1950411011e+001
74 62 78
2 7 487 97.0500 -188.1700 8 700 44.5500 146.4700
2.1502911771e+000 -9.4274712270e-001 -6.4286929518e+000
242 216 84
2 7 510 222.7700 -136.6100 8 742 -89.8000 196.8900
2.1612666871e+000 -8.2322513612e-001 -6.3756593934e+000
240 220 94
2 7 519 226.7800 -126.3300 8 732 -96.2600 190.3000
4.7869816695e-001 8.4425354995e-001 -5.6538964273e+000
230 194 214
2 7 599 85.7100 50.4800 8 625 -19.6700 25.2700
4.7869816695e-001 8.4425354995e-001 -5.6538964273e+000
230 194 214
2 7 600 85.7100 50.4800 8 626 -19.6700 25.2700
-3.2986635760e-001 1.6902200071e+000 -9.7007160050e+000
72 59 60
2 7 611 -15.2300 105.7300 8 572 72.1100 -138.2200
-6.2720942593e-001 1.7506200309e+000 -1.0267134104e+001
14 12 15
2 7 612 -35.3300 107.0200 8 571 93.2200 -151.9800
1.6369690252e+000 2.4190305543e+000 -7.5493114412e+000
115 95 82
2 7 628 162.9700 176.7700 8 575 -130.3000 -126.1700
1.6369690252e+000 2.4190305543e+000 -7.5493114412e+000
115 95 82
2 7 629 162.9700 176.7700 8 576 -130.3000 -126.1700
2.6645363895e+000 -3.4307696927e+000 -1.0346914883e+001
124 118 149
2 7 658 150.7100 -227.1900 8 1072 3.9500 203.5700
2.7394951382e+000 -3.2903520783e+000 -1.0039569864e+001
146 138 160
2 7 661 161.2900 -226.0000 8 1086 -5.8900 207.4300
1.8353214184e+000 -4.3060672114e+000 -1.2759134922e+001
106 103 119
2 7 666 73.7600 -222.8700 8 1001 75.0600 166.7400
2.8309623898e+000 -3.1024192696e+000 -9.8022029204e+000
124 114 122
2 7 668 172.1200 -220.2600 8 1085 -17.7300 206.8900
2.3347092089e+000 -3.2646017478e+000 -1.1187982846e+001
117 110 129
2 7 694 120.2300 -199.6600 8 1002 25.2500 166.9200
1.8654110514e+000 -3.2043032355e+000 -1.2534033101e+001
110 102 119
2 7 731 81.0700 -172.4500 8 943 55.6100 125.2000
-8.7666829410e-001 6.0788960041e-002 -4.7026678127e+000
236 173 188
2 7 847 -84.6100 -45.1800 8 928 170.8900 114.6500
-5.1252157618e-001 4.1127515212e-001 -4.7130161661e+000
196 138 152
2 7 875 -31.3300 0.9700 8 910 105.8900 83.1700
4.6733312173e-001 9.0139157939e-001 -5.6486886322e+000
235 153 173
2 7 940 84.8700 57.1800 8 853 -20.9300 18.9100
5.9754704779e-001 1.0494129134e+000 -5.6789843417e+000
162 28 49
2 7 948 100.0200 73.2200 8 610 -40.3400 6.2500
4.5884250840e-001 1.0499269989e+000 -5.6635394855e+000
223 201 224
2 7 952 84.4600 74.3100 8 824 -25.9000 1.9700
2.5557608183e+000 -2.8606384723e-001 -5.4102642519e+000
227 157 174
2 5 125 287.8900 -60.4300 8 255 -185.1100 203.5400
2.6309522730e+000 -2.6872042388e-002 -5.3914856865e+000
221 180 195
2 5 134 299.2100 -30.8700 8 176 -204.5100 182.9600
2.5363948935e+000 -3.6644779834e-001 -5.4230469752e+000
205 169 184
2 5 178 284.0800 -69.4700 8 256 -179.3400 209.5900
2.5821502906e+000 -3.3923182839e-001 -5.3723578737e+000
213 36 57
2 5 179 292.2500 -67.3700 8 260 -186.9900 211.1000
2.5612455355e+000 -1.9921482149e-001 -5.3738236699e+000
220 180 189
2 5 185 292.0900 -50.8300 8 252 -191.0700 197.9200
2.5381852926e+000 -5.7840027050e-002 -5.3915717156e+000
214 39 53
2 5 192 290.5600 -33.8600 8 245 -194.2500 183.4600
2.5985421789e+000 1.2064016129e-001 -5.2759682720e+000
220 188 205
2 5 199 307.1700 -14.3700 8 351 -213.0800 174.4800
2.5985421789e+000 1.2064016129e-001 -5.2759682720e+000
220 188 205
2 5 200 307.1700 -14.3700 8 350 -213.0800 174.4800
2.5565851518e+000 -5.4871492957e-001 -5.4452629722e+000
214 37 60
2 5 252 281.8200 -90.2300 8 377 -172.5900 224.8500
-3.0686364842e+000 -5.3483793743e-001 -1.5043799215e+001
103 100 125
2 5 281 -251.5100 9.6600 8 594 245.4500 -98.1500
-6.9073276509e-001 6.4692268077e-001 -4.6159256583e+000
220 167 180
2 5 303 -72.6900 107.1400 8 315 120.2500 50.3600
-9.7334154993e-001 6.7223285966e-001 -4.6128674806e+000
158 96 117
2 5 309 -119.0800 116.7500 8 464 160.1600 35.3400
2.8443929950e+000 -3.0096694625e+000 -9.8102222672e+000
87 79 92
2 5 336 100.7600 -202.1400 8 748 -19.8100 201.8700
2.2385832058e+000 -7.4887526080e-001 -6.2605342409e+000
161 135 39
2 5 358 200.1000 -94.8400 8 738 -108.7500 191.5100
2.2475731398e+000 -5.3736328521e-001 -6.2216430967e+000
213 182 65
2 5 370 205.4200 -73.5800 8 524 -118.4000 176.4400
2.5651026679e+000 -1.2141134117e-001 -5.3926169977e+000
228 185 199
2 5 380 292.2000 -41.5000 8 731 -193.8900 189.8300
-3.0853333628e+000 -5.6549127821e-001 -1.5215332981e+001
105 101 122
2 5 395 -251.0500 8.5500 8 595 245.4500 -98.1500
-2.2720541141e+000 4.1247475765e-001 -1.2420899159e+001
30 23 27
2 5 412 -219.9100 55.6900 8 416 212.6000 -115.9500
-2.2720541141e+000 4.1247475765e-001 -1.2420899159e+001
30 23 27
2 5 413 -219.9100 55.6900 8 415 212.6000 -115.9500
-7.3820962504e-001 4.2718925585e-001 -4.6665796443e+000
168 140 174
2 5 425 -84.7700 71.5000 8 649 136.5400 75.0100
4.2805441613e-001 1.1192140163e+000 -5.6654006699e+000
204 168 181
2 5 449 57.8600 135.9000 8 436 -25.2600 -6.7700
4.2805441613e-001 1.1192140163e+000 -5.6654006699e+000
204 168 181
2 5 450 57.8600 135.9000 8 437 -25.2600 -6.7700
2.9479340653e+000 -3.1561854644e+000 -9.3755751552e+000
81 74 89
2 5 470 116.5300 -221.7000 8 1130 -28.5000 225.8500
2.2287895774e+000 -7.9503429746e-001 -6.2670599131e+000
159 131 35
2 5 522 198.3100 -99.4400 8 1056 -106.0900 194.7000
2.2287895774e+000 -7.9503429746e-001 -6.2670599131e+000
159 131 35
2 5 523 198.3100 -99.4400 8 1055 -106.0900 194.7000
2.5475507421e+000 -4.2344334912e-001 -5.4318656588e+000
226 180 196
2 5 539 283.6200 -75.9700 8 763 -177.6600 214.4400
2.5541036008e+000 -3.6361431142e-001 -5.4100870946e+000
229 182 199
2 5 542 286.5600 -69.4300 8 1093 -181.7700 210.5300
2.5627737696e+000 -7.7813309623e-003 -5.3744035752e+000
229 167 175
2 5 558 294.7500 -28.3500 8 1026 -199.5000 180.3500
2.5627737696e+000 -7.7813309623e-003 -5.3744035752e+000
229 167 175
2 5 559 294.7500 -28.3500 8 1025 -199.5000 180.3500
2.6028959126e+000 1.5409740116e-001 -5.2564870034e+000
208 43 65
2 5 570 309.3800 -10.5500 8 1014 -216.0500 172.5300
2.6157929056e+000 2.5163131942e-001 -5.2337056225e+000
190 71 99
2 5 578 313.6400 0.8600 8 995 -222.7400 164.7300
-1.9940108946e+000 5.1994089715e-001 -1.1992051413e+001
41 29 37
2 5 606 -204.5100 61.3900 8 586 197.9600 -114.1100
-1.8978093737e+000 5.7810126006e-001 -1.1839746524e+001
39 29 37
2 5 608 -198.8900 64.7600 8 585 192.2400 -114.6000
-1.0697191225e+000 6.1087514765e-001 -4.6388505290e+000
177 111 130
2 5 624 -136.4600 107.9200 8 634 176.5900 38.4700
4.0630259012e-001 9.1237565403e-001 -5.6387451103e+000
183 112 129
2 5 627 53.8200 110.7300 8 845 -14.9900 15.9800
5.8140160412e-001 9.9434735192e-001 -5.6672832255e+000
134 8 22
2 5 629 75.0000 117.7700 8 615 -36.2400 11.8400
2.8360140149e+000 -2.9284596154e+000 -9.7159203908e+000
41 31 41
2 5 667 102.5200 -198.8800 8 1067 -22.8300 200.9700
2.1896954615e+000 -9.2403225803e-001 -6.3614658098e+000
205 177 65
2 5 734 188.4000 -110.5900 8 1063 -95.6200 199.5000
2.5665727108e+000 -3.0682203484e-001 -5.3962156719e+000
235 185 202
2 5 772 289.4300 -63.1000 8 1082 -186.0100 206.5400
2.5593766357e+000 -2.1192913243e-001 -5.4041540770e+000
230 182 190
2 5 783 289.4300 -51.8600 8 1059 -189.1300 197.4000
2.2092074038e+000 -3.8703822193e+000 -4.1388550489e+001
153 182 225
2 5 795 -102.5000 -37.6600 8 289 98.5700 -75.7700
2.5800854982e+000 -5.4687405563e-002 -5.3325937802e+000
190 82 110
2 5 799 298.8200 -34.4700 8 1038 -200.9800 187.3800
2.5800854982e+000 -5.4687405563e-002 -5.3325937802e+000
190 82 110
2 5 800 298.8200 -34.4700 8 1037 -200.9800 187.3800
2.6083629442e+000 1.2933154671e-001 -5.2419149343e+000
232 168 187
2 5 829 310.7300 -13.6900 8 1020 -216.1200 175.7800
2.6127027804e+000 1.7360040376e-001 -5.2260743555e+000
249 156 168
2 5 835 312.9400 -8.5400 8 1016 -219.3000 172.5300
2.6127027804e+000 1.7360040376e-001 -5.2260743555e+000
249 156 168
2 5 836 312.9400 -8.5400 8 1015 -219.3000 172.5300
1.0209153708e+000 1.5953268637e+000 -5.7974473200e+000
190 117 131
2 5 917 125.5000 180.3400 8 819 -103.8100 -41.3000
