# Bundle file v0.3
9 593
0 0 0
0 0 0
0 0 0
0 0 0
0 0 0
6.7745161403e+002 -5.4496260244e-002 -8.3086711778e-003
9.2340076361e-001 -2.7922474388e-001 -2.6337154778e-001
3.8097458717e-001 5.8307938982e-001 7.1754915448e-001
-4.6790957506e-002 -7.6292330386e-001 6.4479348533e-001
-1.5876722634e+000 4.1581773618e+000 -2.4102824161e+000
0 0 0
0 0 0
0 0 0
0 0 0
0 0 0
0 0 0
0 0 0
0 0 0
0 0 0
0 0 0
6.8452246465e+002 -8.4646491130e-002 -1.0825479898e-002
9.1640391895e-001 -3.6886804150e-001 1.5537124986e-001
1.3958561378e-001 6.5833781406e-001 7.3966693789e-001
-3.7512626375e-001 -6.5614608933e-001 6.5479202478e-001
1.1007019822e+000 4.2473056770e+000 -1.6667918280e+000
6.7325483646e+002 -1.2540076984e-001 -2.5132568165e-002
9.6977724564e-001 8.9099379117e-002 2.2714179378e-001
-8.0641990657e-002 9.9566883167e-001 -4.6264964941e-002
-2.3028018409e-001 2.6549543858e-002 9.7276212844e-001
1.2472312718e+000 -2.6209329925e-001 3.0229202645e-001
6.7217063451e+002 -1.1651853329e-001 -2.6348811452e-002
9.9999984721e-001 -4.3172936333e-004 -3.4522666278e-004
4.3222342543e-004 9.9999888080e-001 1.4323321441e-003
3.4460789656e-004 -1.4324811403e-003 9.9999891462e-001
-3.5600668917e-002 3.2504429538e-002 2.5932810211e-001
6.7270609805e+002 -1.3722274147e-001 4.1019377361e-002
9.9725439810e-001 5.0208985575e-002 5.4430903420e-002
-4.7664687710e-002 9.9775345745e-001 -4.7075637895e-002
-5.6672242104e-002 4.4351954921e-002 9.9740721928e-001
5.4403569874e-001 -6.4459729906e-001 -1.2489801331e-001
6.7044492685e+002 -1.1330223576e-001 -1.1869315835e-002
-9.2457756191e-001 -3.3670565652e-001 -1.7828525702e-001
2.8395423778e-001 -9.2097954301e-001 2.6677082339e-001
-2.5402031976e-001 1.9602546322e-001 9.4712601850e-001
-4.7102566180e-001 2.3599261371e+000 -3.3568813846e-001
1.8921348164e+000 -1.1507282156e+000 -6.8762666826e+000
203 182 70
5 6 325 186.6000 -113.1000 7 505 185.2800 -144.2900 5 350 138.2300 -120.9300 4 462 241.3200 -146.6200 1 590 253.7400 -80.8900
2.1633852244e+000 -8.8837795056e-001 -6.3159059851e+000
221 195 83
5 6 501 232.6100 -94.2900 7 513 231.0500 -133.6600 5 517 191.1200 -107.2700 8 744 -98.2100 198.0700 4 493 271.5100 -79.0300
2.1633852244e+000 -8.8837795056e-001 -6.3159059851e+000
221 195 83
5 6 500 232.6100 -94.2900 7 512 231.0500 -133.6600 5 516 191.1200 -107.2700 8 745 -98.2100 198.0700 4 494 271.5100 -79.0300
2.1840346018e+000 -8.7929104739e-001 -6.2792230705e+000
177 153 51
6 6 778 235.9600 -93.7600 7 766 234.5900 -133.5800 5 514 194.9400 -107.2800 8 1065 -101.3500 199.5400 4 795 274.3800 -75.1800 1 895 265.5500 -3.0500
2.1810529450e+000 -7.7562635743e-001 -6.2838113398e+000
214 189 76
6 6 508 235.6200 -82.6500 7 523 234.7100 -123.2200 5 356 195.4300 -96.4200 8 734 -104.6000 190.6000 4 497 267.0000 -67.4200 1 637 258.8000 3.8000
2.1979774403e+000 -7.0462113750e-001 -6.2740566522e+000
215 190 73
6 6 328 237.6100 -74.5900 7 359 237.4300 -116.4400 5 360 198.5000 -89.2900 8 529 -109.1800 186.1600 4 501 264.2500 -60.3800 1 641 255.7300 9.0100
2.1721243358e+000 -8.1631807843e-001 -6.2967927281e+000
215 191 85
6 6 781 234.1700 -86.8000 7 775 233.2700 -126.8800 5 745 193.5500 -100.3000 8 1052 -101.9900 193.4200 4 796 268.2000 -71.7800 1 897 260.4200 -0.5800
2.4921647537e+000 -4.9933890994e-001 -5.4730370625e+000
226 182 185
5 6 163 308.2400 -59.3400 7 183 306.7600 -113.6100 5 173 277.9200 -82.6000 8 262 -171.1900 217.4600 4 178 311.6100 24.9600
2.1427706992e+000 -9.8155935131e-001 -6.3528820869e+000
212 189 70
5 6 326 228.6500 -104.2400 7 355 227.0900 -141.5600 5 351 186.2800 -115.9600 8 541 -92.3400 203.0300 4 328 274.5600 -89.7900
1.8913267207e+000 -1.1080049256e+000 -6.8679023871e+000
41 28 0
4 6 771 186.9200 -109.1800 7 757 185.5800 -140.7200 5 720 138.6900 -116.9200 4 762 238.5000 -142.4200
1.8913267207e+000 -1.1080049256e+000 -6.8679023871e+000
41 28 0
4 6 772 186.9200 -109.1800 7 758 185.5800 -140.7200 5 721 138.6900 -116.9200 4 763 238.5000 -142.4200
2.5021002042e+000 -3.8605622480e-001 -5.4632510735e+000
234 192 195
4 6 528 309.9400 -45.2700 7 533 309.3700 -101.2900 5 541 281.1000 -69.8300 4 853 304.5800 34.1700
2.4932669859e+000 -4.3519506794e-001 -5.4784826653e+000
239 180 181
4 6 793 308.0600 -51.3800 7 794 307.1300 -106.4500 5 762 278.5400 -75.1900 4 1298 306.6100 29.2100
2.0906613072e+000 -6.4812521165e-001 -6.4546639349e+000
218 186 68
3 6 46 220.4100 -65.7700 7 51 220.6100 -106.8200 5 27 179.9500 -81.0800
-8.6985087656e-001 4.7630942399e-001 -4.6789801506e+000
21 27 43
3 6 54 -136.5500 75.8500 7 57 -78.7900 13.0600 5 33 -102.4000 82.8100
-8.6832818742e-001 4.7679300850e-001 -4.6792039410e+000
21 27 43
4 6 55 -136.5500 75.8500 7 58 -78.7900 13.0600 5 34 -102.4000 82.8100 8 76 149.5900 63.6800
-8.6985087656e-001 4.7630942399e-001 -4.6789801506e+000
21 27 43
3 6 56 -136.5500 75.8500 7 59 -78.7900 13.0600 5 35 -102.4000 82.8100
-8.3598018873e-001 -2.5951493852e-001 -5.1545697667e+000
23 24 28
3 6 66 -118.7900 -32.0500 7 75 -74.9800 -79.7100 5 49 -112.1700 -31.7400
8.7101163081e-001 2.8911680345e-002 -5.7591442882e+000
210 178 197
3 6 49 101.7700 6.5300 7 54 124.9700 -43.6100 5 51 95.8400 -4.6000
6.8921925770e-002 3.2067867166e-001 -5.6209545880e+000
152 22 32
4 6 53 4.8600 43.2200 7 83 38.3700 -7.9800 5 54 8.7600 41.3300 8 96 43.9400 69.6800
-9.1322645294e-001 5.8722627594e-001 -4.7015229937e+000
192 205 242
4 6 78 -142.5900 91.8000 7 88 -83.9200 29.0700 5 57 -107.5000 101.5400 8 89 152.4500 45.4800
1.0452923246e+000 -3.9319938799e-002 -5.6101123456e+000
180 117 131
3 6 90 126.8000 -0.7900 7 102 147.4500 -54.0300 5 76 122.0400 -16.8300
1.3234109049e+000 1.7532131011e-001 -5.6576276519e+000
188 119 130
3 6 70 159.9400 25.2800 7 80 178.0800 -30.7200 5 77 153.2900 8.0100
1.0038140468e+000 5.3272452321e-001 -5.6095241235e+000
213 193 208
3 6 74 121.3300 70.0900 7 84 147.0700 11.8600 5 82 123.8300 55.4500
1.0038140468e+000 5.3272452321e-001 -5.6095241235e+000
213 193 208
3 6 75 121.3300 70.0900 7 85 147.0700 11.8600 5 83 123.8300 55.4500
3.7516658731e-001 4.5612367600e-001 -5.4976879531e+000
72 2 3
3 6 96 43.5500 61.2900 7 111 77.0400 6.2200 5 84 52.9100 54.8800
-8.5330443685e-001 3.5185170020e-001 -4.7335002636e+000
187 201 240
3 6 73 -132.4300 56.4800 7 110 -77.1000 -4.1500 5 85 -102.0400 61.3800
8.3112799871e-001 5.2577952283e-001 -5.6132188640e+000
95 0 2
3 6 132 99.6900 69.1700 7 147 127.5700 12.0000 5 108 103.5100 56.9400
4.6914909573e-001 9.5522017483e-001 -5.6552985489e+000
163 18 29
3 6 104 53.8900 121.5400 7 113 87.7400 64.4300 5 113 63.7400 115.6700
2.3123099569e+000 -1.1438586409e+000 -5.9675349378e+000
202 197 106
3 6 117 262.0000 -128.6800 7 128 257.7300 -168.6300 5 120 220.9400 -142.5500
9.9763621616e-001 2.0260576090e-002 -5.6863612895e+000
72 5 8
3 6 178 118.7500 4.5900 7 198 140.4500 -45.7800 5 140 114.0100 -6.6900
1.9450088946e-002 4.1260896916e-001 -5.6041305790e+000
225 56 94
3 6 128 -1.7000 54.5100 7 202 32.7700 3.3400 5 150 4.0200 53.7400
1.9450088946e-002 4.1260896916e-001 -5.6041305790e+000
225 56 94
3 6 129 -1.7000 54.5100 7 203 32.7700 3.3400 5 151 4.0200 53.7400
-5.6207415482e-001 4.0349245021e-001 -4.7528913226e+000
108 54 70
3 6 190 -88.7600 64.1400 7 145 -35.6600 0.9700 5 153 -54.9500 65.0900
1.7251178306e-001 6.1238142850e-001 -5.5130102082e+000
217 202 221
3 6 134 17.6700 81.4400 7 149 53.6900 25.9700 5 156 28.5500 77.8500
-9.1859114128e-001 4.7238346359e-001 -4.6595431677e+000
18 20 30
3 6 133 -144.3300 74.7400 7 206 -86.2600 12.5400 5 157 -110.1000 84.1500
4.1314660880e-001 1.0436046878e+000 -5.6596491540e+000
171 150 172
4 6 139 46.7000 132.2400 7 157 81.7400 75.0300 5 163 57.8600 127.6000 8 149 -23.5700 0.6800
2.4972690028e+000 -4.9972582269e-001 -5.4809728377e+000
226 182 185
3 6 164 308.2400 -59.3400 7 184 306.7600 -113.6100 5 174 277.9200 -82.6000
9.0641167025e-001 -9.7287092441e-002 -5.6962325432e+000
51 9 18
3 6 242 107.6200 -8.8500 7 256 129.1300 -58.8000 5 198 101.5000 -20.9700
8.2426611251e-001 1.0239868991e-001 -5.8026008327e+000
139 29 46
3 6 248 95.5400 14.7800 7 263 118.5500 -34.3900 5 206 89.8800 5.3600
-4.7804817437e-001 2.7310145370e-001 -4.7010637719e+000
157 99 113
4 6 186 -77.4700 45.5000 7 269 -24.4800 -18.2400 5 208 -42.0100 42.7400 8 335 103.7300 103.6900
1.0498560865e+000 6.2211375496e-001 -5.6274605323e+000
44 9 7
4 6 194 125.6800 80.3800 7 148 152.5500 21.9900 5 214 129.4700 65.8900 8 161 -75.0800 66.8900
1.3334900719e-001 5.4082840428e-001 -5.4993158447e+000
82 11 26
3 6 193 12.9700 72.6000 7 283 48.4200 17.4500 5 217 23.2900 69.1500
-5.7704497861e-001 4.4590759222e-001 -4.7434684837e+000
235 181 195
3 6 192 -91.0500 70.9400 7 277 -37.4700 6.7600 5 218 -56.6200 72.0500
-9.5736062856e-001 4.2624091077e-001 -4.7052113918e+000
183 230 255
4 6 258 -149.1900 67.5700 7 278 -91.4000 6.6400 5 222 -117.6500 75.7400 8 322 164.9400 65.3500
-8.9064874192e-001 5.4227109624e-001 -4.5736104991e+000
179 225 255
3 6 264 -142.4100 86.7700 7 290 -84.4100 23.2000 5 224 -102.1800 95.9100
-9.1402187683e-001 6.0402917632e-001 -4.6817987666e+000
243 231 243
3 6 266 -142.9300 95.1500 7 293 -84.1800 31.5200 5 225 -107.9100 104.4700
-8.2086318589e-001 7.0724105771e-001 -4.6336272190e+000
225 165 177
4 6 273 -130.7700 111.6500 7 296 -70.8500 45.9700 5 226 -90.6000 120.5900 8 312 132.3200 36.5600
9.5741532051e-001 -4.8300783469e-002 -5.7128144612e+000
66 13 22
3 6 358 113.6800 -2.4400 7 381 134.6200 -53.5200 5 273 106.9800 -15.3900
1.2354435756e+000 6.3777480011e-002 -5.6069472821e+000
95 35 39
3 6 247 150.5600 11.3200 7 261 169.3300 -43.5800 5 275 145.0500 -4.7300
1.1141927645e+000 7.1200087720e-002 -5.6611881860e+000
172 101 113
3 6 361 133.9200 11.7800 7 262 154.3900 -41.2100 5 276 128.7700 -2.2400
6.5902445649e-001 1.6797898303e-001 -5.7548288066e+000
115 4 13
3 6 253 76.3100 23.5200 7 268 101.9800 -26.8800 5 283 73.4000 14.4700
9.0989444484e-001 5.6819328913e-001 -5.5986010244e+000
104 11 16
4 6 260 110.2900 74.3800 7 281 137.0500 16.5800 5 296 114.2400 61.6900 8 217 -57.9000 69.9400
-7.5323291258e-002 5.7368563652e-001 -5.5104487742e+000
108 9 22
3 6 263 -13.8400 76.4200 7 287 23.5600 22.9300 5 297 -3.4300 76.3000
-8.8044667756e-001 4.4427921906e-001 -4.6938440698e+000
255 254 254
4 6 259 -137.4700 70.8400 7 279 -80.3100 8.8500 5 298 -104.9900 77.5000 8 323 153.5300 66.9600
5.5450308308e-001 9.1546499788e-001 -5.6624715513e+000
153 14 28
4 6 403 64.1100 116.7400 7 429 96.8800 59.5500 5 304 73.7400 108.4200 8 449 -33.4000 19.1300
-9.2113560967e-001 7.1753610229e-001 -4.6487998464e+000
227 167 179
3 6 401 -144.7900 112.9700 7 421 -85.0800 47.8700 5 312 -106.8300 124.0400
-1.0285047924e+000 7.1676039945e-001 -4.6607432563e+000
133 74 96
3 6 602 -160.5600 112.1700 7 422 -100.0800 48.4600 5 313 -125.0400 125.9000
4.4459555405e-001 1.0892717413e+000 -5.6523899554e+000
166 22 33
4 6 277 50.8700 137.9600 7 302 85.7600 80.2600 5 314 62.4300 133.1100 8 298 -28.8500 -2.9700
1.5768404452e+000 1.2309736026e+000 -5.3863923218e+000
69 31 28
3 6 199 198.3500 161.6800 7 218 225.5000 90.9100 5 315 208.4500 136.3100
1.5768404452e+000 1.2309736026e+000 -5.3863923218e+000
69 31 28
3 6 200 198.3500 161.6800 7 219 225.5000 90.9100 5 316 208.4500 136.3100
1.7967617460e+000 -3.4076573069e+000 -1.2769146925e+001
97 90 106
4 6 465 93.8900 -180.3500 7 490 74.5800 -179.1000 5 339 -11.2100 -169.6600 8 683 63.6800 127.9600
-1.2148111513e+000 -2.8026308294e+000 -1.3009001508e+001
72 44 55
3 6 743 -64.8700 -144.9100 7 759 -77.0200 -140.7000 5 347 -171.7400 -129.6700
2.1716353580e+000 -8.5734280875e-001 -6.3156653496e+000
214 191 78
3 6 503 233.2600 -91.1100 7 515 232.1800 -130.3400 5 354 192.3100 -104.1700
-8.3784289438e-001 -1.9875511540e-001 -5.1329996185e+000
251 253 255
3 6 342 -119.6400 -23.7800 7 373 -74.8000 -72.5900 5 386 -111.6600 -22.9300
9.1795390416e-001 -5.9596658895e-002 -5.7518659349e+000
173 134 153
3 6 355 108.0300 -4.3700 7 380 129.1000 -54.1500 5 389 100.6800 -15.4400
2.1123374345e+000 5.6690706624e-001 -6.3747787458e+000
110 64 25
3 6 378 225.1000 63.6400 7 403 234.3100 12.2600 5 407 198.4400 44.8200
-8.6072937920e-001 3.7958554935e-001 -4.6955003689e+000
165 217 254
3 6 377 -134.6600 61.0800 7 577 -78.2700 -0.4800 5 418 -102.3700 66.3900
-9.8500378290e-001 3.9898222311e-001 -4.7111502622e+000
168 156 197
3 6 578 -152.6700 63.5200 7 580 -95.2000 2.8500 5 426 -123.0400 71.9300
-6.2082664443e-001 5.7674955961e-001 -4.6697981030e+000
170 104 126
4 6 390 -99.1500 91.5100 7 410 -42.6700 25.7000 5 431 -59.9500 94.9700 8 484 110.4900 60.6000
-8.7079043475e-001 6.8961993686e-001 -4.6406344194e+000
178 107 123
4 6 601 -137.4800 108.8600 7 594 -77.8900 43.7100 5 440 -98.7500 118.7400 8 632 141.8800 36.5900
-9.1347918073e-001 6.8628297271e-001 -4.6390208535e+000
174 107 127
4 6 398 -144.2200 108.2800 7 595 -84.0300 43.5200 5 441 -106.1400 118.9800 8 466 147.8700 35.3400
-9.1421883107e-001 6.8661994846e-001 -4.6423906828e+000
174 107 127
3 6 399 -144.2200 108.2800 7 596 -84.0300 43.5200 5 442 -106.1400 118.9800
1.6948970564e+000 1.3549550462e+000 -5.5313963211e+000
69 30 30
3 6 286 207.3700 172.1500 7 309 232.5100 102.9500 5 458 213.2100 146.8100
9.8419552288e-001 1.5578895547e+000 -5.8073842549e+000
140 24 34
3 6 414 113.4100 189.1300 7 618 145.2800 127.9800 5 463 122.5300 177.5000
2.5535929645e+000 -2.9193310936e+000 -1.0407479996e+001
103 99 121
3 6 460 164.3500 -188.9000 7 696 145.7100 -195.7400 5 485 69.7500 -183.3900
2.3080776249e+000 -3.0271435063e+000 -1.1201343962e+001
108 101 117
3 6 463 137.9600 -182.4300 7 712 119.4800 -186.1600 5 491 39.9900 -175.1500
2.4216352387e+000 -2.5698264099e+000 -1.0768695298e+001
64 53 67
3 6 736 150.9200 -161.1700 7 738 133.9100 -168.0200 5 502 56.9700 -155.7600
2.3392718553e+000 -2.3663118262e+000 -1.1115740719e+001
74 53 61
3 6 483 141.6100 -144.0100 7 752 124.6900 -150.7000 5 506 47.1300 -137.8600
2.2916460573e+000 -2.3723611396e+000 -1.1174376985e+001
124 120 134
3 6 484 137.8000 -143.6700 7 498 121.4600 -149.9500 5 507 43.2600 -137.3900
2.2916460573e+000 -2.3723611396e+000 -1.1174376985e+001
124 120 134
3 6 485 137.8000 -143.6700 7 497 121.4600 -149.9500 5 508 43.2600 -137.3900
2.4765981003e+000 -6.0196786419e-001 -5.5370578017e+000
240 184 195
3 6 513 302.5900 -71.4800 7 779 300.5400 -123.5000 5 526 270.7100 -93.1500
2.4933359491e+000 -5.6764529960e-001 -5.4754424668e+000
242 193 212
3 6 514 307.9500 -67.8900 7 525 306.0200 -121.2200 5 527 277.0600 -90.6100
2.1421729397e+000 -6.9737196413e-001 -6.3841805168e+000
164 169 117
3 6 512 227.9100 -72.6900 7 527 228.0200 -113.2400 5 530 187.7600 -86.5100
2.5016455484e+000 -4.8547379930e-001 -5.4533496411e+000
234 173 188
3 6 518 310.2900 -57.8900 7 791 308.8600 -112.5000 5 532 280.5600 -81.6000
2.1890598173e+000 -6.0807861787e-001 -6.2684506149e+000
177 147 41
4 6 787 237.2300 -64.2700 7 795 237.6900 -106.8000 5 533 199.0300 -79.4500 8 1022 -111.8600 178.3500
9.6427176325e-001 -9.9948158129e-003 -5.7128888353e+000
171 124 141
3 6 832 114.4000 1.7300 7 838 135.7200 -49.2300 5 572 108.2900 -10.2500
-5.0518141033e-001 -5.7610649141e-002 -4.8491452060e+000
226 178 187
3 6 354 -79.0200 -4.8900 7 833 -30.5300 -61.1300 5 573 -54.7100 -8.4200
-4.9654597197e-001 -1.4572068433e-002 -4.8155398072e+000
219 171 182
3 6 551 -78.1400 1.6000 7 837 -29.0700 -56.4700 5 577 -52.1400 -1.8000
-4.5665776068e-001 6.2160373653e-002 -4.7645584055e+000
157 101 112
3 6 558 -73.0800 13.0400 7 845 -23.2100 -46.7400 5 584 -43.3900 9.1800
-4.5665776068e-001 6.2160373653e-002 -4.7645584055e+000
157 101 112
3 6 557 -73.0800 13.0400 7 844 -23.2100 -46.7400 5 585 -43.3900 9.1800
-8.9620639749e-001 5.6632608422e-002 -4.7307778764e+000
215 151 168
4 6 556 -139.1800 12.3200 7 848 -84.6100 -45.1800 5 586 -113.5800 13.9200 8 927 170.8900 114.6500
-4.6353926569e-001 2.1895033320e-001 -4.7143811409e+000
157 99 112
4 6 565 -74.9200 36.9300 7 861 -22.9900 -25.6000 5 589 -40.9100 34.0200 8 670 104.0600 110.4400
-8.8670667940e-001 2.0563304826e-001 -4.7631051083e+000
245 182 191
3 6 563 -136.7600 34.3900 7 568 -81.9300 -24.0700 5 592 -110.1400 38.0400
1.2054918768e-001 5.6858069712e-001 -5.4772825578e+000
233 218 230
4 6 586 11.2700 76.3000 7 901 47.6200 21.0200 5 610 22.7400 73.2000 8 883 25.0400 50.4200
1.4862201440e-001 5.8761766883e-001 -5.4771849302e+000
229 219 231
4 6 587 14.9100 78.6900 7 904 51.1600 23.0200 5 611 26.8000 75.4800 8 639 21.3600 49.1200
-8.6634818034e-001 6.0305822456e-001 -4.6771242445e+000
241 217 230
3 6 595 -136.0800 95.0200 7 918 -77.2300 31.0600 5 621 -100.0200 103.6400
3.8700199088e-001 9.0320873628e-001 -5.6412389129e+000
203 132 150
4 6 922 44.0800 115.4800 7 942 78.2200 58.9300 5 626 53.8200 110.7300 8 846 -14.9900 15.9800
-9.5075025030e-001 7.0135530893e-001 -4.6424121441e+000
232 172 179
3 6 917 -149.8700 110.2100 7 932 -88.9900 46.0800 5 631 -112.0200 122.1800
4.4443248978e-001 1.0143812674e+000 -5.6524560653e+000
152 22 54
4 6 606 50.7300 128.8600 7 609 85.2000 71.4200 5 633 61.6100 123.5400 8 609 -25.9800 5.1900
2.7562326805e+000 -3.3062180587e+000 -9.9090608384e+000
111 103 121
4 6 644 185.4800 -223.5100 7 655 164.8300 -229.7600 5 651 90.3100 -218.4400 8 1098 -8.3900 212.2300
2.4524505770e+000 -3.6198394758e+000 -1.0818541021e+001
100 95 114
3 6 641 151.1400 -224.7200 7 660 130.3500 -227.0800 5 653 51.5500 -217.1600
2.5471587259e+000 -3.4649231417e+000 -1.0578775773e+001
115 112 130
4 6 655 160.5600 -219.9600 7 664 140.0300 -223.6500 5 655 62.5700 -213.2400 8 1057 12.7200 196.1100
2.5640042128e+000 -3.1288961474e+000 -1.0484513403e+001
117 106 126
3 6 681 163.5200 -200.7800 7 683 144.1500 -206.2500 5 670 67.5100 -194.8800
2.4534845055e+000 -2.6980909710e+000 -1.0840126032e+001
73 58 66
3 6 723 151.8100 -167.8100 7 724 134.2000 -174.2300 5 688 56.6400 -162.4800
2.1207271348e+000 -2.2112859574e+000 -1.1597396256e+001
107 92 111
3 6 752 122.9300 -128.8600 7 764 107.3300 -134.7700 5 717 27.4000 -122.1100
1.9297274471e+000 -2.3758409120e+000 -1.2281541268e+001
97 86 99
3 6 750 105.4300 -131.0500 7 765 89.0800 -134.0300 5 718 6.5000 -122.2000
2.0826960504e+000 -2.0041144536e+000 -1.1767963156e+001
107 91 101
3 6 769 119.0600 -115.3200 7 783 103.8600 -121.0600 5 736 23.9300 -108.0600
2.5008161874e+000 -7.0130438558e-001 -5.4668194334e+000
247 142 75
3 6 782 309.1400 -84.5800 7 760 305.9400 -136.5400 5 739 276.5400 -106.0900
2.1758455721e+000 -8.1793742591e-001 -6.3061507092e+000
215 191 85
3 6 780 234.1700 -86.8000 7 774 233.2700 -126.8800 5 744 193.5500 -100.3000
2.5025491687e+000 -5.2593237709e-001 -5.4603932713e+000
249 179 194
3 6 788 309.8500 -62.9000 7 789 308.3300 -116.9100 5 754 279.5600 -86.1000
2.5197406885e+000 -3.4242415548e-001 -5.3972965937e+000
215 78 123
3 6 800 315.6700 -40.2000 7 799 315.6400 -97.9600 5 770 288.0200 -65.8200
9.0738221323e-001 3.5624476791e-003 -5.7155934455e+000
223 194 208
3 6 833 107.3500 3.3500 7 843 129.3900 -47.1700 5 837 101.9300 -8.2200
8.8311261442e-002 5.5402037162e-001 -5.4773020441e+000
239 225 235
3 6 885 6.9600 74.4000 7 898 43.7400 19.5200 5 875 18.4300 71.6300
-9.3588371317e-002 5.4417860397e-001 -5.4782642377e+000
209 176 193
3 6 880 -16.4700 73.1100 7 899 21.9200 19.3900 5 881 -5.3800 72.9100
1.5579123262e+000 1.0164754895e+000 -5.2997246871e+000
159 96 109
3 6 608 199.9700 136.6000 7 946 225.4100 66.1700 5 905 210.1700 111.0600
5.6516966395e-001 9.5250122300e-001 -5.6631673175e+000
212 136 155
4 6 928 65.7700 120.9200 7 944 98.6100 63.3400 5 906 74.6500 113.9500 8 848 -36.1400 15.7800
9.7874464530e-001 -3.0329578127e-001 -5.5575469270e+000
215 148 157
2 6 18 118.9300 -35.6200 7 22 140.4300 -84.7100
-1.4311592461e-002 4.8822230616e-001 -5.5642498653e+000
243 238 244
2 6 26 -5.9000 65.0700 7 28 29.6900 12.3300
-2.5293664834e-001 5.5158347810e-001 -5.3042738008e+000
34 19 22
2 6 27 -37.8100 76.9500 7 41 3.4700 20.6400
1.9670295367e+000 7.8931078999e-001 -6.3477281104e+000
192 132 142
2 6 28 209.9400 88.2100 7 29 223.5500 35.6000
-6.3102986171e-002 2.7390995867e-001 -5.6524664956e+000
235 234 242
2 6 51 -12.2400 37.0000 7 82 22.1000 -11.8000
1.5202537476e-002 1.4541630238e+000 -5.9698530453e+000
161 15 26
2 6 62 -1.6200 173.0500 7 65 33.5400 120.4400
-1.2762295102e+000 -2.9415789405e+000 -1.2907459780e+001
58 58 69
2 6 64 -68.4500 -153.9600 7 71 -81.1300 -149.2000
-4.4283005034e-002 1.6315933633e-001 -5.8119826732e+000
198 32 51
2 6 69 -9.6600 22.4600 7 141 22.0600 -23.2300
1.4090668765e+000 2.9521711025e-001 -5.7889794626e+000
67 9 9
2 6 72 166.1700 38.8200 7 81 183.7100 -16.3600
-3.0025311698e+000 3.2285203192e+000 -1.2291756318e+001
23 21 26
2 6 81 -167.3800 177.4400 7 123 -161.1700 181.1500
3.6352668293e-001 -3.4726913222e+000 -1.3568182124e+001
9 9 9
2 6 86 17.1200 -172.9700 7 97 -0.7100 -168.5900
7.7381613022e-001 5.1868175867e-002 -5.7992921659e+000
238 230 239
2 6 91 89.6100 9.2400 7 104 112.8700 -40.1400
-1.3039008354e-001 2.0211092638e-001 -5.7155665988e+000
230 212 229
2 6 93 -20.9200 27.2100 7 143 13.8800 -18.7400
2.3129632586e+000 -1.1442925760e+000 -5.9691008281e+000
202 197 106
2 6 116 262.0000 -128.6800 7 127 257.7300 -168.6300
1.1700581032e+000 9.3228410009e-002 -5.6529335940e+000
189 123 137
2 6 124 141.0400 14.7800 7 138 161.0400 -39.2100
2.8743547100e-001 4.7836568652e-001 -5.5074640831e+000
230 208 219
2 6 131 32.6600 64.5500 7 205 66.1500 9.1600
-3.6427794955e-002 7.2744184831e-001 -5.5683580941e+000
91 1 7
3 6 137 -8.9500 94.8200 7 215 28.7100 41.2500 8 152 38.0500 23.8700
1.5519371362e+000 1.3776212905e+000 -5.4907708694e+000
169 119 130
2 6 144 191.3200 176.8500 7 161 218.5200 107.3100
8.5960048246e-001 -4.9951120435e+000 -1.5042343388e+001
42 42 51
2 6 149 37.3100 -223.5300 7 174 14.2700 -213.7600
2.4122409147e+000 -3.6522919916e+000 -1.1006632239e+001
37 33 48
3 6 151 146.0100 -222.8700 7 170 125.2200 -224.9000 8 249 26.7100 190.6300
2.4122409147e+000 -3.6522919916e+000 -1.1006632239e+001
37 33 48
3 6 152 146.0100 -222.8700 7 171 125.2200 -224.9000 8 248 26.7100 190.6300
3.0006179865e+000 -2.9189496611e+000 -9.2008141205e+000
60 49 63
2 6 153 217.4100 -212.3200 7 172 197.1100 -222.7500
2.6749898800e+000 -2.7437968377e+000 -1.0050344637e+001
64 55 67
2 6 155 178.5100 -183.5600 7 176 159.8000 -192.4800
2.4159768546e+000 -2.0416566342e+000 -8.3185588410e+000
188 174 148
2 6 156 195.3200 -165.5100 7 177 182.7600 -183.2800
5.0354479941e-001 -3.2639870878e+000 -1.3359298725e+001
104 81 65
2 6 157 24.1400 -165.6100 7 179 7.6100 -161.4800
2.5111753390e+000 -3.7839647341e-001 -5.4332897469e+000
224 181 194
2 6 166 312.7800 -44.4600 7 185 311.9800 -101.1900
2.5111753390e+000 -3.7839647341e-001 -5.4332897469e+000
224 181 194
2 6 167 312.7800 -44.4600 7 186 311.9800 -101.1900
2.2139445873e+000 -3.3108342468e-001 -6.2692174965e+000
220 184 47
2 6 169 239.9500 -33.7900 7 252 242.3100 -79.4200
6.0567475594e-001 1.6488968696e+000 -5.9457875020e+000
67 1 0
3 6 205 66.8200 195.4300 7 225 100.5600 138.7800 8 188 -60.6000 -66.0700
2.6867519620e+000 -3.2003139466e+000 -1.0107567024e+001
53 42 52
3 6 212 177.5100 -212.5000 7 230 157.5000 -218.7600 8 540 -4.3800 199.5300
2.6794605325e+000 -3.1908530698e+000 -1.0080586319e+001
53 42 52
2 6 213 177.5100 -212.5000 7 231 157.5000 -218.7600
2.3048541606e+000 -1.9390897697e+000 -8.6073455033e+000
178 171 140
2 6 216 180.2600 -152.1900 7 236 168.6800 -169.1100
1.5504325178e+000 -2.5875456810e+000 -1.2656140023e+001
110 84 65
2 6 219 81.9200 -138.5500 7 238 65.5400 -139.4900
1.4202943070e+000 -2.5405532917e+000 -1.2682574125e+001
18 29 45
2 6 220 74.8400 -135.7500 7 239 58.7900 -136.6300
2.0816985832e+000 -2.1636079748e+000 -1.1769703004e+001
54 41 43
2 6 223 118.8900 -124.4200 7 243 103.3100 -129.7300
2.4776925909e+000 -6.0679200194e-001 -5.4786149544e+000
225 190 208
3 6 231 305.7000 -72.8100 7 358 303.8600 -125.5800 8 769 -165.6100 226.0300
2.0610115353e+000 3.1184526597e-001 -6.4783852277e+000
147 111 50
2 6 254 216.2500 35.8100 7 391 224.1000 -12.5200
5.0081757591e-001 8.1767990419e-001 -5.6055508188e+000
148 19 29
2 6 267 58.6500 105.6500 7 419 91.3400 48.1500
1.6964784174e+000 1.3545409200e+000 -5.5355880427e+000
69 30 30
2 6 285 207.3700 172.1500 7 308 232.5100 102.9500
2.3481558768e+000 -3.9075077529e+000 -1.1106978542e+001
84 79 97
2 6 295 140.6600 -236.1100 7 458 119.3200 -236.4000
2.5529954427e+000 -3.3147036464e+000 -1.0580971532e+001
98 89 106
3 6 303 160.9700 -210.7500 7 332 141.1600 -214.7600 8 532 9.6000 188.9000
2.8620566353e+000 -2.8634652583e+000 -9.4936293068e+000
56 43 54
2 6 304 201.4100 -202.3600 7 333 182.0100 -212.0700
1.7750917417e+000 -3.7036443901e+000 -1.2749548550e+001
10 10 12
2 6 305 92.7700 -196.0800 7 338 72.6800 -193.7400
1.7871729427e+000 -3.7286632030e+000 -1.2829595737e+001
10 10 12
3 6 306 92.7700 -196.0800 7 339 72.6800 -193.7400 8 514 69.2400 140.2500
2.7186631885e+000 -2.8604817854e+000 -9.9674847037e+000
59 47 61
2 6 308 182.6300 -192.8600 7 334 163.5300 -201.3000
2.7186631885e+000 -2.8604817854e+000 -9.9674847037e+000
59 47 61
2 6 309 182.6300 -192.8600 7 335 163.5300 -201.3000
2.5285061837e+000 -2.9768491929e+000 -1.0570637003e+001
59 52 64
2 6 311 160.2200 -189.6000 7 336 141.2800 -195.6000
2.5285061837e+000 -2.9768491929e+000 -1.0570637003e+001
59 52 64
2 6 312 160.2200 -189.6000 7 337 141.2800 -195.6000
1.6796631008e+000 -2.7776561657e+000 -1.2900417702e+001
47 38 45
2 6 317 87.1800 -145.7400 7 501 69.4800 -146.0400
1.9996881346e+000 -2.3252723591e+000 -1.1951406203e+001
52 42 42
2 6 320 112.2200 -131.8500 7 511 96.4800 -135.7400
1.8963912240e+000 -1.1522859395e+000 -6.8863896339e+000
203 182 70
2 6 324 186.6000 -113.1000 7 504 185.2800 -144.2900
2.4803073505e+000 -6.0910100362e-001 -5.4839858711e+000
227 196 213
2 6 329 305.8200 -73.0300 7 357 303.8600 -125.5800
2.5075033860e+000 -4.3349200309e-001 -5.4292376352e+000
236 188 201
2 6 333 312.3500 -51.5600 7 530 311.4800 -107.3600
2.5133953542e+000 -3.7423442899e-001 -5.4046931383e+000
245 191 207
2 6 336 314.5400 -44.2500 7 532 314.0500 -101.2600
2.1231695603e+000 -2.9038573248e-001 -6.2484440177e+000
114 69 10
2 6 340 231.1500 -29.3800 7 545 234.6600 -75.4600
-5.2639308360e-001 -1.1042814693e-001 -4.8842538303e+000
229 178 190
2 6 351 -81.2200 -12.2900 7 550 -34.1500 -67.5700
-4.3046878083e-001 1.5376096401e-001 -4.7487296230e+000
225 164 172
2 6 366 -69.3800 26.8600 7 562 -19.0000 -34.4600
4.9255636130e-001 1.9740562151e-001 -5.7658706792e+000
125 4 14
2 6 367 56.0400 27.1300 7 387 83.1700 -22.8100
2.0974440444e+000 2.5918867483e-001 -6.4952570357e+000
84 49 7
2 6 369 219.5600 30.1600 7 389 226.4500 -17.8100
-3.7111881937e-001 3.8486297282e-001 -4.7474254836e+000
207 155 168
2 6 376 -60.6800 61.2300 7 576 -8.9600 -2.6000
2.1622398439e+000 5.9089243818e-001 -6.3707594288e+000
176 139 90
2 6 379 230.3400 66.5400 7 404 239.6700 14.3100
3.8131264624e-001 5.2298392125e-001 -5.5498784866e+000
156 27 44
2 6 380 43.9100 69.3300 7 583 77.1100 14.4000
-5.9391142174e-001 5.2817383505e-001 -4.6868396237e+000
189 126 143
2 6 382 -94.9600 83.6700 7 406 -39.2200 18.6400
-5.9391142174e-001 5.2817383505e-001 -4.6868396237e+000
189 126 143
2 6 383 -94.9600 83.6700 7 407 -39.2200 18.6400
3.0598052255e-001 6.5093925502e-001 -5.4221381706e+000
219 197 209
2 6 385 35.3700 87.8100 7 587 71.3000 29.8200
4.5157953336e-001 6.6850863058e-001 -5.4795695003e+000
246 224 228
2 6 387 53.3700 88.8100 7 413 87.9100 31.2900
4.5157953336e-001 6.6850863058e-001 -5.4795695003e+000
246 224 228
2 6 388 53.3700 88.8100 7 414 87.9100 31.2900
-6.1984101253e-001 5.7743300819e-001 -4.6687694979e+000
170 104 126
2 6 391 -99.1500 91.5100 7 411 -42.6700 25.7000
5.3273246262e-001 7.8527599057e-001 -5.6426756072e+000
205 172 197
2 6 393 62.3200 100.9800 7 597 93.8800 43.9900
-7.0399305173e-001 6.3754598251e-001 -4.6457596370e+000
233 178 193
2 6 394 -112.4100 100.9800 7 415 -54.2800 34.9100
-7.4399614539e-001 6.7062710608e-001 -4.6466949643e+000
226 172 182
2 6 396 -118.4000 105.9200 7 417 -59.7800 39.9300
-1.0062037928e+000 6.8991582069e-001 -4.6526927325e+000
229 167 180
2 6 400 -157.5600 108.3600 7 418 -97.1900 44.5100
1.2164044892e+000 1.0650891164e+000 -5.2781733816e+000
184 132 143
2 6 407 156.3300 144.2200 7 433 187.0800 74.7500
2.8222120158e+000 -3.1323508480e+000 -9.6966394306e+000
52 45 57
3 6 435 194.2100 -216.4800 7 468 173.7300 -224.2500 8 1096 -18.2000 211.2400
2.5188952031e+000 -3.4222727551e+000 -1.0679011322e+001
101 97 119
3 6 439 157.3800 -215.3900 7 473 137.1500 -218.9000 8 737 14.4300 190.7400
2.4547640125e+000 -3.4113368477e+000 -1.0786351928e+001
105 97 118
3 6 440 151.9800 -212.6800 7 477 131.9100 -215.9000 8 729 18.6400 186.3200
2.2075518651e+000 -3.5751835886e+000 -1.1481600699e+001
53 51 65
2 6 443 128.2600 -209.7500 7 681 108.3000 -210.5100
2.1904875349e+000 -3.5110632610e+000 -1.1498971314e+001
85 78 96
2 6 445 127.1500 -205.7500 7 479 107.3900 -206.7500
2.1382059137e+000 -3.4630962779e+000 -1.1680143705e+001
39 35 49
3 6 448 122.3000 -199.8000 7 481 102.6500 -200.8500 8 706 42.2900 160.3700
2.7974903085e+000 -2.7608227841e+000 -9.7588585135e+000
57 41 47
2 6 457 191.8500 -190.1200 7 482 173.0500 -199.5900
2.7974903085e+000 -2.7608227841e+000 -9.7588585135e+000
57 41 47
2 6 458 191.8500 -190.1200 7 483 173.0500 -199.5900
2.4186991551e+000 -2.8837721264e+000 -1.0918272426e+001
57 46 54
2 6 466 148.4100 -178.2000 7 715 130.2500 -183.3700
1.6686383637e+000 -3.4641761429e+000 -1.3142647668e+001
88 85 103
2 6 467 84.7100 -178.1300 7 491 65.0500 -175.8900
2.4449939049e+000 -2.1351648434e+000 -8.2424176030e+000
187 178 144
2 6 470 199.2500 -174.6200 7 484 186.2400 -192.0100
2.5650856079e+000 -2.5994315542e+000 -1.0338214354e+001
67 55 65
2 6 473 166.4400 -169.5500 7 719 149.0600 -177.7600
1.7289790801e+000 -3.0836066313e+000 -1.2931084256e+001
54 48 60
2 6 479 89.3300 -161.3900 7 495 70.8800 -160.5900
2.3051315730e+000 -2.0134904325e+000 -8.5559876735e+000
113 98 80
2 6 480 181.3700 -158.8600 7 492 169.3000 -175.6900
2.1285882630e+000 -2.3976180025e+000 -1.1679759131e+001
63 47 57
2 6 486 122.2200 -139.0700 7 506 106.2600 -143.5200
2.3396549270e+000 -2.2523578307e+000 -1.1013684678e+001
121 118 134
2 6 488 142.7600 -138.3000 7 503 127.0100 -145.6500
2.1345022422e+000 -8.6903064258e-001 -6.3972959682e+000
216 192 86
2 6 504 226.5100 -90.9700 7 516 225.4300 -129.8000
2.4856352303e+000 -6.3522141389e-001 -5.5608452925e+000
221 70 104
2 6 511 302.3600 -75.1600 7 776 299.8200 -126.6000
2.4832576831e+000 -5.5310246053e-001 -5.5250775658e+000
239 180 193
2 6 516 304.1000 -65.5000 7 786 302.3600 -118.4300
2.0445424157e+000 -5.5986980034e-001 -6.5839914087e+000
228 191 78
2 6 519 211.3600 -55.9900 7 534 212.3600 -96.1800
2.2297764903e+000 -4.7591101380e-001 -6.1992975026e+000
229 196 57
2 6 525 244.3800 -50.1900 7 535 245.4900 -95.3000
2.2297764903e+000 -4.7591101380e-001 -6.1992975026e+000
229 196 57
2 6 526 244.3800 -50.1900 7 536 245.4900 -95.3000
8.3968141925e-001 -3.8012258746e-001 -5.5763717277e+000
169 46 60
2 6 529 101.5700 -44.8000 7 806 122.9900 -93.0300
2.1801221668e+000 -3.6495575928e-001 -6.2537115539e+000
97 62 2
2 6 532 236.9600 -37.6000 7 816 239.4100 -83.0000
2.5187170718e+000 -3.1758404434e-001 -5.3856407059e+000
232 191 210
2 6 533 316.2300 -37.2500 7 800 316.3700 -95.2000
2.1546404004e+000 -3.2683694616e-001 -6.2585446317e+000
120 75 14
2 6 535 234.1000 -33.3600 7 818 237.0300 -79.0400
2.5195228258e+000 -2.6379043006e-001 -5.4234567944e+000
240 192 195
2 6 536 314.3600 -30.0900 7 543 314.5900 -88.4400
2.1185593569e+000 2.7352784460e-001 -6.4483047387e+000
176 139 48
3 6 562 223.2400 31.6400 7 571 230.2300 -16.5600 8 660 -132.1600 95.1600
-3.5077694974e-001 4.0337466452e-001 -4.7872718121e+000
171 123 144
2 6 577 -57.0900 63.4700 7 578 -6.3000 0.0600
-3.3803664191e-001 4.3118414482e-001 -4.8107847475e+000
220 191 199
2 6 581 -54.8200 67.3200 7 581 -4.6100 3.8600
-1.0020888337e+000 4.4083131625e-001 -4.7067374994e+000
173 160 195
2 6 583 -155.4700 69.8000 7 582 -97.3800 9.2300
1.6149730606e-001 5.6617672583e-001 -5.4811048582e+000
73 21 45
2 6 585 16.3300 75.8800 7 900 52.5200 20.6200
3.8727429156e-001 6.1114502206e-001 -5.4927826428e+000
243 214 219
2 6 588 45.2300 81.4500 7 586 79.4200 24.6500
1.7124418144e-001 6.5861065753e-001 -5.5195459937e+000
71 6 13
2 6 591 17.5600 87.1700 7 588 53.5200 31.5900
-5.9320798622e-001 5.7193676294e-001 -4.6920408373e+000
237 174 184
2 6 592 -94.5900 90.2700 7 909 -38.9600 24.7200
-8.7440334606e-001 6.6392052741e-001 -4.6346655708e+000
228 165 173
2 6 597 -138.4900 104.9800 7 590 -78.5600 39.9700
-9.3021801418e-001 7.4835780014e-001 -4.6556743402e+000
157 100 122
2 6 605 -146.0000 117.2000 7 601 -85.9000 52.3200
-3.8826913555e+000 4.0060421115e+000 -1.1904014397e+001
146 93 86
2 6 619 -219.3700 225.4000 7 1037 -212.5600 230.5400
2.2227819016e+000 -3.9414874075e+000 -1.1441894136e+001
51 45 59
2 6 630 129.3300 -231.3900 7 652 108.0600 -230.9300
2.2622234635e+000 -3.8845920233e+000 -1.1321556716e+001
89 87 105
2 6 631 132.9900 -230.5400 7 653 111.9700 -230.4100
1.0112203938e+000 -5.1091932281e+000 -1.4921089864e+001
48 48 57
2 6 632 44.3900 -230.3300 7 670 20.9900 -220.5000
2.2533927926e+000 -3.7722410748e+000 -1.1293146413e+001
88 85 102
2 6 642 132.9600 -224.5500 7 662 112.2300 -225.0200
2.7010285698e+000 -3.3545102138e+000 -1.0131834971e+001
59 54 71
3 6 650 177.7900 -222.0100 7 657 157.1700 -227.3700 8 752 -1.8300 206.5900
2.9862787375e+000 -3.0089100866e+000 -9.2137851795e+000
56 47 62
2 6 658 215.9600 -218.4100 7 656 195.2900 -228.3200
2.4050605627e+000 -3.4905056717e+000 -1.0997359142e+001
99 95 118
3 6 662 146.0200 -213.4700 7 677 125.7000 -215.8900 8 1030 24.3600 183.3600
2.3446750429e+000 -3.5219596141e+000 -1.1201000401e+001
56 46 58
2 6 666 139.7500 -211.5600 7 680 119.4700 -213.4300
2.8393866032e+000 -2.9941344383e+000 -9.6924495894e+000
117 110 126
3 6 674 195.6500 -207.1000 7 676 175.8600 -215.8000 8 1079 -21.9300 204.4600
2.3805715842e+000 -3.2892406221e+000 -1.0930566957e+001
53 46 61
2 6 679 145.5500 -202.6500 7 686 126.1400 -206.0100
2.5349558769e+000 -3.1580776700e+000 -1.0555274628e+001
68 59 74
2 6 680 160.5500 -201.3400 7 684 141.1900 -206.3400
2.1751598036e+000 -3.4209943287e+000 -1.1610160822e+001
88 81 97
2 6 685 125.2000 -198.6200 7 692 105.5400 -199.8900
1.6567259380e+000 -3.8672996838e+000 -1.3165417462e+001
36 26 32
3 6 688 83.7200 -198.2300 7 699 63.1600 -194.6600 8 959 78.4400 137.1800
2.5166490561e+000 -3.0758416046e+000 -1.0592588547e+001
100 93 109
2 6 691 158.9600 -195.5000 7 691 139.8800 -200.8200
1.9993629667e+000 -3.5031730542e+000 -1.2142809922e+001
52 47 68
2 6 692 109.9400 -194.6600 7 697 90.2400 -194.3500
1.9993629667e+000 -3.5031730542e+000 -1.2142809922e+001
52 47 68
2 6 693 109.9400 -194.6600 7 698 90.2400 -194.3500
2.6672570521e+000 -2.8181779953e+000 -1.0091801204e+001
47 34 47
2 6 698 177.0200 -187.8800 7 695 158.4000 -195.9900
2.1176244737e+000 -3.2842177583e+000 -1.1837668130e+001
90 78 86
2 6 699 119.6200 -187.2500 7 708 100.4400 -188.4700
1.8583592310e+000 -3.4728204261e+000 -1.2561441859e+001
44 36 49
3 6 701 99.0300 -186.5400 7 713 79.2300 -185.6000 8 957 61.1100 136.2800
2.4589181635e+000 -2.9006654074e+000 -1.0681819972e+001
57 46 60
2 6 704 154.2200 -183.0600 7 705 135.9200 -188.8700
2.0005000630e+000 -3.1569731187e+000 -1.2105792991e+001
57 49 60
2 6 712 110.5400 -176.2200 7 722 91.8900 -177.1800
1.9979260655e+000 -3.0737611867e+000 -1.2059472161e+001
89 85 99
2 6 718 110.8700 -172.2800 7 726 92.5100 -173.6200
1.9979260655e+000 -3.0737611867e+000 -1.2059472161e+001
89 85 99
2 6 719 110.8700 -172.2800 7 727 92.5100 -173.6200
2.5099848534e+000 -2.5468443747e+000 -1.0561427486e+001
106 99 115
2 6 732 159.5500 -162.6900 7 732 142.3300 -170.5200
2.5099848534e+000 -2.5468443747e+000 -1.0561427486e+001
106 99 115
2 6 733 159.5500 -162.6900 7 733 142.3300 -170.5200
2.4246472684e+000 -2.5730928345e+000 -1.0781390062e+001
64 53 67
2 6 735 150.9200 -161.1700 7 737 133.9100 -168.0200
2.4246472684e+000 -2.5730928345e+000 -1.0781390062e+001
64 53 67
2 6 737 150.9200 -161.1700 7 739 133.9100 -168.0200
1.2926876746e+000 -3.0414937974e+000 -1.4268443920e+001
74 67 78
2 6 744 60.2100 -144.4700 7 756 41.5100 -140.8000
2.1666009689e+000 -2.2166281410e+000 -1.1557778504e+001
68 55 68
2 6 751 126.0600 -129.7200 7 763 110.2000 -135.6300
2.3142191149e+000 -1.1417389855e+000 -5.9714227219e+000
197 196 106
2 6 753 262.0900 -128.3000 7 736 257.7200 -168.3400
2.3482783684e+000 -2.0428514058e+000 -1.1031395140e+001
71 60 79
2 6 758 143.1800 -125.2500 7 768 128.1000 -133.3900
2.2069611931e+000 -2.0260949866e+000 -1.1286524044e+001
91 79 87
2 6 760 131.5700 -121.4300 7 771 116.6000 -128.7600
2.2069611931e+000 -2.0260949866e+000 -1.1286524044e+001
91 79 87
2 6 761 131.5700 -121.4300 7 772 116.6000 -128.7600
2.0424933715e+000 -2.0413163020e+000 -1.1844449919e+001
62 50 55
2 6 768 116.0000 -116.6100 7 782 100.7200 -122.1600
2.4902902405e+000 -5.1279435285e-001 -5.5078030073e+000
233 187 193
2 6 790 305.8500 -60.7300 7 790 304.5100 -114.3500
2.2446145404e+000 -2.6204610295e-001 -6.1757545426e+000
175 144 33
2 6 814 246.9600 -26.5500 7 823 249.6600 -74.0700
2.5258506567e+000 -2.2366690714e-001 -5.4120167489e+000
237 192 205
2 6 816 315.6900 -25.1300 7 815 316.4100 -84.0700
2.1711222940e+000 5.1588323734e-001 -6.3276773819e+000
139 84 16
2 6 860 233.0600 58.9300 7 882 241.6500 6.4900
-7.5608042865e-001 4.2144948059e-001 -4.6940882282e+000
182 160 191
2 6 874 -119.0900 67.4600 7 878 -62.9900 4.5900
-9.5506873645e-001 4.6572401917e-001 -4.6766612771e+000
147 198 228
2 6 884 -149.4800 74.0700 7 891 -90.9200 12.3000
-8.2675146225e-001 5.9223547052e-001 -4.6669207837e+000
235 199 217
2 6 899 -130.4000 93.5100 7 916 -71.9800 29.3300
5.3468849519e-001 8.3114579840e-001 -5.6166951495e+000
202 159 176
2 6 912 62.7600 107.1000 7 935 95.0700 49.4700
-7.2626061001e-001 6.9065076841e-001 -4.6462381440e+000
146 87 107
2 6 915 -115.6900 109.0000 7 927 -57.1300 42.6500
3.8807818279e-001 9.0374656544e-001 -5.6424081560e+000
203 132 150
2 6 921 44.0800 115.4800 7 941 78.2200 58.9300
-8.3120489843e-001 7.6617390463e-001 -4.6581319692e+000
216 161 173
2 6 926 -131.1300 119.8900 7 938 -71.5100 54.2200
5.2636125157e-001 1.0458439723e+000 -5.6766666716e+000
142 34 59
3 6 929 60.7000 131.9600 7 951 94.3200 74.5200 8 827 -35.3900 3.8100
-3.8788709242e+000 3.5447189775e+000 -1.1881952862e+001
144 80 72
2 6 951 -220.4700 200.4400 7 985 -214.1000 205.3800
-5.2881106278e+000 3.5906980085e+000 -1.1592112097e+001
128 72 58
2 6 958 -302.8900 204.9400 7 1001 -297.7800 214.9700
-5.2881106278e+000 3.5906980085e+000 -1.1592112097e+001
128 72 58
2 6 959 -302.8900 204.9400 7 1002 -297.7800 214.9700
-5.4372719147e+000 3.5762660600e+000 -1.1512560088e+001
125 72 64
2 6 960 -312.8700 205.0800 7 639 -307.9200 215.6100
-5.4372719147e+000 3.5762660600e+000 -1.1512560088e+001
125 72 64
2 6 961 -312.8700 205.0800 7 640 -307.9200 215.6100
-3.7957869468e+000 3.6969819108e+000 -1.1962643495e+001
129 57 41
2 6 963 -214.2400 207.6000 7 995 -207.8600 212.4500
-3.8832613662e+000 3.7134680456e+000 -1.2010330361e+001
130 57 30
2 6 964 -218.0200 207.6600 7 996 -212.0800 212.7500
-4.9840930299e+000 3.6698139744e+000 -1.1578529996e+001
130 72 56
2 6 975 -286.7500 210.2100 7 1006 -280.6900 219.2100
-3.7618237567e+000 3.7752979298e+000 -1.1933728321e+001
132 53 30
2 6 980 -212.7200 212.4600 7 1005 -206.1600 217.1000
-4.8575932593e+000 3.7819891620e+000 -1.1638333844e+001
134 72 65
2 6 985 -278.1900 215.7700 7 1023 -272.1000 224.3100
-4.8146982094e+000 3.8691820191e+000 -1.1606462803e+001
135 75 58
2 6 992 -276.4700 221.1600 7 1036 -269.9000 229.7600
-3.4699181163e+000 3.9961525903e+000 -1.1957212798e+001
143 85 86
2 6 994 -196.1600 224.4100 7 1033 -188.7600 228.3900
2.3604252866e+000 -1.6711205984e+000 -5.8203581800e+000
214 38 63
2 6 21 272.4100 -192.2800 5 12 227.0900 -203.4800
7.0455738424e-001 2.4961602843e-001 -5.6679570581e+000
204 29 53
2 6 24 83.2600 34.5700 5 21 83.1600 23.4800
7.0455738424e-001 2.4961602843e-001 -5.6679570581e+000
204 29 53
2 6 25 83.2600 34.5700 5 22 83.1600 23.4800
-7.2670530409e-001 -3.1751575915e-001 -5.1672178497e+000
235 183 196
2 6 48 -103.9900 -41.0300 5 48 -96.7200 -40.2700
-7.7532267067e-001 5.1824832068e-001 -4.6782569504e+000
162 189 226
2 6 76 -122.3300 82.8800 5 87 -86.2600 87.4700
2.1144481192e+000 1.0753935772e+000 -5.9960144002e+000
212 176 116
2 6 79 238.8400 126.9200 5 112 224.1600 100.4300
-3.1556176163e+000 3.7865939562e+000 -1.4612446364e+001
29 26 34
2 6 145 -147.0300 176.2100 5 236 -238.7800 219.9500
8.0210844611e-001 -3.6726596069e-002 -5.7924662629e+000
81 4 10
2 6 176 93.1200 -1.7300 5 201 86.0300 -11.3600
-2.9920265883e+000 4.1340226441e+000 -1.6742329415e+001
96 85 103
2 6 201 -121.8400 166.7400 5 233 -219.2500 209.9500
1.2657145732e+000 -2.5369946487e+000 -1.3373271583e+001
25 29 49
2 6 222 63.0200 -128.6700 5 246 -40.4800 -116.5400
1.9108269946e+000 -1.0406540071e+000 -6.8421164007e+000
203 178 60
2 6 225 189.4500 -102.4000 5 247 142.0800 -111.2500
1.2678709339e+000 -9.5919987377e-002 -5.4375403809e+000
215 151 156
2 6 240 159.1300 -9.2300 5 271 156.1000 -26.2400
7.1250243662e-001 4.5092820025e-002 -5.8500460912e+000
199 45 81
2 6 246 81.4800 8.3100 5 277 74.2900 -0.4500
2.8843091266e-001 1.0163874993e-001 -5.6880647158e+000
204 42 82
2 6 249 31.5500 15.7400 5 280 30.9900 9.9200
7.2409050662e-001 1.3827543489e-001 -5.7727153844e+000
111 13 20
2 6 252 83.9900 19.6500 5 282 79.8700 10.5000
-5.6301703846e-001 3.6003601484e-001 -4.7154376099e+000
211 160 172
2 6 256 -89.7600 58.2300 5 213 -54.8100 58.1200
4.9973315811e-001 8.6296504597e-001 -5.6593553388e+000
138 12 28
2 6 272 57.7200 109.9700 5 301 66.2600 103.6900
-8.8952191838e-001 7.1914928481e-001 -4.6441352272e+000
224 165 176
3 6 274 -140.0400 113.3900 5 311 -101.7500 123.9300 8 309 143.1800 31.6200
2.0657407577e+000 -2.2898749258e+000 -1.1928156175e+001
104 96 105
2 6 323 116.3000 -130.1100 5 349 19.1300 -121.9800
8.4223549390e-001 -1.7240788111e-002 -5.7648650877e+000
223 197 213
2 6 360 98.4700 0.8100 5 391 91.9800 -9.7400
2.1666340273e+000 5.2401055729e-001 -6.3067078695e+000
149 93 24
3 6 375 233.2100 60.1100 5 404 206.4300 39.4300 8 490 -150.4700 79.7600
1.0740767455e+000 5.7077232926e-001 -5.5559529089e+000
102 6 13
2 6 381 131.2000 75.2100 5 414 135.1600 59.7200
-7.6676606594e-001 8.8317982923e-001 -4.7101960056e+000
158 124 143
2 6 406 -119.8700 136.1200 5 456 -79.8500 146.7200
2.9427640267e+000 -3.1648801365e+000 -9.3705170928e+000
122 117 137
3 6 430 209.2100 -226.0200 5 471 116.5300 -221.7000 8 1129 -28.5000 225.8500
2.7287903372e+000 -3.2926880661e+000 -1.0039049946e+001
117 111 132
2 6 433 181.2900 -220.0300 5 474 85.9500 -214.5300
2.3078476385e+000 -3.0270429925e+000 -1.1200994012e+001
108 101 117
2 6 462 137.9600 -182.4300 5 490 39.9900 -175.1500
2.6405113488e+000 -2.5874271122e+000 -1.0203982607e+001
120 114 129
2 6 471 173.5800 -170.9000 5 497 81.5300 -166.8600
2.5701744081e+000 -2.6050199521e+000 -1.0360074263e+001
67 55 65
2 6 474 166.4400 -169.5500 5 499 73.7800 -165.0900
2.2367660296e+000 -1.4664885063e+000 -6.0628985955e+000
201 153 45
2 6 477 248.9500 -162.9300 5 492 204.4800 -173.7000
2.2367660296e+000 -1.4664885063e+000 -6.0628985955e+000
201 153 45
2 6 478 248.9500 -162.9300 5 493 204.4800 -173.7000
2.3459078281e+000 -2.3689360543e+000 -1.1130070863e+001
74 53 61
2 6 482 141.6100 -144.0100 5 505 47.1300 -137.8600
2.1438139735e+000 -8.3247973763e-001 -6.3884588282e+000
217 194 83
4 6 507 227.6400 -87.0500 5 355 186.2300 -100.2100 4 492 263.0100 -79.7100 1 625 258.6600 -11.1600
2.1794861262e+000 -7.3036527824e-001 -6.3076293055e+000
163 137 40
2 6 509 234.6400 -76.9100 5 359 194.6700 -91.5300
2.2222933245e+000 -5.0444946638e-001 -6.1964203116e+000
225 194 63
3 6 521 243.4800 -53.3600 5 374 207.0700 -69.6400 4 510 256.4900 -38.8500
-8.1767599480e-001 3.4625342098e-001 -4.7271345890e+000
245 237 249
2 6 573 -127.4800 55.5800 5 415 -96.3300 60.1500
1.0537712448e+000 4.7561990601e-001 -5.5749959244e+000
201 41 74
2 6 576 128.2700 63.0000 5 408 130.7800 48.0600
2.9380016107e+000 -3.2746102793e+000 -9.5609590942e+000
116 113 136
2 6 633 204.5000 -229.2000 5 649 110.5900 -224.3200
2.5041887228e+000 -3.4688975015e+000 -1.0617302610e+001
51 47 63
3 6 656 157.4100 -219.5200 5 476 59.3300 -212.5900 8 1054 15.7000 194.6700
2.9189135142e+000 -3.0041931679e+000 -9.4525577542e+000
115 100 121
2 6 663 205.9700 -213.0800 5 659 114.2100 -209.2200
2.7852436191e+000 -3.0951745448e+000 -9.8125508188e+000
32 30 45
3 6 665 189.5700 -211.6800 5 660 96.0000 -207.0400 8 1080 -15.3800 205.0700
2.6475142241e+000 -3.1745345965e+000 -1.0315309311e+001
115 109 126
2 6 675 171.4500 -207.0200 5 664 75.7900 -201.0400
2.3736260798e+000 -3.2894701388e+000 -1.1072760431e+001
113 109 127
2 6 682 143.3000 -200.1200 5 674 44.4300 -192.8100
2.6012413932e+000 -2.6584977591e+000 -1.0268380953e+001
67 61 76
2 6 714 169.8600 -174.5800 5 495 77.3000 -170.0300
2.4202728315e+000 -2.8133926093e+000 -1.0878966041e+001
116 108 123
2 6 716 149.1300 -174.5700 5 681 53.3800 -168.3700
2.4515548548e+000 -2.5579342201e+000 -1.0678055688e+001
104 104 123
2 6 734 154.1400 -161.6100 5 695 60.5100 -156.6600
2.5350633583e+000 -2.4529584566e+000 -1.0410898048e+001
111 103 121
2 6 738 163.5100 -159.0600 5 696 71.5700 -154.6300
2.0833834059e+000 -2.0041683237e+000 -1.1766820533e+001
107 91 101
2 6 770 119.0600 -115.3200 5 737 23.9300 -108.0600
2.4775268466e+000 -5.8310698555e-001 -5.4917785269e+000
208 106 133
2 6 785 305.2300 -69.6100 5 750 274.1700 -91.9600
2.4775268466e+000 -5.8310698555e-001 -5.4917785269e+000
208 106 133
2 6 786 305.2300 -69.6100 5 751 274.1700 -91.9600
2.4696467217e+000 -5.2105380448e-001 -5.5170172077e+000
206 60 87
2 6 789 303.0200 -61.5900 5 755 272.4400 -84.3200
2.5009059359e+000 -4.6006084856e-001 -5.4694645168e+000
208 95 123
2 6 791 309.3800 -54.4800 5 759 279.6000 -78.2400
2.2420792960e+000 -4.6172760305e-001 -6.1436908463e+000
167 135 16
2 6 795 247.9200 -49.0700 5 771 212.3500 -66.1400
2.5145025987e+000 -2.4056413822e-001 -5.4243357632e+000
215 80 98
2 6 810 313.7100 -27.2600 5 779 286.9500 -53.3800
2.5145025987e+000 -2.4056413822e-001 -5.4243357632e+000
215 80 98
2 6 811 313.7100 -27.2600 5 780 286.9500 -53.3800
2.2635405355e+000 -4.6525940035e-002 -6.0846038851e+000
167 136 16
2 6 829 252.8100 -2.5300 5 820 222.2300 -22.5700
2.4495755113e+000 5.5741790793e-002 -5.5618601330e+000
184 158 92
2 6 837 298.5100 9.9600 5 826 274.3800 -16.9400
-6.0814884976e-001 4.0528967663e-001 -4.7436988803e+000
220 158 170
2 6 868 -95.9200 64.3300 5 872 -61.9700 66.1700
2.0964865683e-001 6.2737899386e-001 -5.4852636294e+000
187 157 176
2 6 890 22.5500 83.7200 5 891 34.5500 79.4900
-6.9683681001e-001 8.6158033789e-001 -4.7211182296e+000
132 93 111
2 6 931 -109.2300 132.7900 5 913 -69.0900 141.4500
-2.4212264732e+000 3.1299122782e+000 -1.1849211502e+001
91 86 95
3 6 940 -139.8100 179.4700 5 641 -217.0500 222.2800 1 786 -86.4600 -188.1900
1.6035984533e+000 3.5630614465e-001 -6.0246719153e+000
205 41 51
2 7 4 196.5500 -9.2700 5 7 165.1700 27.8000
-2.4488792582e+000 1.7627259487e+000 -1.2395744749e+001
124 105 114
2 7 92 -134.9400 98.5300 5 91 -224.1600 134.0800
1.8744688575e+000 -1.1293930587e+000 -6.8300329472e+000
226 207 90
2 7 98 185.1900 -143.7600 5 67 138.4200 -119.5500
-7.1619705656e-001 2.9146892623e-001 -4.8279187421e+000
223 153 168
2 7 106 -57.4100 -12.8700 5 55 -82.4900 49.3400
-7.1619705656e-001 2.9146892623e-001 -4.8279187421e+000
223 153 168
2 7 107 -57.4100 -12.8700 5 56 -82.4900 49.3400
1.3351208337e+000 9.3756925119e-002 -5.5568062023e+000
132 26 23
2 7 137 182.9000 -40.7900 5 141 159.2800 -2.5400
9.5871544000e-001 1.2944814366e-001 -5.8043311508e+000
135 14 22
2 7 139 133.5500 -32.2700 5 207 105.0200 6.9800
-8.7957903891e-001 1.6723561616e-001 -4.7403517906e+000
223 160 168
2 7 140 -81.6000 -29.7000 5 105 -109.1400 31.7800
1.4070362578e+000 1.2671045177e+000 -5.3589386869e+000
200 144 155
2 7 159 207.1500 97.0700 5 164 191.8600 144.2400
-1.9063357032e+000 2.0571086165e+000 -1.1706735774e+001
121 100 115
3 7 164 -108.9900 117.9400 5 165 -191.8100 154.8200 8 102 167.9100 -199.9500
-4.5232187825e-001 -1.7043685616e-001 -5.0842838150e+000
251 208 218
2 7 192 -25.0100 -71.7000 5 195 -53.4500 -23.8000
1.1432269637e+000 3.4018009638e-002 -5.5263283665e+000
134 59 62
2 7 197 161.9900 -47.2700 5 202 138.5500 -8.2300
7.9975652461e-001 -2.2340811254e+000 -1.2364309145e+001
150 127 125
2 7 246 29.6000 -123.8500 5 248 -55.1900 -110.7500
-7.5000187493e-001 2.7108923352e-001 -4.7210195602e+000
217 152 166
2 7 271 -62.8500 -16.3600 5 210 -86.3200 46.8700
3.8211682280e-001 6.1346799185e-001 -5.5068735197e+000
249 236 236
2 7 291 78.6200 24.7400 5 219 55.1300 75.2200
2.1359394020e+000 -1.7811242224e+000 -9.0399014971e+000
197 186 164
2 7 353 148.6400 -148.9500 5 346 81.9700 -132.6000
1.9069719425e+000 -1.0561807640e+000 -6.8346365238e+000
234 210 88
2 7 356 188.4400 -136.9100 5 352 141.9100 -112.6200
2.1939424649e+000 -6.3708522148e-001 -6.2247965009e+000
243 216 80
3 7 360 239.6200 -111.0700 5 363 201.6400 -82.9900 8 528 -112.5800 182.7800
2.2278720726e+000 -5.3705688386e-001 -6.1478613121e+000
190 158 35
4 7 363 247.1200 -102.2700 5 368 210.0300 -74.0600 8 527 -121.4100 179.2000 4 513 260.8500 -37.5200
2.2293088062e+000 -5.3644563636e-001 -6.1493284142e+000
190 158 35
3 7 364 247.1200 -102.2700 5 369 210.0300 -74.0600 4 512 260.8500 -37.5200
-4.9439558359e-001 3.0873612727e-001 -4.6975829237e+000
186 125 131
3 7 390 -26.5500 -12.9600 5 410 -44.2000 49.1200 8 662 104.3600 98.9500
-5.3153811812e-001 3.7450384021e-001 -4.7066642554e+000
149 91 108
2 7 394 -31.2600 -3.7100 5 416 -49.4800 60.5300
-8.7984443338e-001 7.5366856527e-001 -4.6633138488e+000
184 119 134
2 7 425 -78.5300 52.7200 5 447 -99.6300 129.1000
2.3442890500e+000 -2.2556572633e+000 -1.1023254631e+001
153 149 170
2 7 502 127.0100 -145.6500 5 509 49.6000 -132.9600
2.1149314742e+000 -8.3787638671e-001 -6.4193523583e+000
184 192 135
2 7 521 223.0300 -126.0000 5 520 182.0100 -100.1300
2.1214847482e+000 -8.4053456963e-001 -6.4333278666e+000
184 192 135
3 7 522 223.0300 -126.0000 5 521 182.0100 -100.1300 4 789 259.5200 -84.7100
2.2077866349e+000 -5.9093990970e-001 -6.2434620695e+000
246 219 83
4 7 531 240.4300 -105.6100 5 535 202.2300 -78.2700 8 719 -115.0300 178.5000 4 804 258.7300 -49.2300
1.1640466772e+000 -3.4710044509e-001 -5.4514611010e+000
163 93 103
2 7 538 163.9700 -93.0800 5 543 140.3000 -56.9900
1.2497841047e+000 -1.3574104810e-001 -5.4249073316e+000
156 83 91
2 7 549 176.4200 -69.2100 5 555 154.2500 -31.4100
-5.1224911097e-001 2.8802029669e-001 -4.7061610636e+000
247 197 208
2 7 572 -29.3000 -15.7400 5 599 -47.4900 46.0400
2.6309334594e+000 -3.0179318935e+000 -1.0258532776e+001
140 131 150
2 7 689 152.3400 -204.4000 5 673 76.9800 -192.8100
2.5476181720e+000 -2.6532837344e+000 -1.0424471409e+001
128 115 128
2 7 717 146.2900 -179.3100 5 682 70.7800 -166.9800
2.3968144172e+000 -2.7733268456e+000 -1.0907782534e+001
80 68 82
2 7 721 129.5600 -177.3000 5 683 51.7000 -165.5600
2.1399641614e+000 -9.3276488324e-001 -6.3755026477e+000
200 170 46
2 7 761 226.2600 -136.2500 5 730 185.4600 -110.7700
2.1399641614e+000 -9.3276488324e-001 -6.3755026477e+000
200 170 46
2 7 762 226.2600 -136.2500 5 731 185.4600 -110.7700
2.1840544939e+000 -8.7933459719e-001 -6.2792003658e+000
200 173 44
5 7 767 234.5900 -133.5800 5 515 194.9400 -107.2800 8 1064 -101.3500 199.5400 4 794 274.3800 -75.1800 1 894 265.5500 -3.0500
2.1449707096e+000 -8.6353250797e-001 -6.3416024678e+000
196 170 45
2 7 769 228.6500 -130.5300 5 518 188.3300 -104.2000
2.1449707096e+000 -8.6353250797e-001 -6.3416024678e+000
196 170 45
2 7 770 228.6500 -130.5300 5 519 188.3300 -104.2000
1.9799342469e+000 -2.0931103476e+000 -1.1998043661e+001
74 49 49
2 7 780 95.6100 -122.9000 5 735 14.4200 -110.1300
2.2373787492e+000 -5.0134669988e-001 -6.1557792025e+000
206 173 42
4 7 797 247.7800 -98.5800 5 540 210.7300 -70.0700 8 1019 -123.4500 176.0200 4 1231 259.1600 -35.2400
-8.8535102403e-001 -4.0699705993e-001 -5.3434524163e+000
236 189 200
2 7 805 -80.2500 -93.5400 5 377 -122.7400 -49.6200
2.2231741169e+000 -3.7998749440e-001 -6.1984397270e+000
206 171 32
2 7 814 245.6400 -85.5200 5 544 208.4800 -56.7200
-9.2736766837e-001 -2.4523694347e-001 -5.1486628189e+000
157 204 237
2 7 821 -86.4600 -77.3500 5 805 -125.6100 -28.8100
-9.3540050490e-001 -1.9935586187e-001 -5.1032752528e+000
119 141 190
2 7 824 -87.7000 -72.3600 5 563 -125.9500 -22.4700
8.9896846203e-001 1.1041524718e-001 -5.7827302426e+000
150 41 66
2 7 855 127.5400 -34.5000 5 844 98.9900 5.3300
-9.0640990605e-001 2.7079464960e-001 -4.7432920553e+000
228 166 183
3 7 864 -84.4100 -15.0200 5 601 -112.3900 49.1300 8 656 163.9400 86.0500
-6.7593247104e-001 3.4579625604e-001 -4.7165491064e+000
202 130 146
3 7 870 -51.9000 -6.3500 5 870 -73.1800 57.8500 8 657 128.3100 86.3600
3.3930596895e-001 6.0247443413e-001 -5.4651449775e+000
155 106 126
2 7 905 74.1400 23.9000 5 882 51.4600 74.4700
3.5304346644e-001 6.2674496664e-001 -5.4747880552e+000
247 224 229
2 7 913 75.7700 26.7000 5 613 53.0600 77.4300
-1.0543255668e+000 7.6632480051e-001 -4.7049355965e+000
249 196 203
2 7 939 -102.9000 55.6500 5 912 -128.8300 133.4600
1.6430929835e+000 1.3780747306e+000 -5.5060990440e+000
189 140 135
2 7 960 228.0200 106.4800 5 915 209.5100 150.6900
8.9482071728e-001 4.7893970484e-001 -5.5576947731e+000
213 195 202
2 6 97 108.1500 63.2900 8 163 -55.4500 80.4000
8.9482071728e-001 4.7893970484e-001 -5.5576947731e+000
213 195 202
2 6 98 108.1500 63.2900 8 162 -55.4500 80.4000
2.6172755214e+000 -3.2384091849e+000 -1.0356707472e+001
65 50 61
2 6 441 168.7600 -210.1200 8 1050 2.6200 192.7700
1.9268125564e+000 -3.7499651133e+000 -1.2391012820e+001
90 91 111
2 6 446 103.6700 -204.0500 8 972 61.0600 152.9800
1.9268125564e+000 -3.7499651133e+000 -1.2391012820e+001
90 91 111
2 6 447 103.6700 -204.0500 8 971 61.0600 152.9800
-4.8553002810e-001 2.2019366527e-001 -4.6915795598e+000
225 173 182
2 6 566 -78.5400 37.2500 8 671 107.0400 110.9300
4.8686381861e-001 1.0528626838e+000 -5.6697735885e+000
140 30 54
2 6 932 55.8100 133.0200 8 825 -31.7100 1.8800
1.6482665186e+000 2.8917226451e+000 -7.3951666052e+000
141 136 153
2 7 69 169.5900 220.7500 8 63 -152.1000 -166.3500
-5.6450352839e-001 3.5208179972e-001 -4.6992905179e+000
240 193 203
2 7 144 -36.2300 -6.3600 8 221 112.3300 90.6500
-1.0324202477e-001 6.5146529183e-001 -5.5486394272e+000
233 45 74
2 7 151 21.5200 32.8400 8 157 49.6000 30.9500
-2.8545474414e+000 1.1004937475e+000 -1.2780697326e+001
117 96 105
2 7 217 -155.3800 62.6400 8 136 232.1600 -163.9200
6.0459573491e-001 1.6487689278e+000 -5.9430619245e+000
96 5 3
2 7 226 100.5600 138.7800 8 187 -60.6000 -66.0700
2.5028883566e+000 -6.3715105754e-001 -5.4573558002e+000
255 64 99
2 7 241 307.3500 -129.4700 8 384 -167.1300 230.4700
2.5028883566e+000 -6.3715105754e-001 -5.4573558002e+000
255 64 99
2 7 242 307.3500 -129.4700 8 383 -167.1300 230.4700
1.2450291348e-001 5.3725117369e-001 -5.4715850531e+000
104 39 63
2 7 282 48.4200 17.4500 8 213 26.1000 54.2800
8.4311297730e-001 6.7484790660e-001 -5.6529884892e+000
234 44 79
2 7 292 128.4400 29.4100 8 478 -54.6800 54.4700
4.1609955198e-001 8.4285885250e-001 -5.6396576039e+000
180 37 58
2 7 298 81.3400 51.7500 8 305 -15.8500 23.5600
1.1934003131e+000 1.3611097997e+000 -5.7440422840e+000
75 43 27
2 7 310 169.3500 105.3000 8 148 -115.5000 -9.9700
2.6617539979e+000 -3.3782734854e+000 -1.0240084975e+001
128 117 139
2 7 330 152.7800 -226.2300 8 542 1.8300 203.8300
1.1143750674e+000 -3.2311622508e-001 -5.4310312841e+000
244 181 190
2 7 366 158.9400 -90.6900 8 523 -48.7100 174.0000
1.8855410728e-001 5.1936877517e-001 -5.4774282032e+000
150 99 104
2 7 405 55.6700 14.8500 8 481 19.3800 58.0600
5.5195838101e-001 9.1840545137e-001 -5.6581132751e+000
194 28 51
2 7 428 96.8800 59.5500 8 450 -33.4000 19.1300
1.5156284771e+000 1.2328328203e+000 -5.3568219187e+000
185 130 132
2 7 435 219.1900 91.8700 8 455 -160.1800 27.0500
1.3287618077e-001 1.1993752472e+000 -5.7265028988e+000
117 3 7
2 7 436 49.1400 94.3600 8 297 2.7300 -28.3000
5.6805189115e-001 1.3563643225e+000 -5.9547693776e+000
78 0 0
2 7 440 94.6300 106.5400 8 435 -44.7900 -36.2200
-3.2855190241e-001 1.7626436582e+000 -9.6569941614e+000
6 6 4
2 7 441 -15.0000 110.0400 8 408 71.0200 -142.1900
1.3288880301e+000 2.5197492868e+000 -8.0698675243e+000
19 14 17
2 7 451 126.7600 178.0800 8 280 -94.3900 -147.6300
1.6912634239e+000 -4.6547020403e+000 -1.3237195130e+001
92 88 103
2 7 465 61.9300 -230.2300 8 710 88.4400 168.0100
2.5296772346e+000 -3.5794409567e+000 -1.0590344271e+001
126 118 137
2 7 466 138.5000 -229.7900 8 747 16.2000 201.0900
2.1192821634e+000 -3.9708316586e+000 -1.1833951308e+001
117 113 130
2 7 469 98.0500 -224.2600 8 720 52.5400 178.8500
1.8074282865e+000 -4.4060829088e+000 -1.2942425760e+001
60 44 54
2 7 470 70.5800 -224.1300 8 1000 78.8300 166.1200
2.0721380699e+000 -3.3100941946e+000 -1.1927825287e+001
74 62 78
2 7 487 97.0500 -188.1700 8 700 44.5500 146.4700
2.1168257756e+000 -9.4389811820e-001 -6.4112602104e+000
242 216 84
2 7 510 222.7700 -136.6100 8 742 -89.8000 196.8900
2.1277191843e+000 -8.2518021213e-001 -6.3581988085e+000
240 220 94
2 7 519 226.7800 -126.3300 8 732 -96.2600 190.3000
4.5723003929e-001 8.3467405373e-001 -5.6542355834e+000
230 194 214
2 7 599 85.7100 50.4800 8 625 -19.6700 25.2700
4.5723003929e-001 8.3467405373e-001 -5.6542355834e+000
230 194 214
2 7 600 85.7100 50.4800 8 626 -19.6700 25.2700
-3.2520571683e-001 1.7048502734e+000 -9.6860469433e+000
72 59 60
2 7 611 -15.2300 105.7300 8 572 72.1100 -138.2200
-6.2002174973e-001 1.7698325090e+000 -1.0251959684e+001
14 12 15
2 7 612 -35.3300 107.0200 8 571 93.2200 -151.9800
1.6284527283e+000 2.4106831778e+000 -7.5208969002e+000
115 95 82
2 7 628 162.9700 176.7700 8 575 -130.3000 -126.1700
1.6284527283e+000 2.4106831778e+000 -7.5208969002e+000
115 95 82
2 7 629 162.9700 176.7700 8 576 -130.3000 -126.1700
2.6523942925e+000 -3.4238374161e+000 -1.0315041736e+001
124 118 149
2 7 658 150.7100 -227.1900 8 1072 3.9500 203.5700
2.7252118088e+000 -3.2833493547e+000 -1.0006320175e+001
146 138 160
2 7 661 161.2900 -226.0000 8 1086 -5.8900 207.4300
1.8387089780e+000 -4.3048398662e+000 -1.2755143148e+001
106 103 119
2 7 666 73.7600 -222.8700 8 1001 75.0600 166.7400
2.8149880115e+000 -3.0952910434e+000 -9.7668927651e+000
124 114 122
2 7 668 172.1200 -220.2600 8 1085 -17.7300 206.8900
2.3290485739e+000 -3.2559863764e+000 -1.1158051861e+001
117 110 129
2 7 694 120.2300 -199.6600 8 1002 25.2500 166.9200
1.8698751117e+000 -3.1957475742e+000 -1.2518659886e+001
110 102 119
2 7 731 81.0700 -172.4500 8 943 55.6100 125.2000
-8.9501937448e-001 5.7217150948e-002 -4.7293849037e+000
236 173 188
2 7 847 -84.6100 -45.1800 8 928 170.8900 114.6500
-5.3274763367e-001 4.0376684438e-001 -4.7342735073e+000
196 138 152
2 7 875 -31.3300 0.9700 8 910 105.8900 83.1700
4.4615204469e-001 8.9145529585e-001 -5.6490966171e+000
235 153 173
2 7 940 84.8700 57.1800 8 853 -20.9300 18.9100
5.7633466465e-001 1.0382777298e+000 -5.6778017373e+000
162 28 49
2 7 948 100.0200 73.2200 8 610 -40.3400 6.2500
4.3841680611e-001 1.0391637252e+000 -5.6635935975e+000
223 201 224
2 7 952 84.4600 74.3100 8 824 -25.9000 1.9700
2.5162358638e+000 -2.9711750256e-001 -5.4042495537e+000
227 157 174
2 5 125 287.8900 -60.4300 8 255 -185.1100 203.5400
2.5626858546e+000 -3.1107920297e-002 -5.3445242332e+000
221 180 195
3 5 134 299.2100 -30.8700 8 176 -204.5100 182.9600 4 193 289.9100 69.9900
2.4968094926e+000 -3.7689061177e-001 -5.4173143326e+000
205 169 184
2 5 178 284.0800 -69.4700 8 256 -179.3400 209.5900
2.5419798130e+000 -3.5022140652e-001 -5.3671446546e+000
213 36 57
2 5 179 292.2500 -67.3700 8 260 -186.9900 211.1000
2.5288782291e+000 -2.1358675152e-001 -5.3772563015e+000
220 180 189
3 5 185 292.0900 -50.8300 8 252 -191.0700 197.9200 4 256 298.5300 54.0200
2.5104975249e+000 -7.3866397250e-002 -5.4000629708e+000
214 39 53
3 5 192 290.5600 -33.8600 8 245 -194.2500 183.4600 4 261 286.0300 61.1400
2.5590131751e+000 1.0630208206e-001 -5.2700946130e+000
220 188 205
2 5 199 307.1700 -14.3700 8 351 -213.0800 174.4800
2.5613385087e+000 1.0557423860e-001 -5.2741662449e+000
220 188 205
4 5 200 307.1700 -14.3700 8 350 -213.0800 174.4800 4 376 283.3500 84.3700 1 522 238.2600 157.4900
2.5164661757e+000 -5.5806781455e-001 -5.4401060131e+000
214 37 60
2 5 252 281.8200 -90.2300 8 377 -172.5900 224.8500
-3.0594287959e+000 -4.8437797989e-001 -1.5056138175e+001
103 100 125
2 5 281 -251.5100 9.6600 8 594 245.4500 -98.1500
-7.0898482314e-001 6.3749562389e-001 -4.6393782391e+000
220 167 180
2 5 303 -72.6900 107.1400 8 315 120.2500 50.3600
-9.8873921245e-001 6.6358617798e-001 -4.6387492520e+000
158 96 117
2 5 309 -119.0800 116.7500 8 464 160.1600 35.3400
2.8289643185e+000 -3.0026180583e+000 -9.7745143766e+000
87 79 92
2 5 336 100.7600 -202.1400 8 748 -19.8100 201.8700
2.2054346877e+000 -7.5284673643e-001 -6.2459660714e+000
161 135 39
2 5 358 200.1000 -94.8400 8 738 -108.7500 191.5100
2.2149207834e+000 -5.4257163908e-001 -6.2066102976e+000
213 182 65
2 5 370 205.4200 -73.5800 8 524 -118.4000 176.4400
2.5258930952e+000 -1.3355333904e-001 -5.3860193383e+000
228 185 199
3 5 380 292.2000 -41.5000 8 731 -193.8900 189.8300 4 551 292.1000 58.7000
-3.0762293144e+000 -5.1444776856e-001 -1.5229859401e+001
105 101 122
2 5 395 -251.0500 8.5500 8 595 245.4500 -98.1500
-2.2615953818e+000 4.5089000408e-001 -1.2403915912e+001
30 23 27
2 5 412 -219.9100 55.6900 8 416 212.6000 -115.9500
-2.2615953818e+000 4.5089000408e-001 -1.2403915912e+001
30 23 27
2 5 413 -219.9100 55.6900 8 415 212.6000 -115.9500
-7.5665875706e-001 4.2012043116e-001 -4.6903941507e+000
168 140 174
2 5 425 -84.7700 71.5000 8 649 136.5400 75.0100
4.0763576545e-001 1.1084855979e+000 -5.6634061201e+000
204 168 181
2 5 449 57.8600 135.9000 8 436 -25.2600 -6.7700
4.0763576545e-001 1.1084855979e+000 -5.6634061201e+000
204 168 181
2 5 450 57.8600 135.9000 8 437 -25.2600 -6.7700
2.9282328732e+000 -3.1495248184e+000 -9.3413127460e+000
81 74 89
2 5 470 116.5300 -221.7000 8 1130 -28.5000 225.8500
2.1955473563e+000 -7.9871113214e-001 -6.2526632347e+000
159 131 35
2 5 522 198.3100 -99.4400 8 1056 -106.0900 194.7000
2.1955473563e+000 -7.9871113214e-001 -6.2526632347e+000
159 131 35
2 5 523 198.3100 -99.4400 8 1055 -106.0900 194.7000
2.5077871445e+000 -4.3355525224e-001 -5.4262570530e+000
226 180 196
2 5 539 283.6200 -75.9700 8 763 -177.6600 214.4400
2.5183195592e+000 -3.7577705655e-001 -5.4101142517e+000
229 182 199
3 5 542 286.5600 -69.4300 8 1093 -181.7700 210.5300 4 858 307.7800 39.7200
2.5270795139e+000 -2.1720869992e-002 -5.3718246281e+000
229 167 175
3 5 558 294.7500 -28.3500 8 1026 -199.5000 180.3500 4 1336 285.0500 67.3600
2.5270795139e+000 -2.1720869992e-002 -5.3718246281e+000
229 167 175
3 5 559 294.7500 -28.3500 8 1025 -199.5000 180.3500 4 1337 285.0500 67.3600
2.5662329161e+000 1.3908826735e-001 -5.2572288181e+000
208 43 65
3 5 570 309.3800 -10.5500 8 1014 -216.0500 172.5300 4 891 281.8200 88.1000
2.5762452199e+000 2.3616995591e-001 -5.2279597156e+000
190 71 99
2 5 578 313.6400 0.8600 8 995 -222.7400 164.7300
-1.9844581774e+000 5.5525122524e-001 -1.1972467024e+001
41 29 37
2 5 606 -204.5100 61.3900 8 586 197.9600 -114.1100
-1.8885076410e+000 6.1230659415e-001 -1.1819125003e+001
39 29 37
2 5 608 -198.8900 64.7600 8 585 192.2400 -114.6000
-1.0842865589e+000 6.0326535686e-001 -4.6654130367e+000
177 111 130
2 5 624 -136.4600 107.9200 8 634 176.5900 38.4700
3.8504482580e-001 9.0290251738e-001 -5.6378452158e+000
183 112 129
2 5 627 53.8200 110.7300 8 845 -14.9900 15.9800
5.5952746604e-001 9.8392632189e-001 -5.6645362064e+000
134 8 22
2 5 629 75.0000 117.7700 8 615 -36.2400 11.8400
2.8201869294e+000 -2.9215360547e+000 -9.6803267314e+000
41 31 41
2 5 667 102.5200 -198.8800 8 1067 -22.8300 200.9700
2.1559293422e+000 -9.2604468066e-001 -6.3449153287e+000
205 177 65
3 5 734 188.4000 -110.5900 8 1063 -95.6200 199.5000 4 1212 272.1800 -84.4200
2.5268005617e+000 -3.1785068199e-001 -5.3904977622e+000
235 185 202
2 5 772 289.4300 -63.1000 8 1082 -186.0100 206.5400
2.5200350996e+000 -2.2347073722e-001 -5.3978550723e+000
230 182 190
2 5 783 289.4300 -51.8600 8 1059 -189.1300 197.4000
2.4566178744e+000 -3.9021065915e+000 -4.2909693766e+001
153 182 225
2 5 795 -102.5000 -37.6600 8 289 98.5700 -75.7700
2.5432202421e+000 -6.8395444057e-002 -5.3304625983e+000
190 82 110
3 5 799 298.8200 -34.4700 8 1038 -200.9800 187.3800 4 1338 291.4500 68.1000
2.5432202421e+000 -6.8395444057e-002 -5.3304625983e+000
190 82 110
3 5 800 298.8200 -34.4700 8 1037 -200.9800 187.3800 4 1339 291.4500 68.1000
2.5739351812e+000 1.1334626880e-001 -5.2440280346e+000
232 168 187
3 5 829 310.7300 -13.6900 8 1020 -216.1200 175.7800 4 1371 285.1500 87.8200
2.5728353415e+000 1.5862181311e-001 -5.2207752540e+000
249 156 168
2 5 835 312.9400 -8.5400 8 1016 -219.3000 172.5300
2.5728353415e+000 1.5862181311e-001 -5.2207752540e+000
249 156 168
2 5 836 312.9400 -8.5400 8 1015 -219.3000 172.5300
9.9947196098e-001 1.5804522641e+000 -5.7881034551e+000
190 117 131
2 5 917 125.5000 180.3400 8 819 -103.8100 -41.3000
2.5174481444e+000 -2.9723022943e-001 -5.4063307345e+000
227 157 174
3 5 126 287.8900 -60.4300 4 185 302.1300 45.3500 1 254 259.8600 123.5400
2.4932395344e+000 -2.2756805099e-001 -5.4430250660e+000
217 38 44
3 5 129 283.4500 -51.6300 4 187 293.2400 46.4200 1 252 253.1800 123.1100
2.5574924602e+000 2.1774304463e-002 -5.3085573967e+000
231 165 180
2 5 136 302.9800 -24.1600 4 267 287.2800 76.1300
2.5542700132e+000 2.1290048637e-002 -5.3066925922e+000
231 165 180
3 5 137 302.9800 -24.1600 4 266 287.2800 76.1300 1 379 242.7800 149.9900
2.5311299933e+000 -2.1221444738e-001 -5.3796255201e+000
220 180 189
2 5 186 292.0900 -50.8300 4 255 298.5300 54.0200
2.5666231847e+000 -3.8071243160e-002 -5.2682700456e+000
208 46 66
2 5 267 306.2900 -31.8400 4 561 294.0100 75.9100
2.5866096320e+000 8.6324709318e-002 -5.2393165496e+000
212 43 79
2 5 387 312.0600 -17.3500 4 887 288.1300 86.7000
2.2301493388e+000 -5.7315374840e-001 -6.1778583067e+000
154 125 24
2 5 538 207.9400 -77.2300 4 807 262.3500 -42.4500
2.2418349020e+000 -2.5960751544e-001 -6.1597078712e+000
164 134 26
2 5 548 213.4800 -44.4000 4 814 243.8800 -17.6900
-2.4243165225e+000 3.1324442248e+000 -1.1851406883e+001
80 73 84
3 5 642 -217.0500 222.2800 4 720 -261.3500 -177.5400 1 787 -86.4600 -188.1900
2.4222203410e+000 -2.7871452481e-001 -5.6831539633e+000
175 143 24
2 5 781 259.4000 -53.6100 4 1295 280.3400 21.9100
2.4222203410e+000 -2.7871452481e-001 -5.6831539633e+000
175 143 24
2 5 782 259.4000 -53.6100 4 1294 280.3400 21.9100
2.5392140252e+000 -1.2053640184e-001 -5.3499541623e+000
195 79 113
2 5 790 296.3700 -40.5300 4 1324 293.8600 62.8900
2.5392140252e+000 -1.2053640184e-001 -5.3499541623e+000
195 79 113
2 5 791 296.3700 -40.5300 4 1325 293.8600 62.8900
2.5370130044e+000 -2.6240287104e-003 -5.3471285978e+000
199 74 90
2 5 811 297.6200 -26.4300 4 1341 285.7600 70.9600
1.0960713006e+000 5.0358022427e-001 -5.6075467205e+000
174 69 91
2 5 864 134.8200 50.6200 4 1329 116.8900 65.4600
2.6375486808e+000 3.4211908365e-001 -5.0678454040e+000
250 148 75
3 8 242 -242.1700 164.5500 4 389 282.4500 118.1900 1 537 230.4500 190.8700
2.5249895261e+000 4.2066609974e-002 -5.3635453070e+000
255 60 100
2 8 244 -202.6300 174.7800 4 196 280.8000 72.2500
2.5224767529e+000 1.6308630058e+000 -5.1481661559e+000
236 206 70
3 8 306 -287.7100 23.3100 4 629 193.1100 178.5200 1 762 155.5700 225.5000
2.5993519505e+000 1.7526669850e-001 -5.1926519363e+000
255 64 106
3 8 349 -224.3200 173.1900 4 383 285.4500 96.9200 1 529 237.2700 169.3400
2.5772281145e+000 1.0004405478e-001 -5.2025168440e+000
255 65 107
2 8 358 -217.9700 179.2200 4 379 288.3600 90.8800
-7.3650684774e-001 1.0390084268e+000 -1.0234368212e+001
67 52 60
2 8 425 116.5000 -106.2200 4 306 -119.3500 -211.5200
2.6625999687e+000 3.8845594049e-001 -5.0244532484e+000
228 109 50
2 8 518 -249.2200 163.0500 4 593 282.9400 125.2400
2.5874545916e+000 2.4286266581e-001 -5.2046941355e+000
255 198 213
2 8 999 -225.3400 165.6000 4 1392 279.2000 99.6600
2.5702191737e+000 1.7740632436e-001 -5.2462920138e+000
248 69 109
2 8 1009 -218.9200 169.6000 4 1375 280.0200 91.5500
2.1129497519e+000 -6.3680510421e-001 -6.5164137508e+000
225 194 66
2 4 55 242.2700 -74.1000 1 40 243.9500 -9.6800
-1.9098587455e+000 3.4637951529e+000 -1.1010017727e+001
18 18 18
2 4 67 -235.4000 -121.0900 1 57 -79.3900 -138.1100
1.7229824101e+000 -4.1651886214e-001 -7.3373430756e+000
204 175 51
2 4 68 167.9600 -120.8200 1 84 200.2200 -67.2300
4.1446340552e-001 3.2691089035e-002 -5.9972943682e+000
77 0 0
2 4 72 63.6400 -12.6800 1 71 39.2000 3.1000
-8.1871602290e-001 -2.9599355245e-001 -5.0775947080e+000
18 22 29
2 4 78 -50.1800 27.7000 1 90 -115.2900 3.8900
-8.1871602290e-001 -2.9599355245e-001 -5.0775947080e+000
18 22 29
2 4 79 -50.1800 27.7000 1 91 -115.2900 3.8900
-8.3351805381e-001 4.7789470394e-001 -4.6163807089e+000
27 24 32
2 4 88 -80.7900 149.8800 1 132 -150.5500 95.0500
1.2527134379e+000 2.0004330273e-001 -8.4083341600e+000
14 12 13
2 4 102 76.0600 -146.2100 1 107 144.9300 -107.2000
1.9422862311e+000 -8.6744187295e-001 -6.8676962631e+000
214 186 51
2 4 104 228.0000 -121.6200 1 109 242.0200 -56.8800
-8.6206105249e-001 -3.4158393020e-001 -5.1572532575e+000
183 214 248
2 4 113 -55.4800 13.2300 1 118 -115.7600 -8.6200
1.8537847957e+000 -6.9115271767e-001 -7.0212607670e+000
205 179 50
2 4 140 204.4100 -119.0500 1 108 224.3800 -59.6100
1.5565226546e+000 -1.3513116410e-001 -7.7677949479e+000
163 141 40
2 4 162 128.6500 -128.1600 1 212 176.4700 -82.7100
-1.8941093870e+000 3.5089066424e+000 -1.0888539304e+001
20 17 19
2 4 165 -235.5400 -114.6900 1 206 -81.4300 -130.7900
4.1083198864e-002 1.1708529917e+001 -1.1066926819e+001
99 95 115
2 4 211 -199.5300 153.4300 1 251 -69.7400 112.2400
1.5792655164e+000 -4.4349155492e-001 -7.6793689178e+000
192 169 53
2 4 226 147.3400 -146.2200 1 286 191.4300 -95.5600
1.8896477027e+000 -1.0536066277e+000 -6.8369516180e+000
209 182 55
2 4 232 236.5100 -135.3800 1 292 247.9600 -71.0900
-2.0408554616e+000 5.4983165501e+000 -1.0957552452e+001
0 55 99
2 4 237 -260.2400 -30.2900 1 294 -105.6900 -63.4900
9.4316780238e-001 4.3405823822e-001 -9.0183326667e+000
131 125 145
2 4 312 33.5300 -165.9800 1 415 120.6300 -133.8100
2.2755062035e+000 -6.8672375159e-002 -6.0929740406e+000
189 156 47
2 4 338 237.2400 1.2100 1 476 224.9500 64.6700
2.2755062035e+000 -6.8672375159e-002 -6.0929740406e+000
189 156 47
2 4 339 237.2400 1.2100 1 477 224.9500 64.6700
-8.6005286664e-001 -2.4165367177e-001 -5.0550629866e+000
21 33 77
2 4 358 -58.4400 34.2400 1 316 -122.2100 8.4900
-7.5891504666e-001 -2.2713700722e-001 -5.0189652819e+000
171 224 254
2 4 362 -44.0000 42.4300 1 449 -112.3200 16.6700
-8.5090123458e-001 4.1929131847e-001 -4.6439202117e+000
250 255 255
2 4 396 -81.0800 141.9200 1 491 -150.3900 88.2500
-8.5090123458e-001 4.1929131847e-001 -4.6439202117e+000
250 255 255
2 4 397 -81.0800 141.9200 1 492 -150.3900 88.2500
-7.5972111948e-001 1.0243688204e+000 -1.0228242966e+001
35 32 34
2 4 430 -120.8300 -212.5700 1 550 8.2000 -198.7700
-2.9017047742e+000 3.1470173936e+000 -1.2085194367e+001
62 62 69
2 4 439 -291.0600 -191.8800 1 778 -105.9600 -203.8000
8.9297963921e-001 3.0502936015e-001 -9.1693704246e+000
152 141 157
2 4 441 31.6700 -183.0000 1 562 122.9000 -149.4400
-2.7468943639e+000 3.1955971033e+000 -1.1912355196e+001
76 70 81
2 4 443 -282.6400 -180.9500 1 552 -102.0500 -193.7800
-2.7468943639e+000 3.1955971033e+000 -1.1912355196e+001
76 70 81
2 4 444 -282.6400 -180.9500 1 553 -102.0500 -193.7800
1.1944056562e+000 -1.0890470079e-001 -8.5708362614e+000
19 16 22
2 4 445 80.2400 -177.3700 1 565 153.6300 -136.3200
9.1507539424e-001 4.6738201179e-001 -9.0983058853e+000
137 130 141
2 4 449 29.0600 -168.5000 1 566 118.4500 -135.9700
8.7781811184e-001 6.0501469775e-001 -9.1571137581e+000
131 122 140
2 4 452 21.0400 -162.8500 1 568 112.2000 -132.0200
8.7781811184e-001 6.0501469775e-001 -9.1571137581e+000
131 122 140
2 4 453 21.0400 -162.8500 1 569 112.2000 -132.0200
9.0363887386e-001 5.7452247637e-001 -9.0912502644e+000
129 121 134
2 4 454 24.9000 -161.0100 1 570 114.2000 -130.2400
9.7389948000e-001 5.9977309161e-001 -8.9491085812e+000
106 98 116
2 4 459 31.3600 -151.6200 1 576 116.7000 -119.7500
9.7389948000e-001 5.9977309161e-001 -8.9491085812e+000
106 98 116
2 4 460 31.3600 -151.6200 1 577 116.7000 -119.7500
1.6723480019e+000 -4.6454677029e-001 -7.4771546354e+000
196 174 54
2 4 471 161.9600 -133.9400 1 591 199.0600 -81.1600
1.7539921097e+000 -6.3279039507e-001 -7.2824520805e+000
151 121 101
2 4 473 183.7800 -132.8200 1 594 213.5300 -77.3900
1.7811039308e+000 -5.0407392594e-001 -7.2405184106e+000
97 65 42
2 4 478 180.4700 -119.7500 1 599 209.1500 -64.9600
1.6966611811e+000 -3.1669789483e-001 -7.4470305352e+000
196 174 50
2 4 479 157.4600 -120.0400 1 596 193.9600 -69.3000
2.1607380534e+000 -8.1212183718e-001 -6.3434720110e+000
165 135 20
2 4 495 264.9500 -74.9600 1 630 258.8800 -4.9600
2.1607380534e+000 -8.1212183718e-001 -6.3434720110e+000
165 135 20
2 4 496 264.9500 -74.9600 1 631 258.8800 -4.9600
2.1800122022e+000 -6.1452955139e-001 -6.3137329369e+000
232 197 67
2 4 504 254.8200 -57.0600 1 644 248.4400 11.1900
-6.0052019382e-001 -2.0949771698e-001 -4.9705082462e+000
131 82 103
2 4 547 -21.7100 52.2900 1 661 -96.5900 30.1100
9.3960830466e-001 2.2677273010e-001 -9.0866516091e+000
157 148 161
2 4 715 39.1000 -183.4800 1 798 127.9200 -149.0000
9.5129113948e-001 3.3794169814e-001 -9.0403409212e+000
143 134 153
2 4 722 36.9700 -173.5100 1 809 124.5800 -139.9500
1.2240194075e+000 -9.3608196242e-002 -8.4928280591e+000
154 152 169
2 4 729 83.5800 -171.6600 1 821 154.6000 -130.5100
9.5108507660e-001 3.6879956942e-001 -9.0305726984e+000
139 132 148
2 4 730 36.0600 -171.0900 1 814 123.4400 -137.5800
-2.3433028883e+000 3.2441037036e+000 -1.1581117925e+001
77 71 82
2 4 739 -258.8600 -160.7200 1 790 -88.5200 -173.6800
-2.3433028883e+000 3.2441037036e+000 -1.1581117925e+001
77 71 82
2 4 740 -258.8600 -160.7200 1 791 -88.5200 -173.6800
9.9218543610e-001 4.9040866489e-001 -8.9329054070e+000
54 50 67
2 4 743 36.6000 -157.5800 1 826 121.3300 -124.7100
9.9218543610e-001 4.9040866489e-001 -8.9329054070e+000
54 50 67
2 4 744 36.6000 -157.5800 1 827 121.3300 -124.7100
1.4703937872e+000 -3.5017209891e-001 -7.9325415393e+000
32 17 0
2 4 747 127.2000 -155.6800 1 835 179.9800 -108.2700
1.0630874417e+000 5.3590960978e-001 -8.7846045603e+000
36 28 38
2 4 757 42.7500 -145.9500 1 831 123.2700 -112.9600
2.1183644657e+000 -8.4302029651e-001 -6.4326962373e+000
163 172 126
2 4 790 259.5200 -84.7100 1 884 256.7700 -16.0700
2.1956445060e+000 -6.0985300010e-001 -6.2740311975e+000
184 153 41
2 4 803 257.5400 -53.2200 1 914 249.6100 15.1200
-9.9625630453e-001 -3.9202231841e-001 -5.3057117477e+000
221 170 181
2 4 823 -74.6200 -11.4400 1 606 -123.3800 -31.4700
-8.2178089449e-001 -3.5439976570e-001 -5.1847005999e+000
242 236 249
2 4 838 -49.5300 9.6400 1 888 -109.6100 -10.0500
-4.7549890168e-002 2.4813302524e-001 -5.5781227355e+000
200 164 176
2 4 854 12.3900 34.8300 1 936 -25.3400 30.8500
-4.7549890168e-002 2.4813302524e-001 -5.5781227355e+000
200 164 176
2 4 855 12.3900 34.8300 1 937 -25.3400 30.8500
-4.4753586386e-002 1.0968986966e+001 -1.1133624203e+001
9 9 9
2 4 933 -197.9300 134.9800 1 715 -66.3900 96.4500
-8.6113190616e-001 4.3743705458e-001 -4.7033858353e+000
68 96 145
2 4 935 -83.9300 135.9500 1 702 -148.8500 82.9300
-7.9718691322e-001 4.4745848110e-001 -4.5538082726e+000
216 206 238
2 4 962 -73.6700 155.6900 1 1012 -149.2200 101.3200
3.4759143324e+000 5.6469454314e+000 -7.0600215541e+000
114 102 120
2 4 1026 66.5100 194.2900 1 1088 112.0900 217.9000
2.0144673208e+000 9.7599240616e+000 -9.0899129900e+000
65 37 54
2 4 1027 -94.8500 194.1900 1 746 -2.5200 174.8100
3.0939337481e+000 7.8186599885e+000 -8.0457049214e+000
105 98 117
2 4 1035 -10.1700 199.2200 1 1076 59.2700 202.5100
2.9685714520e+000 8.7742434796e+000 -8.2318190667e+000
47 36 36
2 4 1065 -33.8200 212.1800 1 1077 40.4300 208.0300
1.8892311191e+000 -1.2011054145e+000 -6.8482016893e+000
61 40 0
2 4 1185 245.3600 -149.2300 1 844 256.9700 -82.4500
1.9377373350e+000 -1.0132483030e+000 -6.7887108035e+000
56 25 0
2 4 1196 240.0000 -127.9300 1 862 250.1000 -62.2900
1.5586506426e+000 5.5996053341e-003 -7.7722822877e+000
37 26 1
2 4 1202 122.3200 -118.6600 1 854 170.6600 -73.9600
-7.0550661169e-001 -2.4717659825e-001 -5.0598566718e+000
164 184 222
2 4 1301 -36.1700 36.7400 1 912 -103.9100 14.0400
3.2878932607e+000 5.7353111981e+000 -7.6648779385e+000
112 99 115
2 4 1492 47.0600 164.0600 1 1065 105.8200 184.4200
3.3555959297e+000 7.2046131858e+000 -7.2579089021e+000
48 36 43
2 4 1701 21.3600 223.7500 1 1101 74.4900 233.5600
