d:\study\3drebuild\projects\bundler\bundler-v0.4-source\lib\cminpack\debug\vc120.pdb
d:\study\3drebuild\projects\bundler\bundler-v0.4-source\lib\cminpack\debug\vc120.idb
d:\study\3drebuild\projects\bundler\bundler-v0.4-source\lib\cminpack\debug\enorm.obj
d:\study\3drebuild\projects\bundler\bundler-v0.4-source\lib\cminpack\debug\fdjac1.obj
d:\study\3drebuild\projects\bundler\bundler-v0.4-source\lib\cminpack\debug\fdjac2.obj
d:\study\3drebuild\projects\bundler\bundler-v0.4-source\lib\cminpack\debug\hybrd.obj
d:\study\3drebuild\projects\bundler\bundler-v0.4-source\lib\cminpack\debug\hybrd1.obj
d:\study\3drebuild\projects\bundler\bundler-v0.4-source\lib\cminpack\debug\hybrj.obj
d:\study\3drebuild\projects\bundler\bundler-v0.4-source\lib\cminpack\debug\hybrj1.obj
d:\study\3drebuild\projects\bundler\bundler-v0.4-source\lib\cminpack\debug\lmder.obj
d:\study\3drebuild\projects\bundler\bundler-v0.4-source\lib\cminpack\debug\lmder1.obj
d:\study\3drebuild\projects\bundler\bundler-v0.4-source\lib\cminpack\debug\lmdif.obj
d:\study\3drebuild\projects\bundler\bundler-v0.4-source\lib\cminpack\debug\lmdif1.obj
d:\study\3drebuild\projects\bundler\bundler-v0.4-source\lib\cminpack\debug\lmpar.obj
d:\study\3drebuild\projects\bundler\bundler-v0.4-source\lib\cminpack\debug\lmstr.obj
d:\study\3drebuild\projects\bundler\bundler-v0.4-source\lib\cminpack\debug\lmstr1.obj
d:\study\3drebuild\projects\bundler\bundler-v0.4-source\lib\cminpack\debug\qform.obj
d:\study\3drebuild\projects\bundler\bundler-v0.4-source\lib\cminpack\debug\qrfac.obj
d:\study\3drebuild\projects\bundler\bundler-v0.4-source\lib\cminpack\debug\qrsolv.obj
d:\study\3drebuild\projects\bundler\bundler-v0.4-source\lib\cminpack\debug\r1mpyq.obj
d:\study\3drebuild\projects\bundler\bundler-v0.4-source\lib\cminpack\debug\r1updt.obj
d:\study\3drebuild\projects\bundler\bundler-v0.4-source\lib\cminpack\debug\rwupdt.obj
d:\study\3drebuild\projects\bundler\bundler-v0.4-source\lib\cminpack\debug\chkder.obj
d:\study\3drebuild\projects\bundler\bundler-v0.4-source\lib\cminpack\debug\dogleg.obj
d:\study\3drebuild\projects\bundler\bundler-v0.4-source\lib\cminpack\debug\dpmpar.obj
d:\study\3drebuild\projects\bundler\bundler-v0.4-source\vc++\debug\cminpack.lib
d:\study\3drebuild\projects\bundler\bundler-v0.4-source\lib\cminpack\debug\cminpack.tlog\cl.command.1.tlog
d:\study\3drebuild\projects\bundler\bundler-v0.4-source\lib\cminpack\debug\cminpack.tlog\cl.read.1.tlog
d:\study\3drebuild\projects\bundler\bundler-v0.4-source\lib\cminpack\debug\cminpack.tlog\cl.write.1.tlog
d:\study\3drebuild\projects\bundler\bundler-v0.4-source\lib\cminpack\debug\cminpack.tlog\lib-link.read.1.tlog
d:\study\3drebuild\projects\bundler\bundler-v0.4-source\lib\cminpack\debug\cminpack.tlog\lib-link.write.1.tlog
d:\study\3drebuild\projects\bundler\bundler-v0.4-source\lib\cminpack\debug\cminpack.tlog\lib.command.1.tlog
