d:\study\3drebuild\projects\bundler\bundler-v0.4-source\lib\f2c\debug\vc120.pdb
d:\study\3drebuild\projects\bundler\bundler-v0.4-source\lib\f2c\debug\vc120.idb
d:\study\3drebuild\projects\bundler\bundler-v0.4-source\lib\f2c\debug\signbit.obj
d:\study\3drebuild\projects\bundler\bundler-v0.4-source\lib\f2c\debug\sue.obj
d:\study\3drebuild\projects\bundler\bundler-v0.4-source\lib\f2c\debug\system_.obj
d:\study\3drebuild\projects\bundler\bundler-v0.4-source\lib\f2c\debug\typesize.obj
d:\study\3drebuild\projects\bundler\bundler-v0.4-source\lib\f2c\debug\uio.obj
d:\study\3drebuild\projects\bundler\bundler-v0.4-source\lib\f2c\debug\uninit.obj
d:\study\3drebuild\projects\bundler\bundler-v0.4-source\lib\f2c\debug\util.obj
d:\study\3drebuild\projects\bundler\bundler-v0.4-source\lib\f2c\debug\wref.obj
d:\study\3drebuild\projects\bundler\bundler-v0.4-source\lib\f2c\debug\wrtfmt.obj
d:\study\3drebuild\projects\bundler\bundler-v0.4-source\lib\f2c\debug\wsfe.obj
d:\study\3drebuild\projects\bundler\bundler-v0.4-source\lib\f2c\debug\wsle.obj
d:\study\3drebuild\projects\bundler\bundler-v0.4-source\lib\f2c\debug\wsne.obj
d:\study\3drebuild\projects\bundler\bundler-v0.4-source\lib\f2c\debug\xwsne.obj
d:\study\3drebuild\projects\bundler\bundler-v0.4-source\lib\f2c\debug\z_abs.obj
d:\study\3drebuild\projects\bundler\bundler-v0.4-source\lib\f2c\debug\z_cos.obj
d:\study\3drebuild\projects\bundler\bundler-v0.4-source\lib\f2c\debug\z_div.obj
d:\study\3drebuild\projects\bundler\bundler-v0.4-source\lib\f2c\debug\z_exp.obj
d:\study\3drebuild\projects\bundler\bundler-v0.4-source\lib\f2c\debug\z_log.obj
d:\study\3drebuild\projects\bundler\bundler-v0.4-source\lib\f2c\debug\z_sin.obj
d:\study\3drebuild\projects\bundler\bundler-v0.4-source\lib\f2c\debug\z_sqrt.obj
d:\study\3drebuild\projects\bundler\bundler-v0.4-source\lib\f2c\debug\r_sign.obj
d:\study\3drebuild\projects\bundler\bundler-v0.4-source\lib\f2c\debug\r_sin.obj
d:\study\3drebuild\projects\bundler\bundler-v0.4-source\lib\f2c\debug\r_sinh.obj
d:\study\3drebuild\projects\bundler\bundler-v0.4-source\lib\f2c\debug\r_sqrt.obj
d:\study\3drebuild\projects\bundler\bundler-v0.4-source\lib\f2c\debug\r_tan.obj
d:\study\3drebuild\projects\bundler\bundler-v0.4-source\lib\f2c\debug\r_tanh.obj
d:\study\3drebuild\projects\bundler\bundler-v0.4-source\lib\f2c\debug\rdfmt.obj
d:\study\3drebuild\projects\bundler\bundler-v0.4-source\lib\f2c\debug\rewind.obj
d:\study\3drebuild\projects\bundler\bundler-v0.4-source\lib\f2c\debug\rsfe.obj
d:\study\3drebuild\projects\bundler\bundler-v0.4-source\lib\f2c\debug\rsli.obj
d:\study\3drebuild\projects\bundler\bundler-v0.4-source\lib\f2c\debug\rsne.obj
d:\study\3drebuild\projects\bundler\bundler-v0.4-source\lib\f2c\debug\s_cat.obj
d:\study\3drebuild\projects\bundler\bundler-v0.4-source\lib\f2c\debug\s_cmp.obj
d:\study\3drebuild\projects\bundler\bundler-v0.4-source\lib\f2c\debug\s_copy.obj
d:\study\3drebuild\projects\bundler\bundler-v0.4-source\lib\f2c\debug\s_paus.obj
d:\study\3drebuild\projects\bundler\bundler-v0.4-source\lib\f2c\debug\s_rnge.obj
d:\study\3drebuild\projects\bundler\bundler-v0.4-source\lib\f2c\debug\s_stop.obj
d:\study\3drebuild\projects\bundler\bundler-v0.4-source\lib\f2c\debug\sfe.obj
d:\study\3drebuild\projects\bundler\bundler-v0.4-source\lib\f2c\debug\sig_die.obj
d:\study\3drebuild\projects\bundler\bundler-v0.4-source\lib\f2c\debug\signal_.obj
d:\study\3drebuild\projects\bundler\bundler-v0.4-source\lib\f2c\debug\pow_ii.obj
d:\study\3drebuild\projects\bundler\bundler-v0.4-source\lib\f2c\debug\pow_ri.obj
d:\study\3drebuild\projects\bundler\bundler-v0.4-source\lib\f2c\debug\pow_zi.obj
d:\study\3drebuild\projects\bundler\bundler-v0.4-source\lib\f2c\debug\pow_zz.obj
d:\study\3drebuild\projects\bundler\bundler-v0.4-source\lib\f2c\debug\r_abs.obj
d:\study\3drebuild\projects\bundler\bundler-v0.4-source\lib\f2c\debug\r_acos.obj
d:\study\3drebuild\projects\bundler\bundler-v0.4-source\lib\f2c\debug\r_asin.obj
d:\study\3drebuild\projects\bundler\bundler-v0.4-source\lib\f2c\debug\r_atan.obj
d:\study\3drebuild\projects\bundler\bundler-v0.4-source\lib\f2c\debug\r_atn2.obj
d:\study\3drebuild\projects\bundler\bundler-v0.4-source\lib\f2c\debug\r_cnjg.obj
d:\study\3drebuild\projects\bundler\bundler-v0.4-source\lib\f2c\debug\r_cos.obj
d:\study\3drebuild\projects\bundler\bundler-v0.4-source\lib\f2c\debug\r_cosh.obj
d:\study\3drebuild\projects\bundler\bundler-v0.4-source\lib\f2c\debug\r_dim.obj
d:\study\3drebuild\projects\bundler\bundler-v0.4-source\lib\f2c\debug\r_exp.obj
d:\study\3drebuild\projects\bundler\bundler-v0.4-source\lib\f2c\debug\r_imag.obj
d:\study\3drebuild\projects\bundler\bundler-v0.4-source\lib\f2c\debug\r_int.obj
d:\study\3drebuild\projects\bundler\bundler-v0.4-source\lib\f2c\debug\r_lg10.obj
d:\study\3drebuild\projects\bundler\bundler-v0.4-source\lib\f2c\debug\r_log.obj
d:\study\3drebuild\projects\bundler\bundler-v0.4-source\lib\f2c\debug\r_mod.obj
d:\study\3drebuild\projects\bundler\bundler-v0.4-source\lib\f2c\debug\r_nint.obj
d:\study\3drebuild\projects\bundler\bundler-v0.4-source\lib\f2c\debug\i_nint.obj
d:\study\3drebuild\projects\bundler\bundler-v0.4-source\lib\f2c\debug\i_sign.obj
d:\study\3drebuild\projects\bundler\bundler-v0.4-source\lib\f2c\debug\iargc_.obj
d:\study\3drebuild\projects\bundler\bundler-v0.4-source\lib\f2c\debug\iio.obj
d:\study\3drebuild\projects\bundler\bundler-v0.4-source\lib\f2c\debug\ilnw.obj
d:\study\3drebuild\projects\bundler\bundler-v0.4-source\lib\f2c\debug\inquire.obj
d:\study\3drebuild\projects\bundler\bundler-v0.4-source\lib\f2c\debug\l_ge.obj
d:\study\3drebuild\projects\bundler\bundler-v0.4-source\lib\f2c\debug\l_gt.obj
d:\study\3drebuild\projects\bundler\bundler-v0.4-source\lib\f2c\debug\l_le.obj
d:\study\3drebuild\projects\bundler\bundler-v0.4-source\lib\f2c\debug\l_lt.obj
d:\study\3drebuild\projects\bundler\bundler-v0.4-source\lib\f2c\debug\lbitbits.obj
d:\study\3drebuild\projects\bundler\bundler-v0.4-source\lib\f2c\debug\lbitshft.obj
d:\study\3drebuild\projects\bundler\bundler-v0.4-source\lib\f2c\debug\lread.obj
d:\study\3drebuild\projects\bundler\bundler-v0.4-source\lib\f2c\debug\lwrite.obj
d:\study\3drebuild\projects\bundler\bundler-v0.4-source\lib\f2c\debug\main.obj
d:\study\3drebuild\projects\bundler\bundler-v0.4-source\lib\f2c\debug\open.obj
d:\study\3drebuild\projects\bundler\bundler-v0.4-source\lib\f2c\debug\pow_ci.obj
d:\study\3drebuild\projects\bundler\bundler-v0.4-source\lib\f2c\debug\pow_dd.obj
d:\study\3drebuild\projects\bundler\bundler-v0.4-source\lib\f2c\debug\pow_di.obj
d:\study\3drebuild\projects\bundler\bundler-v0.4-source\lib\f2c\debug\pow_hh.obj
d:\study\3drebuild\projects\bundler\bundler-v0.4-source\lib\f2c\debug\getenv_.obj
d:\study\3drebuild\projects\bundler\bundler-v0.4-source\lib\f2c\debug\h_abs.obj
d:\study\3drebuild\projects\bundler\bundler-v0.4-source\lib\f2c\debug\h_dim.obj
d:\study\3drebuild\projects\bundler\bundler-v0.4-source\lib\f2c\debug\h_dnnt.obj
d:\study\3drebuild\projects\bundler\bundler-v0.4-source\lib\f2c\debug\h_indx.obj
d:\study\3drebuild\projects\bundler\bundler-v0.4-source\lib\f2c\debug\h_len.obj
d:\study\3drebuild\projects\bundler\bundler-v0.4-source\lib\f2c\debug\h_mod.obj
d:\study\3drebuild\projects\bundler\bundler-v0.4-source\lib\f2c\debug\h_nint.obj
d:\study\3drebuild\projects\bundler\bundler-v0.4-source\lib\f2c\debug\h_sign.obj
d:\study\3drebuild\projects\bundler\bundler-v0.4-source\lib\f2c\debug\hl_ge.obj
d:\study\3drebuild\projects\bundler\bundler-v0.4-source\lib\f2c\debug\hl_gt.obj
d:\study\3drebuild\projects\bundler\bundler-v0.4-source\lib\f2c\debug\hl_le.obj
d:\study\3drebuild\projects\bundler\bundler-v0.4-source\lib\f2c\debug\hl_lt.obj
d:\study\3drebuild\projects\bundler\bundler-v0.4-source\lib\f2c\debug\i77vers.obj
d:\study\3drebuild\projects\bundler\bundler-v0.4-source\lib\f2c\debug\i_abs.obj
d:\study\3drebuild\projects\bundler\bundler-v0.4-source\lib\f2c\debug\i_dim.obj
d:\study\3drebuild\projects\bundler\bundler-v0.4-source\lib\f2c\debug\i_dnnt.obj
d:\study\3drebuild\projects\bundler\bundler-v0.4-source\lib\f2c\debug\i_indx.obj
d:\study\3drebuild\projects\bundler\bundler-v0.4-source\lib\f2c\debug\i_len.obj
d:\study\3drebuild\projects\bundler\bundler-v0.4-source\lib\f2c\debug\i_mod.obj
d:\study\3drebuild\projects\bundler\bundler-v0.4-source\lib\f2c\debug\derf_.obj
d:\study\3drebuild\projects\bundler\bundler-v0.4-source\lib\f2c\debug\derfc_.obj
d:\study\3drebuild\projects\bundler\bundler-v0.4-source\lib\f2c\debug\dfe.obj
d:\study\3drebuild\projects\bundler\bundler-v0.4-source\lib\f2c\debug\dolio.obj
d:\study\3drebuild\projects\bundler\bundler-v0.4-source\lib\f2c\debug\dtime_.obj
d:\study\3drebuild\projects\bundler\bundler-v0.4-source\lib\f2c\debug\due.obj
d:\study\3drebuild\projects\bundler\bundler-v0.4-source\lib\f2c\debug\ef1asc_.obj
d:\study\3drebuild\projects\bundler\bundler-v0.4-source\lib\f2c\debug\ef1cmc_.obj
d:\study\3drebuild\projects\bundler\bundler-v0.4-source\lib\f2c\debug\endfile.obj
d:\study\3drebuild\projects\bundler\bundler-v0.4-source\lib\f2c\debug\erf_.obj
d:\study\3drebuild\projects\bundler\bundler-v0.4-source\lib\f2c\debug\erfc_.obj
d:\study\3drebuild\projects\bundler\bundler-v0.4-source\lib\f2c\debug\err.obj
d:\study\3drebuild\projects\bundler\bundler-v0.4-source\lib\f2c\debug\etime_.obj
d:\study\3drebuild\projects\bundler\bundler-v0.4-source\lib\f2c\debug\exit_.obj
d:\study\3drebuild\projects\bundler\bundler-v0.4-source\lib\f2c\debug\f77_aloc.obj
d:\study\3drebuild\projects\bundler\bundler-v0.4-source\lib\f2c\debug\f77vers.obj
d:\study\3drebuild\projects\bundler\bundler-v0.4-source\lib\f2c\debug\fmt.obj
d:\study\3drebuild\projects\bundler\bundler-v0.4-source\lib\f2c\debug\fmtlib.obj
d:\study\3drebuild\projects\bundler\bundler-v0.4-source\lib\f2c\debug\ftell_.obj
d:\study\3drebuild\projects\bundler\bundler-v0.4-source\lib\f2c\debug\getarg_.obj
d:\study\3drebuild\projects\bundler\bundler-v0.4-source\lib\f2c\debug\d_atan.obj
d:\study\3drebuild\projects\bundler\bundler-v0.4-source\lib\f2c\debug\d_atn2.obj
d:\study\3drebuild\projects\bundler\bundler-v0.4-source\lib\f2c\debug\d_cnjg.obj
d:\study\3drebuild\projects\bundler\bundler-v0.4-source\lib\f2c\debug\d_cos.obj
d:\study\3drebuild\projects\bundler\bundler-v0.4-source\lib\f2c\debug\d_cosh.obj
d:\study\3drebuild\projects\bundler\bundler-v0.4-source\lib\f2c\debug\d_dim.obj
d:\study\3drebuild\projects\bundler\bundler-v0.4-source\lib\f2c\debug\d_exp.obj
d:\study\3drebuild\projects\bundler\bundler-v0.4-source\lib\f2c\debug\d_imag.obj
d:\study\3drebuild\projects\bundler\bundler-v0.4-source\lib\f2c\debug\d_int.obj
d:\study\3drebuild\projects\bundler\bundler-v0.4-source\lib\f2c\debug\d_lg10.obj
d:\study\3drebuild\projects\bundler\bundler-v0.4-source\lib\f2c\debug\d_log.obj
d:\study\3drebuild\projects\bundler\bundler-v0.4-source\lib\f2c\debug\d_mod.obj
d:\study\3drebuild\projects\bundler\bundler-v0.4-source\lib\f2c\debug\d_nint.obj
d:\study\3drebuild\projects\bundler\bundler-v0.4-source\lib\f2c\debug\d_prod.obj
d:\study\3drebuild\projects\bundler\bundler-v0.4-source\lib\f2c\debug\d_sign.obj
d:\study\3drebuild\projects\bundler\bundler-v0.4-source\lib\f2c\debug\d_sin.obj
d:\study\3drebuild\projects\bundler\bundler-v0.4-source\lib\f2c\debug\d_sinh.obj
d:\study\3drebuild\projects\bundler\bundler-v0.4-source\lib\f2c\debug\d_sqrt.obj
d:\study\3drebuild\projects\bundler\bundler-v0.4-source\lib\f2c\debug\d_tan.obj
d:\study\3drebuild\projects\bundler\bundler-v0.4-source\lib\f2c\debug\d_tanh.obj
d:\study\3drebuild\projects\bundler\bundler-v0.4-source\lib\f2c\debug\abort_.obj
d:\study\3drebuild\projects\bundler\bundler-v0.4-source\lib\f2c\debug\arithchk.obj
d:\study\3drebuild\projects\bundler\bundler-v0.4-source\lib\f2c\debug\backspac.obj
d:\study\3drebuild\projects\bundler\bundler-v0.4-source\lib\f2c\debug\cabs.obj
d:\study\3drebuild\projects\bundler\bundler-v0.4-source\lib\f2c\debug\close.obj
d:\study\3drebuild\projects\bundler\bundler-v0.4-source\lib\f2c\debug\ctype.obj
d:\study\3drebuild\projects\bundler\bundler-v0.4-source\lib\f2c\debug\d_abs.obj
d:\study\3drebuild\projects\bundler\bundler-v0.4-source\lib\f2c\debug\d_acos.obj
d:\study\3drebuild\projects\bundler\bundler-v0.4-source\lib\f2c\debug\d_asin.obj
d:\study\3drebuild\projects\bundler\bundler-v0.4-source\vc++\debug\f2c.lib
d:\study\3drebuild\projects\bundler\bundler-v0.4-source\lib\f2c\debug\f2c.tlog\cl.command.1.tlog
d:\study\3drebuild\projects\bundler\bundler-v0.4-source\lib\f2c\debug\f2c.tlog\cl.read.1.tlog
d:\study\3drebuild\projects\bundler\bundler-v0.4-source\lib\f2c\debug\f2c.tlog\cl.write.1.tlog
d:\study\3drebuild\projects\bundler\bundler-v0.4-source\lib\f2c\debug\f2c.tlog\lib-link.read.1.tlog
d:\study\3drebuild\projects\bundler\bundler-v0.4-source\lib\f2c\debug\f2c.tlog\lib-link.write.1.tlog
d:\study\3drebuild\projects\bundler\bundler-v0.4-source\lib\f2c\debug\f2c.tlog\lib.command.1.tlog
